#***************************************************************************

#sjplacer

#Version:            1.1

#Build Date:         Apr 25 2016 12:55:34

#File Generated:     Oct 19 2016 08:05:50

#Purpose:            

#Copyright (C) 2010-2011 by Softjin Technologies Pvt Ltd. All rights reserved.

#***************************************************************************

Executing : C:\Program Files (x86)\Cypress\PSoC Creator\3.3\PSoC Creator\bin/sjplacer.exe --proj-name Display --netlist-vh2 Display_p.vh2 --arch-file C:\Program Files (x86)\Cypress\PSoC Creator\3.3\PSoC Creator\dev/arch/p35_udb4x6.ark --rrg-file C:\Program Files (x86)\Cypress\PSoC Creator\3.3\PSoC Creator\dev/psoc5/psoc5lp/route_arch-rrg.cydata --irq-file C:\Program Files (x86)\Cypress\PSoC Creator\3.3\PSoC Creator\dev/psoc5/psoc5lp/irqconn.cydata --drq-file C:\Program Files (x86)\Cypress\PSoC Creator\3.3\PSoC Creator\dev/psoc5/psoc5lp/dmaconn.cydata --dsi-conn-file C:\Program Files (x86)\Cypress\PSoC Creator\3.3\PSoC Creator\dev/psoc5/psoc5lp/dsiconn.cydata --pins-file pins_68-QFN.xml --lib-file Display_p.lib --sdc-file Display.sdc --io-pcf Display.pci --outdir .

		Softjin Techologies Placer, Version 1.1

Build Date : Apr 25 2016	12:53:53

D2004: Option and Settings Summary
=============================================================
Netlist vh2 file          - Display_p.vh2
Architecture file         - C:\Program Files (x86)\Cypress\PSoC Creator\3.3\PSoC Creator\dev/arch/p35_udb4x6.ark
Package                   - 
Defparam file             - 
SDC file                  - Display.sdc
Output directory          - .
Timing library            - Display_p.lib
IO Placement file         - Display.pci

D2050: Starting reading inputs for placer
=============================================================
D2065: Reading netlist file : "Display_p.vh2"
D2065: Reading arch file : "C:\Program Files (x86)\Cypress\PSoC Creator\3.3\PSoC Creator\dev/arch/p35_udb4x6.ark"
D2051: Reading of inputs for placer completed successfully

D2053: Starting placement of the design
=============================================================

Phase 2
Phase 3

Design Statistics after Packing
    Number of Combinational MCs 	:	45
    Number of Sequential MCs    	:	80
    Number of DPs               	:	19
    Number of Controls          	:	9
    Number of Status            	:	11
    Number of SyncCells         	:	0
    Number of count7cells       	:	0

Device Utilization Summary after Packing
    Macrocells                  :	125/192
    UDBS                        :	23/24
    IOs                         :	38/72


D2088: Phase 3, elapsed time : 0.0 (sec)

Phase 4
D2088: Phase 4, elapsed time : 0.0 (sec)

Phase 5
D2088: Phase 5, elapsed time : 0.0 (sec)

Phase 6

######################################################################
Placement Timing Summary

The timing summary is based on estimated routing delays after
placement. For final timing report, please carry out the timing
analysis after routing.
======================================================================

######################################################################
                     Clock Summary 
======================================================================
Number of clocks: 17
Clock: Camera_CLK           | Frequency: N/A       | Target:  12.0 MHz
Clock: Camera_CLK(routed)   | Frequency: N/A       | Target:  12.0 MHz
Clock: Clock_1              | Frequency:  59.7 MHz | Target:   0.1 MHz
Clock: CyBUS_CLK            | Frequency:  83.0 MHz | Target:  72.0 MHz
Clock: CyBUS_CLK(fixed-function) | Frequency: N/A       | Target:  72.0 MHz
Clock: CyILO                | Frequency: N/A       | Target:   0.0 MHz
Clock: CyIMO                | Frequency: N/A       | Target:   3.0 MHz
Clock: CyMASTER_CLK         | Frequency: N/A       | Target:  72.0 MHz
Clock: CyPLL_OUT            | Frequency: N/A       | Target:  72.0 MHz
Clock: LCD_CLK              | Frequency:  83.0 MHz | Target:   9.0 MHz
Clock: SW_Quad_Clock        | Frequency:  32.4 MHz | Target:   1.0 MHz
Clock: SW_Quad_Clock(routed) | Frequency: N/A       | Target:   1.0 MHz
Clock: \Camera:PCLK(0)_PAD\ | Frequency:  45.0 MHz | Target:   0.1 MHz
Clock: timer_clock          | Frequency: N/A       | Target:  10.3 MHz
Clock: timer_clock(fixed-function) | Frequency: N/A       | Target:  10.3 MHz
Clock: timer_clock_sense    | Frequency: N/A       | Target:  36.0 MHz
Clock: timer_clock_sense(fixed-function) | Frequency: N/A       | Target:  36.0 MHz

======================================================================
                     End of Clock Summary
######################################################################

D2088: Phase 6, elapsed time : 0.2 (sec)

Phase 7
######################################################################
                     Clock Summary 
======================================================================
Number of clocks: 17
Clock: Camera_CLK           | Frequency: N/A       | Target:  12.0 MHz
Clock: Camera_CLK(routed)   | Frequency: N/A       | Target:  12.0 MHz
Clock: Clock_1              | Frequency:  57.7 MHz | Target:   0.1 MHz
Clock: CyBUS_CLK            | Frequency:   6.3 MHz | Target:  72.0 MHz
Clock: CyBUS_CLK(fixed-function) | Frequency: N/A       | Target:  72.0 MHz
Clock: CyILO                | Frequency: N/A       | Target:   0.0 MHz
Clock: CyIMO                | Frequency: N/A       | Target:   3.0 MHz
Clock: CyMASTER_CLK         | Frequency: N/A       | Target:  72.0 MHz
Clock: CyPLL_OUT            | Frequency: N/A       | Target:  72.0 MHz
Clock: LCD_CLK              | Frequency:   6.3 MHz | Target:   9.0 MHz
Clock: SW_Quad_Clock        | Frequency:  42.6 MHz | Target:   1.0 MHz
Clock: SW_Quad_Clock(routed) | Frequency: N/A       | Target:   1.0 MHz
Clock: \Camera:PCLK(0)_PAD\ | Frequency:  45.0 MHz | Target:   0.1 MHz
Clock: timer_clock          | Frequency: N/A       | Target:  10.3 MHz
Clock: timer_clock(fixed-function) | Frequency: N/A       | Target:  10.3 MHz
Clock: timer_clock_sense    | Frequency: N/A       | Target:  36.0 MHz
Clock: timer_clock_sense(fixed-function) | Frequency: N/A       | Target:  36.0 MHz

======================================================================
                     End of Clock Summary
######################################################################
D2088: Phase 7, elapsed time : 3.1 (sec)

Final Design Statistics
    Number of Combinational MCs 	:	45
    Number of Sequential MCs    	:	80
    Number of DPs               	:	19
    Number of Controls          	:	9
    Number of Status            	:	11
    Number of SyncCells         	:	0
    Number of count7cells       	:	0
    Number of IOs       	:	38

Device Utilization Summary
    Macrocells                  :	125/192
    IOs                         :	38/72



######################################################################
Placement Timing Summary

The timing summary is based on estimated routing delays after
placement. For final timing report, please carry out the timing
analysis after routing.
======================================================================


######################################################################
                     Clock Summary 
======================================================================
Number of clocks: 17
Clock: Camera_CLK           | Frequency: N/A       | Target:  12.0 MHz
Clock: Camera_CLK(routed)   | Frequency: N/A       | Target:  12.0 MHz
Clock: Clock_1              | Frequency:  52.0 MHz | Target:   0.1 MHz
Clock: CyBUS_CLK            | Frequency:   6.3 MHz | Target:  72.0 MHz
Clock: CyBUS_CLK(fixed-function) | Frequency: N/A       | Target:  72.0 MHz
Clock: CyILO                | Frequency: N/A       | Target:   0.0 MHz
Clock: CyIMO                | Frequency: N/A       | Target:   3.0 MHz
Clock: CyMASTER_CLK         | Frequency: N/A       | Target:  72.0 MHz
Clock: CyPLL_OUT            | Frequency: N/A       | Target:  72.0 MHz
Clock: LCD_CLK              | Frequency:   6.3 MHz | Target:   9.0 MHz
Clock: SW_Quad_Clock        | Frequency:  38.2 MHz | Target:   1.0 MHz
Clock: SW_Quad_Clock(routed) | Frequency: N/A       | Target:   1.0 MHz
Clock: \Camera:PCLK(0)_PAD\ | Frequency:  42.9 MHz | Target:   0.1 MHz
Clock: timer_clock          | Frequency: N/A       | Target:  10.3 MHz
Clock: timer_clock(fixed-function) | Frequency: N/A       | Target:  10.3 MHz
Clock: timer_clock_sense    | Frequency: N/A       | Target:  36.0 MHz
Clock: timer_clock_sense(fixed-function) | Frequency: N/A       | Target:  36.0 MHz

======================================================================
                     End of Clock Summary
######################################################################

Phase 8
D2088: Phase 8, elapsed time : 0.0 (sec)

D2054: Placement of the design completed successfully

I2076: Total run-time: 4.5 sec.

