--------------- Build Started: 09/24/2016 19:28:34 Project: Display, Configuration: ARM GCC 4.9-2015-q1-update Release ---------------
The code generation step is up to date.
arm-none-eabi-gcc.exe -mcpu=cortex-m3 -mthumb -Wno-main -I. -IGenerated_Source\PSoC5 -Wa,-alh=.\CortexM3\ARM_GCC_493\Release/main.lst -g -D NDEBUG -Wall -ffunction-sections -Os -ffat-lto-objects -c .\main.c -o .\CortexM3\ARM_GCC_493\Release\main.o
arm-none-eabi-gcc.exe -mcpu=cortex-m3 -mthumb -Wno-main -I. -IGenerated_Source\PSoC5 -Wa,-alh=.\CortexM3\ARM_GCC_493\Release/camera_display.lst -g -D NDEBUG -Wall -ffunction-sections -Os -ffat-lto-objects -c .\camera_display.c -o .\CortexM3\ARM_GCC_493\Release\camera_display.o
arm-none-eabi-gcc.exe -mcpu=cortex-m3 -mthumb -Wno-main -I. -IGenerated_Source\PSoC5 -Wa,-alh=.\CortexM3\ARM_GCC_493\Release/camera_functions.lst -g -D NDEBUG -Wall -ffunction-sections -Os -ffat-lto-objects -c .\camera_functions.c -o .\CortexM3\ARM_GCC_493\Release\camera_functions.o
arm-none-eabi-gcc.exe -mcpu=cortex-m3 -mthumb -Wno-main -I. -IGenerated_Source\PSoC5 -Wa,-alh=.\CortexM3\ARM_GCC_493\Release/pwm_functions.lst -g -D NDEBUG -Wall -ffunction-sections -Os -ffat-lto-objects -c .\pwm_functions.c -o .\CortexM3\ARM_GCC_493\Release\pwm_functions.o
arm-none-eabi-gcc.exe -mcpu=cortex-m3 -mthumb -Wno-main -I. -IGenerated_Source\PSoC5 -Wa,-alh=.\CortexM3\ARM_GCC_493\Release/movement_functions.lst -g -D NDEBUG -Wall -ffunction-sections -Os -ffat-lto-objects -c .\movement_functions.c -o .\CortexM3\ARM_GCC_493\Release\movement_functions.o
arm-none-eabi-gcc.exe -mcpu=cortex-m3 -mthumb -Wno-main -I. -IGenerated_Source\PSoC5 -Wa,-alh=.\CortexM3\ARM_GCC_493\Release/cyfitter_cfg.lst -g -D NDEBUG -Wall -ffunction-sections -Os -ffat-lto-objects -c .\Generated_Source\PSoC5\cyfitter_cfg.c -o .\CortexM3\ARM_GCC_493\Release\cyfitter_cfg.o
arm-none-eabi-gcc.exe -mcpu=cortex-m3 -mthumb -Wno-main -I. -IGenerated_Source\PSoC5 -Wa,-alh=.\CortexM3\ARM_GCC_493\Release/cymetadata.lst -g -D NDEBUG -Wall -ffunction-sections -Os -ffat-lto-objects -c .\Generated_Source\PSoC5\cymetadata.c -o .\CortexM3\ARM_GCC_493\Release\cymetadata.o
arm-none-eabi-gcc.exe -mcpu=cortex-m3 -mthumb -Wno-main -I. -IGenerated_Source\PSoC5 -Wa,-alh=.\CortexM3\ARM_GCC_493\Release/D.lst -g -D NDEBUG -Wall -ffunction-sections -Os -ffat-lto-objects -c .\Generated_Source\PSoC5\D.c -o .\CortexM3\ARM_GCC_493\Release\D.o
arm-none-eabi-gcc.exe -mcpu=cortex-m3 -mthumb -Wno-main -I. -IGenerated_Source\PSoC5 -Wa,-alh=.\CortexM3\ARM_GCC_493\Release/CS.lst -g -D NDEBUG -Wall -ffunction-sections -Os -ffat-lto-objects -c .\Generated_Source\PSoC5\CS.c -o .\CortexM3\ARM_GCC_493\Release\CS.o
arm-none-eabi-gcc.exe -mcpu=cortex-m3 -mthumb -Wno-main -I. -IGenerated_Source\PSoC5 -Wa,-alh=.\CortexM3\ARM_GCC_493\Release/LCD_WR.lst -g -D NDEBUG -Wall -ffunction-sections -Os -ffat-lto-objects -c .\Generated_Source\PSoC5\LCD_WR.c -o .\CortexM3\ARM_GCC_493\Release\LCD_WR.o
arm-none-eabi-gcc.exe -mcpu=cortex-m3 -mthumb -Wno-main -I. -IGenerated_Source\PSoC5 -Wa,-alh=.\CortexM3\ARM_GCC_493\Release/LCD_RD.lst -g -D NDEBUG -Wall -ffunction-sections -Os -ffat-lto-objects -c .\Generated_Source\PSoC5\LCD_RD.c -o .\CortexM3\ARM_GCC_493\Release\LCD_RD.o
arm-none-eabi-gcc.exe -mcpu=cortex-m3 -mthumb -Wno-main -I. -IGenerated_Source\PSoC5 -Wa,-alh=.\CortexM3\ARM_GCC_493\Release/LCD_RS.lst -g -D NDEBUG -Wall -ffunction-sections -Os -ffat-lto-objects -c .\Generated_Source\PSoC5\LCD_RS.c -o .\CortexM3\ARM_GCC_493\Release\LCD_RS.o
arm-none-eabi-gcc.exe -mcpu=cortex-m3 -mthumb -Wno-main -I. -IGenerated_Source\PSoC5 -Wa,-alh=.\CortexM3\ARM_GCC_493\Release/RST.lst -g -D NDEBUG -Wall -ffunction-sections -Os -ffat-lto-objects -c .\Generated_Source\PSoC5\RST.c -o .\CortexM3\ARM_GCC_493\Release\RST.o
arm-none-eabi-gcc.exe -mcpu=cortex-m3 -mthumb -Wno-main -I. -IGenerated_Source\PSoC5 -Wa,-alh=.\CortexM3\ARM_GCC_493\Release/Cm3Start.lst -g -D NDEBUG -Wall -ffunction-sections -Os -ffat-lto-objects -c .\Generated_Source\PSoC5\Cm3Start.c -o .\CortexM3\ARM_GCC_493\Release\Cm3Start.o
arm-none-eabi-as.exe -mcpu=cortex-m3 -mthumb -I. -IGenerated_Source\PSoC5 -alh=.\CortexM3\ARM_GCC_493\Release/CyBootAsmGnu.lst -g -W -o .\CortexM3\ARM_GCC_493\Release\CyBootAsmGnu.o .\Generated_Source\PSoC5\CyBootAsmGnu.s
arm-none-eabi-gcc.exe -mcpu=cortex-m3 -mthumb -Wno-main -I. -IGenerated_Source\PSoC5 -Wa,-alh=.\CortexM3\ARM_GCC_493\Release/CyDmac.lst -g -D NDEBUG -Wall -ffunction-sections -Os -ffat-lto-objects -c .\Generated_Source\PSoC5\CyDmac.c -o .\CortexM3\ARM_GCC_493\Release\CyDmac.o
arm-none-eabi-gcc.exe -mcpu=cortex-m3 -mthumb -Wno-main -I. -IGenerated_Source\PSoC5 -Wa,-alh=.\CortexM3\ARM_GCC_493\Release/CyFlash.lst -g -D NDEBUG -Wall -ffunction-sections -Os -ffat-lto-objects -c .\Generated_Source\PSoC5\CyFlash.c -o .\CortexM3\ARM_GCC_493\Release\CyFlash.o
arm-none-eabi-gcc.exe -mcpu=cortex-m3 -mthumb -Wno-main -I. -IGenerated_Source\PSoC5 -Wa,-alh=.\CortexM3\ARM_GCC_493\Release/CyLib.lst -g -D NDEBUG -Wall -ffunction-sections -Os -ffat-lto-objects -c .\Generated_Source\PSoC5\CyLib.c -o .\CortexM3\ARM_GCC_493\Release\CyLib.o
arm-none-eabi-gcc.exe -mcpu=cortex-m3 -mthumb -Wno-main -I. -IGenerated_Source\PSoC5 -Wa,-alh=.\CortexM3\ARM_GCC_493\Release/cyPm.lst -g -D NDEBUG -Wall -ffunction-sections -Os -ffat-lto-objects -c .\Generated_Source\PSoC5\cyPm.c -o .\CortexM3\ARM_GCC_493\Release\cyPm.o
arm-none-eabi-gcc.exe -mcpu=cortex-m3 -mthumb -Wno-main -I. -IGenerated_Source\PSoC5 -Wa,-alh=.\CortexM3\ARM_GCC_493\Release/CySpc.lst -g -D NDEBUG -Wall -ffunction-sections -Os -ffat-lto-objects -c .\Generated_Source\PSoC5\CySpc.c -o .\CortexM3\ARM_GCC_493\Release\CySpc.o
arm-none-eabi-gcc.exe -mcpu=cortex-m3 -mthumb -Wno-main -I. -IGenerated_Source\PSoC5 -Wa,-alh=.\CortexM3\ARM_GCC_493\Release/cyutils.lst -g -D NDEBUG -Wall -ffunction-sections -Os -ffat-lto-objects -c .\Generated_Source\PSoC5\cyutils.c -o .\CortexM3\ARM_GCC_493\Release\cyutils.o
arm-none-eabi-gcc.exe -mcpu=cortex-m3 -mthumb -Wno-main -I. -IGenerated_Source\PSoC5 -Wa,-alh=.\CortexM3\ARM_GCC_493\Release/LCD.lst -g -D NDEBUG -Wall -ffunction-sections -Os -ffat-lto-objects -c .\Generated_Source\PSoC5\LCD.c -o .\CortexM3\ARM_GCC_493\Release\LCD.o
arm-none-eabi-gcc.exe -mcpu=cortex-m3 -mthumb -Wno-main -I. -IGenerated_Source\PSoC5 -Wa,-alh=.\CortexM3\ARM_GCC_493\Release/LCD_CLK.lst -g -D NDEBUG -Wall -ffunction-sections -Os -ffat-lto-objects -c .\Generated_Source\PSoC5\LCD_CLK.c -o .\CortexM3\ARM_GCC_493\Release\LCD_CLK.o
arm-none-eabi-gcc.exe -mcpu=cortex-m3 -mthumb -Wno-main -I. -IGenerated_Source\PSoC5 -Wa,-alh=.\CortexM3\ARM_GCC_493\Release/OE.lst -g -D NDEBUG -Wall -ffunction-sections -Os -ffat-lto-objects -c .\Generated_Source\PSoC5\OE.c -o .\CortexM3\ARM_GCC_493\Release\OE.o
arm-none-eabi-gcc.exe -mcpu=cortex-m3 -mthumb -Wno-main -I. -IGenerated_Source\PSoC5 -Wa,-alh=.\CortexM3\ARM_GCC_493\Release/OE_PM.lst -g -D NDEBUG -Wall -ffunction-sections -Os -ffat-lto-objects -c .\Generated_Source\PSoC5\OE_PM.c -o .\CortexM3\ARM_GCC_493\Release\OE_PM.o
arm-none-eabi-gcc.exe -mcpu=cortex-m3 -mthumb -Wno-main -I. -IGenerated_Source\PSoC5 -Wa,-alh=.\CortexM3\ARM_GCC_493\Release/Clock_1.lst -g -D NDEBUG -Wall -ffunction-sections -Os -ffat-lto-objects -c .\Generated_Source\PSoC5\Clock_1.c -o .\CortexM3\ARM_GCC_493\Release\Clock_1.o
arm-none-eabi-gcc.exe -mcpu=cortex-m3 -mthumb -Wno-main -I. -IGenerated_Source\PSoC5 -Wa,-alh=.\CortexM3\ARM_GCC_493\Release/Camera_settings.lst -g -D NDEBUG -Wall -ffunction-sections -Os -ffat-lto-objects -c .\Generated_Source\PSoC5\Camera_settings.c -o .\CortexM3\ARM_GCC_493\Release\Camera_settings.o
arm-none-eabi-gcc.exe -mcpu=cortex-m3 -mthumb -Wno-main -I. -IGenerated_Source\PSoC5 -Wa,-alh=.\CortexM3\ARM_GCC_493\Release/Camera.lst -g -D NDEBUG -Wall -ffunction-sections -Os -ffat-lto-objects -c .\Generated_Source\PSoC5\Camera.c -o .\CortexM3\ARM_GCC_493\Release\Camera.o
arm-none-eabi-gcc.exe -mcpu=cortex-m3 -mthumb -Wno-main -I. -IGenerated_Source\PSoC5 -Wa,-alh=.\CortexM3\ARM_GCC_493\Release/Camera_CLK.lst -g -D NDEBUG -Wall -ffunction-sections -Os -ffat-lto-objects -c .\Generated_Source\PSoC5\Camera_CLK.c -o .\CortexM3\ARM_GCC_493\Release\Camera_CLK.o
arm-none-eabi-gcc.exe -mcpu=cortex-m3 -mthumb -Wno-main -I. -IGenerated_Source\PSoC5 -Wa,-alh=.\CortexM3\ARM_GCC_493\Release/HREF.lst -g -D NDEBUG -Wall -ffunction-sections -Os -ffat-lto-objects -c .\Generated_Source\PSoC5\HREF.c -o .\CortexM3\ARM_GCC_493\Release\HREF.o
arm-none-eabi-gcc.exe -mcpu=cortex-m3 -mthumb -Wno-main -I. -IGenerated_Source\PSoC5 -Wa,-alh=.\CortexM3\ARM_GCC_493\Release/Camera_DMA_dma.lst -g -D NDEBUG -Wall -ffunction-sections -Os -ffat-lto-objects -c .\Generated_Source\PSoC5\Camera_DMA_dma.c -o .\CortexM3\ARM_GCC_493\Release\Camera_DMA_dma.o
arm-none-eabi-gcc.exe -mcpu=cortex-m3 -mthumb -Wno-main -I. -IGenerated_Source\PSoC5 -Wa,-alh=.\CortexM3\ARM_GCC_493\Release/Camera_VSYNC.lst -g -D NDEBUG -Wall -ffunction-sections -Os -ffat-lto-objects -c .\Generated_Source\PSoC5\Camera_VSYNC.c -o .\CortexM3\ARM_GCC_493\Release\Camera_VSYNC.o
arm-none-eabi-gcc.exe -mcpu=cortex-m3 -mthumb -Wno-main -I. -IGenerated_Source\PSoC5 -Wa,-alh=.\CortexM3\ARM_GCC_493\Release/Camera_SIOD.lst -g -D NDEBUG -Wall -ffunction-sections -Os -ffat-lto-objects -c .\Generated_Source\PSoC5\Camera_SIOD.c -o .\CortexM3\ARM_GCC_493\Release\Camera_SIOD.o
arm-none-eabi-gcc.exe -mcpu=cortex-m3 -mthumb -Wno-main -I. -IGenerated_Source\PSoC5 -Wa,-alh=.\CortexM3\ARM_GCC_493\Release/Camera_SIOC.lst -g -D NDEBUG -Wall -ffunction-sections -Os -ffat-lto-objects -c .\Generated_Source\PSoC5\Camera_SIOC.c -o .\CortexM3\ARM_GCC_493\Release\Camera_SIOC.o
arm-none-eabi-gcc.exe -mcpu=cortex-m3 -mthumb -Wno-main -I. -IGenerated_Source\PSoC5 -Wa,-alh=.\CortexM3\ARM_GCC_493\Release/Camera_I2C.lst -g -D NDEBUG -Wall -ffunction-sections -Os -ffat-lto-objects -c .\Generated_Source\PSoC5\Camera_I2C.c -o .\CortexM3\ARM_GCC_493\Release\Camera_I2C.o
arm-none-eabi-gcc.exe -mcpu=cortex-m3 -mthumb -Wno-main -I. -IGenerated_Source\PSoC5 -Wa,-alh=.\CortexM3\ARM_GCC_493\Release/Camera_I2C_BOOT.lst -g -D NDEBUG -Wall -ffunction-sections -Os -ffat-lto-objects -c .\Generated_Source\PSoC5\Camera_I2C_BOOT.c -o .\CortexM3\ARM_GCC_493\Release\Camera_I2C_BOOT.o
arm-none-eabi-gcc.exe -mcpu=cortex-m3 -mthumb -Wno-main -I. -IGenerated_Source\PSoC5 -Wa,-alh=.\CortexM3\ARM_GCC_493\Release/Camera_I2C_INT.lst -g -D NDEBUG -Wall -ffunction-sections -Os -ffat-lto-objects -c .\Generated_Source\PSoC5\Camera_I2C_INT.c -o .\CortexM3\ARM_GCC_493\Release\Camera_I2C_INT.o
arm-none-eabi-gcc.exe -mcpu=cortex-m3 -mthumb -Wno-main -I. -IGenerated_Source\PSoC5 -Wa,-alh=.\CortexM3\ARM_GCC_493\Release/Camera_I2C_PM.lst -g -D NDEBUG -Wall -ffunction-sections -Os -ffat-lto-objects -c .\Generated_Source\PSoC5\Camera_I2C_PM.c -o .\CortexM3\ARM_GCC_493\Release\Camera_I2C_PM.o
arm-none-eabi-gcc.exe -mcpu=cortex-m3 -mthumb -Wno-main -I. -IGenerated_Source\PSoC5 -Wa,-alh=.\CortexM3\ARM_GCC_493\Release/Camera_I2C_SLAVE.lst -g -D NDEBUG -Wall -ffunction-sections -Os -ffat-lto-objects -c .\Generated_Source\PSoC5\Camera_I2C_SLAVE.c -o .\CortexM3\ARM_GCC_493\Release\Camera_I2C_SLAVE.o
arm-none-eabi-gcc.exe -mcpu=cortex-m3 -mthumb -Wno-main -I. -IGenerated_Source\PSoC5 -Wa,-alh=.\CortexM3\ARM_GCC_493\Release/Camera_I2C_MASTER.lst -g -D NDEBUG -Wall -ffunction-sections -Os -ffat-lto-objects -c .\Generated_Source\PSoC5\Camera_I2C_MASTER.c -o .\CortexM3\ARM_GCC_493\Release\Camera_I2C_MASTER.o
arm-none-eabi-gcc.exe -mcpu=cortex-m3 -mthumb -Wno-main -I. -IGenerated_Source\PSoC5 -Wa,-alh=.\CortexM3\ARM_GCC_493\Release/Camera_end_line.lst -g -D NDEBUG -Wall -ffunction-sections -Os -ffat-lto-objects -c .\Generated_Source\PSoC5\Camera_end_line.c -o .\CortexM3\ARM_GCC_493\Release\Camera_end_line.o
arm-none-eabi-gcc.exe -mcpu=cortex-m3 -mthumb -Wno-main -I. -IGenerated_Source\PSoC5 -Wa,-alh=.\CortexM3\ARM_GCC_493\Release/Data_Out.lst -g -D NDEBUG -Wall -ffunction-sections -Os -ffat-lto-objects -c .\Generated_Source\PSoC5\Data_Out.c -o .\CortexM3\ARM_GCC_493\Release\Data_Out.o
arm-none-eabi-gcc.exe -mcpu=cortex-m3 -mthumb -Wno-main -I. -IGenerated_Source\PSoC5 -Wa,-alh=.\CortexM3\ARM_GCC_493\Release/Data_Out_PM.lst -g -D NDEBUG -Wall -ffunction-sections -Os -ffat-lto-objects -c .\Generated_Source\PSoC5\Data_Out_PM.c -o .\CortexM3\ARM_GCC_493\Release\Data_Out_PM.o
arm-none-eabi-gcc.exe -mcpu=cortex-m3 -mthumb -Wno-main -I. -IGenerated_Source\PSoC5 -Wa,-alh=.\CortexM3\ARM_GCC_493\Release/LCD_DMA_dma.lst -g -D NDEBUG -Wall -ffunction-sections -Os -ffat-lto-objects -c .\Generated_Source\PSoC5\LCD_DMA_dma.c -o .\CortexM3\ARM_GCC_493\Release\LCD_DMA_dma.o
arm-none-eabi-gcc.exe -mcpu=cortex-m3 -mthumb -Wno-main -I. -IGenerated_Source\PSoC5 -Wa,-alh=.\CortexM3\ARM_GCC_493\Release/Buttons.lst -g -D NDEBUG -Wall -ffunction-sections -Os -ffat-lto-objects -c .\Generated_Source\PSoC5\Buttons.c -o .\CortexM3\ARM_GCC_493\Release\Buttons.o
arm-none-eabi-gcc.exe -mcpu=cortex-m3 -mthumb -Wno-main -I. -IGenerated_Source\PSoC5 -Wa,-alh=.\CortexM3\ARM_GCC_493\Release/Camera_DMA_Colours_dma.lst -g -D NDEBUG -Wall -ffunction-sections -Os -ffat-lto-objects -c .\Generated_Source\PSoC5\Camera_DMA_Colours_dma.c -o .\CortexM3\ARM_GCC_493\Release\Camera_DMA_Colours_dma.o
arm-none-eabi-gcc.exe -mcpu=cortex-m3 -mthumb -Wno-main -I. -IGenerated_Source\PSoC5 -Wa,-alh=.\CortexM3\ARM_GCC_493\Release/Camera_Threshold.lst -g -D NDEBUG -Wall -ffunction-sections -Os -ffat-lto-objects -c .\Generated_Source\PSoC5\Camera_Threshold.c -o .\CortexM3\ARM_GCC_493\Release\Camera_Threshold.o
arm-none-eabi-gcc.exe -mcpu=cortex-m3 -mthumb -Wno-main -I. -IGenerated_Source\PSoC5 -Wa,-alh=.\CortexM3\ARM_GCC_493\Release/Camera_Threshold_PM.lst -g -D NDEBUG -Wall -ffunction-sections -Os -ffat-lto-objects -c .\Generated_Source\PSoC5\Camera_Threshold_PM.c -o .\CortexM3\ARM_GCC_493\Release\Camera_Threshold_PM.o
arm-none-eabi-gcc.exe -mcpu=cortex-m3 -mthumb -Wno-main -I. -IGenerated_Source\PSoC5 -Wa,-alh=.\CortexM3\ARM_GCC_493\Release/Camera_end_line_colours.lst -g -D NDEBUG -Wall -ffunction-sections -Os -ffat-lto-objects -c .\Generated_Source\PSoC5\Camera_end_line_colours.c -o .\CortexM3\ARM_GCC_493\Release\Camera_end_line_colours.o
arm-none-eabi-gcc.exe -mcpu=cortex-m3 -mthumb -Wno-main -I. -IGenerated_Source\PSoC5 -Wa,-alh=.\CortexM3\ARM_GCC_493\Release/SW_DAC.lst -g -D NDEBUG -Wall -ffunction-sections -Os -ffat-lto-objects -c .\Generated_Source\PSoC5\SW_DAC.c -o .\CortexM3\ARM_GCC_493\Release\SW_DAC.o
arm-none-eabi-gcc.exe -mcpu=cortex-m3 -mthumb -Wno-main -I. -IGenerated_Source\PSoC5 -Wa,-alh=.\CortexM3\ARM_GCC_493\Release/SW_DAC_PM.lst -g -D NDEBUG -Wall -ffunction-sections -Os -ffat-lto-objects -c .\Generated_Source\PSoC5\SW_DAC_PM.c -o .\CortexM3\ARM_GCC_493\Release\SW_DAC_PM.o
arm-none-eabi-gcc.exe -mcpu=cortex-m3 -mthumb -Wno-main -I. -IGenerated_Source\PSoC5 -Wa,-alh=.\CortexM3\ARM_GCC_493\Release/SW_Comparator.lst -g -D NDEBUG -Wall -ffunction-sections -Os -ffat-lto-objects -c .\Generated_Source\PSoC5\SW_Comparator.c -o .\CortexM3\ARM_GCC_493\Release\SW_Comparator.o
arm-none-eabi-gcc.exe -mcpu=cortex-m3 -mthumb -Wno-main -I. -IGenerated_Source\PSoC5 -Wa,-alh=.\CortexM3\ARM_GCC_493\Release/SW_Comparator_PM.lst -g -D NDEBUG -Wall -ffunction-sections -Os -ffat-lto-objects -c .\Generated_Source\PSoC5\SW_Comparator_PM.c -o .\CortexM3\ARM_GCC_493\Release\SW_Comparator_PM.o
arm-none-eabi-gcc.exe -mcpu=cortex-m3 -mthumb -Wno-main -I. -IGenerated_Source\PSoC5 -Wa,-alh=.\CortexM3\ARM_GCC_493\Release/SW_SW_1.lst -g -D NDEBUG -Wall -ffunction-sections -Os -ffat-lto-objects -c .\Generated_Source\PSoC5\SW_SW_1.c -o .\CortexM3\ARM_GCC_493\Release\SW_SW_1.o
arm-none-eabi-gcc.exe -mcpu=cortex-m3 -mthumb -Wno-main -I. -IGenerated_Source\PSoC5 -Wa,-alh=.\CortexM3\ARM_GCC_493\Release/SW_SW_3.lst -g -D NDEBUG -Wall -ffunction-sections -Os -ffat-lto-objects -c .\Generated_Source\PSoC5\SW_SW_3.c -o .\CortexM3\ARM_GCC_493\Release\SW_SW_3.o
arm-none-eabi-gcc.exe -mcpu=cortex-m3 -mthumb -Wno-main -I. -IGenerated_Source\PSoC5 -Wa,-alh=.\CortexM3\ARM_GCC_493\Release/SW_SW_2.lst -g -D NDEBUG -Wall -ffunction-sections -Os -ffat-lto-objects -c .\Generated_Source\PSoC5\SW_SW_2.c -o .\CortexM3\ARM_GCC_493\Release\SW_SW_2.o
arm-none-eabi-gcc.exe -mcpu=cortex-m3 -mthumb -Wno-main -I. -IGenerated_Source\PSoC5 -Wa,-alh=.\CortexM3\ARM_GCC_493\Release/SW_Clock.lst -g -D NDEBUG -Wall -ffunction-sections -Os -ffat-lto-objects -c .\Generated_Source\PSoC5\SW_Clock.c -o .\CortexM3\ARM_GCC_493\Release\SW_Clock.o
arm-none-eabi-gcc.exe -mcpu=cortex-m3 -mthumb -Wno-main -I. -IGenerated_Source\PSoC5 -Wa,-alh=.\CortexM3\ARM_GCC_493\Release/PWM_Pan.lst -g -D NDEBUG -Wall -ffunction-sections -Os -ffat-lto-objects -c .\Generated_Source\PSoC5\PWM_Pan.c -o .\CortexM3\ARM_GCC_493\Release\PWM_Pan.o
arm-none-eabi-gcc.exe -mcpu=cortex-m3 -mthumb -Wno-main -I. -IGenerated_Source\PSoC5 -Wa,-alh=.\CortexM3\ARM_GCC_493\Release/PWM_Pan_PM.lst -g -D NDEBUG -Wall -ffunction-sections -Os -ffat-lto-objects -c .\Generated_Source\PSoC5\PWM_Pan_PM.c -o .\CortexM3\ARM_GCC_493\Release\PWM_Pan_PM.o
arm-none-eabi-gcc.exe -mcpu=cortex-m3 -mthumb -Wno-main -I. -IGenerated_Source\PSoC5 -Wa,-alh=.\CortexM3\ARM_GCC_493\Release/Pin_1.lst -g -D NDEBUG -Wall -ffunction-sections -Os -ffat-lto-objects -c .\Generated_Source\PSoC5\Pin_1.c -o .\CortexM3\ARM_GCC_493\Release\Pin_1.o
arm-none-eabi-gcc.exe -mcpu=cortex-m3 -mthumb -Wno-main -I. -IGenerated_Source\PSoC5 -Wa,-alh=.\CortexM3\ARM_GCC_493\Release/PWM_Tilt.lst -g -D NDEBUG -Wall -ffunction-sections -Os -ffat-lto-objects -c .\Generated_Source\PSoC5\PWM_Tilt.c -o .\CortexM3\ARM_GCC_493\Release\PWM_Tilt.o
arm-none-eabi-gcc.exe -mcpu=cortex-m3 -mthumb -Wno-main -I. -IGenerated_Source\PSoC5 -Wa,-alh=.\CortexM3\ARM_GCC_493\Release/PWM_Tilt_PM.lst -g -D NDEBUG -Wall -ffunction-sections -Os -ffat-lto-objects -c .\Generated_Source\PSoC5\PWM_Tilt_PM.c -o .\CortexM3\ARM_GCC_493\Release\PWM_Tilt_PM.o
arm-none-eabi-gcc.exe -mcpu=cortex-m3 -mthumb -Wno-main -I. -IGenerated_Source\PSoC5 -Wa,-alh=.\CortexM3\ARM_GCC_493\Release/Pin_2.lst -g -D NDEBUG -Wall -ffunction-sections -Os -ffat-lto-objects -c .\Generated_Source\PSoC5\Pin_2.c -o .\CortexM3\ARM_GCC_493\Release\Pin_2.o
arm-none-eabi-gcc.exe -mcpu=cortex-m3 -mthumb -Wno-main -I. -IGenerated_Source\PSoC5 -Wa,-alh=.\CortexM3\ARM_GCC_493\Release/PWM_Lift.lst -g -D NDEBUG -Wall -ffunction-sections -Os -ffat-lto-objects -c .\Generated_Source\PSoC5\PWM_Lift.c -o .\CortexM3\ARM_GCC_493\Release\PWM_Lift.o
arm-none-eabi-gcc.exe -mcpu=cortex-m3 -mthumb -Wno-main -I. -IGenerated_Source\PSoC5 -Wa,-alh=.\CortexM3\ARM_GCC_493\Release/PWM_Lift_PM.lst -g -D NDEBUG -Wall -ffunction-sections -Os -ffat-lto-objects -c .\Generated_Source\PSoC5\PWM_Lift_PM.c -o .\CortexM3\ARM_GCC_493\Release\PWM_Lift_PM.o
arm-none-eabi-gcc.exe -mcpu=cortex-m3 -mthumb -Wno-main -I. -IGenerated_Source\PSoC5 -Wa,-alh=.\CortexM3\ARM_GCC_493\Release/Pin_3.lst -g -D NDEBUG -Wall -ffunction-sections -Os -ffat-lto-objects -c .\Generated_Source\PSoC5\Pin_3.c -o .\CortexM3\ARM_GCC_493\Release\Pin_3.o
arm-none-eabi-gcc.exe -mcpu=cortex-m3 -mthumb -Wno-main -I. -IGenerated_Source\PSoC5 -Wa,-alh=.\CortexM3\ARM_GCC_493\Release/PWM_Claw.lst -g -D NDEBUG -Wall -ffunction-sections -Os -ffat-lto-objects -c .\Generated_Source\PSoC5\PWM_Claw.c -o .\CortexM3\ARM_GCC_493\Release\PWM_Claw.o
arm-none-eabi-gcc.exe -mcpu=cortex-m3 -mthumb -Wno-main -I. -IGenerated_Source\PSoC5 -Wa,-alh=.\CortexM3\ARM_GCC_493\Release/PWM_Claw_PM.lst -g -D NDEBUG -Wall -ffunction-sections -Os -ffat-lto-objects -c .\Generated_Source\PSoC5\PWM_Claw_PM.c -o .\CortexM3\ARM_GCC_493\Release\PWM_Claw_PM.o
arm-none-eabi-gcc.exe -mcpu=cortex-m3 -mthumb -Wno-main -I. -IGenerated_Source\PSoC5 -Wa,-alh=.\CortexM3\ARM_GCC_493\Release/Pin_4.lst -g -D NDEBUG -Wall -ffunction-sections -Os -ffat-lto-objects -c .\Generated_Source\PSoC5\Pin_4.c -o .\CortexM3\ARM_GCC_493\Release\Pin_4.o
arm-none-eabi-gcc.exe -mcpu=cortex-m3 -mthumb -Wno-main -I. -IGenerated_Source\PSoC5 -Wa,-alh=.\CortexM3\ARM_GCC_493\Release/Quad_1.lst -g -D NDEBUG -Wall -ffunction-sections -Os -ffat-lto-objects -c .\Generated_Source\PSoC5\Quad_1.c -o .\CortexM3\ARM_GCC_493\Release\Quad_1.o
arm-none-eabi-gcc.exe -mcpu=cortex-m3 -mthumb -Wno-main -I. -IGenerated_Source\PSoC5 -Wa,-alh=.\CortexM3\ARM_GCC_493\Release/Quad_1_PM.lst -g -D NDEBUG -Wall -ffunction-sections -Os -ffat-lto-objects -c .\Generated_Source\PSoC5\Quad_1_PM.c -o .\CortexM3\ARM_GCC_493\Release\Quad_1_PM.o
arm-none-eabi-gcc.exe -mcpu=cortex-m3 -mthumb -Wno-main -I. -IGenerated_Source\PSoC5 -Wa,-alh=.\CortexM3\ARM_GCC_493\Release/Clock_5.lst -g -D NDEBUG -Wall -ffunction-sections -Os -ffat-lto-objects -c .\Generated_Source\PSoC5\Clock_5.c -o .\CortexM3\ARM_GCC_493\Release\Clock_5.o
arm-none-eabi-gcc.exe -mcpu=cortex-m3 -mthumb -Wno-main -I. -IGenerated_Source\PSoC5 -Wa,-alh=.\CortexM3\ARM_GCC_493\Release/SE1A.lst -g -D NDEBUG -Wall -ffunction-sections -Os -ffat-lto-objects -c .\Generated_Source\PSoC5\SE1A.c -o .\CortexM3\ARM_GCC_493\Release\SE1A.o
arm-none-eabi-gcc.exe -mcpu=cortex-m3 -mthumb -Wno-main -I. -IGenerated_Source\PSoC5 -Wa,-alh=.\CortexM3\ARM_GCC_493\Release/SE1B.lst -g -D NDEBUG -Wall -ffunction-sections -Os -ffat-lto-objects -c .\Generated_Source\PSoC5\SE1B.c -o .\CortexM3\ARM_GCC_493\Release\SE1B.o
arm-none-eabi-gcc.exe -mcpu=cortex-m3 -mthumb -Wno-main -I. -IGenerated_Source\PSoC5 -Wa,-alh=.\CortexM3\ARM_GCC_493\Release/isr_2.lst -g -D NDEBUG -Wall -ffunction-sections -Os -ffat-lto-objects -c .\Generated_Source\PSoC5\isr_2.c -o .\CortexM3\ARM_GCC_493\Release\isr_2.o
arm-none-eabi-gcc.exe -mcpu=cortex-m3 -mthumb -Wno-main -I. -IGenerated_Source\PSoC5 -Wa,-alh=.\CortexM3\ARM_GCC_493\Release/Quad_2.lst -g -D NDEBUG -Wall -ffunction-sections -Os -ffat-lto-objects -c .\Generated_Source\PSoC5\Quad_2.c -o .\CortexM3\ARM_GCC_493\Release\Quad_2.o
arm-none-eabi-gcc.exe -mcpu=cortex-m3 -mthumb -Wno-main -I. -IGenerated_Source\PSoC5 -Wa,-alh=.\CortexM3\ARM_GCC_493\Release/Quad_2_PM.lst -g -D NDEBUG -Wall -ffunction-sections -Os -ffat-lto-objects -c .\Generated_Source\PSoC5\Quad_2_PM.c -o .\CortexM3\ARM_GCC_493\Release\Quad_2_PM.o
arm-none-eabi-gcc.exe -mcpu=cortex-m3 -mthumb -Wno-main -I. -IGenerated_Source\PSoC5 -Wa,-alh=.\CortexM3\ARM_GCC_493\Release/SE2A.lst -g -D NDEBUG -Wall -ffunction-sections -Os -ffat-lto-objects -c .\Generated_Source\PSoC5\SE2A.c -o .\CortexM3\ARM_GCC_493\Release\SE2A.o
arm-none-eabi-gcc.exe -mcpu=cortex-m3 -mthumb -Wno-main -I. -IGenerated_Source\PSoC5 -Wa,-alh=.\CortexM3\ARM_GCC_493\Release/SE2B.lst -g -D NDEBUG -Wall -ffunction-sections -Os -ffat-lto-objects -c .\Generated_Source\PSoC5\SE2B.c -o .\CortexM3\ARM_GCC_493\Release\SE2B.o
arm-none-eabi-gcc.exe -mcpu=cortex-m3 -mthumb -Wno-main -I. -IGenerated_Source\PSoC5 -Wa,-alh=.\CortexM3\ARM_GCC_493\Release/isr_3.lst -g -D NDEBUG -Wall -ffunction-sections -Os -ffat-lto-objects -c .\Generated_Source\PSoC5\isr_3.c -o .\CortexM3\ARM_GCC_493\Release\isr_3.o
arm-none-eabi-gcc.exe -mcpu=cortex-m3 -mthumb -Wno-main -I. -IGenerated_Source\PSoC5 -Wa,-alh=.\CortexM3\ARM_GCC_493\Release/Quad_1_Cnt16.lst -g -D NDEBUG -Wall -ffunction-sections -Os -ffat-lto-objects -c .\Generated_Source\PSoC5\Quad_1_Cnt16.c -o .\CortexM3\ARM_GCC_493\Release\Quad_1_Cnt16.o
arm-none-eabi-gcc.exe -mcpu=cortex-m3 -mthumb -Wno-main -I. -IGenerated_Source\PSoC5 -Wa,-alh=.\CortexM3\ARM_GCC_493\Release/Quad_1_Cnt16_PM.lst -g -D NDEBUG -Wall -ffunction-sections -Os -ffat-lto-objects -c .\Generated_Source\PSoC5\Quad_1_Cnt16_PM.c -o .\CortexM3\ARM_GCC_493\Release\Quad_1_Cnt16_PM.o
arm-none-eabi-gcc.exe -mcpu=cortex-m3 -mthumb -Wno-main -I. -IGenerated_Source\PSoC5 -Wa,-alh=.\CortexM3\ARM_GCC_493\Release/Quad_2_Cnt16.lst -g -D NDEBUG -Wall -ffunction-sections -Os -ffat-lto-objects -c .\Generated_Source\PSoC5\Quad_2_Cnt16.c -o .\CortexM3\ARM_GCC_493\Release\Quad_2_Cnt16.o
arm-none-eabi-gcc.exe -mcpu=cortex-m3 -mthumb -Wno-main -I. -IGenerated_Source\PSoC5 -Wa,-alh=.\CortexM3\ARM_GCC_493\Release/Quad_2_Cnt16_PM.lst -g -D NDEBUG -Wall -ffunction-sections -Os -ffat-lto-objects -c .\Generated_Source\PSoC5\Quad_2_Cnt16_PM.c -o .\CortexM3\ARM_GCC_493\Release\Quad_2_Cnt16_PM.o
arm-none-eabi-gcc.exe -mcpu=cortex-m3 -mthumb -Wno-main -I. -IGenerated_Source\PSoC5 -Wa,-alh=.\CortexM3\ARM_GCC_493\Release/USTX.lst -g -D NDEBUG -Wall -ffunction-sections -Os -ffat-lto-objects -c .\Generated_Source\PSoC5\USTX.c -o .\CortexM3\ARM_GCC_493\Release\USTX.o
arm-none-eabi-gcc.exe -mcpu=cortex-m3 -mthumb -Wno-main -I. -IGenerated_Source\PSoC5 -Wa,-alh=.\CortexM3\ARM_GCC_493\Release/timer_clock.lst -g -D NDEBUG -Wall -ffunction-sections -Os -ffat-lto-objects -c .\Generated_Source\PSoC5\timer_clock.c -o .\CortexM3\ARM_GCC_493\Release\timer_clock.o
arm-none-eabi-gcc.exe -mcpu=cortex-m3 -mthumb -Wno-main -I. -IGenerated_Source\PSoC5 -Wa,-alh=.\CortexM3\ARM_GCC_493\Release/Timer_1.lst -g -D NDEBUG -Wall -ffunction-sections -Os -ffat-lto-objects -c .\Generated_Source\PSoC5\Timer_1.c -o .\CortexM3\ARM_GCC_493\Release\Timer_1.o
arm-none-eabi-gcc.exe -mcpu=cortex-m3 -mthumb -Wno-main -I. -IGenerated_Source\PSoC5 -Wa,-alh=.\CortexM3\ARM_GCC_493\Release/Timer_1_PM.lst -g -D NDEBUG -Wall -ffunction-sections -Os -ffat-lto-objects -c .\Generated_Source\PSoC5\Timer_1_PM.c -o .\CortexM3\ARM_GCC_493\Release\Timer_1_PM.o
arm-none-eabi-ar.exe -rs .\CortexM3\ARM_GCC_493\Release\Display.a .\CortexM3\ARM_GCC_493\Release\cyfitter_cfg.o .\CortexM3\ARM_GCC_493\Release\D.o .\CortexM3\ARM_GCC_493\Release\CS.o .\CortexM3\ARM_GCC_493\Release\LCD_WR.o .\CortexM3\ARM_GCC_493\Release\LCD_RD.o .\CortexM3\ARM_GCC_493\Release\LCD_RS.o .\CortexM3\ARM_GCC_493\Release\RST.o .\CortexM3\ARM_GCC_493\Release\CyBootAsmGnu.o .\CortexM3\ARM_GCC_493\Release\CyDmac.o .\CortexM3\ARM_GCC_493\Release\CyFlash.o .\CortexM3\ARM_GCC_493\Release\CyLib.o .\CortexM3\ARM_GCC_493\Release\cyPm.o .\CortexM3\ARM_GCC_493\Release\CySpc.o .\CortexM3\ARM_GCC_493\Release\cyutils.o .\CortexM3\ARM_GCC_493\Release\LCD.o .\CortexM3\ARM_GCC_493\Release\LCD_CLK.o .\CortexM3\ARM_GCC_493\Release\OE.o .\CortexM3\ARM_GCC_493\Release\OE_PM.o .\CortexM3\ARM_GCC_493\Release\Clock_1.o .\CortexM3\ARM_GCC_493\Release\Camera_settings.o .\CortexM3\ARM_GCC_493\Release\Camera.o .\CortexM3\ARM_GCC_493\Release\Camera_CLK.o .\CortexM3\ARM_GCC_493\Release\HREF.o .\CortexM3\ARM_GCC_493\Release\Camera_DMA_dma.o .\CortexM3\ARM_GCC_493\Release\Camera_VSYNC.o .\CortexM3\ARM_GCC_493\Release\Camera_SIOD.o .\CortexM3\ARM_GCC_493\Release\Camera_SIOC.o .\CortexM3\ARM_GCC_493\Release\Camera_I2C.o .\CortexM3\ARM_GCC_493\Release\Camera_I2C_BOOT.o .\CortexM3\ARM_GCC_493\Release\Camera_I2C_INT.o .\CortexM3\ARM_GCC_493\Release\Camera_I2C_PM.o .\CortexM3\ARM_GCC_493\Release\Camera_I2C_SLAVE.o .\CortexM3\ARM_GCC_493\Release\Camera_I2C_MASTER.o .\CortexM3\ARM_GCC_493\Release\Camera_end_line.o .\CortexM3\ARM_GCC_493\Release\Data_Out.o .\CortexM3\ARM_GCC_493\Release\Data_Out_PM.o .\CortexM3\ARM_GCC_493\Release\LCD_DMA_dma.o .\CortexM3\ARM_GCC_493\Release\Buttons.o .\CortexM3\ARM_GCC_493\Release\Camera_DMA_Colours_dma.o .\CortexM3\ARM_GCC_493\Release\Camera_Threshold.o .\CortexM3\ARM_GCC_493\Release\Camera_Threshold_PM.o .\CortexM3\ARM_GCC_493\Release\Camera_end_line_colours.o .\CortexM3\ARM_GCC_493\Release\SW_DAC.o .\CortexM3\ARM_GCC_493\Release\SW_DAC_PM.o .\CortexM3\ARM_GCC_493\Release\SW_Comparator.o .\CortexM3\ARM_GCC_493\Release\SW_Comparator_PM.o .\CortexM3\ARM_GCC_493\Release\SW_SW_1.o .\CortexM3\ARM_GCC_493\Release\SW_SW_3.o .\CortexM3\ARM_GCC_493\Release\SW_SW_2.o .\CortexM3\ARM_GCC_493\Release\SW_Clock.o .\CortexM3\ARM_GCC_493\Release\PWM_Pan.o .\CortexM3\ARM_GCC_493\Release\PWM_Pan_PM.o .\CortexM3\ARM_GCC_493\Release\Pin_1.o .\CortexM3\ARM_GCC_493\Release\PWM_Tilt.o .\CortexM3\ARM_GCC_493\Release\PWM_Tilt_PM.o .\CortexM3\ARM_GCC_493\Release\Pin_2.o .\CortexM3\ARM_GCC_493\Release\PWM_Lift.o .\CortexM3\ARM_GCC_493\Release\PWM_Lift_PM.o .\CortexM3\ARM_GCC_493\Release\Pin_3.o .\CortexM3\ARM_GCC_493\Release\PWM_Claw.o .\CortexM3\ARM_GCC_493\Release\PWM_Claw_PM.o .\CortexM3\ARM_GCC_493\Release\Pin_4.o .\CortexM3\ARM_GCC_493\Release\Quad_1.o .\CortexM3\ARM_GCC_493\Release\Quad_1_PM.o .\CortexM3\ARM_GCC_493\Release\Clock_5.o .\CortexM3\ARM_GCC_493\Release\SE1A.o .\CortexM3\ARM_GCC_493\Release\SE1B.o .\CortexM3\ARM_GCC_493\Release\isr_2.o .\CortexM3\ARM_GCC_493\Release\Quad_2.o .\CortexM3\ARM_GCC_493\Release\Quad_2_PM.o .\CortexM3\ARM_GCC_493\Release\SE2A.o .\CortexM3\ARM_GCC_493\Release\SE2B.o .\CortexM3\ARM_GCC_493\Release\isr_3.o .\CortexM3\ARM_GCC_493\Release\Quad_1_Cnt16.o .\CortexM3\ARM_GCC_493\Release\Quad_1_Cnt16_PM.o .\CortexM3\ARM_GCC_493\Release\Quad_2_Cnt16.o .\CortexM3\ARM_GCC_493\Release\Quad_2_Cnt16_PM.o .\CortexM3\ARM_GCC_493\Release\USTX.o .\CortexM3\ARM_GCC_493\Release\timer_clock.o .\CortexM3\ARM_GCC_493\Release\Timer_1.o .\CortexM3\ARM_GCC_493\Release\Timer_1_PM.o
arm-none-eabi-ar.exe: creating .\CortexM3\ARM_GCC_493\Release\Display.a
arm-none-eabi-gcc.exe -Wl,--start-group -o .\CortexM3\ARM_GCC_493\Release\Display.elf .\CortexM3\ARM_GCC_493\Release\main.o .\CortexM3\ARM_GCC_493\Release\camera_display.o .\CortexM3\ARM_GCC_493\Release\camera_functions.o .\CortexM3\ARM_GCC_493\Release\pwm_functions.o .\CortexM3\ARM_GCC_493\Release\movement_functions.o .\CortexM3\ARM_GCC_493\Release\cymetadata.o .\CortexM3\ARM_GCC_493\Release\Cm3Start.o .\CortexM3\ARM_GCC_493\Release\Display.a "D:\Program Files (x86)\Cypress\PSoC Creator\3.3\PSoC Creator\psoc\content\cycomponentlibrary\CyComponentLibrary.cylib\CortexM3\ARM_GCC_493\Release\CyComponentLibrary.a" -mcpu=cortex-m3 -mthumb -g -ffunction-sections -Os -ffat-lto-objects -L Generated_Source\PSoC5 -Wl,-Map,.\CortexM3\ARM_GCC_493\Release/Display.map -T Generated_Source\PSoC5\cm3gcc.ld -specs=nano.specs -Wl,--gc-sections -Wl,--end-group
.\CortexM3\ARM_GCC_493\Release\camera_functions.o:(.rodata+0x0): multiple definition of `blobThresholdSize'
.\CortexM3\ARM_GCC_493\Release\main.o:(.rodata+0x8): first defined here
.\CortexM3\ARM_GCC_493\Release\camera_functions.o:(.rodata+0x1): multiple definition of `offset'
.\CortexM3\ARM_GCC_493\Release\main.o:(.rodata+0x9): first defined here
.\CortexM3\ARM_GCC_493\Release\camera_functions.o:(.rodata+0x2): multiple definition of `numCols'
.\CortexM3\ARM_GCC_493\Release\main.o:(.rodata+0xa): first defined here
.\CortexM3\ARM_GCC_493\Release\camera_functions.o:(.rodata+0x4): multiple definition of `numRows'
.\CortexM3\ARM_GCC_493\Release\main.o:(.rodata+0xc): first defined here
.\CortexM3\ARM_GCC_493\Release\camera_functions.o:(.rodata+0x5): multiple definition of `BLUE'
.\CortexM3\ARM_GCC_493\Release\main.o:(.rodata+0xd): first defined here
.\CortexM3\ARM_GCC_493\Release\camera_functions.o:(.rodata+0x6): multiple definition of `GREEN'
.\CortexM3\ARM_GCC_493\Release\main.o:(.rodata+0xe): first defined here
.\CortexM3\ARM_GCC_493\Release\camera_functions.o:(.rodata+0x7): multiple definition of `RED'
.\CortexM3\ARM_GCC_493\Release\main.o:(.rodata+0xf): first defined here
collect2.exe: error: ld returned 1 exit status
The command 'arm-none-eabi-gcc.exe' failed with exit code '1'.
--------------- Build Failed: 09/24/2016 19:28:44 ---------------
