ARM GAS  D:\TEMP\cca55Rns.s 			page 1


   1              		.syntax unified
   2              		.cpu cortex-m3
   3              		.fpu softvfp
   4              		.eabi_attribute 20, 1
   5              		.eabi_attribute 21, 1
   6              		.eabi_attribute 23, 3
   7              		.eabi_attribute 24, 1
   8              		.eabi_attribute 25, 1
   9              		.eabi_attribute 26, 1
  10              		.eabi_attribute 30, 4
  11              		.eabi_attribute 34, 1
  12              		.eabi_attribute 18, 4
  13              		.thumb
  14              		.file	"Camera_settings.c"
  15              		.text
  16              	.Ltext0:
  17              		.cfi_sections	.debug_frame
  18              		.global	Camera_qcif
  19              		.global	Camera_cif
  20              		.global	Camera_qvga
  21              		.global	Camera_vga
  22              		.global	Camera_sxga
  23              		.global	Camera_format
  24              		.global	Camera_settings
  25              		.section	.rodata
  26              		.type	Camera_qcif, %object
  27              		.size	Camera_qcif, 12
  28              	Camera_qcif:
  29 0000 08       		.byte	8
  30 0001 04       		.byte	4
  31 0002 80       		.byte	-128
  32 0003 28       		.byte	40
  33 0004 80       		.byte	-128
  34 0005 ED       		.byte	-19
  35 0006 00       		.byte	0
  36 0007 24       		.byte	36
  37 0008 36       		.byte	54
  38 0009 91       		.byte	-111
  39 000a 12       		.byte	18
  40 000b 43       		.byte	67
  41              		.type	Camera_cif, %object
  42              		.size	Camera_cif, 12
  43              	Camera_cif:
  44 000c 20       		.byte	32
  45 000d 04       		.byte	4
  46 000e 80       		.byte	-128
  47 000f 28       		.byte	40
  48 0010 80       		.byte	-128
  49 0011 ED       		.byte	-19
  50 0012 00       		.byte	0
  51 0013 24       		.byte	36
  52 0014 36       		.byte	54
  53 0015 91       		.byte	-111
  54 0016 12       		.byte	18
  55 0017 43       		.byte	67
  56              		.type	Camera_qvga, %object
  57              		.size	Camera_qvga, 12
ARM GAS  D:\TEMP\cca55Rns.s 			page 2


  58              	Camera_qvga:
  59 0018 10       		.byte	16
  60 0019 04       		.byte	4
  61 001a 80       		.byte	-128
  62 001b 26       		.byte	38
  63 001c C6       		.byte	-58
  64 001d ED       		.byte	-19
  65 001e 00       		.byte	0
  66 001f 1E       		.byte	30
  67 0020 36       		.byte	54
  68 0021 91       		.byte	-111
  69 0022 12       		.byte	18
  70 0023 43       		.byte	67
  71              		.type	Camera_vga, %object
  72              		.size	Camera_vga, 12
  73              	Camera_vga:
  74 0024 40       		.byte	64
  75 0025 04       		.byte	4
  76 0026 80       		.byte	-128
  77 0027 26       		.byte	38
  78 0028 C6       		.byte	-58
  79 0029 ED       		.byte	-19
  80 002a 01       		.byte	1
  81 002b 3D       		.byte	61
  82 002c 00       		.byte	0
  83 002d 91       		.byte	-111
  84 002e 12       		.byte	18
  85 002f 43       		.byte	67
  86              		.type	Camera_sxga, %object
  87              		.size	Camera_sxga, 12
  88              	Camera_sxga:
  89 0030 00       		.byte	0
  90 0031 00       		.byte	0
  91 0032 00       		.byte	0
  92 0033 1D       		.byte	29
  93 0034 BD       		.byte	-67
  94 0035 BF       		.byte	-65
  95 0036 01       		.byte	1
  96 0037 81       		.byte	-127
  97 0038 12       		.byte	18
  98 0039 81       		.byte	-127
  99 003a 93       		.byte	-109
 100 003b 51       		.byte	81
 101              		.type	Camera_format, %object
 102              		.size	Camera_format, 13
 103              	Camera_format:
 104 003c 12       		.byte	18
 105 003d 0C       		.byte	12
 106 003e 0D       		.byte	13
 107 003f 17       		.byte	23
 108 0040 18       		.byte	24
 109 0041 32       		.byte	50
 110 0042 19       		.byte	25
 111 0043 1A       		.byte	26
 112 0044 03       		.byte	3
 113 0045 37       		.byte	55
 114 0046 38       		.byte	56
ARM GAS  D:\TEMP\cca55Rns.s 			page 3


 115 0047 39       		.byte	57
 116 0048 FF       		.byte	-1
 117              		.type	Camera_settings, %object
 118              		.size	Camera_settings, 108
 119              	Camera_settings:
 120 0049 09       		.byte	9
 121 004a 10       		.byte	16
 122 004b 0E       		.byte	14
 123 004c 00       		.byte	0
 124 004d 09       		.byte	9
 125 004e 01       		.byte	1
 126 004f 15       		.byte	21
 127 0050 00       		.byte	0
 128 0051 3F       		.byte	63
 129 0052 A6       		.byte	-90
 130 0053 41       		.byte	65
 131 0054 00       		.byte	0
 132 0055 42       		.byte	66
 133 0056 08       		.byte	8
 134 0057 16       		.byte	22
 135 0058 06       		.byte	6
 136 0059 33       		.byte	51
 137 005a C0       		.byte	-64
 138 005b 34       		.byte	52
 139 005c BF       		.byte	-65
 140 005d A8       		.byte	-88
 141 005e 80       		.byte	-128
 142 005f 96       		.byte	-106
 143 0060 04       		.byte	4
 144 0061 8E       		.byte	-114
 145 0062 00       		.byte	0
 146 0063 3C       		.byte	60
 147 0064 77       		.byte	119
 148 0065 8B       		.byte	-117
 149 0066 06       		.byte	6
 150 0067 35       		.byte	53
 151 0068 91       		.byte	-111
 152 0069 94       		.byte	-108
 153 006a 88       		.byte	-120
 154 006b 95       		.byte	-107
 155 006c 88       		.byte	-120
 156 006d 40       		.byte	64
 157 006e C1       		.byte	-63
 158 006f 29       		.byte	41
 159 0070 2F       		.byte	47
 160 0071 0F       		.byte	15
 161 0072 43       		.byte	67
 162 0073 13       		.byte	19
 163 0074 E0       		.byte	-32
 164 0075 3D       		.byte	61
 165 0076 50       		.byte	80
 166 0077 69       		.byte	105
 167 0078 80       		.byte	-128
 168 0079 5C       		.byte	92
 169 007a 96       		.byte	-106
 170 007b 5D       		.byte	93
 171 007c 96       		.byte	-106
ARM GAS  D:\TEMP\cca55Rns.s 			page 4


 172 007d 5E       		.byte	94
 173 007e 10       		.byte	16
 174 007f 59       		.byte	89
 175 0080 EB       		.byte	-21
 176 0081 5A       		.byte	90
 177 0082 9C       		.byte	-100
 178 0083 5B       		.byte	91
 179 0084 55       		.byte	85
 180 0085 43       		.byte	67
 181 0086 F0       		.byte	-16
 182 0087 44       		.byte	68
 183 0088 10       		.byte	16
 184 0089 45       		.byte	69
 185 008a 55       		.byte	85
 186 008b 46       		.byte	70
 187 008c 86       		.byte	-122
 188 008d 47       		.byte	71
 189 008e 64       		.byte	100
 190 008f 48       		.byte	72
 191 0090 86       		.byte	-122
 192 0091 5F       		.byte	95
 193 0092 E0       		.byte	-32
 194 0093 60       		.byte	96
 195 0094 8C       		.byte	-116
 196 0095 61       		.byte	97
 197 0096 20       		.byte	32
 198 0097 A5       		.byte	-91
 199 0098 D9       		.byte	-39
 200 0099 A4       		.byte	-92
 201 009a 74       		.byte	116
 202 009b 8D       		.byte	-115
 203 009c 02       		.byte	2
 204 009d 13       		.byte	19
 205 009e E7       		.byte	-25
 206 009f 8C       		.byte	-116
 207 00a0 23       		.byte	35
 208 00a1 A9       		.byte	-87
 209 00a2 B8       		.byte	-72
 210 00a3 AA       		.byte	-86
 211 00a4 92       		.byte	-110
 212 00a5 AB       		.byte	-85
 213 00a6 0A       		.byte	10
 214 00a7 8F       		.byte	-113
 215 00a8 DF       		.byte	-33
 216 00a9 90       		.byte	-112
 217 00aa 00       		.byte	0
 218 00ab 91       		.byte	-111
 219 00ac 00       		.byte	0
 220 00ad 9F       		.byte	-97
 221 00ae 00       		.byte	0
 222 00af A0       		.byte	-96
 223 00b0 00       		.byte	0
 224 00b1 14       		.byte	20
 225 00b2 3A       		.byte	58
 226 00b3 FF       		.byte	-1
 227 00b4 FF       		.byte	-1
 228              		.text
ARM GAS  D:\TEMP\cca55Rns.s 			page 5


 229              	.Letext0:
 230              		.file 1 ".\\Generated_Source\\PSoC5\\Camera_settings.c"
 231              		.section	.debug_info,"",%progbits
 232              	.Ldebug_info0:
 233 0000 F8000000 		.4byte	0xf8
 234 0004 0400     		.2byte	0x4
 235 0006 00000000 		.4byte	.Ldebug_abbrev0
 236 000a 04       		.byte	0x4
 237 000b 01       		.uleb128 0x1
 238 000c 97000000 		.4byte	.LASF9
 239 0010 01       		.byte	0x1
 240 0011 2E010000 		.4byte	.LASF10
 241 0015 33000000 		.4byte	.LASF11
 242 0019 00000000 		.4byte	.Ldebug_line0
 243 001d 02       		.uleb128 0x2
 244 001e 3A000000 		.4byte	0x3a
 245 0022 33000000 		.4byte	0x33
 246 0026 03       		.uleb128 0x3
 247 0027 33000000 		.4byte	0x33
 248 002b 35       		.byte	0x35
 249 002c 03       		.uleb128 0x3
 250 002d 33000000 		.4byte	0x33
 251 0031 01       		.byte	0x1
 252 0032 00       		.byte	0
 253 0033 04       		.uleb128 0x4
 254 0034 04       		.byte	0x4
 255 0035 07       		.byte	0x7
 256 0036 25010000 		.4byte	.LASF0
 257 003a 04       		.uleb128 0x4
 258 003b 01       		.byte	0x1
 259 003c 08       		.byte	0x8
 260 003d 89000000 		.4byte	.LASF1
 261 0041 05       		.uleb128 0x5
 262 0042 0C000000 		.4byte	.LASF2
 263 0046 01       		.byte	0x1
 264 0047 98       		.byte	0x98
 265 0048 52000000 		.4byte	0x52
 266 004c 05       		.uleb128 0x5
 267 004d 03       		.byte	0x3
 268 004e 00000000 		.4byte	Camera_settings
 269 0052 06       		.uleb128 0x6
 270 0053 1D000000 		.4byte	0x1d
 271 0057 02       		.uleb128 0x2
 272 0058 3A000000 		.4byte	0x3a
 273 005c 67000000 		.4byte	0x67
 274 0060 03       		.uleb128 0x3
 275 0061 33000000 		.4byte	0x33
 276 0065 0C       		.byte	0xc
 277 0066 00       		.byte	0
 278 0067 05       		.uleb128 0x5
 279 0068 7B000000 		.4byte	.LASF3
 280 006c 01       		.byte	0x1
 281 006d D1       		.byte	0xd1
 282 006e 78000000 		.4byte	0x78
 283 0072 05       		.uleb128 0x5
 284 0073 03       		.byte	0x3
 285 0074 00000000 		.4byte	Camera_format
ARM GAS  D:\TEMP\cca55Rns.s 			page 6


 286 0078 06       		.uleb128 0x6
 287 0079 57000000 		.4byte	0x57
 288 007d 02       		.uleb128 0x2
 289 007e 3A000000 		.4byte	0x3a
 290 0082 8D000000 		.4byte	0x8d
 291 0086 03       		.uleb128 0x3
 292 0087 33000000 		.4byte	0x33
 293 008b 0B       		.byte	0xb
 294 008c 00       		.byte	0
 295 008d 05       		.uleb128 0x5
 296 008e 00000000 		.4byte	.LASF4
 297 0092 01       		.byte	0x1
 298 0093 D6       		.byte	0xd6
 299 0094 9E000000 		.4byte	0x9e
 300 0098 05       		.uleb128 0x5
 301 0099 03       		.byte	0x3
 302 009a 00000000 		.4byte	Camera_sxga
 303 009e 06       		.uleb128 0x6
 304 009f 7D000000 		.4byte	0x7d
 305 00a3 05       		.uleb128 0x5
 306 00a4 65010000 		.4byte	.LASF5
 307 00a8 01       		.byte	0x1
 308 00a9 DB       		.byte	0xdb
 309 00aa B4000000 		.4byte	0xb4
 310 00ae 05       		.uleb128 0x5
 311 00af 03       		.byte	0x3
 312 00b0 00000000 		.4byte	Camera_vga
 313 00b4 06       		.uleb128 0x6
 314 00b5 7D000000 		.4byte	0x7d
 315 00b9 05       		.uleb128 0x5
 316 00ba 59010000 		.4byte	.LASF6
 317 00be 01       		.byte	0x1
 318 00bf E0       		.byte	0xe0
 319 00c0 CA000000 		.4byte	0xca
 320 00c4 05       		.uleb128 0x5
 321 00c5 03       		.byte	0x3
 322 00c6 00000000 		.4byte	Camera_qvga
 323 00ca 06       		.uleb128 0x6
 324 00cb 7D000000 		.4byte	0x7d
 325 00cf 05       		.uleb128 0x5
 326 00d0 1C000000 		.4byte	.LASF7
 327 00d4 01       		.byte	0x1
 328 00d5 E5       		.byte	0xe5
 329 00d6 E0000000 		.4byte	0xe0
 330 00da 05       		.uleb128 0x5
 331 00db 03       		.byte	0x3
 332 00dc 00000000 		.4byte	Camera_cif
 333 00e0 06       		.uleb128 0x6
 334 00e1 7D000000 		.4byte	0x7d
 335 00e5 05       		.uleb128 0x5
 336 00e6 27000000 		.4byte	.LASF8
 337 00ea 01       		.byte	0x1
 338 00eb EA       		.byte	0xea
 339 00ec F6000000 		.4byte	0xf6
 340 00f0 05       		.uleb128 0x5
 341 00f1 03       		.byte	0x3
 342 00f2 00000000 		.4byte	Camera_qcif
ARM GAS  D:\TEMP\cca55Rns.s 			page 7


 343 00f6 06       		.uleb128 0x6
 344 00f7 7D000000 		.4byte	0x7d
 345 00fb 00       		.byte	0
 346              		.section	.debug_abbrev,"",%progbits
 347              	.Ldebug_abbrev0:
 348 0000 01       		.uleb128 0x1
 349 0001 11       		.uleb128 0x11
 350 0002 01       		.byte	0x1
 351 0003 25       		.uleb128 0x25
 352 0004 0E       		.uleb128 0xe
 353 0005 13       		.uleb128 0x13
 354 0006 0B       		.uleb128 0xb
 355 0007 03       		.uleb128 0x3
 356 0008 0E       		.uleb128 0xe
 357 0009 1B       		.uleb128 0x1b
 358 000a 0E       		.uleb128 0xe
 359 000b 10       		.uleb128 0x10
 360 000c 17       		.uleb128 0x17
 361 000d 00       		.byte	0
 362 000e 00       		.byte	0
 363 000f 02       		.uleb128 0x2
 364 0010 01       		.uleb128 0x1
 365 0011 01       		.byte	0x1
 366 0012 49       		.uleb128 0x49
 367 0013 13       		.uleb128 0x13
 368 0014 01       		.uleb128 0x1
 369 0015 13       		.uleb128 0x13
 370 0016 00       		.byte	0
 371 0017 00       		.byte	0
 372 0018 03       		.uleb128 0x3
 373 0019 21       		.uleb128 0x21
 374 001a 00       		.byte	0
 375 001b 49       		.uleb128 0x49
 376 001c 13       		.uleb128 0x13
 377 001d 2F       		.uleb128 0x2f
 378 001e 0B       		.uleb128 0xb
 379 001f 00       		.byte	0
 380 0020 00       		.byte	0
 381 0021 04       		.uleb128 0x4
 382 0022 24       		.uleb128 0x24
 383 0023 00       		.byte	0
 384 0024 0B       		.uleb128 0xb
 385 0025 0B       		.uleb128 0xb
 386 0026 3E       		.uleb128 0x3e
 387 0027 0B       		.uleb128 0xb
 388 0028 03       		.uleb128 0x3
 389 0029 0E       		.uleb128 0xe
 390 002a 00       		.byte	0
 391 002b 00       		.byte	0
 392 002c 05       		.uleb128 0x5
 393 002d 34       		.uleb128 0x34
 394 002e 00       		.byte	0
 395 002f 03       		.uleb128 0x3
 396 0030 0E       		.uleb128 0xe
 397 0031 3A       		.uleb128 0x3a
 398 0032 0B       		.uleb128 0xb
 399 0033 3B       		.uleb128 0x3b
ARM GAS  D:\TEMP\cca55Rns.s 			page 8


 400 0034 0B       		.uleb128 0xb
 401 0035 49       		.uleb128 0x49
 402 0036 13       		.uleb128 0x13
 403 0037 3F       		.uleb128 0x3f
 404 0038 19       		.uleb128 0x19
 405 0039 02       		.uleb128 0x2
 406 003a 18       		.uleb128 0x18
 407 003b 00       		.byte	0
 408 003c 00       		.byte	0
 409 003d 06       		.uleb128 0x6
 410 003e 26       		.uleb128 0x26
 411 003f 00       		.byte	0
 412 0040 49       		.uleb128 0x49
 413 0041 13       		.uleb128 0x13
 414 0042 00       		.byte	0
 415 0043 00       		.byte	0
 416 0044 00       		.byte	0
 417              		.section	.debug_aranges,"",%progbits
 418 0000 14000000 		.4byte	0x14
 419 0004 0200     		.2byte	0x2
 420 0006 00000000 		.4byte	.Ldebug_info0
 421 000a 04       		.byte	0x4
 422 000b 00       		.byte	0
 423 000c 0000     		.2byte	0
 424 000e 0000     		.2byte	0
 425 0010 00000000 		.4byte	0
 426 0014 00000000 		.4byte	0
 427              		.section	.debug_line,"",%progbits
 428              	.Ldebug_line0:
 429 0000 47000000 		.section	.debug_str,"MS",%progbits,1
 429      02004100 
 429      00000201 
 429      FB0E0D00 
 429      01010101 
 430              	.LASF4:
 431 0000 43616D65 		.ascii	"Camera_sxga\000"
 431      72615F73 
 431      78676100 
 432              	.LASF2:
 433 000c 43616D65 		.ascii	"Camera_settings\000"
 433      72615F73 
 433      65747469 
 433      6E677300 
 434              	.LASF7:
 435 001c 43616D65 		.ascii	"Camera_cif\000"
 435      72615F63 
 435      696600
 436              	.LASF8:
 437 0027 43616D65 		.ascii	"Camera_qcif\000"
 437      72615F71 
 437      63696600 
 438              	.LASF11:
 439 0033 443A5C44 		.ascii	"D:\\Documents\\Computer Science\\PSoc\\ECE3091 Auto"
 439      6F63756D 
 439      656E7473 
 439      5C436F6D 
 439      70757465 
ARM GAS  D:\TEMP\cca55Rns.s 			page 9


 440 0062 5075636B 		.ascii	"PuckPickup\\Display.cydsn\000"
 440      5069636B 
 440      75705C44 
 440      6973706C 
 440      61792E63 
 441              	.LASF3:
 442 007b 43616D65 		.ascii	"Camera_format\000"
 442      72615F66 
 442      6F726D61 
 442      7400
 443              	.LASF1:
 444 0089 756E7369 		.ascii	"unsigned char\000"
 444      676E6564 
 444      20636861 
 444      7200
 445              	.LASF9:
 446 0097 474E5520 		.ascii	"GNU C 4.9.3 20150303 (release) [ARM/embedded-4_9-br"
 446      4320342E 
 446      392E3320 
 446      32303135 
 446      30333033 
 447 00ca 616E6368 		.ascii	"anch revision 221220] -mcpu=cortex-m3 -mthumb -g -O"
 447      20726576 
 447      6973696F 
 447      6E203232 
 447      31323230 
 448 00fd 73202D66 		.ascii	"s -ffunction-sections -ffat-lto-objects\000"
 448      66756E63 
 448      74696F6E 
 448      2D736563 
 448      74696F6E 
 449              	.LASF0:
 450 0125 73697A65 		.ascii	"sizetype\000"
 450      74797065 
 450      00
 451              	.LASF10:
 452 012e 2E5C4765 		.ascii	".\\Generated_Source\\PSoC5\\Camera_settings.c\000"
 452      6E657261 
 452      7465645F 
 452      536F7572 
 452      63655C50 
 453              	.LASF6:
 454 0159 43616D65 		.ascii	"Camera_qvga\000"
 454      72615F71 
 454      76676100 
 455              	.LASF5:
 456 0165 43616D65 		.ascii	"Camera_vga\000"
 456      72615F76 
 456      676100
 457              		.ident	"GCC: (GNU Tools for ARM Embedded Processors) 4.9.3 20150303 (release) [ARM/embedded-4_9-br
