ARM GAS  D:\TEMP\ccnh37yg.s 			page 1


   1              		.syntax unified
   2              		.cpu cortex-m3
   3              		.fpu softvfp
   4              		.eabi_attribute 20, 1
   5              		.eabi_attribute 21, 1
   6              		.eabi_attribute 23, 3
   7              		.eabi_attribute 24, 1
   8              		.eabi_attribute 25, 1
   9              		.eabi_attribute 26, 1
  10              		.eabi_attribute 30, 4
  11              		.eabi_attribute 34, 1
  12              		.eabi_attribute 18, 4
  13              		.thumb
  14              		.file	"Camera_DMA_Colours_dma.c"
  15              		.text
  16              	.Ltext0:
  17              		.cfi_sections	.debug_frame
  18              		.section	.text.Camera_DMA_Colours_DmaInitialize,"ax",%progbits
  19              		.align	1
  20              		.global	Camera_DMA_Colours_DmaInitialize
  21              		.thumb
  22              		.thumb_func
  23              		.type	Camera_DMA_Colours_DmaInitialize, %function
  24              	Camera_DMA_Colours_DmaInitialize:
  25              	.LFB0:
  26              		.file 1 ".\\Generated_Source\\PSoC5\\Camera_DMA_Colours_dma.c"
   1:.\Generated_Source\PSoC5/Camera_DMA_Colours_dma.c **** /***************************************************************************
   2:.\Generated_Source\PSoC5/Camera_DMA_Colours_dma.c **** * File Name: Camera_DMA_Colours_dma.c  
   3:.\Generated_Source\PSoC5/Camera_DMA_Colours_dma.c **** * Version 1.70
   4:.\Generated_Source\PSoC5/Camera_DMA_Colours_dma.c **** *
   5:.\Generated_Source\PSoC5/Camera_DMA_Colours_dma.c **** *  Description:
   6:.\Generated_Source\PSoC5/Camera_DMA_Colours_dma.c **** *   Provides an API for the DMAC component. The API includes functions
   7:.\Generated_Source\PSoC5/Camera_DMA_Colours_dma.c **** *   for the DMA controller, DMA channels and Transfer Descriptors.
   8:.\Generated_Source\PSoC5/Camera_DMA_Colours_dma.c **** *
   9:.\Generated_Source\PSoC5/Camera_DMA_Colours_dma.c **** *
  10:.\Generated_Source\PSoC5/Camera_DMA_Colours_dma.c **** *   Note:
  11:.\Generated_Source\PSoC5/Camera_DMA_Colours_dma.c **** *     This module requires the developer to finish or fill in the auto
  12:.\Generated_Source\PSoC5/Camera_DMA_Colours_dma.c **** *     generated funcions and setup the dma channel and TD's.
  13:.\Generated_Source\PSoC5/Camera_DMA_Colours_dma.c **** *
  14:.\Generated_Source\PSoC5/Camera_DMA_Colours_dma.c **** ********************************************************************************
  15:.\Generated_Source\PSoC5/Camera_DMA_Colours_dma.c **** * Copyright 2008-2010, Cypress Semiconductor Corporation.  All rights reserved.
  16:.\Generated_Source\PSoC5/Camera_DMA_Colours_dma.c **** * You may use this file only in accordance with the license, terms, conditions, 
  17:.\Generated_Source\PSoC5/Camera_DMA_Colours_dma.c **** * disclaimers, and limitations in the end user license agreement accompanying 
  18:.\Generated_Source\PSoC5/Camera_DMA_Colours_dma.c **** * the software package with which this file was provided.
  19:.\Generated_Source\PSoC5/Camera_DMA_Colours_dma.c **** ********************************************************************************/
  20:.\Generated_Source\PSoC5/Camera_DMA_Colours_dma.c **** #include <CYLIB.H>
  21:.\Generated_Source\PSoC5/Camera_DMA_Colours_dma.c **** #include <CYDMAC.H>
  22:.\Generated_Source\PSoC5/Camera_DMA_Colours_dma.c **** #include <Camera_DMA_Colours_dma.H>
  23:.\Generated_Source\PSoC5/Camera_DMA_Colours_dma.c **** 
  24:.\Generated_Source\PSoC5/Camera_DMA_Colours_dma.c **** 
  25:.\Generated_Source\PSoC5/Camera_DMA_Colours_dma.c **** 
  26:.\Generated_Source\PSoC5/Camera_DMA_Colours_dma.c **** /****************************************************************************
  27:.\Generated_Source\PSoC5/Camera_DMA_Colours_dma.c **** * 
  28:.\Generated_Source\PSoC5/Camera_DMA_Colours_dma.c **** * The following defines are available in Cyfitter.h
  29:.\Generated_Source\PSoC5/Camera_DMA_Colours_dma.c **** * 
  30:.\Generated_Source\PSoC5/Camera_DMA_Colours_dma.c **** * 
  31:.\Generated_Source\PSoC5/Camera_DMA_Colours_dma.c **** * 
ARM GAS  D:\TEMP\ccnh37yg.s 			page 2


  32:.\Generated_Source\PSoC5/Camera_DMA_Colours_dma.c **** * Camera_DMA_Colours__DRQ_CTL_REG
  33:.\Generated_Source\PSoC5/Camera_DMA_Colours_dma.c **** * 
  34:.\Generated_Source\PSoC5/Camera_DMA_Colours_dma.c **** * 
  35:.\Generated_Source\PSoC5/Camera_DMA_Colours_dma.c **** * Camera_DMA_Colours__DRQ_NUMBER
  36:.\Generated_Source\PSoC5/Camera_DMA_Colours_dma.c **** * 
  37:.\Generated_Source\PSoC5/Camera_DMA_Colours_dma.c **** * Number of TD's used by this channel.
  38:.\Generated_Source\PSoC5/Camera_DMA_Colours_dma.c **** * Camera_DMA_Colours__NUMBEROF_TDS
  39:.\Generated_Source\PSoC5/Camera_DMA_Colours_dma.c **** * 
  40:.\Generated_Source\PSoC5/Camera_DMA_Colours_dma.c **** * Priority of this channel.
  41:.\Generated_Source\PSoC5/Camera_DMA_Colours_dma.c **** * Camera_DMA_Colours__PRIORITY
  42:.\Generated_Source\PSoC5/Camera_DMA_Colours_dma.c **** * 
  43:.\Generated_Source\PSoC5/Camera_DMA_Colours_dma.c **** * True if Camera_DMA_Colours_TERMIN_SEL is used.
  44:.\Generated_Source\PSoC5/Camera_DMA_Colours_dma.c **** * Camera_DMA_Colours__TERMIN_EN
  45:.\Generated_Source\PSoC5/Camera_DMA_Colours_dma.c **** * 
  46:.\Generated_Source\PSoC5/Camera_DMA_Colours_dma.c **** * TERMIN interrupt line to signal terminate.
  47:.\Generated_Source\PSoC5/Camera_DMA_Colours_dma.c **** * Camera_DMA_Colours__TERMIN_SEL
  48:.\Generated_Source\PSoC5/Camera_DMA_Colours_dma.c **** * 
  49:.\Generated_Source\PSoC5/Camera_DMA_Colours_dma.c **** * 
  50:.\Generated_Source\PSoC5/Camera_DMA_Colours_dma.c **** * True if Camera_DMA_Colours_TERMOUT0_SEL is used.
  51:.\Generated_Source\PSoC5/Camera_DMA_Colours_dma.c **** * Camera_DMA_Colours__TERMOUT0_EN
  52:.\Generated_Source\PSoC5/Camera_DMA_Colours_dma.c **** * 
  53:.\Generated_Source\PSoC5/Camera_DMA_Colours_dma.c **** * 
  54:.\Generated_Source\PSoC5/Camera_DMA_Colours_dma.c **** * TERMOUT0 interrupt line to signal completion.
  55:.\Generated_Source\PSoC5/Camera_DMA_Colours_dma.c **** * Camera_DMA_Colours__TERMOUT0_SEL
  56:.\Generated_Source\PSoC5/Camera_DMA_Colours_dma.c **** * 
  57:.\Generated_Source\PSoC5/Camera_DMA_Colours_dma.c **** * 
  58:.\Generated_Source\PSoC5/Camera_DMA_Colours_dma.c **** * True if Camera_DMA_Colours_TERMOUT1_SEL is used.
  59:.\Generated_Source\PSoC5/Camera_DMA_Colours_dma.c **** * Camera_DMA_Colours__TERMOUT1_EN
  60:.\Generated_Source\PSoC5/Camera_DMA_Colours_dma.c **** * 
  61:.\Generated_Source\PSoC5/Camera_DMA_Colours_dma.c **** * 
  62:.\Generated_Source\PSoC5/Camera_DMA_Colours_dma.c **** * TERMOUT1 interrupt line to signal completion.
  63:.\Generated_Source\PSoC5/Camera_DMA_Colours_dma.c **** * Camera_DMA_Colours__TERMOUT1_SEL
  64:.\Generated_Source\PSoC5/Camera_DMA_Colours_dma.c **** * 
  65:.\Generated_Source\PSoC5/Camera_DMA_Colours_dma.c **** ****************************************************************************/
  66:.\Generated_Source\PSoC5/Camera_DMA_Colours_dma.c **** 
  67:.\Generated_Source\PSoC5/Camera_DMA_Colours_dma.c **** 
  68:.\Generated_Source\PSoC5/Camera_DMA_Colours_dma.c **** /* Zero based index of Camera_DMA_Colours dma channel */
  69:.\Generated_Source\PSoC5/Camera_DMA_Colours_dma.c **** uint8 Camera_DMA_Colours_DmaHandle = DMA_INVALID_CHANNEL;
  70:.\Generated_Source\PSoC5/Camera_DMA_Colours_dma.c **** 
  71:.\Generated_Source\PSoC5/Camera_DMA_Colours_dma.c **** /*********************************************************************
  72:.\Generated_Source\PSoC5/Camera_DMA_Colours_dma.c **** * Function Name: uint8 Camera_DMA_Colours_DmaInitalize
  73:.\Generated_Source\PSoC5/Camera_DMA_Colours_dma.c **** **********************************************************************
  74:.\Generated_Source\PSoC5/Camera_DMA_Colours_dma.c **** * Summary:
  75:.\Generated_Source\PSoC5/Camera_DMA_Colours_dma.c **** *   Allocates and initialises a channel of the DMAC to be used by the
  76:.\Generated_Source\PSoC5/Camera_DMA_Colours_dma.c **** *   caller.
  77:.\Generated_Source\PSoC5/Camera_DMA_Colours_dma.c **** *
  78:.\Generated_Source\PSoC5/Camera_DMA_Colours_dma.c **** * Parameters:
  79:.\Generated_Source\PSoC5/Camera_DMA_Colours_dma.c **** *   BurstCount.
  80:.\Generated_Source\PSoC5/Camera_DMA_Colours_dma.c **** *       
  81:.\Generated_Source\PSoC5/Camera_DMA_Colours_dma.c **** *       
  82:.\Generated_Source\PSoC5/Camera_DMA_Colours_dma.c **** *   ReqestPerBurst.
  83:.\Generated_Source\PSoC5/Camera_DMA_Colours_dma.c **** *       
  84:.\Generated_Source\PSoC5/Camera_DMA_Colours_dma.c **** *       
  85:.\Generated_Source\PSoC5/Camera_DMA_Colours_dma.c **** *   UpperSrcAddress.
  86:.\Generated_Source\PSoC5/Camera_DMA_Colours_dma.c **** *       
  87:.\Generated_Source\PSoC5/Camera_DMA_Colours_dma.c **** *       
  88:.\Generated_Source\PSoC5/Camera_DMA_Colours_dma.c **** *   UpperDestAddress.
ARM GAS  D:\TEMP\ccnh37yg.s 			page 3


  89:.\Generated_Source\PSoC5/Camera_DMA_Colours_dma.c **** *       
  90:.\Generated_Source\PSoC5/Camera_DMA_Colours_dma.c **** *
  91:.\Generated_Source\PSoC5/Camera_DMA_Colours_dma.c **** * Return:
  92:.\Generated_Source\PSoC5/Camera_DMA_Colours_dma.c **** *   The channel that can be used by the caller for DMA activity.
  93:.\Generated_Source\PSoC5/Camera_DMA_Colours_dma.c **** *   DMA_INVALID_CHANNEL (0xFF) if there are no channels left. 
  94:.\Generated_Source\PSoC5/Camera_DMA_Colours_dma.c **** *
  95:.\Generated_Source\PSoC5/Camera_DMA_Colours_dma.c **** *
  96:.\Generated_Source\PSoC5/Camera_DMA_Colours_dma.c **** *******************************************************************/
  97:.\Generated_Source\PSoC5/Camera_DMA_Colours_dma.c **** uint8 Camera_DMA_Colours_DmaInitialize(uint8 BurstCount, uint8 ReqestPerBurst, uint16 UpperSrcAddre
  98:.\Generated_Source\PSoC5/Camera_DMA_Colours_dma.c **** {
  27              		.loc 1 98 0
  28              		.cfi_startproc
  29              		@ args = 0, pretend = 0, frame = 0
  30              		@ frame_needed = 0, uses_anonymous_args = 0
  31              	.LVL0:
  32 0000 F7B5     		push	{r0, r1, r2, r4, r5, r6, r7, lr}
  33              		.cfi_def_cfa_offset 32
  34              		.cfi_offset 4, -20
  35              		.cfi_offset 5, -16
  36              		.cfi_offset 6, -12
  37              		.cfi_offset 7, -8
  38              		.cfi_offset 14, -4
  39              		.loc 1 98 0
  40 0002 8646     		mov	lr, r0
  41 0004 0F46     		mov	r7, r1
  42 0006 1646     		mov	r6, r2
  43 0008 1D46     		mov	r5, r3
  99:.\Generated_Source\PSoC5/Camera_DMA_Colours_dma.c **** 
 100:.\Generated_Source\PSoC5/Camera_DMA_Colours_dma.c ****     /* Allocate a DMA channel. */
 101:.\Generated_Source\PSoC5/Camera_DMA_Colours_dma.c ****     Camera_DMA_Colours_DmaHandle = (uint8)Camera_DMA_Colours__DRQ_NUMBER;
  44              		.loc 1 101 0
  45 000a 0B4C     		ldr	r4, .L2
  46 000c 0120     		movs	r0, #1
  47              	.LVL1:
 102:.\Generated_Source\PSoC5/Camera_DMA_Colours_dma.c **** 
 103:.\Generated_Source\PSoC5/Camera_DMA_Colours_dma.c ****     /* Configure the channel. */
 104:.\Generated_Source\PSoC5/Camera_DMA_Colours_dma.c ****     (void)CyDmaChSetConfiguration(Camera_DMA_Colours_DmaHandle,
  48              		.loc 1 104 0
  49 000e 0023     		movs	r3, #0
  50              	.LVL2:
  51 0010 7146     		mov	r1, lr
  52              	.LVL3:
  53 0012 0093     		str	r3, [sp]
  54 0014 0193     		str	r3, [sp, #4]
  55 0016 3A46     		mov	r2, r7
  56              	.LVL4:
  57 0018 0346     		mov	r3, r0
 101:.\Generated_Source\PSoC5/Camera_DMA_Colours_dma.c **** 
  58              		.loc 1 101 0
  59 001a 2070     		strb	r0, [r4]
  60              		.loc 1 104 0
  61 001c FFF7FEFF 		bl	CyDmaChSetConfiguration
  62              	.LVL5:
 105:.\Generated_Source\PSoC5/Camera_DMA_Colours_dma.c ****                                   BurstCount,
 106:.\Generated_Source\PSoC5/Camera_DMA_Colours_dma.c ****                                   ReqestPerBurst,
 107:.\Generated_Source\PSoC5/Camera_DMA_Colours_dma.c ****                                   (uint8)Camera_DMA_Colours__TERMOUT0_SEL,
 108:.\Generated_Source\PSoC5/Camera_DMA_Colours_dma.c ****                                   (uint8)Camera_DMA_Colours__TERMOUT1_SEL,
ARM GAS  D:\TEMP\ccnh37yg.s 			page 4


 109:.\Generated_Source\PSoC5/Camera_DMA_Colours_dma.c ****                                   (uint8)Camera_DMA_Colours__TERMIN_SEL);
 110:.\Generated_Source\PSoC5/Camera_DMA_Colours_dma.c **** 
 111:.\Generated_Source\PSoC5/Camera_DMA_Colours_dma.c ****     /* Set the extended address for the transfers */
 112:.\Generated_Source\PSoC5/Camera_DMA_Colours_dma.c ****     (void)CyDmaChSetExtendedAddress(Camera_DMA_Colours_DmaHandle, UpperSrcAddress, UpperDestAddress
  63              		.loc 1 112 0
  64 0020 3146     		mov	r1, r6
  65 0022 2A46     		mov	r2, r5
  66 0024 2078     		ldrb	r0, [r4]	@ zero_extendqisi2
  67 0026 FFF7FEFF 		bl	CyDmaChSetExtendedAddress
  68              	.LVL6:
 113:.\Generated_Source\PSoC5/Camera_DMA_Colours_dma.c **** 
 114:.\Generated_Source\PSoC5/Camera_DMA_Colours_dma.c ****     /* Set the priority for this channel */
 115:.\Generated_Source\PSoC5/Camera_DMA_Colours_dma.c ****     (void)CyDmaChPriority(Camera_DMA_Colours_DmaHandle, (uint8)Camera_DMA_Colours__PRIORITY);
  69              		.loc 1 115 0
  70 002a 2078     		ldrb	r0, [r4]	@ zero_extendqisi2
  71 002c 0221     		movs	r1, #2
  72 002e FFF7FEFF 		bl	CyDmaChPriority
  73              	.LVL7:
 116:.\Generated_Source\PSoC5/Camera_DMA_Colours_dma.c ****     
 117:.\Generated_Source\PSoC5/Camera_DMA_Colours_dma.c ****     return Camera_DMA_Colours_DmaHandle;
 118:.\Generated_Source\PSoC5/Camera_DMA_Colours_dma.c **** }
  74              		.loc 1 118 0
  75 0032 2078     		ldrb	r0, [r4]	@ zero_extendqisi2
  76 0034 03B0     		add	sp, sp, #12
  77              		.cfi_def_cfa_offset 20
  78              		@ sp needed
  79 0036 F0BD     		pop	{r4, r5, r6, r7, pc}
  80              	.L3:
  81              		.align	2
  82              	.L2:
  83 0038 00000000 		.word	.LANCHOR0
  84              		.cfi_endproc
  85              	.LFE0:
  86              		.size	Camera_DMA_Colours_DmaInitialize, .-Camera_DMA_Colours_DmaInitialize
  87              		.section	.text.Camera_DMA_Colours_DmaRelease,"ax",%progbits
  88              		.align	1
  89              		.global	Camera_DMA_Colours_DmaRelease
  90              		.thumb
  91              		.thumb_func
  92              		.type	Camera_DMA_Colours_DmaRelease, %function
  93              	Camera_DMA_Colours_DmaRelease:
  94              	.LFB1:
 119:.\Generated_Source\PSoC5/Camera_DMA_Colours_dma.c **** 
 120:.\Generated_Source\PSoC5/Camera_DMA_Colours_dma.c **** /*********************************************************************
 121:.\Generated_Source\PSoC5/Camera_DMA_Colours_dma.c **** * Function Name: void Camera_DMA_Colours_DmaRelease
 122:.\Generated_Source\PSoC5/Camera_DMA_Colours_dma.c **** **********************************************************************
 123:.\Generated_Source\PSoC5/Camera_DMA_Colours_dma.c **** * Summary:
 124:.\Generated_Source\PSoC5/Camera_DMA_Colours_dma.c **** *   Frees the channel associated with Camera_DMA_Colours.
 125:.\Generated_Source\PSoC5/Camera_DMA_Colours_dma.c **** *
 126:.\Generated_Source\PSoC5/Camera_DMA_Colours_dma.c **** *
 127:.\Generated_Source\PSoC5/Camera_DMA_Colours_dma.c **** * Parameters:
 128:.\Generated_Source\PSoC5/Camera_DMA_Colours_dma.c **** *   void.
 129:.\Generated_Source\PSoC5/Camera_DMA_Colours_dma.c **** *
 130:.\Generated_Source\PSoC5/Camera_DMA_Colours_dma.c **** *
 131:.\Generated_Source\PSoC5/Camera_DMA_Colours_dma.c **** *
 132:.\Generated_Source\PSoC5/Camera_DMA_Colours_dma.c **** * Return:
 133:.\Generated_Source\PSoC5/Camera_DMA_Colours_dma.c **** *   void.
ARM GAS  D:\TEMP\ccnh37yg.s 			page 5


 134:.\Generated_Source\PSoC5/Camera_DMA_Colours_dma.c **** *
 135:.\Generated_Source\PSoC5/Camera_DMA_Colours_dma.c **** *******************************************************************/
 136:.\Generated_Source\PSoC5/Camera_DMA_Colours_dma.c **** void Camera_DMA_Colours_DmaRelease(void) 
 137:.\Generated_Source\PSoC5/Camera_DMA_Colours_dma.c **** {
  95              		.loc 1 137 0
  96              		.cfi_startproc
  97              		@ args = 0, pretend = 0, frame = 0
  98              		@ frame_needed = 0, uses_anonymous_args = 0
  99              		@ link register save eliminated.
 138:.\Generated_Source\PSoC5/Camera_DMA_Colours_dma.c ****     /* Disable the channel */
 139:.\Generated_Source\PSoC5/Camera_DMA_Colours_dma.c ****     (void)CyDmaChDisable(Camera_DMA_Colours_DmaHandle);
 100              		.loc 1 139 0
 101 0000 014B     		ldr	r3, .L5
 102 0002 1878     		ldrb	r0, [r3]	@ zero_extendqisi2
 103 0004 FFF7FEBF 		b	CyDmaChDisable
 104              	.LVL8:
 105              	.L6:
 106              		.align	2
 107              	.L5:
 108 0008 00000000 		.word	.LANCHOR0
 109              		.cfi_endproc
 110              	.LFE1:
 111              		.size	Camera_DMA_Colours_DmaRelease, .-Camera_DMA_Colours_DmaRelease
 112              		.global	Camera_DMA_Colours_DmaHandle
 113              		.data
 114              		.set	.LANCHOR0,. + 0
 115              		.type	Camera_DMA_Colours_DmaHandle, %object
 116              		.size	Camera_DMA_Colours_DmaHandle, 1
 117              	Camera_DMA_Colours_DmaHandle:
 118 0000 FF       		.byte	-1
 119              		.text
 120              	.Letext0:
 121              		.file 2 "Generated_Source\\PSoC5/cytypes.h"
 122              		.file 3 "Generated_Source\\PSoC5/CYDMAC.H"
 123              		.section	.debug_info,"",%progbits
 124              	.Ldebug_info0:
 125 0000 F9010000 		.4byte	0x1f9
 126 0004 0400     		.2byte	0x4
 127 0006 00000000 		.4byte	.Ldebug_abbrev0
 128 000a 04       		.byte	0x4
 129 000b 01       		.uleb128 0x1
 130 000c DB010000 		.4byte	.LASF23
 131 0010 01       		.byte	0x1
 132 0011 9F010000 		.4byte	.LASF24
 133 0015 5F000000 		.4byte	.LASF25
 134 0019 00000000 		.4byte	.Ldebug_ranges0+0
 135 001d 00000000 		.4byte	0
 136 0021 00000000 		.4byte	.Ldebug_line0
 137 0025 02       		.uleb128 0x2
 138 0026 04       		.byte	0x4
 139 0027 05       		.byte	0x5
 140 0028 696E7400 		.ascii	"int\000"
 141 002c 03       		.uleb128 0x3
 142 002d 04       		.byte	0x4
 143 002e 07       		.byte	0x7
 144 002f 16010000 		.4byte	.LASF0
 145 0033 03       		.uleb128 0x3
ARM GAS  D:\TEMP\ccnh37yg.s 			page 6


 146 0034 01       		.byte	0x1
 147 0035 06       		.byte	0x6
 148 0036 72020000 		.4byte	.LASF1
 149 003a 03       		.uleb128 0x3
 150 003b 01       		.byte	0x1
 151 003c 08       		.byte	0x8
 152 003d 51000000 		.4byte	.LASF2
 153 0041 03       		.uleb128 0x3
 154 0042 02       		.byte	0x2
 155 0043 05       		.byte	0x5
 156 0044 D1010000 		.4byte	.LASF3
 157 0048 03       		.uleb128 0x3
 158 0049 02       		.byte	0x2
 159 004a 07       		.byte	0x7
 160 004b 38000000 		.4byte	.LASF4
 161 004f 03       		.uleb128 0x3
 162 0050 04       		.byte	0x4
 163 0051 05       		.byte	0x5
 164 0052 69020000 		.4byte	.LASF5
 165 0056 03       		.uleb128 0x3
 166 0057 04       		.byte	0x4
 167 0058 07       		.byte	0x7
 168 0059 B2000000 		.4byte	.LASF6
 169 005d 03       		.uleb128 0x3
 170 005e 08       		.byte	0x8
 171 005f 05       		.byte	0x5
 172 0060 72010000 		.4byte	.LASF7
 173 0064 03       		.uleb128 0x3
 174 0065 08       		.byte	0x8
 175 0066 07       		.byte	0x7
 176 0067 23010000 		.4byte	.LASF8
 177 006b 03       		.uleb128 0x3
 178 006c 04       		.byte	0x4
 179 006d 07       		.byte	0x7
 180 006e 69010000 		.4byte	.LASF9
 181 0072 03       		.uleb128 0x3
 182 0073 01       		.byte	0x1
 183 0074 08       		.byte	0x8
 184 0075 9A010000 		.4byte	.LASF10
 185 0079 04       		.uleb128 0x4
 186 007a E1000000 		.4byte	.LASF11
 187 007e 02       		.byte	0x2
 188 007f 9201     		.2byte	0x192
 189 0081 3A000000 		.4byte	0x3a
 190 0085 04       		.uleb128 0x4
 191 0086 0F010000 		.4byte	.LASF12
 192 008a 02       		.byte	0x2
 193 008b 9301     		.2byte	0x193
 194 008d 48000000 		.4byte	0x48
 195 0091 03       		.uleb128 0x3
 196 0092 04       		.byte	0x4
 197 0093 04       		.byte	0x4
 198 0094 4B000000 		.4byte	.LASF13
 199 0098 03       		.uleb128 0x3
 200 0099 08       		.byte	0x8
 201 009a 04       		.byte	0x4
 202 009b E7000000 		.4byte	.LASF14
ARM GAS  D:\TEMP\ccnh37yg.s 			page 7


 203 009f 04       		.uleb128 0x4
 204 00a0 00000000 		.4byte	.LASF15
 205 00a4 02       		.byte	0x2
 206 00a5 3402     		.2byte	0x234
 207 00a7 56000000 		.4byte	0x56
 208 00ab 05       		.uleb128 0x5
 209 00ac EE000000 		.4byte	.LASF26
 210 00b0 01       		.byte	0x1
 211 00b1 61       		.byte	0x61
 212 00b2 79000000 		.4byte	0x79
 213 00b6 00000000 		.4byte	.LFB0
 214 00ba 3C000000 		.4byte	.LFE0-.LFB0
 215 00be 01       		.uleb128 0x1
 216 00bf 9C       		.byte	0x9c
 217 00c0 54010000 		.4byte	0x154
 218 00c4 06       		.uleb128 0x6
 219 00c5 A7000000 		.4byte	.LASF16
 220 00c9 01       		.byte	0x1
 221 00ca 61       		.byte	0x61
 222 00cb 79000000 		.4byte	0x79
 223 00cf 00000000 		.4byte	.LLST0
 224 00d3 06       		.uleb128 0x6
 225 00d4 29000000 		.4byte	.LASF17
 226 00d8 01       		.byte	0x1
 227 00d9 61       		.byte	0x61
 228 00da 79000000 		.4byte	0x79
 229 00de 21000000 		.4byte	.LLST1
 230 00e2 06       		.uleb128 0x6
 231 00e3 09000000 		.4byte	.LASF18
 232 00e7 01       		.byte	0x1
 233 00e8 61       		.byte	0x61
 234 00e9 85000000 		.4byte	0x85
 235 00ed 42000000 		.4byte	.LLST2
 236 00f1 06       		.uleb128 0x6
 237 00f2 58010000 		.4byte	.LASF19
 238 00f6 01       		.byte	0x1
 239 00f7 61       		.byte	0x61
 240 00f8 85000000 		.4byte	0x85
 241 00fc 63000000 		.4byte	.LLST3
 242 0100 07       		.uleb128 0x7
 243 0101 20000000 		.4byte	.LVL5
 244 0105 84010000 		.4byte	0x184
 245 0109 2A010000 		.4byte	0x12a
 246 010d 08       		.uleb128 0x8
 247 010e 01       		.uleb128 0x1
 248 010f 53       		.byte	0x53
 249 0110 01       		.uleb128 0x1
 250 0111 31       		.byte	0x31
 251 0112 08       		.uleb128 0x8
 252 0113 01       		.uleb128 0x1
 253 0114 52       		.byte	0x52
 254 0115 02       		.uleb128 0x2
 255 0116 77       		.byte	0x77
 256 0117 00       		.sleb128 0
 257 0118 08       		.uleb128 0x8
 258 0119 01       		.uleb128 0x1
 259 011a 50       		.byte	0x50
ARM GAS  D:\TEMP\ccnh37yg.s 			page 8


 260 011b 01       		.uleb128 0x1
 261 011c 31       		.byte	0x31
 262 011d 08       		.uleb128 0x8
 263 011e 02       		.uleb128 0x2
 264 011f 7D       		.byte	0x7d
 265 0120 04       		.sleb128 4
 266 0121 01       		.uleb128 0x1
 267 0122 30       		.byte	0x30
 268 0123 08       		.uleb128 0x8
 269 0124 02       		.uleb128 0x2
 270 0125 7D       		.byte	0x7d
 271 0126 00       		.sleb128 0
 272 0127 01       		.uleb128 0x1
 273 0128 30       		.byte	0x30
 274 0129 00       		.byte	0
 275 012a 07       		.uleb128 0x7
 276 012b 2A000000 		.4byte	.LVL6
 277 012f B2010000 		.4byte	0x1b2
 278 0133 44010000 		.4byte	0x144
 279 0137 08       		.uleb128 0x8
 280 0138 01       		.uleb128 0x1
 281 0139 52       		.byte	0x52
 282 013a 02       		.uleb128 0x2
 283 013b 75       		.byte	0x75
 284 013c 00       		.sleb128 0
 285 013d 08       		.uleb128 0x8
 286 013e 01       		.uleb128 0x1
 287 013f 51       		.byte	0x51
 288 0140 02       		.uleb128 0x2
 289 0141 76       		.byte	0x76
 290 0142 00       		.sleb128 0
 291 0143 00       		.byte	0
 292 0144 09       		.uleb128 0x9
 293 0145 32000000 		.4byte	.LVL7
 294 0149 D1010000 		.4byte	0x1d1
 295 014d 08       		.uleb128 0x8
 296 014e 01       		.uleb128 0x1
 297 014f 51       		.byte	0x51
 298 0150 01       		.uleb128 0x1
 299 0151 32       		.byte	0x32
 300 0152 00       		.byte	0
 301 0153 00       		.byte	0
 302 0154 0A       		.uleb128 0xa
 303 0155 3A010000 		.4byte	.LASF27
 304 0159 01       		.byte	0x1
 305 015a 88       		.byte	0x88
 306 015b 00000000 		.4byte	.LFB1
 307 015f 0C000000 		.4byte	.LFE1-.LFB1
 308 0163 01       		.uleb128 0x1
 309 0164 9C       		.byte	0x9c
 310 0165 73010000 		.4byte	0x173
 311 0169 0B       		.uleb128 0xb
 312 016a 08000000 		.4byte	.LVL8
 313 016e EB010000 		.4byte	0x1eb
 314 0172 00       		.byte	0
 315 0173 0C       		.uleb128 0xc
 316 0174 C4000000 		.4byte	.LASF28
ARM GAS  D:\TEMP\ccnh37yg.s 			page 9


 317 0178 01       		.byte	0x1
 318 0179 45       		.byte	0x45
 319 017a 79000000 		.4byte	0x79
 320 017e 05       		.uleb128 0x5
 321 017f 03       		.byte	0x3
 322 0180 00000000 		.4byte	Camera_DMA_Colours_DmaHandle
 323 0184 0D       		.uleb128 0xd
 324 0185 8D020000 		.4byte	.LASF20
 325 0189 03       		.byte	0x3
 326 018a 33       		.byte	0x33
 327 018b 9F000000 		.4byte	0x9f
 328 018f B2010000 		.4byte	0x1b2
 329 0193 0E       		.uleb128 0xe
 330 0194 79000000 		.4byte	0x79
 331 0198 0E       		.uleb128 0xe
 332 0199 79000000 		.4byte	0x79
 333 019d 0E       		.uleb128 0xe
 334 019e 79000000 		.4byte	0x79
 335 01a2 0E       		.uleb128 0xe
 336 01a3 79000000 		.4byte	0x79
 337 01a7 0E       		.uleb128 0xe
 338 01a8 79000000 		.4byte	0x79
 339 01ac 0E       		.uleb128 0xe
 340 01ad 79000000 		.4byte	0x79
 341 01b1 00       		.byte	0
 342 01b2 0D       		.uleb128 0xd
 343 01b3 80010000 		.4byte	.LASF21
 344 01b7 03       		.byte	0x3
 345 01b8 2D       		.byte	0x2d
 346 01b9 9F000000 		.4byte	0x9f
 347 01bd D1010000 		.4byte	0x1d1
 348 01c1 0E       		.uleb128 0xe
 349 01c2 79000000 		.4byte	0x79
 350 01c6 0E       		.uleb128 0xe
 351 01c7 85000000 		.4byte	0x85
 352 01cb 0E       		.uleb128 0xe
 353 01cc 85000000 		.4byte	0x85
 354 01d0 00       		.byte	0
 355 01d1 0D       		.uleb128 0xd
 356 01d2 19000000 		.4byte	.LASF22
 357 01d6 03       		.byte	0x3
 358 01d7 2C       		.byte	0x2c
 359 01d8 9F000000 		.4byte	0x9f
 360 01dc EB010000 		.4byte	0x1eb
 361 01e0 0E       		.uleb128 0xe
 362 01e1 79000000 		.4byte	0x79
 363 01e5 0E       		.uleb128 0xe
 364 01e6 79000000 		.4byte	0x79
 365 01ea 00       		.byte	0
 366 01eb 0F       		.uleb128 0xf
 367 01ec 7E020000 		.4byte	.LASF29
 368 01f0 03       		.byte	0x3
 369 01f1 2A       		.byte	0x2a
 370 01f2 9F000000 		.4byte	0x9f
 371 01f6 0E       		.uleb128 0xe
 372 01f7 79000000 		.4byte	0x79
 373 01fb 00       		.byte	0
ARM GAS  D:\TEMP\ccnh37yg.s 			page 10


 374 01fc 00       		.byte	0
 375              		.section	.debug_abbrev,"",%progbits
 376              	.Ldebug_abbrev0:
 377 0000 01       		.uleb128 0x1
 378 0001 11       		.uleb128 0x11
 379 0002 01       		.byte	0x1
 380 0003 25       		.uleb128 0x25
 381 0004 0E       		.uleb128 0xe
 382 0005 13       		.uleb128 0x13
 383 0006 0B       		.uleb128 0xb
 384 0007 03       		.uleb128 0x3
 385 0008 0E       		.uleb128 0xe
 386 0009 1B       		.uleb128 0x1b
 387 000a 0E       		.uleb128 0xe
 388 000b 55       		.uleb128 0x55
 389 000c 17       		.uleb128 0x17
 390 000d 11       		.uleb128 0x11
 391 000e 01       		.uleb128 0x1
 392 000f 10       		.uleb128 0x10
 393 0010 17       		.uleb128 0x17
 394 0011 00       		.byte	0
 395 0012 00       		.byte	0
 396 0013 02       		.uleb128 0x2
 397 0014 24       		.uleb128 0x24
 398 0015 00       		.byte	0
 399 0016 0B       		.uleb128 0xb
 400 0017 0B       		.uleb128 0xb
 401 0018 3E       		.uleb128 0x3e
 402 0019 0B       		.uleb128 0xb
 403 001a 03       		.uleb128 0x3
 404 001b 08       		.uleb128 0x8
 405 001c 00       		.byte	0
 406 001d 00       		.byte	0
 407 001e 03       		.uleb128 0x3
 408 001f 24       		.uleb128 0x24
 409 0020 00       		.byte	0
 410 0021 0B       		.uleb128 0xb
 411 0022 0B       		.uleb128 0xb
 412 0023 3E       		.uleb128 0x3e
 413 0024 0B       		.uleb128 0xb
 414 0025 03       		.uleb128 0x3
 415 0026 0E       		.uleb128 0xe
 416 0027 00       		.byte	0
 417 0028 00       		.byte	0
 418 0029 04       		.uleb128 0x4
 419 002a 16       		.uleb128 0x16
 420 002b 00       		.byte	0
 421 002c 03       		.uleb128 0x3
 422 002d 0E       		.uleb128 0xe
 423 002e 3A       		.uleb128 0x3a
 424 002f 0B       		.uleb128 0xb
 425 0030 3B       		.uleb128 0x3b
 426 0031 05       		.uleb128 0x5
 427 0032 49       		.uleb128 0x49
 428 0033 13       		.uleb128 0x13
 429 0034 00       		.byte	0
 430 0035 00       		.byte	0
ARM GAS  D:\TEMP\ccnh37yg.s 			page 11


 431 0036 05       		.uleb128 0x5
 432 0037 2E       		.uleb128 0x2e
 433 0038 01       		.byte	0x1
 434 0039 3F       		.uleb128 0x3f
 435 003a 19       		.uleb128 0x19
 436 003b 03       		.uleb128 0x3
 437 003c 0E       		.uleb128 0xe
 438 003d 3A       		.uleb128 0x3a
 439 003e 0B       		.uleb128 0xb
 440 003f 3B       		.uleb128 0x3b
 441 0040 0B       		.uleb128 0xb
 442 0041 27       		.uleb128 0x27
 443 0042 19       		.uleb128 0x19
 444 0043 49       		.uleb128 0x49
 445 0044 13       		.uleb128 0x13
 446 0045 11       		.uleb128 0x11
 447 0046 01       		.uleb128 0x1
 448 0047 12       		.uleb128 0x12
 449 0048 06       		.uleb128 0x6
 450 0049 40       		.uleb128 0x40
 451 004a 18       		.uleb128 0x18
 452 004b 9742     		.uleb128 0x2117
 453 004d 19       		.uleb128 0x19
 454 004e 01       		.uleb128 0x1
 455 004f 13       		.uleb128 0x13
 456 0050 00       		.byte	0
 457 0051 00       		.byte	0
 458 0052 06       		.uleb128 0x6
 459 0053 05       		.uleb128 0x5
 460 0054 00       		.byte	0
 461 0055 03       		.uleb128 0x3
 462 0056 0E       		.uleb128 0xe
 463 0057 3A       		.uleb128 0x3a
 464 0058 0B       		.uleb128 0xb
 465 0059 3B       		.uleb128 0x3b
 466 005a 0B       		.uleb128 0xb
 467 005b 49       		.uleb128 0x49
 468 005c 13       		.uleb128 0x13
 469 005d 02       		.uleb128 0x2
 470 005e 17       		.uleb128 0x17
 471 005f 00       		.byte	0
 472 0060 00       		.byte	0
 473 0061 07       		.uleb128 0x7
 474 0062 898201   		.uleb128 0x4109
 475 0065 01       		.byte	0x1
 476 0066 11       		.uleb128 0x11
 477 0067 01       		.uleb128 0x1
 478 0068 31       		.uleb128 0x31
 479 0069 13       		.uleb128 0x13
 480 006a 01       		.uleb128 0x1
 481 006b 13       		.uleb128 0x13
 482 006c 00       		.byte	0
 483 006d 00       		.byte	0
 484 006e 08       		.uleb128 0x8
 485 006f 8A8201   		.uleb128 0x410a
 486 0072 00       		.byte	0
 487 0073 02       		.uleb128 0x2
ARM GAS  D:\TEMP\ccnh37yg.s 			page 12


 488 0074 18       		.uleb128 0x18
 489 0075 9142     		.uleb128 0x2111
 490 0077 18       		.uleb128 0x18
 491 0078 00       		.byte	0
 492 0079 00       		.byte	0
 493 007a 09       		.uleb128 0x9
 494 007b 898201   		.uleb128 0x4109
 495 007e 01       		.byte	0x1
 496 007f 11       		.uleb128 0x11
 497 0080 01       		.uleb128 0x1
 498 0081 31       		.uleb128 0x31
 499 0082 13       		.uleb128 0x13
 500 0083 00       		.byte	0
 501 0084 00       		.byte	0
 502 0085 0A       		.uleb128 0xa
 503 0086 2E       		.uleb128 0x2e
 504 0087 01       		.byte	0x1
 505 0088 3F       		.uleb128 0x3f
 506 0089 19       		.uleb128 0x19
 507 008a 03       		.uleb128 0x3
 508 008b 0E       		.uleb128 0xe
 509 008c 3A       		.uleb128 0x3a
 510 008d 0B       		.uleb128 0xb
 511 008e 3B       		.uleb128 0x3b
 512 008f 0B       		.uleb128 0xb
 513 0090 27       		.uleb128 0x27
 514 0091 19       		.uleb128 0x19
 515 0092 11       		.uleb128 0x11
 516 0093 01       		.uleb128 0x1
 517 0094 12       		.uleb128 0x12
 518 0095 06       		.uleb128 0x6
 519 0096 40       		.uleb128 0x40
 520 0097 18       		.uleb128 0x18
 521 0098 9742     		.uleb128 0x2117
 522 009a 19       		.uleb128 0x19
 523 009b 01       		.uleb128 0x1
 524 009c 13       		.uleb128 0x13
 525 009d 00       		.byte	0
 526 009e 00       		.byte	0
 527 009f 0B       		.uleb128 0xb
 528 00a0 898201   		.uleb128 0x4109
 529 00a3 00       		.byte	0
 530 00a4 11       		.uleb128 0x11
 531 00a5 01       		.uleb128 0x1
 532 00a6 9542     		.uleb128 0x2115
 533 00a8 19       		.uleb128 0x19
 534 00a9 31       		.uleb128 0x31
 535 00aa 13       		.uleb128 0x13
 536 00ab 00       		.byte	0
 537 00ac 00       		.byte	0
 538 00ad 0C       		.uleb128 0xc
 539 00ae 34       		.uleb128 0x34
 540 00af 00       		.byte	0
 541 00b0 03       		.uleb128 0x3
 542 00b1 0E       		.uleb128 0xe
 543 00b2 3A       		.uleb128 0x3a
 544 00b3 0B       		.uleb128 0xb
ARM GAS  D:\TEMP\ccnh37yg.s 			page 13


 545 00b4 3B       		.uleb128 0x3b
 546 00b5 0B       		.uleb128 0xb
 547 00b6 49       		.uleb128 0x49
 548 00b7 13       		.uleb128 0x13
 549 00b8 3F       		.uleb128 0x3f
 550 00b9 19       		.uleb128 0x19
 551 00ba 02       		.uleb128 0x2
 552 00bb 18       		.uleb128 0x18
 553 00bc 00       		.byte	0
 554 00bd 00       		.byte	0
 555 00be 0D       		.uleb128 0xd
 556 00bf 2E       		.uleb128 0x2e
 557 00c0 01       		.byte	0x1
 558 00c1 3F       		.uleb128 0x3f
 559 00c2 19       		.uleb128 0x19
 560 00c3 03       		.uleb128 0x3
 561 00c4 0E       		.uleb128 0xe
 562 00c5 3A       		.uleb128 0x3a
 563 00c6 0B       		.uleb128 0xb
 564 00c7 3B       		.uleb128 0x3b
 565 00c8 0B       		.uleb128 0xb
 566 00c9 27       		.uleb128 0x27
 567 00ca 19       		.uleb128 0x19
 568 00cb 49       		.uleb128 0x49
 569 00cc 13       		.uleb128 0x13
 570 00cd 3C       		.uleb128 0x3c
 571 00ce 19       		.uleb128 0x19
 572 00cf 01       		.uleb128 0x1
 573 00d0 13       		.uleb128 0x13
 574 00d1 00       		.byte	0
 575 00d2 00       		.byte	0
 576 00d3 0E       		.uleb128 0xe
 577 00d4 05       		.uleb128 0x5
 578 00d5 00       		.byte	0
 579 00d6 49       		.uleb128 0x49
 580 00d7 13       		.uleb128 0x13
 581 00d8 00       		.byte	0
 582 00d9 00       		.byte	0
 583 00da 0F       		.uleb128 0xf
 584 00db 2E       		.uleb128 0x2e
 585 00dc 01       		.byte	0x1
 586 00dd 3F       		.uleb128 0x3f
 587 00de 19       		.uleb128 0x19
 588 00df 03       		.uleb128 0x3
 589 00e0 0E       		.uleb128 0xe
 590 00e1 3A       		.uleb128 0x3a
 591 00e2 0B       		.uleb128 0xb
 592 00e3 3B       		.uleb128 0x3b
 593 00e4 0B       		.uleb128 0xb
 594 00e5 27       		.uleb128 0x27
 595 00e6 19       		.uleb128 0x19
 596 00e7 49       		.uleb128 0x49
 597 00e8 13       		.uleb128 0x13
 598 00e9 3C       		.uleb128 0x3c
 599 00ea 19       		.uleb128 0x19
 600 00eb 00       		.byte	0
 601 00ec 00       		.byte	0
ARM GAS  D:\TEMP\ccnh37yg.s 			page 14


 602 00ed 00       		.byte	0
 603              		.section	.debug_loc,"",%progbits
 604              	.Ldebug_loc0:
 605              	.LLST0:
 606 0000 00000000 		.4byte	.LVL0
 607 0004 0E000000 		.4byte	.LVL1
 608 0008 0100     		.2byte	0x1
 609 000a 50       		.byte	0x50
 610 000b 0E000000 		.4byte	.LVL1
 611 000f 3C000000 		.4byte	.LFE0
 612 0013 0400     		.2byte	0x4
 613 0015 F3       		.byte	0xf3
 614 0016 01       		.uleb128 0x1
 615 0017 50       		.byte	0x50
 616 0018 9F       		.byte	0x9f
 617 0019 00000000 		.4byte	0
 618 001d 00000000 		.4byte	0
 619              	.LLST1:
 620 0021 00000000 		.4byte	.LVL0
 621 0025 12000000 		.4byte	.LVL3
 622 0029 0100     		.2byte	0x1
 623 002b 51       		.byte	0x51
 624 002c 12000000 		.4byte	.LVL3
 625 0030 3C000000 		.4byte	.LFE0
 626 0034 0400     		.2byte	0x4
 627 0036 F3       		.byte	0xf3
 628 0037 01       		.uleb128 0x1
 629 0038 51       		.byte	0x51
 630 0039 9F       		.byte	0x9f
 631 003a 00000000 		.4byte	0
 632 003e 00000000 		.4byte	0
 633              	.LLST2:
 634 0042 00000000 		.4byte	.LVL0
 635 0046 18000000 		.4byte	.LVL4
 636 004a 0100     		.2byte	0x1
 637 004c 52       		.byte	0x52
 638 004d 18000000 		.4byte	.LVL4
 639 0051 3C000000 		.4byte	.LFE0
 640 0055 0400     		.2byte	0x4
 641 0057 F3       		.byte	0xf3
 642 0058 01       		.uleb128 0x1
 643 0059 52       		.byte	0x52
 644 005a 9F       		.byte	0x9f
 645 005b 00000000 		.4byte	0
 646 005f 00000000 		.4byte	0
 647              	.LLST3:
 648 0063 00000000 		.4byte	.LVL0
 649 0067 10000000 		.4byte	.LVL2
 650 006b 0100     		.2byte	0x1
 651 006d 53       		.byte	0x53
 652 006e 10000000 		.4byte	.LVL2
 653 0072 3C000000 		.4byte	.LFE0
 654 0076 0400     		.2byte	0x4
 655 0078 F3       		.byte	0xf3
 656 0079 01       		.uleb128 0x1
 657 007a 53       		.byte	0x53
 658 007b 9F       		.byte	0x9f
ARM GAS  D:\TEMP\ccnh37yg.s 			page 15


 659 007c 00000000 		.4byte	0
 660 0080 00000000 		.4byte	0
 661              		.section	.debug_aranges,"",%progbits
 662 0000 24000000 		.4byte	0x24
 663 0004 0200     		.2byte	0x2
 664 0006 00000000 		.4byte	.Ldebug_info0
 665 000a 04       		.byte	0x4
 666 000b 00       		.byte	0
 667 000c 0000     		.2byte	0
 668 000e 0000     		.2byte	0
 669 0010 00000000 		.4byte	.LFB0
 670 0014 3C000000 		.4byte	.LFE0-.LFB0
 671 0018 00000000 		.4byte	.LFB1
 672 001c 0C000000 		.4byte	.LFE1-.LFB1
 673 0020 00000000 		.4byte	0
 674 0024 00000000 		.4byte	0
 675              		.section	.debug_ranges,"",%progbits
 676              	.Ldebug_ranges0:
 677 0000 00000000 		.4byte	.LFB0
 678 0004 3C000000 		.4byte	.LFE0
 679 0008 00000000 		.4byte	.LFB1
 680 000c 0C000000 		.4byte	.LFE1
 681 0010 00000000 		.4byte	0
 682 0014 00000000 		.4byte	0
 683              		.section	.debug_line,"",%progbits
 684              	.Ldebug_line0:
 685 0000 A7000000 		.section	.debug_str,"MS",%progbits,1
 685      02007800 
 685      00000201 
 685      FB0E0D00 
 685      01010101 
 686              	.LASF15:
 687 0000 63797374 		.ascii	"cystatus\000"
 687      61747573 
 687      00
 688              	.LASF18:
 689 0009 55707065 		.ascii	"UpperSrcAddress\000"
 689      72537263 
 689      41646472 
 689      65737300 
 690              	.LASF22:
 691 0019 4379446D 		.ascii	"CyDmaChPriority\000"
 691      61436850 
 691      72696F72 
 691      69747900 
 692              	.LASF17:
 693 0029 52657165 		.ascii	"ReqestPerBurst\000"
 693      73745065 
 693      72427572 
 693      737400
 694              	.LASF4:
 695 0038 73686F72 		.ascii	"short unsigned int\000"
 695      7420756E 
 695      7369676E 
 695      65642069 
 695      6E7400
 696              	.LASF13:
ARM GAS  D:\TEMP\ccnh37yg.s 			page 16


 697 004b 666C6F61 		.ascii	"float\000"
 697      7400
 698              	.LASF2:
 699 0051 756E7369 		.ascii	"unsigned char\000"
 699      676E6564 
 699      20636861 
 699      7200
 700              	.LASF25:
 701 005f 443A5C44 		.ascii	"D:\\Documents\\Computer Science\\PSoc\\ECE3091 Auto"
 701      6F63756D 
 701      656E7473 
 701      5C436F6D 
 701      70757465 
 702 008e 5075636B 		.ascii	"PuckPickup\\Display.cydsn\000"
 702      5069636B 
 702      75705C44 
 702      6973706C 
 702      61792E63 
 703              	.LASF16:
 704 00a7 42757273 		.ascii	"BurstCount\000"
 704      74436F75 
 704      6E7400
 705              	.LASF6:
 706 00b2 6C6F6E67 		.ascii	"long unsigned int\000"
 706      20756E73 
 706      69676E65 
 706      6420696E 
 706      7400
 707              	.LASF28:
 708 00c4 43616D65 		.ascii	"Camera_DMA_Colours_DmaHandle\000"
 708      72615F44 
 708      4D415F43 
 708      6F6C6F75 
 708      72735F44 
 709              	.LASF11:
 710 00e1 75696E74 		.ascii	"uint8\000"
 710      3800
 711              	.LASF14:
 712 00e7 646F7562 		.ascii	"double\000"
 712      6C6500
 713              	.LASF26:
 714 00ee 43616D65 		.ascii	"Camera_DMA_Colours_DmaInitialize\000"
 714      72615F44 
 714      4D415F43 
 714      6F6C6F75 
 714      72735F44 
 715              	.LASF12:
 716 010f 75696E74 		.ascii	"uint16\000"
 716      313600
 717              	.LASF0:
 718 0116 756E7369 		.ascii	"unsigned int\000"
 718      676E6564 
 718      20696E74 
 718      00
 719              	.LASF8:
 720 0123 6C6F6E67 		.ascii	"long long unsigned int\000"
 720      206C6F6E 
ARM GAS  D:\TEMP\ccnh37yg.s 			page 17


 720      6720756E 
 720      7369676E 
 720      65642069 
 721              	.LASF27:
 722 013a 43616D65 		.ascii	"Camera_DMA_Colours_DmaRelease\000"
 722      72615F44 
 722      4D415F43 
 722      6F6C6F75 
 722      72735F44 
 723              	.LASF19:
 724 0158 55707065 		.ascii	"UpperDestAddress\000"
 724      72446573 
 724      74416464 
 724      72657373 
 724      00
 725              	.LASF9:
 726 0169 73697A65 		.ascii	"sizetype\000"
 726      74797065 
 726      00
 727              	.LASF7:
 728 0172 6C6F6E67 		.ascii	"long long int\000"
 728      206C6F6E 
 728      6720696E 
 728      7400
 729              	.LASF21:
 730 0180 4379446D 		.ascii	"CyDmaChSetExtendedAddress\000"
 730      61436853 
 730      65744578 
 730      74656E64 
 730      65644164 
 731              	.LASF10:
 732 019a 63686172 		.ascii	"char\000"
 732      00
 733              	.LASF24:
 734 019f 2E5C4765 		.ascii	".\\Generated_Source\\PSoC5\\Camera_DMA_Colours_dma."
 734      6E657261 
 734      7465645F 
 734      536F7572 
 734      63655C50 
 735 01cf 6300     		.ascii	"c\000"
 736              	.LASF3:
 737 01d1 73686F72 		.ascii	"short int\000"
 737      7420696E 
 737      7400
 738              	.LASF23:
 739 01db 474E5520 		.ascii	"GNU C 4.9.3 20150303 (release) [ARM/embedded-4_9-br"
 739      4320342E 
 739      392E3320 
 739      32303135 
 739      30333033 
 740 020e 616E6368 		.ascii	"anch revision 221220] -mcpu=cortex-m3 -mthumb -g -O"
 740      20726576 
 740      6973696F 
 740      6E203232 
 740      31323230 
 741 0241 73202D66 		.ascii	"s -ffunction-sections -ffat-lto-objects\000"
 741      66756E63 
ARM GAS  D:\TEMP\ccnh37yg.s 			page 18


 741      74696F6E 
 741      2D736563 
 741      74696F6E 
 742              	.LASF5:
 743 0269 6C6F6E67 		.ascii	"long int\000"
 743      20696E74 
 743      00
 744              	.LASF1:
 745 0272 7369676E 		.ascii	"signed char\000"
 745      65642063 
 745      68617200 
 746              	.LASF29:
 747 027e 4379446D 		.ascii	"CyDmaChDisable\000"
 747      61436844 
 747      69736162 
 747      6C6500
 748              	.LASF20:
 749 028d 4379446D 		.ascii	"CyDmaChSetConfiguration\000"
 749      61436853 
 749      6574436F 
 749      6E666967 
 749      75726174 
 750              		.ident	"GCC: (GNU Tools for ARM Embedded Processors) 4.9.3 20150303 (release) [ARM/embedded-4_9-br
