ARM GAS  D:\TEMP\ccpSejYZ.s 			page 1


   1              		.syntax unified
   2              		.cpu cortex-m3
   3              		.fpu softvfp
   4              		.eabi_attribute 20, 1
   5              		.eabi_attribute 21, 1
   6              		.eabi_attribute 23, 3
   7              		.eabi_attribute 24, 1
   8              		.eabi_attribute 25, 1
   9              		.eabi_attribute 26, 1
  10              		.eabi_attribute 30, 4
  11              		.eabi_attribute 34, 1
  12              		.eabi_attribute 18, 4
  13              		.thumb
  14              		.file	"CS.c"
  15              		.text
  16              	.Ltext0:
  17              		.cfi_sections	.debug_frame
  18              		.section	.text.CS_Write,"ax",%progbits
  19              		.align	1
  20              		.global	CS_Write
  21              		.thumb
  22              		.thumb_func
  23              		.type	CS_Write, %function
  24              	CS_Write:
  25              	.LFB0:
  26              		.file 1 ".\\Generated_Source\\PSoC5\\CS.c"
   1:.\Generated_Source\PSoC5/CS.c **** /*******************************************************************************
   2:.\Generated_Source\PSoC5/CS.c **** * File Name: CS.c  
   3:.\Generated_Source\PSoC5/CS.c **** * Version 2.20
   4:.\Generated_Source\PSoC5/CS.c **** *
   5:.\Generated_Source\PSoC5/CS.c **** * Description:
   6:.\Generated_Source\PSoC5/CS.c **** *  This file contains API to enable firmware control of a Pins component.
   7:.\Generated_Source\PSoC5/CS.c **** *
   8:.\Generated_Source\PSoC5/CS.c **** * Note:
   9:.\Generated_Source\PSoC5/CS.c **** *
  10:.\Generated_Source\PSoC5/CS.c **** ********************************************************************************
  11:.\Generated_Source\PSoC5/CS.c **** * Copyright 2008-2015, Cypress Semiconductor Corporation.  All rights reserved.
  12:.\Generated_Source\PSoC5/CS.c **** * You may use this file only in accordance with the license, terms, conditions, 
  13:.\Generated_Source\PSoC5/CS.c **** * disclaimers, and limitations in the end user license agreement accompanying 
  14:.\Generated_Source\PSoC5/CS.c **** * the software package with which this file was provided.
  15:.\Generated_Source\PSoC5/CS.c **** *******************************************************************************/
  16:.\Generated_Source\PSoC5/CS.c **** 
  17:.\Generated_Source\PSoC5/CS.c **** #include "cytypes.h"
  18:.\Generated_Source\PSoC5/CS.c **** #include "CS.h"
  19:.\Generated_Source\PSoC5/CS.c **** 
  20:.\Generated_Source\PSoC5/CS.c **** /* APIs are not generated for P15[7:6] on PSoC 5 */
  21:.\Generated_Source\PSoC5/CS.c **** #if !(CY_PSOC5A &&\
  22:.\Generated_Source\PSoC5/CS.c **** 	 CS__PORT == 15 && ((CS__MASK & 0xC0) != 0))
  23:.\Generated_Source\PSoC5/CS.c **** 
  24:.\Generated_Source\PSoC5/CS.c **** 
  25:.\Generated_Source\PSoC5/CS.c **** /*******************************************************************************
  26:.\Generated_Source\PSoC5/CS.c **** * Function Name: CS_Write
  27:.\Generated_Source\PSoC5/CS.c **** ****************************************************************************//**
  28:.\Generated_Source\PSoC5/CS.c **** *
  29:.\Generated_Source\PSoC5/CS.c **** * \brief Writes the value to the physical port (data output register), masking
  30:.\Generated_Source\PSoC5/CS.c **** *  and shifting the bits appropriately. 
  31:.\Generated_Source\PSoC5/CS.c **** *
ARM GAS  D:\TEMP\ccpSejYZ.s 			page 2


  32:.\Generated_Source\PSoC5/CS.c **** * The data output register controls the signal applied to the physical pin in 
  33:.\Generated_Source\PSoC5/CS.c **** * conjunction with the drive mode parameter. This function avoids changing 
  34:.\Generated_Source\PSoC5/CS.c **** * other bits in the port by using the appropriate method (read-modify-write or
  35:.\Generated_Source\PSoC5/CS.c **** * bit banding).
  36:.\Generated_Source\PSoC5/CS.c **** *
  37:.\Generated_Source\PSoC5/CS.c **** * <b>Note</b> This function should not be used on a hardware digital output pin 
  38:.\Generated_Source\PSoC5/CS.c **** * as it is driven by the hardware signal attached to it.
  39:.\Generated_Source\PSoC5/CS.c **** *
  40:.\Generated_Source\PSoC5/CS.c **** * \param value
  41:.\Generated_Source\PSoC5/CS.c **** *  Value to write to the component instance.
  42:.\Generated_Source\PSoC5/CS.c **** *
  43:.\Generated_Source\PSoC5/CS.c **** * \return 
  44:.\Generated_Source\PSoC5/CS.c **** *  None 
  45:.\Generated_Source\PSoC5/CS.c **** *
  46:.\Generated_Source\PSoC5/CS.c **** * \sideeffect
  47:.\Generated_Source\PSoC5/CS.c **** *  If you use read-modify-write operations that are not atomic; the Interrupt 
  48:.\Generated_Source\PSoC5/CS.c **** *  Service Routines (ISR) can cause corruption of this function. An ISR that 
  49:.\Generated_Source\PSoC5/CS.c **** *  interrupts this function and performs writes to the Pins component data 
  50:.\Generated_Source\PSoC5/CS.c **** *  register can cause corrupted port data. To avoid this issue, you should 
  51:.\Generated_Source\PSoC5/CS.c **** *  either use the Per-Pin APIs (primary method) or disable interrupts around 
  52:.\Generated_Source\PSoC5/CS.c **** *  this function.
  53:.\Generated_Source\PSoC5/CS.c **** *
  54:.\Generated_Source\PSoC5/CS.c **** * \funcusage
  55:.\Generated_Source\PSoC5/CS.c **** *  \snippet CS_SUT.c usage_CS_Write
  56:.\Generated_Source\PSoC5/CS.c **** *******************************************************************************/
  57:.\Generated_Source\PSoC5/CS.c **** void CS_Write(uint8 value)
  58:.\Generated_Source\PSoC5/CS.c **** {
  27              		.loc 1 58 0
  28              		.cfi_startproc
  29              		@ args = 0, pretend = 0, frame = 0
  30              		@ frame_needed = 0, uses_anonymous_args = 0
  31              		@ link register save eliminated.
  32              	.LVL0:
  59:.\Generated_Source\PSoC5/CS.c ****     uint8 staticBits = (CS_DR & (uint8)(~CS_MASK));
  33              		.loc 1 59 0
  34 0000 044A     		ldr	r2, .L2
  60:.\Generated_Source\PSoC5/CS.c ****     CS_DR = staticBits | ((uint8)(value << CS_SHIFT) & CS_MASK);
  35              		.loc 1 60 0
  36 0002 00F00F00 		and	r0, r0, #15
  37              	.LVL1:
  59:.\Generated_Source\PSoC5/CS.c ****     uint8 staticBits = (CS_DR & (uint8)(~CS_MASK));
  38              		.loc 1 59 0
  39 0006 1378     		ldrb	r3, [r2]	@ zero_extendqisi2
  40              	.LVL2:
  41 0008 03F0F003 		and	r3, r3, #240
  42              	.LVL3:
  43              		.loc 1 60 0
  44 000c 0343     		orrs	r3, r3, r0
  45 000e 1370     		strb	r3, [r2]
  46 0010 7047     		bx	lr
  47              	.L3:
  48 0012 00BF     		.align	2
  49              	.L2:
  50 0014 F0510040 		.word	1073762800
  51              		.cfi_endproc
  52              	.LFE0:
  53              		.size	CS_Write, .-CS_Write
ARM GAS  D:\TEMP\ccpSejYZ.s 			page 3


  54              		.section	.text.CS_SetDriveMode,"ax",%progbits
  55              		.align	1
  56              		.global	CS_SetDriveMode
  57              		.thumb
  58              		.thumb_func
  59              		.type	CS_SetDriveMode, %function
  60              	CS_SetDriveMode:
  61              	.LFB1:
  61:.\Generated_Source\PSoC5/CS.c **** }
  62:.\Generated_Source\PSoC5/CS.c **** 
  63:.\Generated_Source\PSoC5/CS.c **** 
  64:.\Generated_Source\PSoC5/CS.c **** /*******************************************************************************
  65:.\Generated_Source\PSoC5/CS.c **** * Function Name: CS_SetDriveMode
  66:.\Generated_Source\PSoC5/CS.c **** ****************************************************************************//**
  67:.\Generated_Source\PSoC5/CS.c **** *
  68:.\Generated_Source\PSoC5/CS.c **** * \brief Sets the drive mode for each of the Pins component's pins.
  69:.\Generated_Source\PSoC5/CS.c **** * 
  70:.\Generated_Source\PSoC5/CS.c **** * <b>Note</b> This affects all pins in the Pins component instance. Use the
  71:.\Generated_Source\PSoC5/CS.c **** * Per-Pin APIs if you wish to control individual pin's drive modes.
  72:.\Generated_Source\PSoC5/CS.c **** *
  73:.\Generated_Source\PSoC5/CS.c **** * \param mode
  74:.\Generated_Source\PSoC5/CS.c **** *  Mode for the selected signals. Valid options are documented in 
  75:.\Generated_Source\PSoC5/CS.c **** *  \ref driveMode.
  76:.\Generated_Source\PSoC5/CS.c **** *
  77:.\Generated_Source\PSoC5/CS.c **** * \return
  78:.\Generated_Source\PSoC5/CS.c **** *  None
  79:.\Generated_Source\PSoC5/CS.c **** *
  80:.\Generated_Source\PSoC5/CS.c **** * \sideeffect
  81:.\Generated_Source\PSoC5/CS.c **** *  If you use read-modify-write operations that are not atomic, the ISR can
  82:.\Generated_Source\PSoC5/CS.c **** *  cause corruption of this function. An ISR that interrupts this function 
  83:.\Generated_Source\PSoC5/CS.c **** *  and performs writes to the Pins component Drive Mode registers can cause 
  84:.\Generated_Source\PSoC5/CS.c **** *  corrupted port data. To avoid this issue, you should either use the Per-Pin
  85:.\Generated_Source\PSoC5/CS.c **** *  APIs (primary method) or disable interrupts around this function.
  86:.\Generated_Source\PSoC5/CS.c **** *
  87:.\Generated_Source\PSoC5/CS.c **** * \funcusage
  88:.\Generated_Source\PSoC5/CS.c **** *  \snippet CS_SUT.c usage_CS_SetDriveMode
  89:.\Generated_Source\PSoC5/CS.c **** *******************************************************************************/
  90:.\Generated_Source\PSoC5/CS.c **** void CS_SetDriveMode(uint8 mode)
  91:.\Generated_Source\PSoC5/CS.c **** {
  62              		.loc 1 91 0
  63              		.cfi_startproc
  64              		@ args = 0, pretend = 0, frame = 0
  65              		@ frame_needed = 0, uses_anonymous_args = 0
  66              		@ link register save eliminated.
  67              	.LVL4:
  92:.\Generated_Source\PSoC5/CS.c **** 	CyPins_SetPinDriveMode(CS_0, mode);
  68              		.loc 1 92 0
  69 0000 0B4A     		ldr	r2, .L5
  70 0002 00F00E00 		and	r0, r0, #14
  71              	.LVL5:
  72 0006 1378     		ldrb	r3, [r2]	@ zero_extendqisi2
  73 0008 03F0F103 		and	r3, r3, #241
  74 000c 0343     		orrs	r3, r3, r0
  75 000e 1370     		strb	r3, [r2]
  93:.\Generated_Source\PSoC5/CS.c **** 	CyPins_SetPinDriveMode(CS_1, mode);
  76              		.loc 1 93 0
  77 0010 5378     		ldrb	r3, [r2, #1]	@ zero_extendqisi2
ARM GAS  D:\TEMP\ccpSejYZ.s 			page 4


  78 0012 03F0F103 		and	r3, r3, #241
  79 0016 0343     		orrs	r3, r3, r0
  80 0018 5370     		strb	r3, [r2, #1]
  94:.\Generated_Source\PSoC5/CS.c **** 	CyPins_SetPinDriveMode(CS_2, mode);
  81              		.loc 1 94 0
  82 001a 9378     		ldrb	r3, [r2, #2]	@ zero_extendqisi2
  83 001c 03F0F103 		and	r3, r3, #241
  84 0020 0343     		orrs	r3, r3, r0
  85 0022 9370     		strb	r3, [r2, #2]
  95:.\Generated_Source\PSoC5/CS.c **** 	CyPins_SetPinDriveMode(CS_3, mode);
  86              		.loc 1 95 0
  87 0024 D378     		ldrb	r3, [r2, #3]	@ zero_extendqisi2
  88 0026 03F0F103 		and	r3, r3, #241
  89 002a 1843     		orrs	r0, r0, r3
  90 002c D070     		strb	r0, [r2, #3]
  91 002e 7047     		bx	lr
  92              	.L6:
  93              		.align	2
  94              	.L5:
  95 0030 78500040 		.word	1073762424
  96              		.cfi_endproc
  97              	.LFE1:
  98              		.size	CS_SetDriveMode, .-CS_SetDriveMode
  99              		.section	.text.CS_Read,"ax",%progbits
 100              		.align	1
 101              		.global	CS_Read
 102              		.thumb
 103              		.thumb_func
 104              		.type	CS_Read, %function
 105              	CS_Read:
 106              	.LFB2:
  96:.\Generated_Source\PSoC5/CS.c **** }
  97:.\Generated_Source\PSoC5/CS.c **** 
  98:.\Generated_Source\PSoC5/CS.c **** 
  99:.\Generated_Source\PSoC5/CS.c **** /*******************************************************************************
 100:.\Generated_Source\PSoC5/CS.c **** * Function Name: CS_Read
 101:.\Generated_Source\PSoC5/CS.c **** ****************************************************************************//**
 102:.\Generated_Source\PSoC5/CS.c **** *
 103:.\Generated_Source\PSoC5/CS.c **** * \brief Reads the associated physical port (pin status register) and masks 
 104:.\Generated_Source\PSoC5/CS.c **** *  the required bits according to the width and bit position of the component
 105:.\Generated_Source\PSoC5/CS.c **** *  instance. 
 106:.\Generated_Source\PSoC5/CS.c **** *
 107:.\Generated_Source\PSoC5/CS.c **** * The pin's status register returns the current logic level present on the 
 108:.\Generated_Source\PSoC5/CS.c **** * physical pin.
 109:.\Generated_Source\PSoC5/CS.c **** *
 110:.\Generated_Source\PSoC5/CS.c **** * \return 
 111:.\Generated_Source\PSoC5/CS.c **** *  The current value for the pins in the component as a right justified number.
 112:.\Generated_Source\PSoC5/CS.c **** *
 113:.\Generated_Source\PSoC5/CS.c **** * \funcusage
 114:.\Generated_Source\PSoC5/CS.c **** *  \snippet CS_SUT.c usage_CS_Read  
 115:.\Generated_Source\PSoC5/CS.c **** *******************************************************************************/
 116:.\Generated_Source\PSoC5/CS.c **** uint8 CS_Read(void)
 117:.\Generated_Source\PSoC5/CS.c **** {
 107              		.loc 1 117 0
 108              		.cfi_startproc
 109              		@ args = 0, pretend = 0, frame = 0
 110              		@ frame_needed = 0, uses_anonymous_args = 0
ARM GAS  D:\TEMP\ccpSejYZ.s 			page 5


 111              		@ link register save eliminated.
 118:.\Generated_Source\PSoC5/CS.c ****     return (CS_PS & CS_MASK) >> CS_SHIFT;
 112              		.loc 1 118 0
 113 0000 024B     		ldr	r3, .L8
 114 0002 1878     		ldrb	r0, [r3]	@ zero_extendqisi2
 119:.\Generated_Source\PSoC5/CS.c **** }
 115              		.loc 1 119 0
 116 0004 00F00F00 		and	r0, r0, #15
 117 0008 7047     		bx	lr
 118              	.L9:
 119 000a 00BF     		.align	2
 120              	.L8:
 121 000c F1510040 		.word	1073762801
 122              		.cfi_endproc
 123              	.LFE2:
 124              		.size	CS_Read, .-CS_Read
 125              		.section	.text.CS_ReadDataReg,"ax",%progbits
 126              		.align	1
 127              		.global	CS_ReadDataReg
 128              		.thumb
 129              		.thumb_func
 130              		.type	CS_ReadDataReg, %function
 131              	CS_ReadDataReg:
 132              	.LFB3:
 120:.\Generated_Source\PSoC5/CS.c **** 
 121:.\Generated_Source\PSoC5/CS.c **** 
 122:.\Generated_Source\PSoC5/CS.c **** /*******************************************************************************
 123:.\Generated_Source\PSoC5/CS.c **** * Function Name: CS_ReadDataReg
 124:.\Generated_Source\PSoC5/CS.c **** ****************************************************************************//**
 125:.\Generated_Source\PSoC5/CS.c **** *
 126:.\Generated_Source\PSoC5/CS.c **** * \brief Reads the associated physical port's data output register and masks 
 127:.\Generated_Source\PSoC5/CS.c **** *  the correct bits according to the width and bit position of the component 
 128:.\Generated_Source\PSoC5/CS.c **** *  instance. 
 129:.\Generated_Source\PSoC5/CS.c **** *
 130:.\Generated_Source\PSoC5/CS.c **** * The data output register controls the signal applied to the physical pin in 
 131:.\Generated_Source\PSoC5/CS.c **** * conjunction with the drive mode parameter. This is not the same as the 
 132:.\Generated_Source\PSoC5/CS.c **** * preferred CS_Read() API because the 
 133:.\Generated_Source\PSoC5/CS.c **** * CS_ReadDataReg() reads the data register instead of the status 
 134:.\Generated_Source\PSoC5/CS.c **** * register. For output pins this is a useful function to determine the value 
 135:.\Generated_Source\PSoC5/CS.c **** * just written to the pin.
 136:.\Generated_Source\PSoC5/CS.c **** *
 137:.\Generated_Source\PSoC5/CS.c **** * \return 
 138:.\Generated_Source\PSoC5/CS.c **** *  The current value of the data register masked and shifted into a right 
 139:.\Generated_Source\PSoC5/CS.c **** *  justified number for the component instance.
 140:.\Generated_Source\PSoC5/CS.c **** *
 141:.\Generated_Source\PSoC5/CS.c **** * \funcusage
 142:.\Generated_Source\PSoC5/CS.c **** *  \snippet CS_SUT.c usage_CS_ReadDataReg 
 143:.\Generated_Source\PSoC5/CS.c **** *******************************************************************************/
 144:.\Generated_Source\PSoC5/CS.c **** uint8 CS_ReadDataReg(void)
 145:.\Generated_Source\PSoC5/CS.c **** {
 133              		.loc 1 145 0
 134              		.cfi_startproc
 135              		@ args = 0, pretend = 0, frame = 0
 136              		@ frame_needed = 0, uses_anonymous_args = 0
 137              		@ link register save eliminated.
 146:.\Generated_Source\PSoC5/CS.c ****     return (CS_DR & CS_MASK) >> CS_SHIFT;
 138              		.loc 1 146 0
ARM GAS  D:\TEMP\ccpSejYZ.s 			page 6


 139 0000 024B     		ldr	r3, .L11
 140 0002 1878     		ldrb	r0, [r3]	@ zero_extendqisi2
 147:.\Generated_Source\PSoC5/CS.c **** }
 141              		.loc 1 147 0
 142 0004 00F00F00 		and	r0, r0, #15
 143 0008 7047     		bx	lr
 144              	.L12:
 145 000a 00BF     		.align	2
 146              	.L11:
 147 000c F0510040 		.word	1073762800
 148              		.cfi_endproc
 149              	.LFE3:
 150              		.size	CS_ReadDataReg, .-CS_ReadDataReg
 151              		.text
 152              	.Letext0:
 153              		.file 2 ".\\Generated_Source\\PSoC5\\cytypes.h"
 154              		.section	.debug_info,"",%progbits
 155              	.Ldebug_info0:
 156 0000 1D010000 		.4byte	0x11d
 157 0004 0400     		.2byte	0x4
 158 0006 00000000 		.4byte	.Ldebug_abbrev0
 159 000a 04       		.byte	0x4
 160 000b 01       		.uleb128 0x1
 161 000c 12010000 		.4byte	.LASF20
 162 0010 01       		.byte	0x1
 163 0011 B5010000 		.4byte	.LASF21
 164 0015 2E000000 		.4byte	.LASF22
 165 0019 00000000 		.4byte	.Ldebug_ranges0+0
 166 001d 00000000 		.4byte	0
 167 0021 00000000 		.4byte	.Ldebug_line0
 168 0025 02       		.uleb128 0x2
 169 0026 01       		.byte	0x1
 170 0027 06       		.byte	0x6
 171 0028 A9010000 		.4byte	.LASF0
 172 002c 02       		.uleb128 0x2
 173 002d 01       		.byte	0x1
 174 002e 08       		.byte	0x8
 175 002f 20000000 		.4byte	.LASF1
 176 0033 02       		.uleb128 0x2
 177 0034 02       		.byte	0x2
 178 0035 05       		.byte	0x5
 179 0036 08010000 		.4byte	.LASF2
 180 003a 02       		.uleb128 0x2
 181 003b 02       		.byte	0x2
 182 003c 07       		.byte	0x7
 183 003d 8D000000 		.4byte	.LASF3
 184 0041 02       		.uleb128 0x2
 185 0042 04       		.byte	0x4
 186 0043 05       		.byte	0x5
 187 0044 A0010000 		.4byte	.LASF4
 188 0048 02       		.uleb128 0x2
 189 0049 04       		.byte	0x4
 190 004a 07       		.byte	0x7
 191 004b 7B000000 		.4byte	.LASF5
 192 004f 02       		.uleb128 0x2
 193 0050 08       		.byte	0x8
 194 0051 05       		.byte	0x5
ARM GAS  D:\TEMP\ccpSejYZ.s 			page 7


 195 0052 EF000000 		.4byte	.LASF6
 196 0056 02       		.uleb128 0x2
 197 0057 08       		.byte	0x8
 198 0058 07       		.byte	0x7
 199 0059 C4000000 		.4byte	.LASF7
 200 005d 03       		.uleb128 0x3
 201 005e 04       		.byte	0x4
 202 005f 05       		.byte	0x5
 203 0060 696E7400 		.ascii	"int\000"
 204 0064 02       		.uleb128 0x2
 205 0065 04       		.byte	0x4
 206 0066 07       		.byte	0x7
 207 0067 A7000000 		.4byte	.LASF8
 208 006b 04       		.uleb128 0x4
 209 006c 1A000000 		.4byte	.LASF12
 210 0070 02       		.byte	0x2
 211 0071 9201     		.2byte	0x192
 212 0073 2C000000 		.4byte	0x2c
 213 0077 02       		.uleb128 0x2
 214 0078 04       		.byte	0x4
 215 0079 04       		.byte	0x4
 216 007a 14000000 		.4byte	.LASF9
 217 007e 02       		.uleb128 0x2
 218 007f 08       		.byte	0x8
 219 0080 04       		.byte	0x4
 220 0081 A0000000 		.4byte	.LASF10
 221 0085 02       		.uleb128 0x2
 222 0086 01       		.byte	0x1
 223 0087 08       		.byte	0x8
 224 0088 FD000000 		.4byte	.LASF11
 225 008c 04       		.uleb128 0x4
 226 008d 76000000 		.4byte	.LASF13
 227 0091 02       		.byte	0x2
 228 0092 3C02     		.2byte	0x23c
 229 0094 98000000 		.4byte	0x98
 230 0098 05       		.uleb128 0x5
 231 0099 6B000000 		.4byte	0x6b
 232 009d 06       		.uleb128 0x6
 233 009e 00000000 		.4byte	.LASF14
 234 00a2 01       		.byte	0x1
 235 00a3 39       		.byte	0x39
 236 00a4 00000000 		.4byte	.LFB0
 237 00a8 18000000 		.4byte	.LFE0-.LFB0
 238 00ac 01       		.uleb128 0x1
 239 00ad 9C       		.byte	0x9c
 240 00ae D1000000 		.4byte	0xd1
 241 00b2 07       		.uleb128 0x7
 242 00b3 02010000 		.4byte	.LASF16
 243 00b7 01       		.byte	0x1
 244 00b8 39       		.byte	0x39
 245 00b9 6B000000 		.4byte	0x6b
 246 00bd 00000000 		.4byte	.LLST0
 247 00c1 08       		.uleb128 0x8
 248 00c2 09000000 		.4byte	.LASF23
 249 00c6 01       		.byte	0x1
 250 00c7 3B       		.byte	0x3b
 251 00c8 6B000000 		.4byte	0x6b
ARM GAS  D:\TEMP\ccpSejYZ.s 			page 8


 252 00cc 21000000 		.4byte	.LLST1
 253 00d0 00       		.byte	0
 254 00d1 06       		.uleb128 0x6
 255 00d2 B4000000 		.4byte	.LASF15
 256 00d6 01       		.byte	0x1
 257 00d7 5A       		.byte	0x5a
 258 00d8 00000000 		.4byte	.LFB1
 259 00dc 34000000 		.4byte	.LFE1-.LFB1
 260 00e0 01       		.uleb128 0x1
 261 00e1 9C       		.byte	0x9c
 262 00e2 F6000000 		.4byte	0xf6
 263 00e6 07       		.uleb128 0x7
 264 00e7 DB000000 		.4byte	.LASF17
 265 00eb 01       		.byte	0x1
 266 00ec 5A       		.byte	0x5a
 267 00ed 6B000000 		.4byte	0x6b
 268 00f1 39000000 		.4byte	.LLST2
 269 00f5 00       		.byte	0
 270 00f6 09       		.uleb128 0x9
 271 00f7 D3010000 		.4byte	.LASF18
 272 00fb 01       		.byte	0x1
 273 00fc 74       		.byte	0x74
 274 00fd 6B000000 		.4byte	0x6b
 275 0101 00000000 		.4byte	.LFB2
 276 0105 10000000 		.4byte	.LFE2-.LFB2
 277 0109 01       		.uleb128 0x1
 278 010a 9C       		.byte	0x9c
 279 010b 09       		.uleb128 0x9
 280 010c E0000000 		.4byte	.LASF19
 281 0110 01       		.byte	0x1
 282 0111 90       		.byte	0x90
 283 0112 6B000000 		.4byte	0x6b
 284 0116 00000000 		.4byte	.LFB3
 285 011a 10000000 		.4byte	.LFE3-.LFB3
 286 011e 01       		.uleb128 0x1
 287 011f 9C       		.byte	0x9c
 288 0120 00       		.byte	0
 289              		.section	.debug_abbrev,"",%progbits
 290              	.Ldebug_abbrev0:
 291 0000 01       		.uleb128 0x1
 292 0001 11       		.uleb128 0x11
 293 0002 01       		.byte	0x1
 294 0003 25       		.uleb128 0x25
 295 0004 0E       		.uleb128 0xe
 296 0005 13       		.uleb128 0x13
 297 0006 0B       		.uleb128 0xb
 298 0007 03       		.uleb128 0x3
 299 0008 0E       		.uleb128 0xe
 300 0009 1B       		.uleb128 0x1b
 301 000a 0E       		.uleb128 0xe
 302 000b 55       		.uleb128 0x55
 303 000c 17       		.uleb128 0x17
 304 000d 11       		.uleb128 0x11
 305 000e 01       		.uleb128 0x1
 306 000f 10       		.uleb128 0x10
 307 0010 17       		.uleb128 0x17
 308 0011 00       		.byte	0
ARM GAS  D:\TEMP\ccpSejYZ.s 			page 9


 309 0012 00       		.byte	0
 310 0013 02       		.uleb128 0x2
 311 0014 24       		.uleb128 0x24
 312 0015 00       		.byte	0
 313 0016 0B       		.uleb128 0xb
 314 0017 0B       		.uleb128 0xb
 315 0018 3E       		.uleb128 0x3e
 316 0019 0B       		.uleb128 0xb
 317 001a 03       		.uleb128 0x3
 318 001b 0E       		.uleb128 0xe
 319 001c 00       		.byte	0
 320 001d 00       		.byte	0
 321 001e 03       		.uleb128 0x3
 322 001f 24       		.uleb128 0x24
 323 0020 00       		.byte	0
 324 0021 0B       		.uleb128 0xb
 325 0022 0B       		.uleb128 0xb
 326 0023 3E       		.uleb128 0x3e
 327 0024 0B       		.uleb128 0xb
 328 0025 03       		.uleb128 0x3
 329 0026 08       		.uleb128 0x8
 330 0027 00       		.byte	0
 331 0028 00       		.byte	0
 332 0029 04       		.uleb128 0x4
 333 002a 16       		.uleb128 0x16
 334 002b 00       		.byte	0
 335 002c 03       		.uleb128 0x3
 336 002d 0E       		.uleb128 0xe
 337 002e 3A       		.uleb128 0x3a
 338 002f 0B       		.uleb128 0xb
 339 0030 3B       		.uleb128 0x3b
 340 0031 05       		.uleb128 0x5
 341 0032 49       		.uleb128 0x49
 342 0033 13       		.uleb128 0x13
 343 0034 00       		.byte	0
 344 0035 00       		.byte	0
 345 0036 05       		.uleb128 0x5
 346 0037 35       		.uleb128 0x35
 347 0038 00       		.byte	0
 348 0039 49       		.uleb128 0x49
 349 003a 13       		.uleb128 0x13
 350 003b 00       		.byte	0
 351 003c 00       		.byte	0
 352 003d 06       		.uleb128 0x6
 353 003e 2E       		.uleb128 0x2e
 354 003f 01       		.byte	0x1
 355 0040 3F       		.uleb128 0x3f
 356 0041 19       		.uleb128 0x19
 357 0042 03       		.uleb128 0x3
 358 0043 0E       		.uleb128 0xe
 359 0044 3A       		.uleb128 0x3a
 360 0045 0B       		.uleb128 0xb
 361 0046 3B       		.uleb128 0x3b
 362 0047 0B       		.uleb128 0xb
 363 0048 27       		.uleb128 0x27
 364 0049 19       		.uleb128 0x19
 365 004a 11       		.uleb128 0x11
ARM GAS  D:\TEMP\ccpSejYZ.s 			page 10


 366 004b 01       		.uleb128 0x1
 367 004c 12       		.uleb128 0x12
 368 004d 06       		.uleb128 0x6
 369 004e 40       		.uleb128 0x40
 370 004f 18       		.uleb128 0x18
 371 0050 9742     		.uleb128 0x2117
 372 0052 19       		.uleb128 0x19
 373 0053 01       		.uleb128 0x1
 374 0054 13       		.uleb128 0x13
 375 0055 00       		.byte	0
 376 0056 00       		.byte	0
 377 0057 07       		.uleb128 0x7
 378 0058 05       		.uleb128 0x5
 379 0059 00       		.byte	0
 380 005a 03       		.uleb128 0x3
 381 005b 0E       		.uleb128 0xe
 382 005c 3A       		.uleb128 0x3a
 383 005d 0B       		.uleb128 0xb
 384 005e 3B       		.uleb128 0x3b
 385 005f 0B       		.uleb128 0xb
 386 0060 49       		.uleb128 0x49
 387 0061 13       		.uleb128 0x13
 388 0062 02       		.uleb128 0x2
 389 0063 17       		.uleb128 0x17
 390 0064 00       		.byte	0
 391 0065 00       		.byte	0
 392 0066 08       		.uleb128 0x8
 393 0067 34       		.uleb128 0x34
 394 0068 00       		.byte	0
 395 0069 03       		.uleb128 0x3
 396 006a 0E       		.uleb128 0xe
 397 006b 3A       		.uleb128 0x3a
 398 006c 0B       		.uleb128 0xb
 399 006d 3B       		.uleb128 0x3b
 400 006e 0B       		.uleb128 0xb
 401 006f 49       		.uleb128 0x49
 402 0070 13       		.uleb128 0x13
 403 0071 02       		.uleb128 0x2
 404 0072 17       		.uleb128 0x17
 405 0073 00       		.byte	0
 406 0074 00       		.byte	0
 407 0075 09       		.uleb128 0x9
 408 0076 2E       		.uleb128 0x2e
 409 0077 00       		.byte	0
 410 0078 3F       		.uleb128 0x3f
 411 0079 19       		.uleb128 0x19
 412 007a 03       		.uleb128 0x3
 413 007b 0E       		.uleb128 0xe
 414 007c 3A       		.uleb128 0x3a
 415 007d 0B       		.uleb128 0xb
 416 007e 3B       		.uleb128 0x3b
 417 007f 0B       		.uleb128 0xb
 418 0080 27       		.uleb128 0x27
 419 0081 19       		.uleb128 0x19
 420 0082 49       		.uleb128 0x49
 421 0083 13       		.uleb128 0x13
 422 0084 11       		.uleb128 0x11
ARM GAS  D:\TEMP\ccpSejYZ.s 			page 11


 423 0085 01       		.uleb128 0x1
 424 0086 12       		.uleb128 0x12
 425 0087 06       		.uleb128 0x6
 426 0088 40       		.uleb128 0x40
 427 0089 18       		.uleb128 0x18
 428 008a 9742     		.uleb128 0x2117
 429 008c 19       		.uleb128 0x19
 430 008d 00       		.byte	0
 431 008e 00       		.byte	0
 432 008f 00       		.byte	0
 433              		.section	.debug_loc,"",%progbits
 434              	.Ldebug_loc0:
 435              	.LLST0:
 436 0000 00000000 		.4byte	.LVL0
 437 0004 06000000 		.4byte	.LVL1
 438 0008 0100     		.2byte	0x1
 439 000a 50       		.byte	0x50
 440 000b 06000000 		.4byte	.LVL1
 441 000f 18000000 		.4byte	.LFE0
 442 0013 0400     		.2byte	0x4
 443 0015 F3       		.byte	0xf3
 444 0016 01       		.uleb128 0x1
 445 0017 50       		.byte	0x50
 446 0018 9F       		.byte	0x9f
 447 0019 00000000 		.4byte	0
 448 001d 00000000 		.4byte	0
 449              	.LLST1:
 450 0021 08000000 		.4byte	.LVL2
 451 0025 0C000000 		.4byte	.LVL3
 452 0029 0600     		.2byte	0x6
 453 002b 73       		.byte	0x73
 454 002c 00       		.sleb128 0
 455 002d 09       		.byte	0x9
 456 002e F0       		.byte	0xf0
 457 002f 1A       		.byte	0x1a
 458 0030 9F       		.byte	0x9f
 459 0031 00000000 		.4byte	0
 460 0035 00000000 		.4byte	0
 461              	.LLST2:
 462 0039 00000000 		.4byte	.LVL4
 463 003d 06000000 		.4byte	.LVL5
 464 0041 0100     		.2byte	0x1
 465 0043 50       		.byte	0x50
 466 0044 06000000 		.4byte	.LVL5
 467 0048 34000000 		.4byte	.LFE1
 468 004c 0400     		.2byte	0x4
 469 004e F3       		.byte	0xf3
 470 004f 01       		.uleb128 0x1
 471 0050 50       		.byte	0x50
 472 0051 9F       		.byte	0x9f
 473 0052 00000000 		.4byte	0
 474 0056 00000000 		.4byte	0
 475              		.section	.debug_aranges,"",%progbits
 476 0000 34000000 		.4byte	0x34
 477 0004 0200     		.2byte	0x2
 478 0006 00000000 		.4byte	.Ldebug_info0
 479 000a 04       		.byte	0x4
ARM GAS  D:\TEMP\ccpSejYZ.s 			page 12


 480 000b 00       		.byte	0
 481 000c 0000     		.2byte	0
 482 000e 0000     		.2byte	0
 483 0010 00000000 		.4byte	.LFB0
 484 0014 18000000 		.4byte	.LFE0-.LFB0
 485 0018 00000000 		.4byte	.LFB1
 486 001c 34000000 		.4byte	.LFE1-.LFB1
 487 0020 00000000 		.4byte	.LFB2
 488 0024 10000000 		.4byte	.LFE2-.LFB2
 489 0028 00000000 		.4byte	.LFB3
 490 002c 10000000 		.4byte	.LFE3-.LFB3
 491 0030 00000000 		.4byte	0
 492 0034 00000000 		.4byte	0
 493              		.section	.debug_ranges,"",%progbits
 494              	.Ldebug_ranges0:
 495 0000 00000000 		.4byte	.LFB0
 496 0004 18000000 		.4byte	.LFE0
 497 0008 00000000 		.4byte	.LFB1
 498 000c 34000000 		.4byte	.LFE1
 499 0010 00000000 		.4byte	.LFB2
 500 0014 10000000 		.4byte	.LFE2
 501 0018 00000000 		.4byte	.LFB3
 502 001c 10000000 		.4byte	.LFE3
 503 0020 00000000 		.4byte	0
 504 0024 00000000 		.4byte	0
 505              		.section	.debug_line,"",%progbits
 506              	.Ldebug_line0:
 507 0000 92000000 		.section	.debug_str,"MS",%progbits,1
 507      02004100 
 507      00000201 
 507      FB0E0D00 
 507      01010101 
 508              	.LASF14:
 509 0000 43535F57 		.ascii	"CS_Write\000"
 509      72697465 
 509      00
 510              	.LASF23:
 511 0009 73746174 		.ascii	"staticBits\000"
 511      69634269 
 511      747300
 512              	.LASF9:
 513 0014 666C6F61 		.ascii	"float\000"
 513      7400
 514              	.LASF12:
 515 001a 75696E74 		.ascii	"uint8\000"
 515      3800
 516              	.LASF1:
 517 0020 756E7369 		.ascii	"unsigned char\000"
 517      676E6564 
 517      20636861 
 517      7200
 518              	.LASF22:
 519 002e 443A5C44 		.ascii	"D:\\Documents\\Computer Science\\PSoc\\ECE3091 Auto"
 519      6F63756D 
 519      656E7473 
 519      5C436F6D 
 519      70757465 
ARM GAS  D:\TEMP\ccpSejYZ.s 			page 13


 520 005d 5075636B 		.ascii	"PuckPickup\\Display.cydsn\000"
 520      5069636B 
 520      75705C44 
 520      6973706C 
 520      61792E63 
 521              	.LASF13:
 522 0076 72656738 		.ascii	"reg8\000"
 522      00
 523              	.LASF5:
 524 007b 6C6F6E67 		.ascii	"long unsigned int\000"
 524      20756E73 
 524      69676E65 
 524      6420696E 
 524      7400
 525              	.LASF3:
 526 008d 73686F72 		.ascii	"short unsigned int\000"
 526      7420756E 
 526      7369676E 
 526      65642069 
 526      6E7400
 527              	.LASF10:
 528 00a0 646F7562 		.ascii	"double\000"
 528      6C6500
 529              	.LASF8:
 530 00a7 756E7369 		.ascii	"unsigned int\000"
 530      676E6564 
 530      20696E74 
 530      00
 531              	.LASF15:
 532 00b4 43535F53 		.ascii	"CS_SetDriveMode\000"
 532      65744472 
 532      6976654D 
 532      6F646500 
 533              	.LASF7:
 534 00c4 6C6F6E67 		.ascii	"long long unsigned int\000"
 534      206C6F6E 
 534      6720756E 
 534      7369676E 
 534      65642069 
 535              	.LASF17:
 536 00db 6D6F6465 		.ascii	"mode\000"
 536      00
 537              	.LASF19:
 538 00e0 43535F52 		.ascii	"CS_ReadDataReg\000"
 538      65616444 
 538      61746152 
 538      656700
 539              	.LASF6:
 540 00ef 6C6F6E67 		.ascii	"long long int\000"
 540      206C6F6E 
 540      6720696E 
 540      7400
 541              	.LASF11:
 542 00fd 63686172 		.ascii	"char\000"
 542      00
 543              	.LASF16:
 544 0102 76616C75 		.ascii	"value\000"
ARM GAS  D:\TEMP\ccpSejYZ.s 			page 14


 544      6500
 545              	.LASF2:
 546 0108 73686F72 		.ascii	"short int\000"
 546      7420696E 
 546      7400
 547              	.LASF20:
 548 0112 474E5520 		.ascii	"GNU C 4.9.3 20150303 (release) [ARM/embedded-4_9-br"
 548      4320342E 
 548      392E3320 
 548      32303135 
 548      30333033 
 549 0145 616E6368 		.ascii	"anch revision 221220] -mcpu=cortex-m3 -mthumb -g -O"
 549      20726576 
 549      6973696F 
 549      6E203232 
 549      31323230 
 550 0178 73202D66 		.ascii	"s -ffunction-sections -ffat-lto-objects\000"
 550      66756E63 
 550      74696F6E 
 550      2D736563 
 550      74696F6E 
 551              	.LASF4:
 552 01a0 6C6F6E67 		.ascii	"long int\000"
 552      20696E74 
 552      00
 553              	.LASF0:
 554 01a9 7369676E 		.ascii	"signed char\000"
 554      65642063 
 554      68617200 
 555              	.LASF21:
 556 01b5 2E5C4765 		.ascii	".\\Generated_Source\\PSoC5\\CS.c\000"
 556      6E657261 
 556      7465645F 
 556      536F7572 
 556      63655C50 
 557              	.LASF18:
 558 01d3 43535F52 		.ascii	"CS_Read\000"
 558      65616400 
 559              		.ident	"GCC: (GNU Tools for ARM Embedded Processors) 4.9.3 20150303 (release) [ARM/embedded-4_9-br
