ARM GAS  D:\TEMP\ccVye0jX.s 			page 1


   1              		.syntax unified
   2              		.cpu cortex-m3
   3              		.fpu softvfp
   4              		.eabi_attribute 20, 1
   5              		.eabi_attribute 21, 1
   6              		.eabi_attribute 23, 3
   7              		.eabi_attribute 24, 1
   8              		.eabi_attribute 25, 1
   9              		.eabi_attribute 26, 1
  10              		.eabi_attribute 30, 4
  11              		.eabi_attribute 34, 1
  12              		.eabi_attribute 18, 4
  13              		.thumb
  14              		.file	"D.c"
  15              		.text
  16              	.Ltext0:
  17              		.cfi_sections	.debug_frame
  18              		.section	.text.D_Write,"ax",%progbits
  19              		.align	1
  20              		.global	D_Write
  21              		.thumb
  22              		.thumb_func
  23              		.type	D_Write, %function
  24              	D_Write:
  25              	.LFB0:
  26              		.file 1 ".\\Generated_Source\\PSoC5\\D.c"
   1:.\Generated_Source\PSoC5/D.c **** /*******************************************************************************
   2:.\Generated_Source\PSoC5/D.c **** * File Name: D.c  
   3:.\Generated_Source\PSoC5/D.c **** * Version 2.20
   4:.\Generated_Source\PSoC5/D.c **** *
   5:.\Generated_Source\PSoC5/D.c **** * Description:
   6:.\Generated_Source\PSoC5/D.c **** *  This file contains API to enable firmware control of a Pins component.
   7:.\Generated_Source\PSoC5/D.c **** *
   8:.\Generated_Source\PSoC5/D.c **** * Note:
   9:.\Generated_Source\PSoC5/D.c **** *
  10:.\Generated_Source\PSoC5/D.c **** ********************************************************************************
  11:.\Generated_Source\PSoC5/D.c **** * Copyright 2008-2015, Cypress Semiconductor Corporation.  All rights reserved.
  12:.\Generated_Source\PSoC5/D.c **** * You may use this file only in accordance with the license, terms, conditions, 
  13:.\Generated_Source\PSoC5/D.c **** * disclaimers, and limitations in the end user license agreement accompanying 
  14:.\Generated_Source\PSoC5/D.c **** * the software package with which this file was provided.
  15:.\Generated_Source\PSoC5/D.c **** *******************************************************************************/
  16:.\Generated_Source\PSoC5/D.c **** 
  17:.\Generated_Source\PSoC5/D.c **** #include "cytypes.h"
  18:.\Generated_Source\PSoC5/D.c **** #include "D.h"
  19:.\Generated_Source\PSoC5/D.c **** 
  20:.\Generated_Source\PSoC5/D.c **** /* APIs are not generated for P15[7:6] on PSoC 5 */
  21:.\Generated_Source\PSoC5/D.c **** #if !(CY_PSOC5A &&\
  22:.\Generated_Source\PSoC5/D.c **** 	 D__PORT == 15 && ((D__MASK & 0xC0) != 0))
  23:.\Generated_Source\PSoC5/D.c **** 
  24:.\Generated_Source\PSoC5/D.c **** 
  25:.\Generated_Source\PSoC5/D.c **** /*******************************************************************************
  26:.\Generated_Source\PSoC5/D.c **** * Function Name: D_Write
  27:.\Generated_Source\PSoC5/D.c **** ****************************************************************************//**
  28:.\Generated_Source\PSoC5/D.c **** *
  29:.\Generated_Source\PSoC5/D.c **** * \brief Writes the value to the physical port (data output register), masking
  30:.\Generated_Source\PSoC5/D.c **** *  and shifting the bits appropriately. 
  31:.\Generated_Source\PSoC5/D.c **** *
ARM GAS  D:\TEMP\ccVye0jX.s 			page 2


  32:.\Generated_Source\PSoC5/D.c **** * The data output register controls the signal applied to the physical pin in 
  33:.\Generated_Source\PSoC5/D.c **** * conjunction with the drive mode parameter. This function avoids changing 
  34:.\Generated_Source\PSoC5/D.c **** * other bits in the port by using the appropriate method (read-modify-write or
  35:.\Generated_Source\PSoC5/D.c **** * bit banding).
  36:.\Generated_Source\PSoC5/D.c **** *
  37:.\Generated_Source\PSoC5/D.c **** * <b>Note</b> This function should not be used on a hardware digital output pin 
  38:.\Generated_Source\PSoC5/D.c **** * as it is driven by the hardware signal attached to it.
  39:.\Generated_Source\PSoC5/D.c **** *
  40:.\Generated_Source\PSoC5/D.c **** * \param value
  41:.\Generated_Source\PSoC5/D.c **** *  Value to write to the component instance.
  42:.\Generated_Source\PSoC5/D.c **** *
  43:.\Generated_Source\PSoC5/D.c **** * \return 
  44:.\Generated_Source\PSoC5/D.c **** *  None 
  45:.\Generated_Source\PSoC5/D.c **** *
  46:.\Generated_Source\PSoC5/D.c **** * \sideeffect
  47:.\Generated_Source\PSoC5/D.c **** *  If you use read-modify-write operations that are not atomic; the Interrupt 
  48:.\Generated_Source\PSoC5/D.c **** *  Service Routines (ISR) can cause corruption of this function. An ISR that 
  49:.\Generated_Source\PSoC5/D.c **** *  interrupts this function and performs writes to the Pins component data 
  50:.\Generated_Source\PSoC5/D.c **** *  register can cause corrupted port data. To avoid this issue, you should 
  51:.\Generated_Source\PSoC5/D.c **** *  either use the Per-Pin APIs (primary method) or disable interrupts around 
  52:.\Generated_Source\PSoC5/D.c **** *  this function.
  53:.\Generated_Source\PSoC5/D.c **** *
  54:.\Generated_Source\PSoC5/D.c **** * \funcusage
  55:.\Generated_Source\PSoC5/D.c **** *  \snippet D_SUT.c usage_D_Write
  56:.\Generated_Source\PSoC5/D.c **** *******************************************************************************/
  57:.\Generated_Source\PSoC5/D.c **** void D_Write(uint8 value)
  58:.\Generated_Source\PSoC5/D.c **** {
  27              		.loc 1 58 0
  28              		.cfi_startproc
  29              		@ args = 0, pretend = 0, frame = 0
  30              		@ frame_needed = 0, uses_anonymous_args = 0
  31              		@ link register save eliminated.
  32              	.LVL0:
  59:.\Generated_Source\PSoC5/D.c ****     uint8 staticBits = (D_DR & (uint8)(~D_MASK));
  33              		.loc 1 59 0
  34 0000 014B     		ldr	r3, .L2
  35 0002 1A78     		ldrb	r2, [r3]	@ zero_extendqisi2
  36              	.LVL1:
  60:.\Generated_Source\PSoC5/D.c ****     D_DR = staticBits | ((uint8)(value << D_SHIFT) & D_MASK);
  37              		.loc 1 60 0
  38 0004 1870     		strb	r0, [r3]
  39 0006 7047     		bx	lr
  40              	.L3:
  41              		.align	2
  42              	.L2:
  43 0008 20510040 		.word	1073762592
  44              		.cfi_endproc
  45              	.LFE0:
  46              		.size	D_Write, .-D_Write
  47              		.section	.text.D_SetDriveMode,"ax",%progbits
  48              		.align	1
  49              		.global	D_SetDriveMode
  50              		.thumb
  51              		.thumb_func
  52              		.type	D_SetDriveMode, %function
  53              	D_SetDriveMode:
  54              	.LFB1:
ARM GAS  D:\TEMP\ccVye0jX.s 			page 3


  61:.\Generated_Source\PSoC5/D.c **** }
  62:.\Generated_Source\PSoC5/D.c **** 
  63:.\Generated_Source\PSoC5/D.c **** 
  64:.\Generated_Source\PSoC5/D.c **** /*******************************************************************************
  65:.\Generated_Source\PSoC5/D.c **** * Function Name: D_SetDriveMode
  66:.\Generated_Source\PSoC5/D.c **** ****************************************************************************//**
  67:.\Generated_Source\PSoC5/D.c **** *
  68:.\Generated_Source\PSoC5/D.c **** * \brief Sets the drive mode for each of the Pins component's pins.
  69:.\Generated_Source\PSoC5/D.c **** * 
  70:.\Generated_Source\PSoC5/D.c **** * <b>Note</b> This affects all pins in the Pins component instance. Use the
  71:.\Generated_Source\PSoC5/D.c **** * Per-Pin APIs if you wish to control individual pin's drive modes.
  72:.\Generated_Source\PSoC5/D.c **** *
  73:.\Generated_Source\PSoC5/D.c **** * \param mode
  74:.\Generated_Source\PSoC5/D.c **** *  Mode for the selected signals. Valid options are documented in 
  75:.\Generated_Source\PSoC5/D.c **** *  \ref driveMode.
  76:.\Generated_Source\PSoC5/D.c **** *
  77:.\Generated_Source\PSoC5/D.c **** * \return
  78:.\Generated_Source\PSoC5/D.c **** *  None
  79:.\Generated_Source\PSoC5/D.c **** *
  80:.\Generated_Source\PSoC5/D.c **** * \sideeffect
  81:.\Generated_Source\PSoC5/D.c **** *  If you use read-modify-write operations that are not atomic, the ISR can
  82:.\Generated_Source\PSoC5/D.c **** *  cause corruption of this function. An ISR that interrupts this function 
  83:.\Generated_Source\PSoC5/D.c **** *  and performs writes to the Pins component Drive Mode registers can cause 
  84:.\Generated_Source\PSoC5/D.c **** *  corrupted port data. To avoid this issue, you should either use the Per-Pin
  85:.\Generated_Source\PSoC5/D.c **** *  APIs (primary method) or disable interrupts around this function.
  86:.\Generated_Source\PSoC5/D.c **** *
  87:.\Generated_Source\PSoC5/D.c **** * \funcusage
  88:.\Generated_Source\PSoC5/D.c **** *  \snippet D_SUT.c usage_D_SetDriveMode
  89:.\Generated_Source\PSoC5/D.c **** *******************************************************************************/
  90:.\Generated_Source\PSoC5/D.c **** void D_SetDriveMode(uint8 mode)
  91:.\Generated_Source\PSoC5/D.c **** {
  55              		.loc 1 91 0
  56              		.cfi_startproc
  57              		@ args = 0, pretend = 0, frame = 0
  58              		@ frame_needed = 0, uses_anonymous_args = 0
  59              		@ link register save eliminated.
  60              	.LVL2:
  92:.\Generated_Source\PSoC5/D.c **** 	CyPins_SetPinDriveMode(D_0, mode);
  61              		.loc 1 92 0
  62 0000 154A     		ldr	r2, .L5
  63 0002 00F00E00 		and	r0, r0, #14
  64              	.LVL3:
  65 0006 1378     		ldrb	r3, [r2]	@ zero_extendqisi2
  66 0008 03F0F103 		and	r3, r3, #241
  67 000c 0343     		orrs	r3, r3, r0
  68 000e 1370     		strb	r3, [r2]
  93:.\Generated_Source\PSoC5/D.c **** 	CyPins_SetPinDriveMode(D_1, mode);
  69              		.loc 1 93 0
  70 0010 5378     		ldrb	r3, [r2, #1]	@ zero_extendqisi2
  71 0012 03F0F103 		and	r3, r3, #241
  72 0016 0343     		orrs	r3, r3, r0
  73 0018 5370     		strb	r3, [r2, #1]
  94:.\Generated_Source\PSoC5/D.c **** 	CyPins_SetPinDriveMode(D_2, mode);
  74              		.loc 1 94 0
  75 001a 9378     		ldrb	r3, [r2, #2]	@ zero_extendqisi2
  76 001c 03F0F103 		and	r3, r3, #241
  77 0020 0343     		orrs	r3, r3, r0
ARM GAS  D:\TEMP\ccVye0jX.s 			page 4


  78 0022 9370     		strb	r3, [r2, #2]
  95:.\Generated_Source\PSoC5/D.c **** 	CyPins_SetPinDriveMode(D_3, mode);
  79              		.loc 1 95 0
  80 0024 D378     		ldrb	r3, [r2, #3]	@ zero_extendqisi2
  81 0026 03F0F103 		and	r3, r3, #241
  82 002a 0343     		orrs	r3, r3, r0
  83 002c D370     		strb	r3, [r2, #3]
  96:.\Generated_Source\PSoC5/D.c **** 	CyPins_SetPinDriveMode(D_4, mode);
  84              		.loc 1 96 0
  85 002e 1379     		ldrb	r3, [r2, #4]	@ zero_extendqisi2
  86 0030 03F0F103 		and	r3, r3, #241
  87 0034 0343     		orrs	r3, r3, r0
  88 0036 1371     		strb	r3, [r2, #4]
  97:.\Generated_Source\PSoC5/D.c **** 	CyPins_SetPinDriveMode(D_5, mode);
  89              		.loc 1 97 0
  90 0038 5379     		ldrb	r3, [r2, #5]	@ zero_extendqisi2
  91 003a 03F0F103 		and	r3, r3, #241
  92 003e 0343     		orrs	r3, r3, r0
  93 0040 5371     		strb	r3, [r2, #5]
  98:.\Generated_Source\PSoC5/D.c **** 	CyPins_SetPinDriveMode(D_6, mode);
  94              		.loc 1 98 0
  95 0042 9379     		ldrb	r3, [r2, #6]	@ zero_extendqisi2
  96 0044 03F0F103 		and	r3, r3, #241
  97 0048 0343     		orrs	r3, r3, r0
  98 004a 9371     		strb	r3, [r2, #6]
  99:.\Generated_Source\PSoC5/D.c **** 	CyPins_SetPinDriveMode(D_7, mode);
  99              		.loc 1 99 0
 100 004c D379     		ldrb	r3, [r2, #7]	@ zero_extendqisi2
 101 004e 03F0F103 		and	r3, r3, #241
 102 0052 1843     		orrs	r0, r0, r3
 103 0054 D071     		strb	r0, [r2, #7]
 104 0056 7047     		bx	lr
 105              	.L6:
 106              		.align	2
 107              	.L5:
 108 0058 10500040 		.word	1073762320
 109              		.cfi_endproc
 110              	.LFE1:
 111              		.size	D_SetDriveMode, .-D_SetDriveMode
 112              		.section	.text.D_Read,"ax",%progbits
 113              		.align	1
 114              		.global	D_Read
 115              		.thumb
 116              		.thumb_func
 117              		.type	D_Read, %function
 118              	D_Read:
 119              	.LFB2:
 100:.\Generated_Source\PSoC5/D.c **** }
 101:.\Generated_Source\PSoC5/D.c **** 
 102:.\Generated_Source\PSoC5/D.c **** 
 103:.\Generated_Source\PSoC5/D.c **** /*******************************************************************************
 104:.\Generated_Source\PSoC5/D.c **** * Function Name: D_Read
 105:.\Generated_Source\PSoC5/D.c **** ****************************************************************************//**
 106:.\Generated_Source\PSoC5/D.c **** *
 107:.\Generated_Source\PSoC5/D.c **** * \brief Reads the associated physical port (pin status register) and masks 
 108:.\Generated_Source\PSoC5/D.c **** *  the required bits according to the width and bit position of the component
 109:.\Generated_Source\PSoC5/D.c **** *  instance. 
ARM GAS  D:\TEMP\ccVye0jX.s 			page 5


 110:.\Generated_Source\PSoC5/D.c **** *
 111:.\Generated_Source\PSoC5/D.c **** * The pin's status register returns the current logic level present on the 
 112:.\Generated_Source\PSoC5/D.c **** * physical pin.
 113:.\Generated_Source\PSoC5/D.c **** *
 114:.\Generated_Source\PSoC5/D.c **** * \return 
 115:.\Generated_Source\PSoC5/D.c **** *  The current value for the pins in the component as a right justified number.
 116:.\Generated_Source\PSoC5/D.c **** *
 117:.\Generated_Source\PSoC5/D.c **** * \funcusage
 118:.\Generated_Source\PSoC5/D.c **** *  \snippet D_SUT.c usage_D_Read  
 119:.\Generated_Source\PSoC5/D.c **** *******************************************************************************/
 120:.\Generated_Source\PSoC5/D.c **** uint8 D_Read(void)
 121:.\Generated_Source\PSoC5/D.c **** {
 120              		.loc 1 121 0
 121              		.cfi_startproc
 122              		@ args = 0, pretend = 0, frame = 0
 123              		@ frame_needed = 0, uses_anonymous_args = 0
 124              		@ link register save eliminated.
 122:.\Generated_Source\PSoC5/D.c ****     return (D_PS & D_MASK) >> D_SHIFT;
 125              		.loc 1 122 0
 126 0000 014B     		ldr	r3, .L8
 127 0002 1878     		ldrb	r0, [r3]	@ zero_extendqisi2
 123:.\Generated_Source\PSoC5/D.c **** }
 128              		.loc 1 123 0
 129 0004 7047     		bx	lr
 130              	.L9:
 131 0006 00BF     		.align	2
 132              	.L8:
 133 0008 21510040 		.word	1073762593
 134              		.cfi_endproc
 135              	.LFE2:
 136              		.size	D_Read, .-D_Read
 137              		.section	.text.D_ReadDataReg,"ax",%progbits
 138              		.align	1
 139              		.global	D_ReadDataReg
 140              		.thumb
 141              		.thumb_func
 142              		.type	D_ReadDataReg, %function
 143              	D_ReadDataReg:
 144              	.LFB3:
 124:.\Generated_Source\PSoC5/D.c **** 
 125:.\Generated_Source\PSoC5/D.c **** 
 126:.\Generated_Source\PSoC5/D.c **** /*******************************************************************************
 127:.\Generated_Source\PSoC5/D.c **** * Function Name: D_ReadDataReg
 128:.\Generated_Source\PSoC5/D.c **** ****************************************************************************//**
 129:.\Generated_Source\PSoC5/D.c **** *
 130:.\Generated_Source\PSoC5/D.c **** * \brief Reads the associated physical port's data output register and masks 
 131:.\Generated_Source\PSoC5/D.c **** *  the correct bits according to the width and bit position of the component 
 132:.\Generated_Source\PSoC5/D.c **** *  instance. 
 133:.\Generated_Source\PSoC5/D.c **** *
 134:.\Generated_Source\PSoC5/D.c **** * The data output register controls the signal applied to the physical pin in 
 135:.\Generated_Source\PSoC5/D.c **** * conjunction with the drive mode parameter. This is not the same as the 
 136:.\Generated_Source\PSoC5/D.c **** * preferred D_Read() API because the 
 137:.\Generated_Source\PSoC5/D.c **** * D_ReadDataReg() reads the data register instead of the status 
 138:.\Generated_Source\PSoC5/D.c **** * register. For output pins this is a useful function to determine the value 
 139:.\Generated_Source\PSoC5/D.c **** * just written to the pin.
 140:.\Generated_Source\PSoC5/D.c **** *
 141:.\Generated_Source\PSoC5/D.c **** * \return 
ARM GAS  D:\TEMP\ccVye0jX.s 			page 6


 142:.\Generated_Source\PSoC5/D.c **** *  The current value of the data register masked and shifted into a right 
 143:.\Generated_Source\PSoC5/D.c **** *  justified number for the component instance.
 144:.\Generated_Source\PSoC5/D.c **** *
 145:.\Generated_Source\PSoC5/D.c **** * \funcusage
 146:.\Generated_Source\PSoC5/D.c **** *  \snippet D_SUT.c usage_D_ReadDataReg 
 147:.\Generated_Source\PSoC5/D.c **** *******************************************************************************/
 148:.\Generated_Source\PSoC5/D.c **** uint8 D_ReadDataReg(void)
 149:.\Generated_Source\PSoC5/D.c **** {
 145              		.loc 1 149 0
 146              		.cfi_startproc
 147              		@ args = 0, pretend = 0, frame = 0
 148              		@ frame_needed = 0, uses_anonymous_args = 0
 149              		@ link register save eliminated.
 150:.\Generated_Source\PSoC5/D.c ****     return (D_DR & D_MASK) >> D_SHIFT;
 150              		.loc 1 150 0
 151 0000 014B     		ldr	r3, .L11
 152 0002 1878     		ldrb	r0, [r3]	@ zero_extendqisi2
 151:.\Generated_Source\PSoC5/D.c **** }
 153              		.loc 1 151 0
 154 0004 7047     		bx	lr
 155              	.L12:
 156 0006 00BF     		.align	2
 157              	.L11:
 158 0008 20510040 		.word	1073762592
 159              		.cfi_endproc
 160              	.LFE3:
 161              		.size	D_ReadDataReg, .-D_ReadDataReg
 162              		.text
 163              	.Letext0:
 164              		.file 2 ".\\Generated_Source\\PSoC5\\cytypes.h"
 165              		.section	.debug_info,"",%progbits
 166              	.Ldebug_info0:
 167 0000 18010000 		.4byte	0x118
 168 0004 0400     		.2byte	0x4
 169 0006 00000000 		.4byte	.Ldebug_abbrev0
 170 000a 04       		.byte	0x4
 171 000b 01       		.uleb128 0x1
 172 000c 33010000 		.4byte	.LASF20
 173 0010 01       		.byte	0x1
 174 0011 BA000000 		.4byte	.LASF21
 175 0015 48000000 		.4byte	.LASF22
 176 0019 00000000 		.4byte	.Ldebug_ranges0+0
 177 001d 00000000 		.4byte	0
 178 0021 00000000 		.4byte	.Ldebug_line0
 179 0025 02       		.uleb128 0x2
 180 0026 01       		.byte	0x1
 181 0027 06       		.byte	0x6
 182 0028 CA010000 		.4byte	.LASF0
 183 002c 02       		.uleb128 0x2
 184 002d 01       		.byte	0x1
 185 002e 08       		.byte	0x8
 186 002f 3A000000 		.4byte	.LASF1
 187 0033 02       		.uleb128 0x2
 188 0034 02       		.byte	0x2
 189 0035 05       		.byte	0x5
 190 0036 29010000 		.4byte	.LASF2
 191 003a 02       		.uleb128 0x2
ARM GAS  D:\TEMP\ccVye0jX.s 			page 7


 192 003b 02       		.byte	0x2
 193 003c 07       		.byte	0x7
 194 003d A7000000 		.4byte	.LASF3
 195 0041 02       		.uleb128 0x2
 196 0042 04       		.byte	0x4
 197 0043 05       		.byte	0x5
 198 0044 C1010000 		.4byte	.LASF4
 199 0048 02       		.uleb128 0x2
 200 0049 04       		.byte	0x4
 201 004a 07       		.byte	0x7
 202 004b 95000000 		.4byte	.LASF5
 203 004f 02       		.uleb128 0x2
 204 0050 08       		.byte	0x8
 205 0051 05       		.byte	0x5
 206 0052 16010000 		.4byte	.LASF6
 207 0056 02       		.uleb128 0x2
 208 0057 08       		.byte	0x8
 209 0058 07       		.byte	0x7
 210 0059 EB000000 		.4byte	.LASF7
 211 005d 03       		.uleb128 0x3
 212 005e 04       		.byte	0x4
 213 005f 05       		.byte	0x5
 214 0060 696E7400 		.ascii	"int\000"
 215 0064 02       		.uleb128 0x2
 216 0065 04       		.byte	0x4
 217 0066 07       		.byte	0x7
 218 0067 DE000000 		.4byte	.LASF8
 219 006b 04       		.uleb128 0x4
 220 006c 34000000 		.4byte	.LASF12
 221 0070 02       		.byte	0x2
 222 0071 9201     		.2byte	0x192
 223 0073 2C000000 		.4byte	0x2c
 224 0077 02       		.uleb128 0x2
 225 0078 04       		.byte	0x4
 226 0079 04       		.byte	0x4
 227 007a 2E000000 		.4byte	.LASF9
 228 007e 02       		.uleb128 0x2
 229 007f 08       		.byte	0x8
 230 0080 04       		.byte	0x4
 231 0081 D7000000 		.4byte	.LASF10
 232 0085 02       		.uleb128 0x2
 233 0086 01       		.byte	0x1
 234 0087 08       		.byte	0x8
 235 0088 24010000 		.4byte	.LASF11
 236 008c 04       		.uleb128 0x4
 237 008d 90000000 		.4byte	.LASF13
 238 0091 02       		.byte	0x2
 239 0092 3C02     		.2byte	0x23c
 240 0094 98000000 		.4byte	0x98
 241 0098 05       		.uleb128 0x5
 242 0099 6B000000 		.4byte	0x6b
 243 009d 06       		.uleb128 0x6
 244 009e 00000000 		.4byte	.LASF14
 245 00a2 01       		.byte	0x1
 246 00a3 39       		.byte	0x39
 247 00a4 00000000 		.4byte	.LFB0
 248 00a8 0C000000 		.4byte	.LFE0-.LFB0
ARM GAS  D:\TEMP\ccVye0jX.s 			page 8


 249 00ac 01       		.uleb128 0x1
 250 00ad 9C       		.byte	0x9c
 251 00ae CC000000 		.4byte	0xcc
 252 00b2 07       		.uleb128 0x7
 253 00b3 08000000 		.4byte	.LASF16
 254 00b7 01       		.byte	0x1
 255 00b8 39       		.byte	0x39
 256 00b9 6B000000 		.4byte	0x6b
 257 00bd 01       		.uleb128 0x1
 258 00be 50       		.byte	0x50
 259 00bf 08       		.uleb128 0x8
 260 00c0 0E000000 		.4byte	.LASF23
 261 00c4 01       		.byte	0x1
 262 00c5 3B       		.byte	0x3b
 263 00c6 6B000000 		.4byte	0x6b
 264 00ca 00       		.byte	0
 265 00cb 00       		.byte	0
 266 00cc 06       		.uleb128 0x6
 267 00cd 07010000 		.4byte	.LASF15
 268 00d1 01       		.byte	0x1
 269 00d2 5A       		.byte	0x5a
 270 00d3 00000000 		.4byte	.LFB1
 271 00d7 5C000000 		.4byte	.LFE1-.LFB1
 272 00db 01       		.uleb128 0x1
 273 00dc 9C       		.byte	0x9c
 274 00dd F1000000 		.4byte	0xf1
 275 00e1 09       		.uleb128 0x9
 276 00e2 02010000 		.4byte	.LASF17
 277 00e6 01       		.byte	0x1
 278 00e7 5A       		.byte	0x5a
 279 00e8 6B000000 		.4byte	0x6b
 280 00ec 00000000 		.4byte	.LLST0
 281 00f0 00       		.byte	0
 282 00f1 0A       		.uleb128 0xa
 283 00f2 27000000 		.4byte	.LASF18
 284 00f6 01       		.byte	0x1
 285 00f7 78       		.byte	0x78
 286 00f8 6B000000 		.4byte	0x6b
 287 00fc 00000000 		.4byte	.LFB2
 288 0100 0C000000 		.4byte	.LFE2-.LFB2
 289 0104 01       		.uleb128 0x1
 290 0105 9C       		.byte	0x9c
 291 0106 0A       		.uleb128 0xa
 292 0107 19000000 		.4byte	.LASF19
 293 010b 01       		.byte	0x1
 294 010c 94       		.byte	0x94
 295 010d 6B000000 		.4byte	0x6b
 296 0111 00000000 		.4byte	.LFB3
 297 0115 0C000000 		.4byte	.LFE3-.LFB3
 298 0119 01       		.uleb128 0x1
 299 011a 9C       		.byte	0x9c
 300 011b 00       		.byte	0
 301              		.section	.debug_abbrev,"",%progbits
 302              	.Ldebug_abbrev0:
 303 0000 01       		.uleb128 0x1
 304 0001 11       		.uleb128 0x11
 305 0002 01       		.byte	0x1
ARM GAS  D:\TEMP\ccVye0jX.s 			page 9


 306 0003 25       		.uleb128 0x25
 307 0004 0E       		.uleb128 0xe
 308 0005 13       		.uleb128 0x13
 309 0006 0B       		.uleb128 0xb
 310 0007 03       		.uleb128 0x3
 311 0008 0E       		.uleb128 0xe
 312 0009 1B       		.uleb128 0x1b
 313 000a 0E       		.uleb128 0xe
 314 000b 55       		.uleb128 0x55
 315 000c 17       		.uleb128 0x17
 316 000d 11       		.uleb128 0x11
 317 000e 01       		.uleb128 0x1
 318 000f 10       		.uleb128 0x10
 319 0010 17       		.uleb128 0x17
 320 0011 00       		.byte	0
 321 0012 00       		.byte	0
 322 0013 02       		.uleb128 0x2
 323 0014 24       		.uleb128 0x24
 324 0015 00       		.byte	0
 325 0016 0B       		.uleb128 0xb
 326 0017 0B       		.uleb128 0xb
 327 0018 3E       		.uleb128 0x3e
 328 0019 0B       		.uleb128 0xb
 329 001a 03       		.uleb128 0x3
 330 001b 0E       		.uleb128 0xe
 331 001c 00       		.byte	0
 332 001d 00       		.byte	0
 333 001e 03       		.uleb128 0x3
 334 001f 24       		.uleb128 0x24
 335 0020 00       		.byte	0
 336 0021 0B       		.uleb128 0xb
 337 0022 0B       		.uleb128 0xb
 338 0023 3E       		.uleb128 0x3e
 339 0024 0B       		.uleb128 0xb
 340 0025 03       		.uleb128 0x3
 341 0026 08       		.uleb128 0x8
 342 0027 00       		.byte	0
 343 0028 00       		.byte	0
 344 0029 04       		.uleb128 0x4
 345 002a 16       		.uleb128 0x16
 346 002b 00       		.byte	0
 347 002c 03       		.uleb128 0x3
 348 002d 0E       		.uleb128 0xe
 349 002e 3A       		.uleb128 0x3a
 350 002f 0B       		.uleb128 0xb
 351 0030 3B       		.uleb128 0x3b
 352 0031 05       		.uleb128 0x5
 353 0032 49       		.uleb128 0x49
 354 0033 13       		.uleb128 0x13
 355 0034 00       		.byte	0
 356 0035 00       		.byte	0
 357 0036 05       		.uleb128 0x5
 358 0037 35       		.uleb128 0x35
 359 0038 00       		.byte	0
 360 0039 49       		.uleb128 0x49
 361 003a 13       		.uleb128 0x13
 362 003b 00       		.byte	0
ARM GAS  D:\TEMP\ccVye0jX.s 			page 10


 363 003c 00       		.byte	0
 364 003d 06       		.uleb128 0x6
 365 003e 2E       		.uleb128 0x2e
 366 003f 01       		.byte	0x1
 367 0040 3F       		.uleb128 0x3f
 368 0041 19       		.uleb128 0x19
 369 0042 03       		.uleb128 0x3
 370 0043 0E       		.uleb128 0xe
 371 0044 3A       		.uleb128 0x3a
 372 0045 0B       		.uleb128 0xb
 373 0046 3B       		.uleb128 0x3b
 374 0047 0B       		.uleb128 0xb
 375 0048 27       		.uleb128 0x27
 376 0049 19       		.uleb128 0x19
 377 004a 11       		.uleb128 0x11
 378 004b 01       		.uleb128 0x1
 379 004c 12       		.uleb128 0x12
 380 004d 06       		.uleb128 0x6
 381 004e 40       		.uleb128 0x40
 382 004f 18       		.uleb128 0x18
 383 0050 9742     		.uleb128 0x2117
 384 0052 19       		.uleb128 0x19
 385 0053 01       		.uleb128 0x1
 386 0054 13       		.uleb128 0x13
 387 0055 00       		.byte	0
 388 0056 00       		.byte	0
 389 0057 07       		.uleb128 0x7
 390 0058 05       		.uleb128 0x5
 391 0059 00       		.byte	0
 392 005a 03       		.uleb128 0x3
 393 005b 0E       		.uleb128 0xe
 394 005c 3A       		.uleb128 0x3a
 395 005d 0B       		.uleb128 0xb
 396 005e 3B       		.uleb128 0x3b
 397 005f 0B       		.uleb128 0xb
 398 0060 49       		.uleb128 0x49
 399 0061 13       		.uleb128 0x13
 400 0062 02       		.uleb128 0x2
 401 0063 18       		.uleb128 0x18
 402 0064 00       		.byte	0
 403 0065 00       		.byte	0
 404 0066 08       		.uleb128 0x8
 405 0067 34       		.uleb128 0x34
 406 0068 00       		.byte	0
 407 0069 03       		.uleb128 0x3
 408 006a 0E       		.uleb128 0xe
 409 006b 3A       		.uleb128 0x3a
 410 006c 0B       		.uleb128 0xb
 411 006d 3B       		.uleb128 0x3b
 412 006e 0B       		.uleb128 0xb
 413 006f 49       		.uleb128 0x49
 414 0070 13       		.uleb128 0x13
 415 0071 1C       		.uleb128 0x1c
 416 0072 0B       		.uleb128 0xb
 417 0073 00       		.byte	0
 418 0074 00       		.byte	0
 419 0075 09       		.uleb128 0x9
ARM GAS  D:\TEMP\ccVye0jX.s 			page 11


 420 0076 05       		.uleb128 0x5
 421 0077 00       		.byte	0
 422 0078 03       		.uleb128 0x3
 423 0079 0E       		.uleb128 0xe
 424 007a 3A       		.uleb128 0x3a
 425 007b 0B       		.uleb128 0xb
 426 007c 3B       		.uleb128 0x3b
 427 007d 0B       		.uleb128 0xb
 428 007e 49       		.uleb128 0x49
 429 007f 13       		.uleb128 0x13
 430 0080 02       		.uleb128 0x2
 431 0081 17       		.uleb128 0x17
 432 0082 00       		.byte	0
 433 0083 00       		.byte	0
 434 0084 0A       		.uleb128 0xa
 435 0085 2E       		.uleb128 0x2e
 436 0086 00       		.byte	0
 437 0087 3F       		.uleb128 0x3f
 438 0088 19       		.uleb128 0x19
 439 0089 03       		.uleb128 0x3
 440 008a 0E       		.uleb128 0xe
 441 008b 3A       		.uleb128 0x3a
 442 008c 0B       		.uleb128 0xb
 443 008d 3B       		.uleb128 0x3b
 444 008e 0B       		.uleb128 0xb
 445 008f 27       		.uleb128 0x27
 446 0090 19       		.uleb128 0x19
 447 0091 49       		.uleb128 0x49
 448 0092 13       		.uleb128 0x13
 449 0093 11       		.uleb128 0x11
 450 0094 01       		.uleb128 0x1
 451 0095 12       		.uleb128 0x12
 452 0096 06       		.uleb128 0x6
 453 0097 40       		.uleb128 0x40
 454 0098 18       		.uleb128 0x18
 455 0099 9742     		.uleb128 0x2117
 456 009b 19       		.uleb128 0x19
 457 009c 00       		.byte	0
 458 009d 00       		.byte	0
 459 009e 00       		.byte	0
 460              		.section	.debug_loc,"",%progbits
 461              	.Ldebug_loc0:
 462              	.LLST0:
 463 0000 00000000 		.4byte	.LVL2
 464 0004 06000000 		.4byte	.LVL3
 465 0008 0100     		.2byte	0x1
 466 000a 50       		.byte	0x50
 467 000b 06000000 		.4byte	.LVL3
 468 000f 5C000000 		.4byte	.LFE1
 469 0013 0400     		.2byte	0x4
 470 0015 F3       		.byte	0xf3
 471 0016 01       		.uleb128 0x1
 472 0017 50       		.byte	0x50
 473 0018 9F       		.byte	0x9f
 474 0019 00000000 		.4byte	0
 475 001d 00000000 		.4byte	0
 476              		.section	.debug_aranges,"",%progbits
ARM GAS  D:\TEMP\ccVye0jX.s 			page 12


 477 0000 34000000 		.4byte	0x34
 478 0004 0200     		.2byte	0x2
 479 0006 00000000 		.4byte	.Ldebug_info0
 480 000a 04       		.byte	0x4
 481 000b 00       		.byte	0
 482 000c 0000     		.2byte	0
 483 000e 0000     		.2byte	0
 484 0010 00000000 		.4byte	.LFB0
 485 0014 0C000000 		.4byte	.LFE0-.LFB0
 486 0018 00000000 		.4byte	.LFB1
 487 001c 5C000000 		.4byte	.LFE1-.LFB1
 488 0020 00000000 		.4byte	.LFB2
 489 0024 0C000000 		.4byte	.LFE2-.LFB2
 490 0028 00000000 		.4byte	.LFB3
 491 002c 0C000000 		.4byte	.LFE3-.LFB3
 492 0030 00000000 		.4byte	0
 493 0034 00000000 		.4byte	0
 494              		.section	.debug_ranges,"",%progbits
 495              	.Ldebug_ranges0:
 496 0000 00000000 		.4byte	.LFB0
 497 0004 0C000000 		.4byte	.LFE0
 498 0008 00000000 		.4byte	.LFB1
 499 000c 5C000000 		.4byte	.LFE1
 500 0010 00000000 		.4byte	.LFB2
 501 0014 0C000000 		.4byte	.LFE2
 502 0018 00000000 		.4byte	.LFB3
 503 001c 0C000000 		.4byte	.LFE3
 504 0020 00000000 		.4byte	0
 505 0024 00000000 		.4byte	0
 506              		.section	.debug_line,"",%progbits
 507              	.Ldebug_line0:
 508 0000 93000000 		.section	.debug_str,"MS",%progbits,1
 508      02004000 
 508      00000201 
 508      FB0E0D00 
 508      01010101 
 509              	.LASF14:
 510 0000 445F5772 		.ascii	"D_Write\000"
 510      69746500 
 511              	.LASF16:
 512 0008 76616C75 		.ascii	"value\000"
 512      6500
 513              	.LASF23:
 514 000e 73746174 		.ascii	"staticBits\000"
 514      69634269 
 514      747300
 515              	.LASF19:
 516 0019 445F5265 		.ascii	"D_ReadDataReg\000"
 516      61644461 
 516      74615265 
 516      6700
 517              	.LASF18:
 518 0027 445F5265 		.ascii	"D_Read\000"
 518      616400
 519              	.LASF9:
 520 002e 666C6F61 		.ascii	"float\000"
 520      7400
ARM GAS  D:\TEMP\ccVye0jX.s 			page 13


 521              	.LASF12:
 522 0034 75696E74 		.ascii	"uint8\000"
 522      3800
 523              	.LASF1:
 524 003a 756E7369 		.ascii	"unsigned char\000"
 524      676E6564 
 524      20636861 
 524      7200
 525              	.LASF22:
 526 0048 443A5C44 		.ascii	"D:\\Documents\\Computer Science\\PSoc\\ECE3091 Auto"
 526      6F63756D 
 526      656E7473 
 526      5C436F6D 
 526      70757465 
 527 0077 5075636B 		.ascii	"PuckPickup\\Display.cydsn\000"
 527      5069636B 
 527      75705C44 
 527      6973706C 
 527      61792E63 
 528              	.LASF13:
 529 0090 72656738 		.ascii	"reg8\000"
 529      00
 530              	.LASF5:
 531 0095 6C6F6E67 		.ascii	"long unsigned int\000"
 531      20756E73 
 531      69676E65 
 531      6420696E 
 531      7400
 532              	.LASF3:
 533 00a7 73686F72 		.ascii	"short unsigned int\000"
 533      7420756E 
 533      7369676E 
 533      65642069 
 533      6E7400
 534              	.LASF21:
 535 00ba 2E5C4765 		.ascii	".\\Generated_Source\\PSoC5\\D.c\000"
 535      6E657261 
 535      7465645F 
 535      536F7572 
 535      63655C50 
 536              	.LASF10:
 537 00d7 646F7562 		.ascii	"double\000"
 537      6C6500
 538              	.LASF8:
 539 00de 756E7369 		.ascii	"unsigned int\000"
 539      676E6564 
 539      20696E74 
 539      00
 540              	.LASF7:
 541 00eb 6C6F6E67 		.ascii	"long long unsigned int\000"
 541      206C6F6E 
 541      6720756E 
 541      7369676E 
 541      65642069 
 542              	.LASF17:
 543 0102 6D6F6465 		.ascii	"mode\000"
 543      00
ARM GAS  D:\TEMP\ccVye0jX.s 			page 14


 544              	.LASF15:
 545 0107 445F5365 		.ascii	"D_SetDriveMode\000"
 545      74447269 
 545      76654D6F 
 545      646500
 546              	.LASF6:
 547 0116 6C6F6E67 		.ascii	"long long int\000"
 547      206C6F6E 
 547      6720696E 
 547      7400
 548              	.LASF11:
 549 0124 63686172 		.ascii	"char\000"
 549      00
 550              	.LASF2:
 551 0129 73686F72 		.ascii	"short int\000"
 551      7420696E 
 551      7400
 552              	.LASF20:
 553 0133 474E5520 		.ascii	"GNU C 4.9.3 20150303 (release) [ARM/embedded-4_9-br"
 553      4320342E 
 553      392E3320 
 553      32303135 
 553      30333033 
 554 0166 616E6368 		.ascii	"anch revision 221220] -mcpu=cortex-m3 -mthumb -g -O"
 554      20726576 
 554      6973696F 
 554      6E203232 
 554      31323230 
 555 0199 73202D66 		.ascii	"s -ffunction-sections -ffat-lto-objects\000"
 555      66756E63 
 555      74696F6E 
 555      2D736563 
 555      74696F6E 
 556              	.LASF4:
 557 01c1 6C6F6E67 		.ascii	"long int\000"
 557      20696E74 
 557      00
 558              	.LASF0:
 559 01ca 7369676E 		.ascii	"signed char\000"
 559      65642063 
 559      68617200 
 560              		.ident	"GCC: (GNU Tools for ARM Embedded Processors) 4.9.3 20150303 (release) [ARM/embedded-4_9-br
