ARM GAS  D:\TEMP\ccWJW3v8.s 			page 1


   1              		.syntax unified
   2              		.cpu cortex-m3
   3              		.fpu softvfp
   4              		.eabi_attribute 20, 1
   5              		.eabi_attribute 21, 1
   6              		.eabi_attribute 23, 3
   7              		.eabi_attribute 24, 1
   8              		.eabi_attribute 25, 1
   9              		.eabi_attribute 26, 1
  10              		.eabi_attribute 30, 4
  11              		.eabi_attribute 34, 1
  12              		.eabi_attribute 18, 4
  13              		.thumb
  14              		.file	"Quad_2_PM.c"
  15              		.text
  16              	.Ltext0:
  17              		.cfi_sections	.debug_frame
  18              		.section	.text.Quad_2_SaveConfig,"ax",%progbits
  19              		.align	1
  20              		.global	Quad_2_SaveConfig
  21              		.thumb
  22              		.thumb_func
  23              		.type	Quad_2_SaveConfig, %function
  24              	Quad_2_SaveConfig:
  25              	.LFB0:
  26              		.file 1 ".\\Generated_Source\\PSoC5\\Quad_2_PM.c"
   1:.\Generated_Source\PSoC5/Quad_2_PM.c **** /*******************************************************************************
   2:.\Generated_Source\PSoC5/Quad_2_PM.c **** * File Name: Quad_2_PM.c
   3:.\Generated_Source\PSoC5/Quad_2_PM.c **** * Version 3.0
   4:.\Generated_Source\PSoC5/Quad_2_PM.c **** *
   5:.\Generated_Source\PSoC5/Quad_2_PM.c **** * Description:
   6:.\Generated_Source\PSoC5/Quad_2_PM.c **** *  This file contains the setup, control and status commands to support 
   7:.\Generated_Source\PSoC5/Quad_2_PM.c **** *  component operations in low power mode.  
   8:.\Generated_Source\PSoC5/Quad_2_PM.c **** *
   9:.\Generated_Source\PSoC5/Quad_2_PM.c **** * Note:
  10:.\Generated_Source\PSoC5/Quad_2_PM.c **** *  None.
  11:.\Generated_Source\PSoC5/Quad_2_PM.c **** *
  12:.\Generated_Source\PSoC5/Quad_2_PM.c **** ********************************************************************************
  13:.\Generated_Source\PSoC5/Quad_2_PM.c **** * Copyright 2008-2014, Cypress Semiconductor Corporation.  All rights reserved.
  14:.\Generated_Source\PSoC5/Quad_2_PM.c **** * You may use this file only in accordance with the license, terms, conditions,
  15:.\Generated_Source\PSoC5/Quad_2_PM.c **** * disclaimers, and limitations in the end user license agreement accompanying
  16:.\Generated_Source\PSoC5/Quad_2_PM.c **** * the software package with which this file was provided.
  17:.\Generated_Source\PSoC5/Quad_2_PM.c **** *******************************************************************************/
  18:.\Generated_Source\PSoC5/Quad_2_PM.c **** 
  19:.\Generated_Source\PSoC5/Quad_2_PM.c **** #include "Quad_2.h"
  20:.\Generated_Source\PSoC5/Quad_2_PM.c **** 
  21:.\Generated_Source\PSoC5/Quad_2_PM.c **** static Quad_2_BACKUP_STRUCT Quad_2_backup = {0u};
  22:.\Generated_Source\PSoC5/Quad_2_PM.c **** 
  23:.\Generated_Source\PSoC5/Quad_2_PM.c **** 
  24:.\Generated_Source\PSoC5/Quad_2_PM.c **** /*******************************************************************************
  25:.\Generated_Source\PSoC5/Quad_2_PM.c **** * Function Name: Quad_2_SaveConfig
  26:.\Generated_Source\PSoC5/Quad_2_PM.c **** ********************************************************************************
  27:.\Generated_Source\PSoC5/Quad_2_PM.c **** * Summary:
  28:.\Generated_Source\PSoC5/Quad_2_PM.c **** *  Saves the current user configuration of the component.
  29:.\Generated_Source\PSoC5/Quad_2_PM.c **** *
  30:.\Generated_Source\PSoC5/Quad_2_PM.c **** * Parameters:
  31:.\Generated_Source\PSoC5/Quad_2_PM.c **** *  None.
ARM GAS  D:\TEMP\ccWJW3v8.s 			page 2


  32:.\Generated_Source\PSoC5/Quad_2_PM.c **** *
  33:.\Generated_Source\PSoC5/Quad_2_PM.c **** * Return:
  34:.\Generated_Source\PSoC5/Quad_2_PM.c **** *  None.
  35:.\Generated_Source\PSoC5/Quad_2_PM.c **** *
  36:.\Generated_Source\PSoC5/Quad_2_PM.c **** *******************************************************************************/
  37:.\Generated_Source\PSoC5/Quad_2_PM.c **** void Quad_2_SaveConfig(void) 
  38:.\Generated_Source\PSoC5/Quad_2_PM.c **** {
  27              		.loc 1 38 0
  28              		.cfi_startproc
  29              		@ args = 0, pretend = 0, frame = 0
  30              		@ frame_needed = 0, uses_anonymous_args = 0
  31              		@ link register save eliminated.
  39:.\Generated_Source\PSoC5/Quad_2_PM.c ****     #if (Quad_2_COUNTER_SIZE == Quad_2_COUNTER_SIZE_8_BIT)
  40:.\Generated_Source\PSoC5/Quad_2_PM.c ****         Quad_2_Cnt8_SaveConfig();
  41:.\Generated_Source\PSoC5/Quad_2_PM.c ****     #else 
  42:.\Generated_Source\PSoC5/Quad_2_PM.c ****         /* (Quad_2_COUNTER_SIZE == Quad_2_COUNTER_SIZE_16_BIT) || 
  43:.\Generated_Source\PSoC5/Quad_2_PM.c ****          * (Quad_2_COUNTER_SIZE == Quad_2_COUNTER_SIZE_32_BIT)
  44:.\Generated_Source\PSoC5/Quad_2_PM.c ****          */
  45:.\Generated_Source\PSoC5/Quad_2_PM.c ****         Quad_2_Cnt16_SaveConfig();
  32              		.loc 1 45 0
  33 0000 FFF7FEBF 		b	Quad_2_Cnt16_SaveConfig
  34              	.LVL0:
  35              		.cfi_endproc
  36              	.LFE0:
  37              		.size	Quad_2_SaveConfig, .-Quad_2_SaveConfig
  38              		.section	.text.Quad_2_RestoreConfig,"ax",%progbits
  39              		.align	1
  40              		.global	Quad_2_RestoreConfig
  41              		.thumb
  42              		.thumb_func
  43              		.type	Quad_2_RestoreConfig, %function
  44              	Quad_2_RestoreConfig:
  45              	.LFB1:
  46:.\Generated_Source\PSoC5/Quad_2_PM.c ****     #endif /* (Quad_2_COUNTER_SIZE == Quad_2_COUNTER_SIZE_8_BIT) */
  47:.\Generated_Source\PSoC5/Quad_2_PM.c **** }
  48:.\Generated_Source\PSoC5/Quad_2_PM.c **** 
  49:.\Generated_Source\PSoC5/Quad_2_PM.c **** 
  50:.\Generated_Source\PSoC5/Quad_2_PM.c **** /*******************************************************************************
  51:.\Generated_Source\PSoC5/Quad_2_PM.c **** * Function Name: Quad_2_RestoreConfig
  52:.\Generated_Source\PSoC5/Quad_2_PM.c **** ********************************************************************************
  53:.\Generated_Source\PSoC5/Quad_2_PM.c **** * Summary:
  54:.\Generated_Source\PSoC5/Quad_2_PM.c **** *  Restores the current user configuration of the component.
  55:.\Generated_Source\PSoC5/Quad_2_PM.c **** *
  56:.\Generated_Source\PSoC5/Quad_2_PM.c **** * Parameters:
  57:.\Generated_Source\PSoC5/Quad_2_PM.c **** *  None.
  58:.\Generated_Source\PSoC5/Quad_2_PM.c **** *
  59:.\Generated_Source\PSoC5/Quad_2_PM.c **** * Return:
  60:.\Generated_Source\PSoC5/Quad_2_PM.c **** *  None.
  61:.\Generated_Source\PSoC5/Quad_2_PM.c **** *
  62:.\Generated_Source\PSoC5/Quad_2_PM.c **** *******************************************************************************/
  63:.\Generated_Source\PSoC5/Quad_2_PM.c **** void Quad_2_RestoreConfig(void) 
  64:.\Generated_Source\PSoC5/Quad_2_PM.c **** {
  46              		.loc 1 64 0
  47              		.cfi_startproc
  48              		@ args = 0, pretend = 0, frame = 0
  49              		@ frame_needed = 0, uses_anonymous_args = 0
  50              		@ link register save eliminated.
ARM GAS  D:\TEMP\ccWJW3v8.s 			page 3


  65:.\Generated_Source\PSoC5/Quad_2_PM.c ****     #if (Quad_2_COUNTER_SIZE == Quad_2_COUNTER_SIZE_8_BIT)
  66:.\Generated_Source\PSoC5/Quad_2_PM.c ****         Quad_2_Cnt8_RestoreConfig();
  67:.\Generated_Source\PSoC5/Quad_2_PM.c ****     #else 
  68:.\Generated_Source\PSoC5/Quad_2_PM.c ****         /* (Quad_2_COUNTER_SIZE == Quad_2_COUNTER_SIZE_16_BIT) || 
  69:.\Generated_Source\PSoC5/Quad_2_PM.c ****          * (Quad_2_COUNTER_SIZE == Quad_2_COUNTER_SIZE_32_BIT) 
  70:.\Generated_Source\PSoC5/Quad_2_PM.c ****          */
  71:.\Generated_Source\PSoC5/Quad_2_PM.c ****         Quad_2_Cnt16_RestoreConfig();
  51              		.loc 1 71 0
  52 0000 FFF7FEBF 		b	Quad_2_Cnt16_RestoreConfig
  53              	.LVL1:
  54              		.cfi_endproc
  55              	.LFE1:
  56              		.size	Quad_2_RestoreConfig, .-Quad_2_RestoreConfig
  57              		.section	.text.Quad_2_Sleep,"ax",%progbits
  58              		.align	1
  59              		.global	Quad_2_Sleep
  60              		.thumb
  61              		.thumb_func
  62              		.type	Quad_2_Sleep, %function
  63              	Quad_2_Sleep:
  64              	.LFB2:
  72:.\Generated_Source\PSoC5/Quad_2_PM.c ****     #endif /* (Quad_2_COUNTER_SIZE == Quad_2_COUNTER_SIZE_8_BIT) */
  73:.\Generated_Source\PSoC5/Quad_2_PM.c **** }
  74:.\Generated_Source\PSoC5/Quad_2_PM.c **** 
  75:.\Generated_Source\PSoC5/Quad_2_PM.c **** 
  76:.\Generated_Source\PSoC5/Quad_2_PM.c **** /*******************************************************************************
  77:.\Generated_Source\PSoC5/Quad_2_PM.c **** * Function Name: Quad_2_Sleep
  78:.\Generated_Source\PSoC5/Quad_2_PM.c **** ********************************************************************************
  79:.\Generated_Source\PSoC5/Quad_2_PM.c **** * 
  80:.\Generated_Source\PSoC5/Quad_2_PM.c **** * Summary:
  81:.\Generated_Source\PSoC5/Quad_2_PM.c **** *  Prepare Quadrature Decoder Component goes to sleep.
  82:.\Generated_Source\PSoC5/Quad_2_PM.c **** *
  83:.\Generated_Source\PSoC5/Quad_2_PM.c **** * Parameters:
  84:.\Generated_Source\PSoC5/Quad_2_PM.c **** *  None.
  85:.\Generated_Source\PSoC5/Quad_2_PM.c **** *
  86:.\Generated_Source\PSoC5/Quad_2_PM.c **** * Return:
  87:.\Generated_Source\PSoC5/Quad_2_PM.c **** *  None.
  88:.\Generated_Source\PSoC5/Quad_2_PM.c **** *
  89:.\Generated_Source\PSoC5/Quad_2_PM.c **** * Global Variables:
  90:.\Generated_Source\PSoC5/Quad_2_PM.c **** *  Quad_2_backup - modified when non-retention registers are saved.
  91:.\Generated_Source\PSoC5/Quad_2_PM.c **** *
  92:.\Generated_Source\PSoC5/Quad_2_PM.c **** * Reentrant:
  93:.\Generated_Source\PSoC5/Quad_2_PM.c **** *  No.
  94:.\Generated_Source\PSoC5/Quad_2_PM.c **** *
  95:.\Generated_Source\PSoC5/Quad_2_PM.c **** *******************************************************************************/
  96:.\Generated_Source\PSoC5/Quad_2_PM.c **** void Quad_2_Sleep(void) 
  97:.\Generated_Source\PSoC5/Quad_2_PM.c **** {
  65              		.loc 1 97 0
  66              		.cfi_startproc
  67              		@ args = 0, pretend = 0, frame = 0
  68              		@ frame_needed = 0, uses_anonymous_args = 0
  69 0000 08B5     		push	{r3, lr}
  70              		.cfi_def_cfa_offset 8
  71              		.cfi_offset 3, -8
  72              		.cfi_offset 14, -4
  98:.\Generated_Source\PSoC5/Quad_2_PM.c ****     if (0u != (Quad_2_SR_AUX_CONTROL & Quad_2_INTERRUPTS_ENABLE))
  73              		.loc 1 98 0
ARM GAS  D:\TEMP\ccWJW3v8.s 			page 4


  74 0002 094B     		ldr	r3, .L7
  75 0004 094A     		ldr	r2, .L7+4
  76 0006 1B78     		ldrb	r3, [r3]	@ zero_extendqisi2
  77 0008 03F01003 		and	r3, r3, #16
  78 000c 03F0FF01 		and	r1, r3, #255
  79 0010 13B1     		cbz	r3, .L4
  99:.\Generated_Source\PSoC5/Quad_2_PM.c ****     {
 100:.\Generated_Source\PSoC5/Quad_2_PM.c ****         Quad_2_backup.enableState = 1u;
  80              		.loc 1 100 0
  81 0012 0123     		movs	r3, #1
  82 0014 1370     		strb	r3, [r2]
  83 0016 00E0     		b	.L5
  84              	.L4:
 101:.\Generated_Source\PSoC5/Quad_2_PM.c ****     }
 102:.\Generated_Source\PSoC5/Quad_2_PM.c ****     else /* The Quadrature Decoder Component is disabled */
 103:.\Generated_Source\PSoC5/Quad_2_PM.c ****     {
 104:.\Generated_Source\PSoC5/Quad_2_PM.c ****         Quad_2_backup.enableState = 0u;
  85              		.loc 1 104 0
  86 0018 1170     		strb	r1, [r2]
  87              	.L5:
 105:.\Generated_Source\PSoC5/Quad_2_PM.c ****     }
 106:.\Generated_Source\PSoC5/Quad_2_PM.c **** 
 107:.\Generated_Source\PSoC5/Quad_2_PM.c ****     Quad_2_Stop();
  88              		.loc 1 107 0
  89 001a FFF7FEFF 		bl	Quad_2_Stop
  90              	.LVL2:
 108:.\Generated_Source\PSoC5/Quad_2_PM.c ****     Quad_2_SaveConfig();
 109:.\Generated_Source\PSoC5/Quad_2_PM.c **** }
  91              		.loc 1 109 0
  92 001e BDE80840 		pop	{r3, lr}
  93              		.cfi_restore 14
  94              		.cfi_restore 3
  95              		.cfi_def_cfa_offset 0
  96              	.LBB6:
  97              	.LBB7:
  45:.\Generated_Source\PSoC5/Quad_2_PM.c ****     #endif /* (Quad_2_COUNTER_SIZE == Quad_2_COUNTER_SIZE_8_BIT) */
  98              		.loc 1 45 0
  99 0022 FFF7FEBF 		b	Quad_2_Cnt16_SaveConfig
 100              	.LVL3:
 101              	.L8:
 102 0026 00BF     		.align	2
 103              	.L7:
 104 0028 97650040 		.word	1073767831
 105 002c 00000000 		.word	.LANCHOR0
 106              	.LBE7:
 107              	.LBE6:
 108              		.cfi_endproc
 109              	.LFE2:
 110              		.size	Quad_2_Sleep, .-Quad_2_Sleep
 111              		.section	.text.Quad_2_Wakeup,"ax",%progbits
 112              		.align	1
 113              		.global	Quad_2_Wakeup
 114              		.thumb
 115              		.thumb_func
 116              		.type	Quad_2_Wakeup, %function
 117              	Quad_2_Wakeup:
 118              	.LFB3:
ARM GAS  D:\TEMP\ccWJW3v8.s 			page 5


 110:.\Generated_Source\PSoC5/Quad_2_PM.c **** 
 111:.\Generated_Source\PSoC5/Quad_2_PM.c **** 
 112:.\Generated_Source\PSoC5/Quad_2_PM.c **** /*******************************************************************************
 113:.\Generated_Source\PSoC5/Quad_2_PM.c **** * Function Name: Quad_2_Wakeup
 114:.\Generated_Source\PSoC5/Quad_2_PM.c **** ********************************************************************************
 115:.\Generated_Source\PSoC5/Quad_2_PM.c **** *
 116:.\Generated_Source\PSoC5/Quad_2_PM.c **** * Summary:
 117:.\Generated_Source\PSoC5/Quad_2_PM.c **** *  Prepare Quadrature Decoder Component to wake up.
 118:.\Generated_Source\PSoC5/Quad_2_PM.c **** *
 119:.\Generated_Source\PSoC5/Quad_2_PM.c **** * Parameters:
 120:.\Generated_Source\PSoC5/Quad_2_PM.c **** *  None.
 121:.\Generated_Source\PSoC5/Quad_2_PM.c **** *
 122:.\Generated_Source\PSoC5/Quad_2_PM.c **** * Return:
 123:.\Generated_Source\PSoC5/Quad_2_PM.c **** *  None.
 124:.\Generated_Source\PSoC5/Quad_2_PM.c **** *
 125:.\Generated_Source\PSoC5/Quad_2_PM.c **** * Global Variables:
 126:.\Generated_Source\PSoC5/Quad_2_PM.c **** *  Quad_2_backup - used when non-retention registers are restored.
 127:.\Generated_Source\PSoC5/Quad_2_PM.c **** *
 128:.\Generated_Source\PSoC5/Quad_2_PM.c **** *******************************************************************************/
 129:.\Generated_Source\PSoC5/Quad_2_PM.c **** void Quad_2_Wakeup(void) 
 130:.\Generated_Source\PSoC5/Quad_2_PM.c **** {
 119              		.loc 1 130 0
 120              		.cfi_startproc
 121              		@ args = 0, pretend = 0, frame = 0
 122              		@ frame_needed = 0, uses_anonymous_args = 0
 123 0000 08B5     		push	{r3, lr}
 124              		.cfi_def_cfa_offset 8
 125              		.cfi_offset 3, -8
 126              		.cfi_offset 14, -4
 127              	.LBB8:
 128              	.LBB9:
  71:.\Generated_Source\PSoC5/Quad_2_PM.c ****     #endif /* (Quad_2_COUNTER_SIZE == Quad_2_COUNTER_SIZE_8_BIT) */
 129              		.loc 1 71 0
 130 0002 FFF7FEFF 		bl	Quad_2_Cnt16_RestoreConfig
 131              	.LVL4:
 132              	.LBE9:
 133              	.LBE8:
 131:.\Generated_Source\PSoC5/Quad_2_PM.c ****     Quad_2_RestoreConfig();
 132:.\Generated_Source\PSoC5/Quad_2_PM.c **** 
 133:.\Generated_Source\PSoC5/Quad_2_PM.c ****     if (Quad_2_backup.enableState != 0u)
 134              		.loc 1 133 0
 135 0006 054B     		ldr	r3, .L11
 136 0008 1B78     		ldrb	r3, [r3]	@ zero_extendqisi2
 137 000a 2BB1     		cbz	r3, .L9
 134:.\Generated_Source\PSoC5/Quad_2_PM.c ****     {
 135:.\Generated_Source\PSoC5/Quad_2_PM.c ****         #if (Quad_2_COUNTER_SIZE == Quad_2_COUNTER_SIZE_8_BIT)
 136:.\Generated_Source\PSoC5/Quad_2_PM.c ****             Quad_2_Cnt8_Enable();
 137:.\Generated_Source\PSoC5/Quad_2_PM.c ****         #else 
 138:.\Generated_Source\PSoC5/Quad_2_PM.c ****             /* (Quad_2_COUNTER_SIZE == Quad_2_COUNTER_SIZE_16_BIT) || 
 139:.\Generated_Source\PSoC5/Quad_2_PM.c ****             *  (Quad_2_COUNTER_SIZE == Quad_2_COUNTER_SIZE_32_BIT) 
 140:.\Generated_Source\PSoC5/Quad_2_PM.c ****             */
 141:.\Generated_Source\PSoC5/Quad_2_PM.c ****             Quad_2_Cnt16_Enable();
 138              		.loc 1 141 0
 139 000c FFF7FEFF 		bl	Quad_2_Cnt16_Enable
 140              	.LVL5:
 142:.\Generated_Source\PSoC5/Quad_2_PM.c ****         #endif /* (Quad_2_COUNTER_SIZE == Quad_2_COUNTER_SIZE_8_BIT) */
 143:.\Generated_Source\PSoC5/Quad_2_PM.c **** 
ARM GAS  D:\TEMP\ccWJW3v8.s 			page 6


 144:.\Generated_Source\PSoC5/Quad_2_PM.c ****         /* Enable component's operation */
 145:.\Generated_Source\PSoC5/Quad_2_PM.c ****         Quad_2_Enable();
 146:.\Generated_Source\PSoC5/Quad_2_PM.c ****     } /* Do nothing if component's block was disabled before */
 147:.\Generated_Source\PSoC5/Quad_2_PM.c **** }
 141              		.loc 1 147 0
 142 0010 BDE80840 		pop	{r3, lr}
 143              		.cfi_remember_state
 144              		.cfi_restore 14
 145              		.cfi_restore 3
 146              		.cfi_def_cfa_offset 0
 145:.\Generated_Source\PSoC5/Quad_2_PM.c ****     } /* Do nothing if component's block was disabled before */
 147              		.loc 1 145 0
 148 0014 FFF7FEBF 		b	Quad_2_Enable
 149              	.LVL6:
 150              	.L9:
 151              		.cfi_restore_state
 152 0018 08BD     		pop	{r3, pc}
 153              	.L12:
 154 001a 00BF     		.align	2
 155              	.L11:
 156 001c 00000000 		.word	.LANCHOR0
 157              		.cfi_endproc
 158              	.LFE3:
 159              		.size	Quad_2_Wakeup, .-Quad_2_Wakeup
 160              		.bss
 161              		.set	.LANCHOR0,. + 0
 162              		.type	Quad_2_backup, %object
 163              		.size	Quad_2_backup, 1
 164              	Quad_2_backup:
 165 0000 00       		.space	1
 166              		.text
 167              	.Letext0:
 168              		.file 2 ".\\Generated_Source\\PSoC5\\cytypes.h"
 169              		.file 3 ".\\Generated_Source\\PSoC5\\Quad_2.h"
 170              		.file 4 ".\\Generated_Source\\PSoC5\\Quad_2_Cnt16.h"
 171              		.section	.debug_info,"",%progbits
 172              	.Ldebug_info0:
 173 0000 C0010000 		.4byte	0x1c0
 174 0004 0400     		.2byte	0x4
 175 0006 00000000 		.4byte	.Ldebug_abbrev0
 176 000a 04       		.byte	0x4
 177 000b 01       		.uleb128 0x1
 178 000c 9E010000 		.4byte	.LASF25
 179 0010 01       		.byte	0x1
 180 0011 F4000000 		.4byte	.LASF26
 181 0015 30010000 		.4byte	.LASF27
 182 0019 00000000 		.4byte	.Ldebug_ranges0+0
 183 001d 00000000 		.4byte	0
 184 0021 00000000 		.4byte	.Ldebug_line0
 185 0025 02       		.uleb128 0x2
 186 0026 04       		.byte	0x4
 187 0027 05       		.byte	0x5
 188 0028 696E7400 		.ascii	"int\000"
 189 002c 03       		.uleb128 0x3
 190 002d 04       		.byte	0x4
 191 002e 07       		.byte	0x7
 192 002f E7000000 		.4byte	.LASF0
ARM GAS  D:\TEMP\ccWJW3v8.s 			page 7


 193 0033 03       		.uleb128 0x3
 194 0034 01       		.byte	0x1
 195 0035 06       		.byte	0x6
 196 0036 41020000 		.4byte	.LASF1
 197 003a 03       		.uleb128 0x3
 198 003b 01       		.byte	0x1
 199 003c 08       		.byte	0x8
 200 003d 64000000 		.4byte	.LASF2
 201 0041 03       		.uleb128 0x3
 202 0042 02       		.byte	0x2
 203 0043 05       		.byte	0x5
 204 0044 94010000 		.4byte	.LASF3
 205 0048 03       		.uleb128 0x3
 206 0049 02       		.byte	0x2
 207 004a 07       		.byte	0x7
 208 004b 22000000 		.4byte	.LASF4
 209 004f 03       		.uleb128 0x3
 210 0050 04       		.byte	0x4
 211 0051 05       		.byte	0x5
 212 0052 2C020000 		.4byte	.LASF5
 213 0056 03       		.uleb128 0x3
 214 0057 04       		.byte	0x4
 215 0058 07       		.byte	0x7
 216 0059 8F000000 		.4byte	.LASF6
 217 005d 03       		.uleb128 0x3
 218 005e 08       		.byte	0x8
 219 005f 05       		.byte	0x5
 220 0060 81010000 		.4byte	.LASF7
 221 0064 03       		.uleb128 0x3
 222 0065 08       		.byte	0x8
 223 0066 07       		.byte	0x7
 224 0067 19010000 		.4byte	.LASF8
 225 006b 03       		.uleb128 0x3
 226 006c 04       		.byte	0x4
 227 006d 07       		.byte	0x7
 228 006e 78010000 		.4byte	.LASF9
 229 0072 03       		.uleb128 0x3
 230 0073 01       		.byte	0x1
 231 0074 08       		.byte	0x8
 232 0075 8F010000 		.4byte	.LASF10
 233 0079 04       		.uleb128 0x4
 234 007a A1000000 		.4byte	.LASF13
 235 007e 02       		.byte	0x2
 236 007f 9201     		.2byte	0x192
 237 0081 3A000000 		.4byte	0x3a
 238 0085 03       		.uleb128 0x3
 239 0086 04       		.byte	0x4
 240 0087 04       		.byte	0x4
 241 0088 5E000000 		.4byte	.LASF11
 242 008c 03       		.uleb128 0x3
 243 008d 08       		.byte	0x8
 244 008e 04       		.byte	0x4
 245 008f CE000000 		.4byte	.LASF12
 246 0093 04       		.uleb128 0x4
 247 0094 8A000000 		.4byte	.LASF14
 248 0098 02       		.byte	0x2
 249 0099 3C02     		.2byte	0x23c
ARM GAS  D:\TEMP\ccWJW3v8.s 			page 8


 250 009b 9F000000 		.4byte	0x9f
 251 009f 05       		.uleb128 0x5
 252 00a0 79000000 		.4byte	0x79
 253 00a4 06       		.uleb128 0x6
 254 00a5 01       		.byte	0x1
 255 00a6 03       		.byte	0x3
 256 00a7 3D       		.byte	0x3d
 257 00a8 B9000000 		.4byte	0xb9
 258 00ac 07       		.uleb128 0x7
 259 00ad 35020000 		.4byte	.LASF28
 260 00b1 03       		.byte	0x3
 261 00b2 3F       		.byte	0x3f
 262 00b3 79000000 		.4byte	0x79
 263 00b7 00       		.byte	0
 264 00b8 00       		.byte	0
 265 00b9 08       		.uleb128 0x8
 266 00ba 4D020000 		.4byte	.LASF15
 267 00be 03       		.byte	0x3
 268 00bf 40       		.byte	0x40
 269 00c0 A4000000 		.4byte	0xa4
 270 00c4 09       		.uleb128 0x9
 271 00c5 D5000000 		.4byte	.LASF16
 272 00c9 01       		.byte	0x1
 273 00ca 25       		.byte	0x25
 274 00cb 01       		.byte	0x1
 275 00cc 09       		.uleb128 0x9
 276 00cd 62020000 		.4byte	.LASF17
 277 00d1 01       		.byte	0x1
 278 00d2 3F       		.byte	0x3f
 279 00d3 01       		.byte	0x1
 280 00d4 0A       		.uleb128 0xa
 281 00d5 C4000000 		.4byte	0xc4
 282 00d9 00000000 		.4byte	.LFB0
 283 00dd 04000000 		.4byte	.LFE0-.LFB0
 284 00e1 01       		.uleb128 0x1
 285 00e2 9C       		.byte	0x9c
 286 00e3 F1000000 		.4byte	0xf1
 287 00e7 0B       		.uleb128 0xb
 288 00e8 04000000 		.4byte	.LVL0
 289 00ec A0010000 		.4byte	0x1a0
 290 00f0 00       		.byte	0
 291 00f1 0A       		.uleb128 0xa
 292 00f2 CC000000 		.4byte	0xcc
 293 00f6 00000000 		.4byte	.LFB1
 294 00fa 04000000 		.4byte	.LFE1-.LFB1
 295 00fe 01       		.uleb128 0x1
 296 00ff 9C       		.byte	0x9c
 297 0100 0E010000 		.4byte	0x10e
 298 0104 0B       		.uleb128 0xb
 299 0105 04000000 		.4byte	.LVL1
 300 0109 A7010000 		.4byte	0x1a7
 301 010d 00       		.byte	0
 302 010e 0C       		.uleb128 0xc
 303 010f 43000000 		.4byte	.LASF18
 304 0113 01       		.byte	0x1
 305 0114 60       		.byte	0x60
 306 0115 00000000 		.4byte	.LFB2
ARM GAS  D:\TEMP\ccWJW3v8.s 			page 9


 307 0119 30000000 		.4byte	.LFE2-.LFB2
 308 011d 01       		.uleb128 0x1
 309 011e 9C       		.byte	0x9c
 310 011f 4A010000 		.4byte	0x14a
 311 0123 0D       		.uleb128 0xd
 312 0124 C4000000 		.4byte	0xc4
 313 0128 22000000 		.4byte	.LBB6
 314 012c 0E000000 		.4byte	.LBE6-.LBB6
 315 0130 01       		.byte	0x1
 316 0131 6C       		.byte	0x6c
 317 0132 40010000 		.4byte	0x140
 318 0136 0B       		.uleb128 0xb
 319 0137 26000000 		.4byte	.LVL3
 320 013b A0010000 		.4byte	0x1a0
 321 013f 00       		.byte	0
 322 0140 0E       		.uleb128 0xe
 323 0141 1E000000 		.4byte	.LVL2
 324 0145 AE010000 		.4byte	0x1ae
 325 0149 00       		.byte	0
 326 014a 0C       		.uleb128 0xc
 327 014b 35000000 		.4byte	.LASF19
 328 014f 01       		.byte	0x1
 329 0150 81       		.byte	0x81
 330 0151 00000000 		.4byte	.LFB3
 331 0155 20000000 		.4byte	.LFE3-.LFB3
 332 0159 01       		.uleb128 0x1
 333 015a 9C       		.byte	0x9c
 334 015b 8F010000 		.4byte	0x18f
 335 015f 0D       		.uleb128 0xd
 336 0160 CC000000 		.4byte	0xcc
 337 0164 02000000 		.4byte	.LBB8
 338 0168 04000000 		.4byte	.LBE8-.LBB8
 339 016c 01       		.byte	0x1
 340 016d 83       		.byte	0x83
 341 016e 7C010000 		.4byte	0x17c
 342 0172 0E       		.uleb128 0xe
 343 0173 06000000 		.4byte	.LVL4
 344 0177 A7010000 		.4byte	0x1a7
 345 017b 00       		.byte	0
 346 017c 0E       		.uleb128 0xe
 347 017d 10000000 		.4byte	.LVL5
 348 0181 B5010000 		.4byte	0x1b5
 349 0185 0B       		.uleb128 0xb
 350 0186 18000000 		.4byte	.LVL6
 351 018a BC010000 		.4byte	0x1bc
 352 018e 00       		.byte	0
 353 018f 0F       		.uleb128 0xf
 354 0190 14000000 		.4byte	.LASF29
 355 0194 01       		.byte	0x1
 356 0195 15       		.byte	0x15
 357 0196 B9000000 		.4byte	0xb9
 358 019a 05       		.uleb128 0x5
 359 019b 03       		.byte	0x3
 360 019c 00000000 		.4byte	Quad_2_backup
 361 01a0 10       		.uleb128 0x10
 362 01a1 72000000 		.4byte	.LASF20
 363 01a5 04       		.byte	0x4
ARM GAS  D:\TEMP\ccWJW3v8.s 			page 10


 364 01a6 72       		.byte	0x72
 365 01a7 10       		.uleb128 0x10
 366 01a8 B3000000 		.4byte	.LASF21
 367 01ac 04       		.byte	0x4
 368 01ad 73       		.byte	0x73
 369 01ae 10       		.uleb128 0x10
 370 01af A7000000 		.4byte	.LASF22
 371 01b3 03       		.byte	0x3
 372 01b4 49       		.byte	0x49
 373 01b5 10       		.uleb128 0x10
 374 01b6 00000000 		.4byte	.LASF23
 375 01ba 04       		.byte	0x4
 376 01bb 71       		.byte	0x71
 377 01bc 10       		.uleb128 0x10
 378 01bd 50000000 		.4byte	.LASF24
 379 01c1 03       		.byte	0x3
 380 01c2 4A       		.byte	0x4a
 381 01c3 00       		.byte	0
 382              		.section	.debug_abbrev,"",%progbits
 383              	.Ldebug_abbrev0:
 384 0000 01       		.uleb128 0x1
 385 0001 11       		.uleb128 0x11
 386 0002 01       		.byte	0x1
 387 0003 25       		.uleb128 0x25
 388 0004 0E       		.uleb128 0xe
 389 0005 13       		.uleb128 0x13
 390 0006 0B       		.uleb128 0xb
 391 0007 03       		.uleb128 0x3
 392 0008 0E       		.uleb128 0xe
 393 0009 1B       		.uleb128 0x1b
 394 000a 0E       		.uleb128 0xe
 395 000b 55       		.uleb128 0x55
 396 000c 17       		.uleb128 0x17
 397 000d 11       		.uleb128 0x11
 398 000e 01       		.uleb128 0x1
 399 000f 10       		.uleb128 0x10
 400 0010 17       		.uleb128 0x17
 401 0011 00       		.byte	0
 402 0012 00       		.byte	0
 403 0013 02       		.uleb128 0x2
 404 0014 24       		.uleb128 0x24
 405 0015 00       		.byte	0
 406 0016 0B       		.uleb128 0xb
 407 0017 0B       		.uleb128 0xb
 408 0018 3E       		.uleb128 0x3e
 409 0019 0B       		.uleb128 0xb
 410 001a 03       		.uleb128 0x3
 411 001b 08       		.uleb128 0x8
 412 001c 00       		.byte	0
 413 001d 00       		.byte	0
 414 001e 03       		.uleb128 0x3
 415 001f 24       		.uleb128 0x24
 416 0020 00       		.byte	0
 417 0021 0B       		.uleb128 0xb
 418 0022 0B       		.uleb128 0xb
 419 0023 3E       		.uleb128 0x3e
 420 0024 0B       		.uleb128 0xb
ARM GAS  D:\TEMP\ccWJW3v8.s 			page 11


 421 0025 03       		.uleb128 0x3
 422 0026 0E       		.uleb128 0xe
 423 0027 00       		.byte	0
 424 0028 00       		.byte	0
 425 0029 04       		.uleb128 0x4
 426 002a 16       		.uleb128 0x16
 427 002b 00       		.byte	0
 428 002c 03       		.uleb128 0x3
 429 002d 0E       		.uleb128 0xe
 430 002e 3A       		.uleb128 0x3a
 431 002f 0B       		.uleb128 0xb
 432 0030 3B       		.uleb128 0x3b
 433 0031 05       		.uleb128 0x5
 434 0032 49       		.uleb128 0x49
 435 0033 13       		.uleb128 0x13
 436 0034 00       		.byte	0
 437 0035 00       		.byte	0
 438 0036 05       		.uleb128 0x5
 439 0037 35       		.uleb128 0x35
 440 0038 00       		.byte	0
 441 0039 49       		.uleb128 0x49
 442 003a 13       		.uleb128 0x13
 443 003b 00       		.byte	0
 444 003c 00       		.byte	0
 445 003d 06       		.uleb128 0x6
 446 003e 13       		.uleb128 0x13
 447 003f 01       		.byte	0x1
 448 0040 0B       		.uleb128 0xb
 449 0041 0B       		.uleb128 0xb
 450 0042 3A       		.uleb128 0x3a
 451 0043 0B       		.uleb128 0xb
 452 0044 3B       		.uleb128 0x3b
 453 0045 0B       		.uleb128 0xb
 454 0046 01       		.uleb128 0x1
 455 0047 13       		.uleb128 0x13
 456 0048 00       		.byte	0
 457 0049 00       		.byte	0
 458 004a 07       		.uleb128 0x7
 459 004b 0D       		.uleb128 0xd
 460 004c 00       		.byte	0
 461 004d 03       		.uleb128 0x3
 462 004e 0E       		.uleb128 0xe
 463 004f 3A       		.uleb128 0x3a
 464 0050 0B       		.uleb128 0xb
 465 0051 3B       		.uleb128 0x3b
 466 0052 0B       		.uleb128 0xb
 467 0053 49       		.uleb128 0x49
 468 0054 13       		.uleb128 0x13
 469 0055 38       		.uleb128 0x38
 470 0056 0B       		.uleb128 0xb
 471 0057 00       		.byte	0
 472 0058 00       		.byte	0
 473 0059 08       		.uleb128 0x8
 474 005a 16       		.uleb128 0x16
 475 005b 00       		.byte	0
 476 005c 03       		.uleb128 0x3
 477 005d 0E       		.uleb128 0xe
ARM GAS  D:\TEMP\ccWJW3v8.s 			page 12


 478 005e 3A       		.uleb128 0x3a
 479 005f 0B       		.uleb128 0xb
 480 0060 3B       		.uleb128 0x3b
 481 0061 0B       		.uleb128 0xb
 482 0062 49       		.uleb128 0x49
 483 0063 13       		.uleb128 0x13
 484 0064 00       		.byte	0
 485 0065 00       		.byte	0
 486 0066 09       		.uleb128 0x9
 487 0067 2E       		.uleb128 0x2e
 488 0068 00       		.byte	0
 489 0069 3F       		.uleb128 0x3f
 490 006a 19       		.uleb128 0x19
 491 006b 03       		.uleb128 0x3
 492 006c 0E       		.uleb128 0xe
 493 006d 3A       		.uleb128 0x3a
 494 006e 0B       		.uleb128 0xb
 495 006f 3B       		.uleb128 0x3b
 496 0070 0B       		.uleb128 0xb
 497 0071 27       		.uleb128 0x27
 498 0072 19       		.uleb128 0x19
 499 0073 20       		.uleb128 0x20
 500 0074 0B       		.uleb128 0xb
 501 0075 00       		.byte	0
 502 0076 00       		.byte	0
 503 0077 0A       		.uleb128 0xa
 504 0078 2E       		.uleb128 0x2e
 505 0079 01       		.byte	0x1
 506 007a 31       		.uleb128 0x31
 507 007b 13       		.uleb128 0x13
 508 007c 11       		.uleb128 0x11
 509 007d 01       		.uleb128 0x1
 510 007e 12       		.uleb128 0x12
 511 007f 06       		.uleb128 0x6
 512 0080 40       		.uleb128 0x40
 513 0081 18       		.uleb128 0x18
 514 0082 9742     		.uleb128 0x2117
 515 0084 19       		.uleb128 0x19
 516 0085 01       		.uleb128 0x1
 517 0086 13       		.uleb128 0x13
 518 0087 00       		.byte	0
 519 0088 00       		.byte	0
 520 0089 0B       		.uleb128 0xb
 521 008a 898201   		.uleb128 0x4109
 522 008d 00       		.byte	0
 523 008e 11       		.uleb128 0x11
 524 008f 01       		.uleb128 0x1
 525 0090 9542     		.uleb128 0x2115
 526 0092 19       		.uleb128 0x19
 527 0093 31       		.uleb128 0x31
 528 0094 13       		.uleb128 0x13
 529 0095 00       		.byte	0
 530 0096 00       		.byte	0
 531 0097 0C       		.uleb128 0xc
 532 0098 2E       		.uleb128 0x2e
 533 0099 01       		.byte	0x1
 534 009a 3F       		.uleb128 0x3f
ARM GAS  D:\TEMP\ccWJW3v8.s 			page 13


 535 009b 19       		.uleb128 0x19
 536 009c 03       		.uleb128 0x3
 537 009d 0E       		.uleb128 0xe
 538 009e 3A       		.uleb128 0x3a
 539 009f 0B       		.uleb128 0xb
 540 00a0 3B       		.uleb128 0x3b
 541 00a1 0B       		.uleb128 0xb
 542 00a2 27       		.uleb128 0x27
 543 00a3 19       		.uleb128 0x19
 544 00a4 11       		.uleb128 0x11
 545 00a5 01       		.uleb128 0x1
 546 00a6 12       		.uleb128 0x12
 547 00a7 06       		.uleb128 0x6
 548 00a8 40       		.uleb128 0x40
 549 00a9 18       		.uleb128 0x18
 550 00aa 9742     		.uleb128 0x2117
 551 00ac 19       		.uleb128 0x19
 552 00ad 01       		.uleb128 0x1
 553 00ae 13       		.uleb128 0x13
 554 00af 00       		.byte	0
 555 00b0 00       		.byte	0
 556 00b1 0D       		.uleb128 0xd
 557 00b2 1D       		.uleb128 0x1d
 558 00b3 01       		.byte	0x1
 559 00b4 31       		.uleb128 0x31
 560 00b5 13       		.uleb128 0x13
 561 00b6 11       		.uleb128 0x11
 562 00b7 01       		.uleb128 0x1
 563 00b8 12       		.uleb128 0x12
 564 00b9 06       		.uleb128 0x6
 565 00ba 58       		.uleb128 0x58
 566 00bb 0B       		.uleb128 0xb
 567 00bc 59       		.uleb128 0x59
 568 00bd 0B       		.uleb128 0xb
 569 00be 01       		.uleb128 0x1
 570 00bf 13       		.uleb128 0x13
 571 00c0 00       		.byte	0
 572 00c1 00       		.byte	0
 573 00c2 0E       		.uleb128 0xe
 574 00c3 898201   		.uleb128 0x4109
 575 00c6 00       		.byte	0
 576 00c7 11       		.uleb128 0x11
 577 00c8 01       		.uleb128 0x1
 578 00c9 31       		.uleb128 0x31
 579 00ca 13       		.uleb128 0x13
 580 00cb 00       		.byte	0
 581 00cc 00       		.byte	0
 582 00cd 0F       		.uleb128 0xf
 583 00ce 34       		.uleb128 0x34
 584 00cf 00       		.byte	0
 585 00d0 03       		.uleb128 0x3
 586 00d1 0E       		.uleb128 0xe
 587 00d2 3A       		.uleb128 0x3a
 588 00d3 0B       		.uleb128 0xb
 589 00d4 3B       		.uleb128 0x3b
 590 00d5 0B       		.uleb128 0xb
 591 00d6 49       		.uleb128 0x49
ARM GAS  D:\TEMP\ccWJW3v8.s 			page 14


 592 00d7 13       		.uleb128 0x13
 593 00d8 02       		.uleb128 0x2
 594 00d9 18       		.uleb128 0x18
 595 00da 00       		.byte	0
 596 00db 00       		.byte	0
 597 00dc 10       		.uleb128 0x10
 598 00dd 2E       		.uleb128 0x2e
 599 00de 00       		.byte	0
 600 00df 3F       		.uleb128 0x3f
 601 00e0 19       		.uleb128 0x19
 602 00e1 03       		.uleb128 0x3
 603 00e2 0E       		.uleb128 0xe
 604 00e3 3A       		.uleb128 0x3a
 605 00e4 0B       		.uleb128 0xb
 606 00e5 3B       		.uleb128 0x3b
 607 00e6 0B       		.uleb128 0xb
 608 00e7 27       		.uleb128 0x27
 609 00e8 19       		.uleb128 0x19
 610 00e9 3C       		.uleb128 0x3c
 611 00ea 19       		.uleb128 0x19
 612 00eb 00       		.byte	0
 613 00ec 00       		.byte	0
 614 00ed 00       		.byte	0
 615              		.section	.debug_aranges,"",%progbits
 616 0000 34000000 		.4byte	0x34
 617 0004 0200     		.2byte	0x2
 618 0006 00000000 		.4byte	.Ldebug_info0
 619 000a 04       		.byte	0x4
 620 000b 00       		.byte	0
 621 000c 0000     		.2byte	0
 622 000e 0000     		.2byte	0
 623 0010 00000000 		.4byte	.LFB0
 624 0014 04000000 		.4byte	.LFE0-.LFB0
 625 0018 00000000 		.4byte	.LFB1
 626 001c 04000000 		.4byte	.LFE1-.LFB1
 627 0020 00000000 		.4byte	.LFB2
 628 0024 30000000 		.4byte	.LFE2-.LFB2
 629 0028 00000000 		.4byte	.LFB3
 630 002c 20000000 		.4byte	.LFE3-.LFB3
 631 0030 00000000 		.4byte	0
 632 0034 00000000 		.4byte	0
 633              		.section	.debug_ranges,"",%progbits
 634              	.Ldebug_ranges0:
 635 0000 00000000 		.4byte	.LFB0
 636 0004 04000000 		.4byte	.LFE0
 637 0008 00000000 		.4byte	.LFB1
 638 000c 04000000 		.4byte	.LFE1
 639 0010 00000000 		.4byte	.LFB2
 640 0014 30000000 		.4byte	.LFE2
 641 0018 00000000 		.4byte	.LFB3
 642 001c 20000000 		.4byte	.LFE3
 643 0020 00000000 		.4byte	0
 644 0024 00000000 		.4byte	0
 645              		.section	.debug_line,"",%progbits
 646              	.Ldebug_line0:
 647 0000 BD000000 		.section	.debug_str,"MS",%progbits,1
 647      02006600 
ARM GAS  D:\TEMP\ccWJW3v8.s 			page 15


 647      00000201 
 647      FB0E0D00 
 647      01010101 
 648              	.LASF23:
 649 0000 51756164 		.ascii	"Quad_2_Cnt16_Enable\000"
 649      5F325F43 
 649      6E743136 
 649      5F456E61 
 649      626C6500 
 650              	.LASF29:
 651 0014 51756164 		.ascii	"Quad_2_backup\000"
 651      5F325F62 
 651      61636B75 
 651      7000
 652              	.LASF4:
 653 0022 73686F72 		.ascii	"short unsigned int\000"
 653      7420756E 
 653      7369676E 
 653      65642069 
 653      6E7400
 654              	.LASF19:
 655 0035 51756164 		.ascii	"Quad_2_Wakeup\000"
 655      5F325F57 
 655      616B6575 
 655      7000
 656              	.LASF18:
 657 0043 51756164 		.ascii	"Quad_2_Sleep\000"
 657      5F325F53 
 657      6C656570 
 657      00
 658              	.LASF24:
 659 0050 51756164 		.ascii	"Quad_2_Enable\000"
 659      5F325F45 
 659      6E61626C 
 659      6500
 660              	.LASF11:
 661 005e 666C6F61 		.ascii	"float\000"
 661      7400
 662              	.LASF2:
 663 0064 756E7369 		.ascii	"unsigned char\000"
 663      676E6564 
 663      20636861 
 663      7200
 664              	.LASF20:
 665 0072 51756164 		.ascii	"Quad_2_Cnt16_SaveConfig\000"
 665      5F325F43 
 665      6E743136 
 665      5F536176 
 665      65436F6E 
 666              	.LASF14:
 667 008a 72656738 		.ascii	"reg8\000"
 667      00
 668              	.LASF6:
 669 008f 6C6F6E67 		.ascii	"long unsigned int\000"
 669      20756E73 
 669      69676E65 
 669      6420696E 
ARM GAS  D:\TEMP\ccWJW3v8.s 			page 16


 669      7400
 670              	.LASF13:
 671 00a1 75696E74 		.ascii	"uint8\000"
 671      3800
 672              	.LASF22:
 673 00a7 51756164 		.ascii	"Quad_2_Stop\000"
 673      5F325F53 
 673      746F7000 
 674              	.LASF21:
 675 00b3 51756164 		.ascii	"Quad_2_Cnt16_RestoreConfig\000"
 675      5F325F43 
 675      6E743136 
 675      5F526573 
 675      746F7265 
 676              	.LASF12:
 677 00ce 646F7562 		.ascii	"double\000"
 677      6C6500
 678              	.LASF16:
 679 00d5 51756164 		.ascii	"Quad_2_SaveConfig\000"
 679      5F325F53 
 679      61766543 
 679      6F6E6669 
 679      6700
 680              	.LASF0:
 681 00e7 756E7369 		.ascii	"unsigned int\000"
 681      676E6564 
 681      20696E74 
 681      00
 682              	.LASF26:
 683 00f4 2E5C4765 		.ascii	".\\Generated_Source\\PSoC5\\Quad_2_PM.c\000"
 683      6E657261 
 683      7465645F 
 683      536F7572 
 683      63655C50 
 684              	.LASF8:
 685 0119 6C6F6E67 		.ascii	"long long unsigned int\000"
 685      206C6F6E 
 685      6720756E 
 685      7369676E 
 685      65642069 
 686              	.LASF27:
 687 0130 443A5C44 		.ascii	"D:\\Documents\\Computer Science\\PSoc\\ECE3091 Auto"
 687      6F63756D 
 687      656E7473 
 687      5C436F6D 
 687      70757465 
 688 015f 5075636B 		.ascii	"PuckPickup\\Display.cydsn\000"
 688      5069636B 
 688      75705C44 
 688      6973706C 
 688      61792E63 
 689              	.LASF9:
 690 0178 73697A65 		.ascii	"sizetype\000"
 690      74797065 
 690      00
 691              	.LASF7:
 692 0181 6C6F6E67 		.ascii	"long long int\000"
ARM GAS  D:\TEMP\ccWJW3v8.s 			page 17


 692      206C6F6E 
 692      6720696E 
 692      7400
 693              	.LASF10:
 694 018f 63686172 		.ascii	"char\000"
 694      00
 695              	.LASF3:
 696 0194 73686F72 		.ascii	"short int\000"
 696      7420696E 
 696      7400
 697              	.LASF25:
 698 019e 474E5520 		.ascii	"GNU C 4.9.3 20150303 (release) [ARM/embedded-4_9-br"
 698      4320342E 
 698      392E3320 
 698      32303135 
 698      30333033 
 699 01d1 616E6368 		.ascii	"anch revision 221220] -mcpu=cortex-m3 -mthumb -g -O"
 699      20726576 
 699      6973696F 
 699      6E203232 
 699      31323230 
 700 0204 73202D66 		.ascii	"s -ffunction-sections -ffat-lto-objects\000"
 700      66756E63 
 700      74696F6E 
 700      2D736563 
 700      74696F6E 
 701              	.LASF5:
 702 022c 6C6F6E67 		.ascii	"long int\000"
 702      20696E74 
 702      00
 703              	.LASF28:
 704 0235 656E6162 		.ascii	"enableState\000"
 704      6C655374 
 704      61746500 
 705              	.LASF1:
 706 0241 7369676E 		.ascii	"signed char\000"
 706      65642063 
 706      68617200 
 707              	.LASF15:
 708 024d 51756164 		.ascii	"Quad_2_BACKUP_STRUCT\000"
 708      5F325F42 
 708      41434B55 
 708      505F5354 
 708      52554354 
 709              	.LASF17:
 710 0262 51756164 		.ascii	"Quad_2_RestoreConfig\000"
 710      5F325F52 
 710      6573746F 
 710      7265436F 
 710      6E666967 
 711              		.ident	"GCC: (GNU Tools for ARM Embedded Processors) 4.9.3 20150303 (release) [ARM/embedded-4_9-br
