ARM GAS  D:\TEMP\ccdQeHr0.s 			page 1


   1              		.syntax unified
   2              		.cpu cortex-m3
   3              		.fpu softvfp
   4              		.eabi_attribute 20, 1
   5              		.eabi_attribute 21, 1
   6              		.eabi_attribute 23, 3
   7              		.eabi_attribute 24, 1
   8              		.eabi_attribute 25, 1
   9              		.eabi_attribute 26, 1
  10              		.eabi_attribute 30, 4
  11              		.eabi_attribute 34, 1
  12              		.eabi_attribute 18, 4
  13              		.thumb
  14              		.file	"Timer_1.c"
  15              		.text
  16              	.Ltext0:
  17              		.cfi_sections	.debug_frame
  18              		.section	.text.Timer_1_Init,"ax",%progbits
  19              		.align	1
  20              		.global	Timer_1_Init
  21              		.thumb
  22              		.thumb_func
  23              		.type	Timer_1_Init, %function
  24              	Timer_1_Init:
  25              	.LFB0:
  26              		.file 1 ".\\Generated_Source\\PSoC5\\Timer_1.c"
   1:.\Generated_Source\PSoC5/Timer_1.c **** /*******************************************************************************
   2:.\Generated_Source\PSoC5/Timer_1.c **** * File Name: Timer_1.c
   3:.\Generated_Source\PSoC5/Timer_1.c **** * Version 2.70
   4:.\Generated_Source\PSoC5/Timer_1.c **** *
   5:.\Generated_Source\PSoC5/Timer_1.c **** * Description:
   6:.\Generated_Source\PSoC5/Timer_1.c **** *  The Timer component consists of a 8, 16, 24 or 32-bit timer with
   7:.\Generated_Source\PSoC5/Timer_1.c **** *  a selectable period between 2 and 2^Width - 1.  The timer may free run
   8:.\Generated_Source\PSoC5/Timer_1.c **** *  or be used as a capture timer as well.  The capture can be initiated
   9:.\Generated_Source\PSoC5/Timer_1.c **** *  by a positive or negative edge signal as well as via software.
  10:.\Generated_Source\PSoC5/Timer_1.c **** *  A trigger input can be programmed to enable the timer on rising edge
  11:.\Generated_Source\PSoC5/Timer_1.c **** *  falling edge, either edge or continous run.
  12:.\Generated_Source\PSoC5/Timer_1.c **** *  Interrupts may be generated due to a terminal count condition
  13:.\Generated_Source\PSoC5/Timer_1.c **** *  or a capture event.
  14:.\Generated_Source\PSoC5/Timer_1.c **** *
  15:.\Generated_Source\PSoC5/Timer_1.c **** * Note:
  16:.\Generated_Source\PSoC5/Timer_1.c **** *
  17:.\Generated_Source\PSoC5/Timer_1.c **** ********************************************************************************
  18:.\Generated_Source\PSoC5/Timer_1.c **** * Copyright 2008-2014, Cypress Semiconductor Corporation.  All rights reserved.
  19:.\Generated_Source\PSoC5/Timer_1.c **** * You may use this file only in accordance with the license, terms, conditions,
  20:.\Generated_Source\PSoC5/Timer_1.c **** * disclaimers, and limitations in the end user license agreement accompanying
  21:.\Generated_Source\PSoC5/Timer_1.c **** * the software package with which this file was provided.
  22:.\Generated_Source\PSoC5/Timer_1.c **** ********************************************************************************/
  23:.\Generated_Source\PSoC5/Timer_1.c **** 
  24:.\Generated_Source\PSoC5/Timer_1.c **** #include "Timer_1.h"
  25:.\Generated_Source\PSoC5/Timer_1.c **** 
  26:.\Generated_Source\PSoC5/Timer_1.c **** uint8 Timer_1_initVar = 0u;
  27:.\Generated_Source\PSoC5/Timer_1.c **** 
  28:.\Generated_Source\PSoC5/Timer_1.c **** 
  29:.\Generated_Source\PSoC5/Timer_1.c **** /*******************************************************************************
  30:.\Generated_Source\PSoC5/Timer_1.c **** * Function Name: Timer_1_Init
  31:.\Generated_Source\PSoC5/Timer_1.c **** ********************************************************************************
ARM GAS  D:\TEMP\ccdQeHr0.s 			page 2


  32:.\Generated_Source\PSoC5/Timer_1.c **** *
  33:.\Generated_Source\PSoC5/Timer_1.c **** * Summary:
  34:.\Generated_Source\PSoC5/Timer_1.c **** *  Initialize to the schematic state
  35:.\Generated_Source\PSoC5/Timer_1.c **** *
  36:.\Generated_Source\PSoC5/Timer_1.c **** * Parameters:
  37:.\Generated_Source\PSoC5/Timer_1.c **** *  void
  38:.\Generated_Source\PSoC5/Timer_1.c **** *
  39:.\Generated_Source\PSoC5/Timer_1.c **** * Return:
  40:.\Generated_Source\PSoC5/Timer_1.c **** *  void
  41:.\Generated_Source\PSoC5/Timer_1.c **** *
  42:.\Generated_Source\PSoC5/Timer_1.c **** *******************************************************************************/
  43:.\Generated_Source\PSoC5/Timer_1.c **** void Timer_1_Init(void) 
  44:.\Generated_Source\PSoC5/Timer_1.c **** {
  27              		.loc 1 44 0
  28              		.cfi_startproc
  29              		@ args = 0, pretend = 0, frame = 0
  30              		@ frame_needed = 0, uses_anonymous_args = 0
  31              		@ link register save eliminated.
  45:.\Generated_Source\PSoC5/Timer_1.c ****     #if(!Timer_1_UsingFixedFunction)
  46:.\Generated_Source\PSoC5/Timer_1.c ****             /* Interrupt State Backup for Critical Region*/
  47:.\Generated_Source\PSoC5/Timer_1.c ****             uint8 Timer_1_interruptState;
  48:.\Generated_Source\PSoC5/Timer_1.c ****     #endif /* Interrupt state back up for Fixed Function only */
  49:.\Generated_Source\PSoC5/Timer_1.c **** 
  50:.\Generated_Source\PSoC5/Timer_1.c ****     #if (Timer_1_UsingFixedFunction)
  51:.\Generated_Source\PSoC5/Timer_1.c ****         /* Clear all bits but the enable bit (if it's already set) for Timer operation */
  52:.\Generated_Source\PSoC5/Timer_1.c ****         Timer_1_CONTROL &= Timer_1_CTRL_ENABLE;
  32              		.loc 1 52 0
  33 0000 144A     		ldr	r2, .L2
  34 0002 1378     		ldrb	r3, [r2]	@ zero_extendqisi2
  35 0004 03F00103 		and	r3, r3, #1
  36 0008 1370     		strb	r3, [r2]
  53:.\Generated_Source\PSoC5/Timer_1.c **** 
  54:.\Generated_Source\PSoC5/Timer_1.c ****         /* Clear the mode bits for continuous run mode */
  55:.\Generated_Source\PSoC5/Timer_1.c ****         #if (CY_PSOC5A)
  56:.\Generated_Source\PSoC5/Timer_1.c ****             Timer_1_CONTROL2 &= ((uint8)(~Timer_1_CTRL_MODE_MASK));
  57:.\Generated_Source\PSoC5/Timer_1.c ****         #endif /* Clear bits in CONTROL2 only in PSOC5A */
  58:.\Generated_Source\PSoC5/Timer_1.c **** 
  59:.\Generated_Source\PSoC5/Timer_1.c ****         #if (CY_PSOC3 || CY_PSOC5LP)
  60:.\Generated_Source\PSoC5/Timer_1.c ****             Timer_1_CONTROL3 &= ((uint8)(~Timer_1_CTRL_MODE_MASK));
  37              		.loc 1 60 0
  38 000a 9378     		ldrb	r3, [r2, #2]	@ zero_extendqisi2
  39 000c 03F0FC03 		and	r3, r3, #252
  40 0010 9370     		strb	r3, [r2, #2]
  61:.\Generated_Source\PSoC5/Timer_1.c ****         #endif /* CONTROL3 register exists only in PSoC3 OR PSoC5LP */
  62:.\Generated_Source\PSoC5/Timer_1.c **** 
  63:.\Generated_Source\PSoC5/Timer_1.c ****         /* Check if One Shot mode is enabled i.e. RunMode !=0*/
  64:.\Generated_Source\PSoC5/Timer_1.c ****         #if (Timer_1_RunModeUsed != 0x0u)
  65:.\Generated_Source\PSoC5/Timer_1.c ****             /* Set 3rd bit of Control register to enable one shot mode */
  66:.\Generated_Source\PSoC5/Timer_1.c ****             Timer_1_CONTROL |= 0x04u;
  67:.\Generated_Source\PSoC5/Timer_1.c ****         #endif /* One Shot enabled only when RunModeUsed is not Continuous*/
  68:.\Generated_Source\PSoC5/Timer_1.c **** 
  69:.\Generated_Source\PSoC5/Timer_1.c ****         #if (Timer_1_RunModeUsed == 2)
  70:.\Generated_Source\PSoC5/Timer_1.c ****             #if (CY_PSOC5A)
  71:.\Generated_Source\PSoC5/Timer_1.c ****                 /* Set last 2 bits of control2 register if one shot(halt on
  72:.\Generated_Source\PSoC5/Timer_1.c ****                 interrupt) is enabled*/
  73:.\Generated_Source\PSoC5/Timer_1.c ****                 Timer_1_CONTROL2 |= 0x03u;
  74:.\Generated_Source\PSoC5/Timer_1.c ****             #endif /* Set One-Shot Halt on Interrupt bit in CONTROL2 for PSoC5A */
ARM GAS  D:\TEMP\ccdQeHr0.s 			page 3


  75:.\Generated_Source\PSoC5/Timer_1.c **** 
  76:.\Generated_Source\PSoC5/Timer_1.c ****             #if (CY_PSOC3 || CY_PSOC5LP)
  77:.\Generated_Source\PSoC5/Timer_1.c ****                 /* Set last 2 bits of control3 register if one shot(halt on
  78:.\Generated_Source\PSoC5/Timer_1.c ****                 interrupt) is enabled*/
  79:.\Generated_Source\PSoC5/Timer_1.c ****                 Timer_1_CONTROL3 |= 0x03u;
  80:.\Generated_Source\PSoC5/Timer_1.c ****             #endif /* Set One-Shot Halt on Interrupt bit in CONTROL3 for PSoC3 or PSoC5LP */
  81:.\Generated_Source\PSoC5/Timer_1.c **** 
  82:.\Generated_Source\PSoC5/Timer_1.c ****         #endif /* Remove section if One Shot Halt on Interrupt is not enabled */
  83:.\Generated_Source\PSoC5/Timer_1.c **** 
  84:.\Generated_Source\PSoC5/Timer_1.c ****         #if (Timer_1_UsingHWEnable != 0)
  85:.\Generated_Source\PSoC5/Timer_1.c ****             #if (CY_PSOC5A)
  86:.\Generated_Source\PSoC5/Timer_1.c ****                 /* Set the default Run Mode of the Timer to Continuous */
  87:.\Generated_Source\PSoC5/Timer_1.c ****                 Timer_1_CONTROL2 |= Timer_1_CTRL_MODE_PULSEWIDTH;
  88:.\Generated_Source\PSoC5/Timer_1.c ****             #endif /* Set Continuous Run Mode in CONTROL2 for PSoC5A */
  89:.\Generated_Source\PSoC5/Timer_1.c **** 
  90:.\Generated_Source\PSoC5/Timer_1.c ****             #if (CY_PSOC3 || CY_PSOC5LP)
  91:.\Generated_Source\PSoC5/Timer_1.c ****                 /* Clear and Set ROD and COD bits of CFG2 register */
  92:.\Generated_Source\PSoC5/Timer_1.c ****                 Timer_1_CONTROL3 &= ((uint8)(~Timer_1_CTRL_RCOD_MASK));
  93:.\Generated_Source\PSoC5/Timer_1.c ****                 Timer_1_CONTROL3 |= Timer_1_CTRL_RCOD;
  94:.\Generated_Source\PSoC5/Timer_1.c **** 
  95:.\Generated_Source\PSoC5/Timer_1.c ****                 /* Clear and Enable the HW enable bit in CFG2 register */
  96:.\Generated_Source\PSoC5/Timer_1.c ****                 Timer_1_CONTROL3 &= ((uint8)(~Timer_1_CTRL_ENBL_MASK));
  97:.\Generated_Source\PSoC5/Timer_1.c ****                 Timer_1_CONTROL3 |= Timer_1_CTRL_ENBL;
  98:.\Generated_Source\PSoC5/Timer_1.c **** 
  99:.\Generated_Source\PSoC5/Timer_1.c ****                 /* Set the default Run Mode of the Timer to Continuous */
 100:.\Generated_Source\PSoC5/Timer_1.c ****                 Timer_1_CONTROL3 |= Timer_1_CTRL_MODE_CONTINUOUS;
 101:.\Generated_Source\PSoC5/Timer_1.c ****             #endif /* Set Continuous Run Mode in CONTROL3 for PSoC3ES3 or PSoC5A */
 102:.\Generated_Source\PSoC5/Timer_1.c **** 
 103:.\Generated_Source\PSoC5/Timer_1.c ****         #endif /* Configure Run Mode with hardware enable */
 104:.\Generated_Source\PSoC5/Timer_1.c **** 
 105:.\Generated_Source\PSoC5/Timer_1.c ****         /* Clear and Set SYNCTC and SYNCCMP bits of RT1 register */
 106:.\Generated_Source\PSoC5/Timer_1.c ****         Timer_1_RT1 &= ((uint8)(~Timer_1_RT1_MASK));
  41              		.loc 1 106 0
  42 0012 114B     		ldr	r3, .L2+4
  43 0014 1A78     		ldrb	r2, [r3]	@ zero_extendqisi2
  44 0016 02F0CF02 		and	r2, r2, #207
  45 001a 1A70     		strb	r2, [r3]
 107:.\Generated_Source\PSoC5/Timer_1.c ****         Timer_1_RT1 |= Timer_1_SYNC;
  46              		.loc 1 107 0
  47 001c 1A78     		ldrb	r2, [r3]	@ zero_extendqisi2
  48 001e 42F03002 		orr	r2, r2, #48
  49 0022 1A70     		strb	r2, [r3]
 108:.\Generated_Source\PSoC5/Timer_1.c **** 
 109:.\Generated_Source\PSoC5/Timer_1.c ****         /*Enable DSI Sync all all inputs of the Timer*/
 110:.\Generated_Source\PSoC5/Timer_1.c ****         Timer_1_RT1 &= ((uint8)(~Timer_1_SYNCDSI_MASK));
  50              		.loc 1 110 0
  51 0024 1A78     		ldrb	r2, [r3]	@ zero_extendqisi2
  52 0026 02F0F002 		and	r2, r2, #240
  53 002a 1A70     		strb	r2, [r3]
 111:.\Generated_Source\PSoC5/Timer_1.c ****         Timer_1_RT1 |= Timer_1_SYNCDSI_EN;
  54              		.loc 1 111 0
  55 002c 1A78     		ldrb	r2, [r3]	@ zero_extendqisi2
  56 002e 42F00F02 		orr	r2, r2, #15
  57 0032 1A70     		strb	r2, [r3]
 112:.\Generated_Source\PSoC5/Timer_1.c **** 
 113:.\Generated_Source\PSoC5/Timer_1.c ****         /* Set the IRQ to use the status register interrupts */
 114:.\Generated_Source\PSoC5/Timer_1.c ****         Timer_1_CONTROL2 |= Timer_1_CTRL2_IRQ_SEL;
ARM GAS  D:\TEMP\ccdQeHr0.s 			page 4


  58              		.loc 1 114 0
  59 0034 094A     		ldr	r2, .L2+8
  60 0036 1378     		ldrb	r3, [r2]	@ zero_extendqisi2
  61 0038 43F00103 		orr	r3, r3, #1
  62 003c 1370     		strb	r3, [r2]
  63              	.LVL0:
  64              	.LBB8:
  65              	.LBB9:
 115:.\Generated_Source\PSoC5/Timer_1.c ****     #endif /* Configuring registers of fixed function implementation */
 116:.\Generated_Source\PSoC5/Timer_1.c **** 
 117:.\Generated_Source\PSoC5/Timer_1.c ****     /* Set Initial values from Configuration */
 118:.\Generated_Source\PSoC5/Timer_1.c ****     Timer_1_WritePeriod(Timer_1_INIT_PERIOD);
 119:.\Generated_Source\PSoC5/Timer_1.c ****     Timer_1_WriteCounter(Timer_1_INIT_PERIOD);
 120:.\Generated_Source\PSoC5/Timer_1.c **** 
 121:.\Generated_Source\PSoC5/Timer_1.c ****     #if (Timer_1_UsingHWCaptureCounter)/* Capture counter is enabled */
 122:.\Generated_Source\PSoC5/Timer_1.c ****         Timer_1_CAPTURE_COUNT_CTRL |= Timer_1_CNTR_ENABLE;
 123:.\Generated_Source\PSoC5/Timer_1.c ****         Timer_1_SetCaptureCount(Timer_1_INIT_CAPTURE_COUNT);
 124:.\Generated_Source\PSoC5/Timer_1.c ****     #endif /* Configure capture counter value */
 125:.\Generated_Source\PSoC5/Timer_1.c **** 
 126:.\Generated_Source\PSoC5/Timer_1.c ****     #if (!Timer_1_UsingFixedFunction)
 127:.\Generated_Source\PSoC5/Timer_1.c ****         #if (Timer_1_SoftwareCaptureMode)
 128:.\Generated_Source\PSoC5/Timer_1.c ****             Timer_1_SetCaptureMode(Timer_1_INIT_CAPTURE_MODE);
 129:.\Generated_Source\PSoC5/Timer_1.c ****         #endif /* Set Capture Mode for UDB implementation if capture mode is software controlled */
 130:.\Generated_Source\PSoC5/Timer_1.c **** 
 131:.\Generated_Source\PSoC5/Timer_1.c ****         #if (Timer_1_SoftwareTriggerMode)
 132:.\Generated_Source\PSoC5/Timer_1.c ****             #if (!Timer_1_UDB_CONTROL_REG_REMOVED)
 133:.\Generated_Source\PSoC5/Timer_1.c ****                 if (0u == (Timer_1_CONTROL & Timer_1__B_TIMER__TM_SOFTWARE))
 134:.\Generated_Source\PSoC5/Timer_1.c ****                 {
 135:.\Generated_Source\PSoC5/Timer_1.c ****                     Timer_1_SetTriggerMode(Timer_1_INIT_TRIGGER_MODE);
 136:.\Generated_Source\PSoC5/Timer_1.c ****                 }
 137:.\Generated_Source\PSoC5/Timer_1.c ****             #endif /* (!Timer_1_UDB_CONTROL_REG_REMOVED) */
 138:.\Generated_Source\PSoC5/Timer_1.c ****         #endif /* Set trigger mode for UDB Implementation if trigger mode is software controlled */
 139:.\Generated_Source\PSoC5/Timer_1.c **** 
 140:.\Generated_Source\PSoC5/Timer_1.c ****         /* CyEnterCriticalRegion and CyExitCriticalRegion are used to mark following region critica
 141:.\Generated_Source\PSoC5/Timer_1.c ****         /* Enter Critical Region*/
 142:.\Generated_Source\PSoC5/Timer_1.c ****         Timer_1_interruptState = CyEnterCriticalSection();
 143:.\Generated_Source\PSoC5/Timer_1.c **** 
 144:.\Generated_Source\PSoC5/Timer_1.c ****         /* Use the interrupt output of the status register for IRQ output */
 145:.\Generated_Source\PSoC5/Timer_1.c ****         Timer_1_STATUS_AUX_CTRL |= Timer_1_STATUS_ACTL_INT_EN_MASK;
 146:.\Generated_Source\PSoC5/Timer_1.c **** 
 147:.\Generated_Source\PSoC5/Timer_1.c ****         /* Exit Critical Region*/
 148:.\Generated_Source\PSoC5/Timer_1.c ****         CyExitCriticalSection(Timer_1_interruptState);
 149:.\Generated_Source\PSoC5/Timer_1.c **** 
 150:.\Generated_Source\PSoC5/Timer_1.c ****         #if (Timer_1_EnableTriggerMode)
 151:.\Generated_Source\PSoC5/Timer_1.c ****             Timer_1_EnableTrigger();
 152:.\Generated_Source\PSoC5/Timer_1.c ****         #endif /* Set Trigger enable bit for UDB implementation in the control register*/
 153:.\Generated_Source\PSoC5/Timer_1.c **** 		
 154:.\Generated_Source\PSoC5/Timer_1.c **** 		
 155:.\Generated_Source\PSoC5/Timer_1.c ****         #if (Timer_1_InterruptOnCaptureCount && !Timer_1_UDB_CONTROL_REG_REMOVED)
 156:.\Generated_Source\PSoC5/Timer_1.c ****             Timer_1_SetInterruptCount(Timer_1_INIT_INT_CAPTURE_COUNT);
 157:.\Generated_Source\PSoC5/Timer_1.c ****         #endif /* Set interrupt count in UDB implementation if interrupt count feature is checked.*
 158:.\Generated_Source\PSoC5/Timer_1.c **** 
 159:.\Generated_Source\PSoC5/Timer_1.c ****         Timer_1_ClearFIFO();
 160:.\Generated_Source\PSoC5/Timer_1.c ****     #endif /* Configure additional features of UDB implementation */
 161:.\Generated_Source\PSoC5/Timer_1.c **** 
 162:.\Generated_Source\PSoC5/Timer_1.c ****     Timer_1_SetInterruptMode(Timer_1_INIT_INTERRUPT_MODE);
 163:.\Generated_Source\PSoC5/Timer_1.c **** }
ARM GAS  D:\TEMP\ccdQeHr0.s 			page 5


 164:.\Generated_Source\PSoC5/Timer_1.c **** 
 165:.\Generated_Source\PSoC5/Timer_1.c **** 
 166:.\Generated_Source\PSoC5/Timer_1.c **** /*******************************************************************************
 167:.\Generated_Source\PSoC5/Timer_1.c **** * Function Name: Timer_1_Enable
 168:.\Generated_Source\PSoC5/Timer_1.c **** ********************************************************************************
 169:.\Generated_Source\PSoC5/Timer_1.c **** *
 170:.\Generated_Source\PSoC5/Timer_1.c **** * Summary:
 171:.\Generated_Source\PSoC5/Timer_1.c **** *  Enable the Timer
 172:.\Generated_Source\PSoC5/Timer_1.c **** *
 173:.\Generated_Source\PSoC5/Timer_1.c **** * Parameters:
 174:.\Generated_Source\PSoC5/Timer_1.c **** *  void
 175:.\Generated_Source\PSoC5/Timer_1.c **** *
 176:.\Generated_Source\PSoC5/Timer_1.c **** * Return:
 177:.\Generated_Source\PSoC5/Timer_1.c **** *  void
 178:.\Generated_Source\PSoC5/Timer_1.c **** *
 179:.\Generated_Source\PSoC5/Timer_1.c **** *******************************************************************************/
 180:.\Generated_Source\PSoC5/Timer_1.c **** void Timer_1_Enable(void) 
 181:.\Generated_Source\PSoC5/Timer_1.c **** {
 182:.\Generated_Source\PSoC5/Timer_1.c ****     /* Globally Enable the Fixed Function Block chosen */
 183:.\Generated_Source\PSoC5/Timer_1.c ****     #if (Timer_1_UsingFixedFunction)
 184:.\Generated_Source\PSoC5/Timer_1.c ****         Timer_1_GLOBAL_ENABLE |= Timer_1_BLOCK_EN_MASK;
 185:.\Generated_Source\PSoC5/Timer_1.c ****         Timer_1_GLOBAL_STBY_ENABLE |= Timer_1_BLOCK_STBY_EN_MASK;
 186:.\Generated_Source\PSoC5/Timer_1.c ****     #endif /* Set Enable bit for enabling Fixed function timer*/
 187:.\Generated_Source\PSoC5/Timer_1.c **** 
 188:.\Generated_Source\PSoC5/Timer_1.c ****     /* Remove assignment if control register is removed */
 189:.\Generated_Source\PSoC5/Timer_1.c ****     #if (!Timer_1_UDB_CONTROL_REG_REMOVED || Timer_1_UsingFixedFunction)
 190:.\Generated_Source\PSoC5/Timer_1.c ****         Timer_1_CONTROL |= Timer_1_CTRL_ENABLE;
 191:.\Generated_Source\PSoC5/Timer_1.c ****     #endif /* Remove assignment if control register is removed */
 192:.\Generated_Source\PSoC5/Timer_1.c **** }
 193:.\Generated_Source\PSoC5/Timer_1.c **** 
 194:.\Generated_Source\PSoC5/Timer_1.c **** 
 195:.\Generated_Source\PSoC5/Timer_1.c **** /*******************************************************************************
 196:.\Generated_Source\PSoC5/Timer_1.c **** * Function Name: Timer_1_Start
 197:.\Generated_Source\PSoC5/Timer_1.c **** ********************************************************************************
 198:.\Generated_Source\PSoC5/Timer_1.c **** *
 199:.\Generated_Source\PSoC5/Timer_1.c **** * Summary:
 200:.\Generated_Source\PSoC5/Timer_1.c **** *  The start function initializes the timer with the default values, the
 201:.\Generated_Source\PSoC5/Timer_1.c **** *  enables the timerto begin counting.  It does not enable interrupts,
 202:.\Generated_Source\PSoC5/Timer_1.c **** *  the EnableInt command should be called if interrupt generation is required.
 203:.\Generated_Source\PSoC5/Timer_1.c **** *
 204:.\Generated_Source\PSoC5/Timer_1.c **** * Parameters:
 205:.\Generated_Source\PSoC5/Timer_1.c **** *  void
 206:.\Generated_Source\PSoC5/Timer_1.c **** *
 207:.\Generated_Source\PSoC5/Timer_1.c **** * Return:
 208:.\Generated_Source\PSoC5/Timer_1.c **** *  void
 209:.\Generated_Source\PSoC5/Timer_1.c **** *
 210:.\Generated_Source\PSoC5/Timer_1.c **** * Global variables:
 211:.\Generated_Source\PSoC5/Timer_1.c **** *  Timer_1_initVar: Is modified when this function is called for the
 212:.\Generated_Source\PSoC5/Timer_1.c **** *   first time. Is used to ensure that initialization happens only once.
 213:.\Generated_Source\PSoC5/Timer_1.c **** *
 214:.\Generated_Source\PSoC5/Timer_1.c **** *******************************************************************************/
 215:.\Generated_Source\PSoC5/Timer_1.c **** void Timer_1_Start(void) 
 216:.\Generated_Source\PSoC5/Timer_1.c **** {
 217:.\Generated_Source\PSoC5/Timer_1.c ****     if(Timer_1_initVar == 0u)
 218:.\Generated_Source\PSoC5/Timer_1.c ****     {
 219:.\Generated_Source\PSoC5/Timer_1.c ****         Timer_1_Init();
 220:.\Generated_Source\PSoC5/Timer_1.c **** 
ARM GAS  D:\TEMP\ccdQeHr0.s 			page 6


 221:.\Generated_Source\PSoC5/Timer_1.c ****         Timer_1_initVar = 1u;   /* Clear this bit for Initialization */
 222:.\Generated_Source\PSoC5/Timer_1.c ****     }
 223:.\Generated_Source\PSoC5/Timer_1.c **** 
 224:.\Generated_Source\PSoC5/Timer_1.c ****     /* Enable the Timer */
 225:.\Generated_Source\PSoC5/Timer_1.c ****     Timer_1_Enable();
 226:.\Generated_Source\PSoC5/Timer_1.c **** }
 227:.\Generated_Source\PSoC5/Timer_1.c **** 
 228:.\Generated_Source\PSoC5/Timer_1.c **** 
 229:.\Generated_Source\PSoC5/Timer_1.c **** /*******************************************************************************
 230:.\Generated_Source\PSoC5/Timer_1.c **** * Function Name: Timer_1_Stop
 231:.\Generated_Source\PSoC5/Timer_1.c **** ********************************************************************************
 232:.\Generated_Source\PSoC5/Timer_1.c **** *
 233:.\Generated_Source\PSoC5/Timer_1.c **** * Summary:
 234:.\Generated_Source\PSoC5/Timer_1.c **** *  The stop function halts the timer, but does not change any modes or disable
 235:.\Generated_Source\PSoC5/Timer_1.c **** *  interrupts.
 236:.\Generated_Source\PSoC5/Timer_1.c **** *
 237:.\Generated_Source\PSoC5/Timer_1.c **** * Parameters:
 238:.\Generated_Source\PSoC5/Timer_1.c **** *  void
 239:.\Generated_Source\PSoC5/Timer_1.c **** *
 240:.\Generated_Source\PSoC5/Timer_1.c **** * Return:
 241:.\Generated_Source\PSoC5/Timer_1.c **** *  void
 242:.\Generated_Source\PSoC5/Timer_1.c **** *
 243:.\Generated_Source\PSoC5/Timer_1.c **** * Side Effects: If the Enable mode is set to Hardware only then this function
 244:.\Generated_Source\PSoC5/Timer_1.c **** *               has no effect on the operation of the timer.
 245:.\Generated_Source\PSoC5/Timer_1.c **** *
 246:.\Generated_Source\PSoC5/Timer_1.c **** *******************************************************************************/
 247:.\Generated_Source\PSoC5/Timer_1.c **** void Timer_1_Stop(void) 
 248:.\Generated_Source\PSoC5/Timer_1.c **** {
 249:.\Generated_Source\PSoC5/Timer_1.c ****     /* Disable Timer */
 250:.\Generated_Source\PSoC5/Timer_1.c ****     #if(!Timer_1_UDB_CONTROL_REG_REMOVED || Timer_1_UsingFixedFunction)
 251:.\Generated_Source\PSoC5/Timer_1.c ****         Timer_1_CONTROL &= ((uint8)(~Timer_1_CTRL_ENABLE));
 252:.\Generated_Source\PSoC5/Timer_1.c ****     #endif /* Remove assignment if control register is removed */
 253:.\Generated_Source\PSoC5/Timer_1.c **** 
 254:.\Generated_Source\PSoC5/Timer_1.c ****     /* Globally disable the Fixed Function Block chosen */
 255:.\Generated_Source\PSoC5/Timer_1.c ****     #if (Timer_1_UsingFixedFunction)
 256:.\Generated_Source\PSoC5/Timer_1.c ****         Timer_1_GLOBAL_ENABLE &= ((uint8)(~Timer_1_BLOCK_EN_MASK));
 257:.\Generated_Source\PSoC5/Timer_1.c ****         Timer_1_GLOBAL_STBY_ENABLE &= ((uint8)(~Timer_1_BLOCK_STBY_EN_MASK));
 258:.\Generated_Source\PSoC5/Timer_1.c ****     #endif /* Disable global enable for the Timer Fixed function block to stop the Timer*/
 259:.\Generated_Source\PSoC5/Timer_1.c **** }
 260:.\Generated_Source\PSoC5/Timer_1.c **** 
 261:.\Generated_Source\PSoC5/Timer_1.c **** 
 262:.\Generated_Source\PSoC5/Timer_1.c **** /*******************************************************************************
 263:.\Generated_Source\PSoC5/Timer_1.c **** * Function Name: Timer_1_SetInterruptMode
 264:.\Generated_Source\PSoC5/Timer_1.c **** ********************************************************************************
 265:.\Generated_Source\PSoC5/Timer_1.c **** *
 266:.\Generated_Source\PSoC5/Timer_1.c **** * Summary:
 267:.\Generated_Source\PSoC5/Timer_1.c **** *  This function selects which of the interrupt inputs may cause an interrupt.
 268:.\Generated_Source\PSoC5/Timer_1.c **** *  The twosources are caputure and terminal.  One, both or neither may
 269:.\Generated_Source\PSoC5/Timer_1.c **** *  be selected.
 270:.\Generated_Source\PSoC5/Timer_1.c **** *
 271:.\Generated_Source\PSoC5/Timer_1.c **** * Parameters:
 272:.\Generated_Source\PSoC5/Timer_1.c **** *  interruptMode:   This parameter is used to enable interrups on either/or
 273:.\Generated_Source\PSoC5/Timer_1.c **** *                   terminal count or capture.
 274:.\Generated_Source\PSoC5/Timer_1.c **** *
 275:.\Generated_Source\PSoC5/Timer_1.c **** * Return:
 276:.\Generated_Source\PSoC5/Timer_1.c **** *  void
 277:.\Generated_Source\PSoC5/Timer_1.c **** *
ARM GAS  D:\TEMP\ccdQeHr0.s 			page 7


 278:.\Generated_Source\PSoC5/Timer_1.c **** *******************************************************************************/
 279:.\Generated_Source\PSoC5/Timer_1.c **** void Timer_1_SetInterruptMode(uint8 interruptMode) 
 280:.\Generated_Source\PSoC5/Timer_1.c **** {
 281:.\Generated_Source\PSoC5/Timer_1.c ****     Timer_1_STATUS_MASK = interruptMode;
 282:.\Generated_Source\PSoC5/Timer_1.c **** }
 283:.\Generated_Source\PSoC5/Timer_1.c **** 
 284:.\Generated_Source\PSoC5/Timer_1.c **** 
 285:.\Generated_Source\PSoC5/Timer_1.c **** /*******************************************************************************
 286:.\Generated_Source\PSoC5/Timer_1.c **** * Function Name: Timer_1_SoftwareCapture
 287:.\Generated_Source\PSoC5/Timer_1.c **** ********************************************************************************
 288:.\Generated_Source\PSoC5/Timer_1.c **** *
 289:.\Generated_Source\PSoC5/Timer_1.c **** * Summary:
 290:.\Generated_Source\PSoC5/Timer_1.c **** *  This function forces a capture independent of the capture signal.
 291:.\Generated_Source\PSoC5/Timer_1.c **** *
 292:.\Generated_Source\PSoC5/Timer_1.c **** * Parameters:
 293:.\Generated_Source\PSoC5/Timer_1.c **** *  void
 294:.\Generated_Source\PSoC5/Timer_1.c **** *
 295:.\Generated_Source\PSoC5/Timer_1.c **** * Return:
 296:.\Generated_Source\PSoC5/Timer_1.c **** *  void
 297:.\Generated_Source\PSoC5/Timer_1.c **** *
 298:.\Generated_Source\PSoC5/Timer_1.c **** * Side Effects:
 299:.\Generated_Source\PSoC5/Timer_1.c **** *  An existing hardware capture could be overwritten.
 300:.\Generated_Source\PSoC5/Timer_1.c **** *
 301:.\Generated_Source\PSoC5/Timer_1.c **** *******************************************************************************/
 302:.\Generated_Source\PSoC5/Timer_1.c **** void Timer_1_SoftwareCapture(void) 
 303:.\Generated_Source\PSoC5/Timer_1.c **** {
 304:.\Generated_Source\PSoC5/Timer_1.c ****     /* Generate a software capture by reading the counter register */
 305:.\Generated_Source\PSoC5/Timer_1.c ****     #if(Timer_1_UsingFixedFunction)
 306:.\Generated_Source\PSoC5/Timer_1.c ****         (void)CY_GET_REG16(Timer_1_COUNTER_LSB_PTR);
 307:.\Generated_Source\PSoC5/Timer_1.c ****     #else
 308:.\Generated_Source\PSoC5/Timer_1.c ****         (void)CY_GET_REG8(Timer_1_COUNTER_LSB_PTR_8BIT);
 309:.\Generated_Source\PSoC5/Timer_1.c ****     #endif/* (Timer_1_UsingFixedFunction) */
 310:.\Generated_Source\PSoC5/Timer_1.c ****     /* Capture Data is now in the FIFO */
 311:.\Generated_Source\PSoC5/Timer_1.c **** }
 312:.\Generated_Source\PSoC5/Timer_1.c **** 
 313:.\Generated_Source\PSoC5/Timer_1.c **** 
 314:.\Generated_Source\PSoC5/Timer_1.c **** /*******************************************************************************
 315:.\Generated_Source\PSoC5/Timer_1.c **** * Function Name: Timer_1_ReadStatusRegister
 316:.\Generated_Source\PSoC5/Timer_1.c **** ********************************************************************************
 317:.\Generated_Source\PSoC5/Timer_1.c **** *
 318:.\Generated_Source\PSoC5/Timer_1.c **** * Summary:
 319:.\Generated_Source\PSoC5/Timer_1.c **** *  Reads the status register and returns it's state. This function should use
 320:.\Generated_Source\PSoC5/Timer_1.c **** *  defined types for the bit-field information as the bits in this register may
 321:.\Generated_Source\PSoC5/Timer_1.c **** *  be permuteable.
 322:.\Generated_Source\PSoC5/Timer_1.c **** *
 323:.\Generated_Source\PSoC5/Timer_1.c **** * Parameters:
 324:.\Generated_Source\PSoC5/Timer_1.c **** *  void
 325:.\Generated_Source\PSoC5/Timer_1.c **** *
 326:.\Generated_Source\PSoC5/Timer_1.c **** * Return:
 327:.\Generated_Source\PSoC5/Timer_1.c **** *  The contents of the status register
 328:.\Generated_Source\PSoC5/Timer_1.c **** *
 329:.\Generated_Source\PSoC5/Timer_1.c **** * Side Effects:
 330:.\Generated_Source\PSoC5/Timer_1.c **** *  Status register bits may be clear on read.
 331:.\Generated_Source\PSoC5/Timer_1.c **** *
 332:.\Generated_Source\PSoC5/Timer_1.c **** *******************************************************************************/
 333:.\Generated_Source\PSoC5/Timer_1.c **** uint8   Timer_1_ReadStatusRegister(void) 
 334:.\Generated_Source\PSoC5/Timer_1.c **** {
ARM GAS  D:\TEMP\ccdQeHr0.s 			page 8


 335:.\Generated_Source\PSoC5/Timer_1.c ****     return (Timer_1_STATUS);
 336:.\Generated_Source\PSoC5/Timer_1.c **** }
 337:.\Generated_Source\PSoC5/Timer_1.c **** 
 338:.\Generated_Source\PSoC5/Timer_1.c **** 
 339:.\Generated_Source\PSoC5/Timer_1.c **** #if (!Timer_1_UDB_CONTROL_REG_REMOVED) /* Remove API if control register is unused */
 340:.\Generated_Source\PSoC5/Timer_1.c **** 
 341:.\Generated_Source\PSoC5/Timer_1.c **** 
 342:.\Generated_Source\PSoC5/Timer_1.c **** /*******************************************************************************
 343:.\Generated_Source\PSoC5/Timer_1.c **** * Function Name: Timer_1_ReadControlRegister
 344:.\Generated_Source\PSoC5/Timer_1.c **** ********************************************************************************
 345:.\Generated_Source\PSoC5/Timer_1.c **** *
 346:.\Generated_Source\PSoC5/Timer_1.c **** * Summary:
 347:.\Generated_Source\PSoC5/Timer_1.c **** *  Reads the control register and returns it's value.
 348:.\Generated_Source\PSoC5/Timer_1.c **** *
 349:.\Generated_Source\PSoC5/Timer_1.c **** * Parameters:
 350:.\Generated_Source\PSoC5/Timer_1.c **** *  void
 351:.\Generated_Source\PSoC5/Timer_1.c **** *
 352:.\Generated_Source\PSoC5/Timer_1.c **** * Return:
 353:.\Generated_Source\PSoC5/Timer_1.c **** *  The contents of the control register
 354:.\Generated_Source\PSoC5/Timer_1.c **** *
 355:.\Generated_Source\PSoC5/Timer_1.c **** *******************************************************************************/
 356:.\Generated_Source\PSoC5/Timer_1.c **** uint8 Timer_1_ReadControlRegister(void) 
 357:.\Generated_Source\PSoC5/Timer_1.c **** {
 358:.\Generated_Source\PSoC5/Timer_1.c ****     #if (!Timer_1_UDB_CONTROL_REG_REMOVED) 
 359:.\Generated_Source\PSoC5/Timer_1.c ****         return ((uint8)Timer_1_CONTROL);
 360:.\Generated_Source\PSoC5/Timer_1.c ****     #else
 361:.\Generated_Source\PSoC5/Timer_1.c ****         return (0);
 362:.\Generated_Source\PSoC5/Timer_1.c ****     #endif /* (!Timer_1_UDB_CONTROL_REG_REMOVED) */
 363:.\Generated_Source\PSoC5/Timer_1.c **** }
 364:.\Generated_Source\PSoC5/Timer_1.c **** 
 365:.\Generated_Source\PSoC5/Timer_1.c **** 
 366:.\Generated_Source\PSoC5/Timer_1.c **** /*******************************************************************************
 367:.\Generated_Source\PSoC5/Timer_1.c **** * Function Name: Timer_1_WriteControlRegister
 368:.\Generated_Source\PSoC5/Timer_1.c **** ********************************************************************************
 369:.\Generated_Source\PSoC5/Timer_1.c **** *
 370:.\Generated_Source\PSoC5/Timer_1.c **** * Summary:
 371:.\Generated_Source\PSoC5/Timer_1.c **** *  Sets the bit-field of the control register.
 372:.\Generated_Source\PSoC5/Timer_1.c **** *
 373:.\Generated_Source\PSoC5/Timer_1.c **** * Parameters:
 374:.\Generated_Source\PSoC5/Timer_1.c **** *  control: The contents of the control register
 375:.\Generated_Source\PSoC5/Timer_1.c **** *
 376:.\Generated_Source\PSoC5/Timer_1.c **** * Return:
 377:.\Generated_Source\PSoC5/Timer_1.c **** *
 378:.\Generated_Source\PSoC5/Timer_1.c **** *******************************************************************************/
 379:.\Generated_Source\PSoC5/Timer_1.c **** void Timer_1_WriteControlRegister(uint8 control) 
 380:.\Generated_Source\PSoC5/Timer_1.c **** {
 381:.\Generated_Source\PSoC5/Timer_1.c ****     #if (!Timer_1_UDB_CONTROL_REG_REMOVED) 
 382:.\Generated_Source\PSoC5/Timer_1.c ****         Timer_1_CONTROL = control;
 383:.\Generated_Source\PSoC5/Timer_1.c ****     #else
 384:.\Generated_Source\PSoC5/Timer_1.c ****         control = 0u;
 385:.\Generated_Source\PSoC5/Timer_1.c ****     #endif /* (!Timer_1_UDB_CONTROL_REG_REMOVED) */
 386:.\Generated_Source\PSoC5/Timer_1.c **** }
 387:.\Generated_Source\PSoC5/Timer_1.c **** 
 388:.\Generated_Source\PSoC5/Timer_1.c **** #endif /* Remove API if control register is unused */
 389:.\Generated_Source\PSoC5/Timer_1.c **** 
 390:.\Generated_Source\PSoC5/Timer_1.c **** 
 391:.\Generated_Source\PSoC5/Timer_1.c **** /*******************************************************************************
ARM GAS  D:\TEMP\ccdQeHr0.s 			page 9


 392:.\Generated_Source\PSoC5/Timer_1.c **** * Function Name: Timer_1_ReadPeriod
 393:.\Generated_Source\PSoC5/Timer_1.c **** ********************************************************************************
 394:.\Generated_Source\PSoC5/Timer_1.c **** *
 395:.\Generated_Source\PSoC5/Timer_1.c **** * Summary:
 396:.\Generated_Source\PSoC5/Timer_1.c **** *  This function returns the current value of the Period.
 397:.\Generated_Source\PSoC5/Timer_1.c **** *
 398:.\Generated_Source\PSoC5/Timer_1.c **** * Parameters:
 399:.\Generated_Source\PSoC5/Timer_1.c **** *  void
 400:.\Generated_Source\PSoC5/Timer_1.c **** *
 401:.\Generated_Source\PSoC5/Timer_1.c **** * Return:
 402:.\Generated_Source\PSoC5/Timer_1.c **** *  The present value of the counter.
 403:.\Generated_Source\PSoC5/Timer_1.c **** *
 404:.\Generated_Source\PSoC5/Timer_1.c **** *******************************************************************************/
 405:.\Generated_Source\PSoC5/Timer_1.c **** uint16 Timer_1_ReadPeriod(void) 
 406:.\Generated_Source\PSoC5/Timer_1.c **** {
 407:.\Generated_Source\PSoC5/Timer_1.c ****    #if(Timer_1_UsingFixedFunction)
 408:.\Generated_Source\PSoC5/Timer_1.c ****        return ((uint16)CY_GET_REG16(Timer_1_PERIOD_LSB_PTR));
 409:.\Generated_Source\PSoC5/Timer_1.c ****    #else
 410:.\Generated_Source\PSoC5/Timer_1.c ****        return (CY_GET_REG16(Timer_1_PERIOD_LSB_PTR));
 411:.\Generated_Source\PSoC5/Timer_1.c ****    #endif /* (Timer_1_UsingFixedFunction) */
 412:.\Generated_Source\PSoC5/Timer_1.c **** }
 413:.\Generated_Source\PSoC5/Timer_1.c **** 
 414:.\Generated_Source\PSoC5/Timer_1.c **** 
 415:.\Generated_Source\PSoC5/Timer_1.c **** /*******************************************************************************
 416:.\Generated_Source\PSoC5/Timer_1.c **** * Function Name: Timer_1_WritePeriod
 417:.\Generated_Source\PSoC5/Timer_1.c **** ********************************************************************************
 418:.\Generated_Source\PSoC5/Timer_1.c **** *
 419:.\Generated_Source\PSoC5/Timer_1.c **** * Summary:
 420:.\Generated_Source\PSoC5/Timer_1.c **** *  This function is used to change the period of the counter.  The new period
 421:.\Generated_Source\PSoC5/Timer_1.c **** *  will be loaded the next time terminal count is detected.
 422:.\Generated_Source\PSoC5/Timer_1.c **** *
 423:.\Generated_Source\PSoC5/Timer_1.c **** * Parameters:
 424:.\Generated_Source\PSoC5/Timer_1.c **** *  period: This value may be between 1 and (2^Resolution)-1.  A value of 0 will
 425:.\Generated_Source\PSoC5/Timer_1.c **** *          result in the counter remaining at zero.
 426:.\Generated_Source\PSoC5/Timer_1.c **** *
 427:.\Generated_Source\PSoC5/Timer_1.c **** * Return:
 428:.\Generated_Source\PSoC5/Timer_1.c **** *  void
 429:.\Generated_Source\PSoC5/Timer_1.c **** *
 430:.\Generated_Source\PSoC5/Timer_1.c **** *******************************************************************************/
 431:.\Generated_Source\PSoC5/Timer_1.c **** void Timer_1_WritePeriod(uint16 period) 
 432:.\Generated_Source\PSoC5/Timer_1.c **** {
 433:.\Generated_Source\PSoC5/Timer_1.c ****     #if(Timer_1_UsingFixedFunction)
 434:.\Generated_Source\PSoC5/Timer_1.c ****         uint16 period_temp = (uint16)period;
 435:.\Generated_Source\PSoC5/Timer_1.c ****         CY_SET_REG16(Timer_1_PERIOD_LSB_PTR, period_temp);
  66              		.loc 1 435 0
  67 003e 4FF6FF73 		movw	r3, #65535
  68 0042 A2F80330 		strh	r3, [r2, #3]	@ movhi
  69              	.LVL1:
  70              	.LBE9:
  71              	.LBE8:
  72              	.LBB10:
  73              	.LBB11:
 436:.\Generated_Source\PSoC5/Timer_1.c ****     #else
 437:.\Generated_Source\PSoC5/Timer_1.c ****         CY_SET_REG16(Timer_1_PERIOD_LSB_PTR, period);
 438:.\Generated_Source\PSoC5/Timer_1.c ****     #endif /*Write Period value with appropriate resolution suffix depending on UDB or fixed functi
 439:.\Generated_Source\PSoC5/Timer_1.c **** }
 440:.\Generated_Source\PSoC5/Timer_1.c **** 
ARM GAS  D:\TEMP\ccdQeHr0.s 			page 10


 441:.\Generated_Source\PSoC5/Timer_1.c **** 
 442:.\Generated_Source\PSoC5/Timer_1.c **** /*******************************************************************************
 443:.\Generated_Source\PSoC5/Timer_1.c **** * Function Name: Timer_1_ReadCapture
 444:.\Generated_Source\PSoC5/Timer_1.c **** ********************************************************************************
 445:.\Generated_Source\PSoC5/Timer_1.c **** *
 446:.\Generated_Source\PSoC5/Timer_1.c **** * Summary:
 447:.\Generated_Source\PSoC5/Timer_1.c **** *  This function returns the last value captured.
 448:.\Generated_Source\PSoC5/Timer_1.c **** *
 449:.\Generated_Source\PSoC5/Timer_1.c **** * Parameters:
 450:.\Generated_Source\PSoC5/Timer_1.c **** *  void
 451:.\Generated_Source\PSoC5/Timer_1.c **** *
 452:.\Generated_Source\PSoC5/Timer_1.c **** * Return:
 453:.\Generated_Source\PSoC5/Timer_1.c **** *  Present Capture value.
 454:.\Generated_Source\PSoC5/Timer_1.c **** *
 455:.\Generated_Source\PSoC5/Timer_1.c **** *******************************************************************************/
 456:.\Generated_Source\PSoC5/Timer_1.c **** uint16 Timer_1_ReadCapture(void) 
 457:.\Generated_Source\PSoC5/Timer_1.c **** {
 458:.\Generated_Source\PSoC5/Timer_1.c ****    #if(Timer_1_UsingFixedFunction)
 459:.\Generated_Source\PSoC5/Timer_1.c ****        return ((uint16)CY_GET_REG16(Timer_1_CAPTURE_LSB_PTR));
 460:.\Generated_Source\PSoC5/Timer_1.c ****    #else
 461:.\Generated_Source\PSoC5/Timer_1.c ****        return (CY_GET_REG16(Timer_1_CAPTURE_LSB_PTR));
 462:.\Generated_Source\PSoC5/Timer_1.c ****    #endif /* (Timer_1_UsingFixedFunction) */
 463:.\Generated_Source\PSoC5/Timer_1.c **** }
 464:.\Generated_Source\PSoC5/Timer_1.c **** 
 465:.\Generated_Source\PSoC5/Timer_1.c **** 
 466:.\Generated_Source\PSoC5/Timer_1.c **** /*******************************************************************************
 467:.\Generated_Source\PSoC5/Timer_1.c **** * Function Name: Timer_1_WriteCounter
 468:.\Generated_Source\PSoC5/Timer_1.c **** ********************************************************************************
 469:.\Generated_Source\PSoC5/Timer_1.c **** *
 470:.\Generated_Source\PSoC5/Timer_1.c **** * Summary:
 471:.\Generated_Source\PSoC5/Timer_1.c **** *  This funtion is used to set the counter to a specific value
 472:.\Generated_Source\PSoC5/Timer_1.c **** *
 473:.\Generated_Source\PSoC5/Timer_1.c **** * Parameters:
 474:.\Generated_Source\PSoC5/Timer_1.c **** *  counter:  New counter value.
 475:.\Generated_Source\PSoC5/Timer_1.c **** *
 476:.\Generated_Source\PSoC5/Timer_1.c **** * Return:
 477:.\Generated_Source\PSoC5/Timer_1.c **** *  void
 478:.\Generated_Source\PSoC5/Timer_1.c **** *
 479:.\Generated_Source\PSoC5/Timer_1.c **** *******************************************************************************/
 480:.\Generated_Source\PSoC5/Timer_1.c **** void Timer_1_WriteCounter(uint16 counter) 
 481:.\Generated_Source\PSoC5/Timer_1.c **** {
 482:.\Generated_Source\PSoC5/Timer_1.c ****    #if(Timer_1_UsingFixedFunction)
 483:.\Generated_Source\PSoC5/Timer_1.c ****         /* This functionality is removed until a FixedFunction HW update to
 484:.\Generated_Source\PSoC5/Timer_1.c ****          * allow this register to be written
 485:.\Generated_Source\PSoC5/Timer_1.c ****          */
 486:.\Generated_Source\PSoC5/Timer_1.c ****         CY_SET_REG16(Timer_1_COUNTER_LSB_PTR, (uint16)counter);
  74              		.loc 1 486 0
  75 0046 A2F80530 		strh	r3, [r2, #5]	@ movhi
  76              	.LVL2:
  77              	.LBE11:
  78              	.LBE10:
  79              	.LBB12:
  80              	.LBB13:
 281:.\Generated_Source\PSoC5/Timer_1.c **** }
  81              		.loc 1 281 0
  82 004a 054B     		ldr	r3, .L2+12
  83 004c 0022     		movs	r2, #0
ARM GAS  D:\TEMP\ccdQeHr0.s 			page 11


  84 004e 1A70     		strb	r2, [r3]
  85 0050 7047     		bx	lr
  86              	.L3:
  87 0052 00BF     		.align	2
  88              	.L2:
  89 0054 004F0040 		.word	1073762048
  90 0058 0B4F0040 		.word	1073762059
  91 005c 014F0040 		.word	1073762049
  92 0060 034F0040 		.word	1073762051
  93              	.LBE13:
  94              	.LBE12:
  95              		.cfi_endproc
  96              	.LFE0:
  97              		.size	Timer_1_Init, .-Timer_1_Init
  98              		.section	.text.Timer_1_Enable,"ax",%progbits
  99              		.align	1
 100              		.global	Timer_1_Enable
 101              		.thumb
 102              		.thumb_func
 103              		.type	Timer_1_Enable, %function
 104              	Timer_1_Enable:
 105              	.LFB1:
 181:.\Generated_Source\PSoC5/Timer_1.c ****     /* Globally Enable the Fixed Function Block chosen */
 106              		.loc 1 181 0
 107              		.cfi_startproc
 108              		@ args = 0, pretend = 0, frame = 0
 109              		@ frame_needed = 0, uses_anonymous_args = 0
 110              		@ link register save eliminated.
 184:.\Generated_Source\PSoC5/Timer_1.c ****         Timer_1_GLOBAL_STBY_ENABLE |= Timer_1_BLOCK_STBY_EN_MASK;
 111              		.loc 1 184 0
 112 0000 074A     		ldr	r2, .L5
 113 0002 1378     		ldrb	r3, [r2]	@ zero_extendqisi2
 114 0004 43F00103 		orr	r3, r3, #1
 115 0008 1370     		strb	r3, [r2]
 185:.\Generated_Source\PSoC5/Timer_1.c ****     #endif /* Set Enable bit for enabling Fixed function timer*/
 116              		.loc 1 185 0
 117 000a 137C     		ldrb	r3, [r2, #16]	@ zero_extendqisi2
 118 000c 43F00103 		orr	r3, r3, #1
 119 0010 1374     		strb	r3, [r2, #16]
 190:.\Generated_Source\PSoC5/Timer_1.c ****     #endif /* Remove assignment if control register is removed */
 120              		.loc 1 190 0
 121 0012 92F85D3B 		ldrb	r3, [r2, #2909]	@ zero_extendqisi2
 122 0016 43F00103 		orr	r3, r3, #1
 123 001a 82F85D3B 		strb	r3, [r2, #2909]
 124 001e 7047     		bx	lr
 125              	.L6:
 126              		.align	2
 127              	.L5:
 128 0020 A3430040 		.word	1073759139
 129              		.cfi_endproc
 130              	.LFE1:
 131              		.size	Timer_1_Enable, .-Timer_1_Enable
 132              		.section	.text.Timer_1_Start,"ax",%progbits
 133              		.align	1
 134              		.global	Timer_1_Start
 135              		.thumb
 136              		.thumb_func
ARM GAS  D:\TEMP\ccdQeHr0.s 			page 12


 137              		.type	Timer_1_Start, %function
 138              	Timer_1_Start:
 139              	.LFB2:
 216:.\Generated_Source\PSoC5/Timer_1.c ****     if(Timer_1_initVar == 0u)
 140              		.loc 1 216 0
 141              		.cfi_startproc
 142              		@ args = 0, pretend = 0, frame = 0
 143              		@ frame_needed = 0, uses_anonymous_args = 0
 144 0000 10B5     		push	{r4, lr}
 145              		.cfi_def_cfa_offset 8
 146              		.cfi_offset 4, -8
 147              		.cfi_offset 14, -4
 217:.\Generated_Source\PSoC5/Timer_1.c ****     {
 148              		.loc 1 217 0
 149 0002 054C     		ldr	r4, .L10
 150 0004 2378     		ldrb	r3, [r4]	@ zero_extendqisi2
 151 0006 1BB9     		cbnz	r3, .L8
 219:.\Generated_Source\PSoC5/Timer_1.c **** 
 152              		.loc 1 219 0
 153 0008 FFF7FEFF 		bl	Timer_1_Init
 154              	.LVL3:
 221:.\Generated_Source\PSoC5/Timer_1.c ****     }
 155              		.loc 1 221 0
 156 000c 0123     		movs	r3, #1
 157 000e 2370     		strb	r3, [r4]
 158              	.L8:
 226:.\Generated_Source\PSoC5/Timer_1.c **** 
 159              		.loc 1 226 0
 160 0010 BDE81040 		pop	{r4, lr}
 161              		.cfi_restore 14
 162              		.cfi_restore 4
 163              		.cfi_def_cfa_offset 0
 225:.\Generated_Source\PSoC5/Timer_1.c **** }
 164              		.loc 1 225 0
 165 0014 FFF7FEBF 		b	Timer_1_Enable
 166              	.LVL4:
 167              	.L11:
 168              		.align	2
 169              	.L10:
 170 0018 00000000 		.word	.LANCHOR0
 171              		.cfi_endproc
 172              	.LFE2:
 173              		.size	Timer_1_Start, .-Timer_1_Start
 174              		.section	.text.Timer_1_Stop,"ax",%progbits
 175              		.align	1
 176              		.global	Timer_1_Stop
 177              		.thumb
 178              		.thumb_func
 179              		.type	Timer_1_Stop, %function
 180              	Timer_1_Stop:
 181              	.LFB3:
 248:.\Generated_Source\PSoC5/Timer_1.c ****     /* Disable Timer */
 182              		.loc 1 248 0
 183              		.cfi_startproc
 184              		@ args = 0, pretend = 0, frame = 0
 185              		@ frame_needed = 0, uses_anonymous_args = 0
 186              		@ link register save eliminated.
ARM GAS  D:\TEMP\ccdQeHr0.s 			page 13


 251:.\Generated_Source\PSoC5/Timer_1.c ****     #endif /* Remove assignment if control register is removed */
 187              		.loc 1 251 0
 188 0000 084A     		ldr	r2, .L13
 189 0002 1378     		ldrb	r3, [r2]	@ zero_extendqisi2
 256:.\Generated_Source\PSoC5/Timer_1.c ****         Timer_1_GLOBAL_STBY_ENABLE &= ((uint8)(~Timer_1_BLOCK_STBY_EN_MASK));
 190              		.loc 1 256 0
 191 0004 A2F65D32 		subw	r2, r2, #2909
 251:.\Generated_Source\PSoC5/Timer_1.c ****     #endif /* Remove assignment if control register is removed */
 192              		.loc 1 251 0
 193 0008 03F0FE03 		and	r3, r3, #254
 194 000c 82F85D3B 		strb	r3, [r2, #2909]
 256:.\Generated_Source\PSoC5/Timer_1.c ****         Timer_1_GLOBAL_STBY_ENABLE &= ((uint8)(~Timer_1_BLOCK_STBY_EN_MASK));
 195              		.loc 1 256 0
 196 0010 1378     		ldrb	r3, [r2]	@ zero_extendqisi2
 197 0012 03F0FE03 		and	r3, r3, #254
 198 0016 1370     		strb	r3, [r2]
 257:.\Generated_Source\PSoC5/Timer_1.c ****     #endif /* Disable global enable for the Timer Fixed function block to stop the Timer*/
 199              		.loc 1 257 0
 200 0018 137C     		ldrb	r3, [r2, #16]	@ zero_extendqisi2
 201 001a 03F0FE03 		and	r3, r3, #254
 202 001e 1374     		strb	r3, [r2, #16]
 203 0020 7047     		bx	lr
 204              	.L14:
 205 0022 00BF     		.align	2
 206              	.L13:
 207 0024 004F0040 		.word	1073762048
 208              		.cfi_endproc
 209              	.LFE3:
 210              		.size	Timer_1_Stop, .-Timer_1_Stop
 211              		.section	.text.Timer_1_SetInterruptMode,"ax",%progbits
 212              		.align	1
 213              		.global	Timer_1_SetInterruptMode
 214              		.thumb
 215              		.thumb_func
 216              		.type	Timer_1_SetInterruptMode, %function
 217              	Timer_1_SetInterruptMode:
 218              	.LFB4:
 280:.\Generated_Source\PSoC5/Timer_1.c ****     Timer_1_STATUS_MASK = interruptMode;
 219              		.loc 1 280 0
 220              		.cfi_startproc
 221              		@ args = 0, pretend = 0, frame = 0
 222              		@ frame_needed = 0, uses_anonymous_args = 0
 223              		@ link register save eliminated.
 224              	.LVL5:
 281:.\Generated_Source\PSoC5/Timer_1.c **** }
 225              		.loc 1 281 0
 226 0000 014B     		ldr	r3, .L16
 227 0002 1870     		strb	r0, [r3]
 228 0004 7047     		bx	lr
 229              	.L17:
 230 0006 00BF     		.align	2
 231              	.L16:
 232 0008 034F0040 		.word	1073762051
 233              		.cfi_endproc
 234              	.LFE4:
 235              		.size	Timer_1_SetInterruptMode, .-Timer_1_SetInterruptMode
 236              		.section	.text.Timer_1_SoftwareCapture,"ax",%progbits
ARM GAS  D:\TEMP\ccdQeHr0.s 			page 14


 237              		.align	1
 238              		.global	Timer_1_SoftwareCapture
 239              		.thumb
 240              		.thumb_func
 241              		.type	Timer_1_SoftwareCapture, %function
 242              	Timer_1_SoftwareCapture:
 243              	.LFB5:
 303:.\Generated_Source\PSoC5/Timer_1.c ****     /* Generate a software capture by reading the counter register */
 244              		.loc 1 303 0
 245              		.cfi_startproc
 246              		@ args = 0, pretend = 0, frame = 0
 247              		@ frame_needed = 0, uses_anonymous_args = 0
 248              		@ link register save eliminated.
 306:.\Generated_Source\PSoC5/Timer_1.c ****     #else
 249              		.loc 1 306 0
 250 0000 014B     		ldr	r3, .L19
 251 0002 1B88     		ldrh	r3, [r3]
 252 0004 7047     		bx	lr
 253              	.L20:
 254 0006 00BF     		.align	2
 255              	.L19:
 256 0008 064F0040 		.word	1073762054
 257              		.cfi_endproc
 258              	.LFE5:
 259              		.size	Timer_1_SoftwareCapture, .-Timer_1_SoftwareCapture
 260              		.section	.text.Timer_1_ReadStatusRegister,"ax",%progbits
 261              		.align	1
 262              		.global	Timer_1_ReadStatusRegister
 263              		.thumb
 264              		.thumb_func
 265              		.type	Timer_1_ReadStatusRegister, %function
 266              	Timer_1_ReadStatusRegister:
 267              	.LFB6:
 334:.\Generated_Source\PSoC5/Timer_1.c ****     return (Timer_1_STATUS);
 268              		.loc 1 334 0
 269              		.cfi_startproc
 270              		@ args = 0, pretend = 0, frame = 0
 271              		@ frame_needed = 0, uses_anonymous_args = 0
 272              		@ link register save eliminated.
 335:.\Generated_Source\PSoC5/Timer_1.c **** }
 273              		.loc 1 335 0
 274 0000 014B     		ldr	r3, .L22
 275 0002 1878     		ldrb	r0, [r3]	@ zero_extendqisi2
 336:.\Generated_Source\PSoC5/Timer_1.c **** 
 276              		.loc 1 336 0
 277 0004 7047     		bx	lr
 278              	.L23:
 279 0006 00BF     		.align	2
 280              	.L22:
 281 0008 034F0040 		.word	1073762051
 282              		.cfi_endproc
 283              	.LFE6:
 284              		.size	Timer_1_ReadStatusRegister, .-Timer_1_ReadStatusRegister
 285              		.section	.text.Timer_1_ReadControlRegister,"ax",%progbits
 286              		.align	1
 287              		.global	Timer_1_ReadControlRegister
 288              		.thumb
ARM GAS  D:\TEMP\ccdQeHr0.s 			page 15


 289              		.thumb_func
 290              		.type	Timer_1_ReadControlRegister, %function
 291              	Timer_1_ReadControlRegister:
 292              	.LFB7:
 357:.\Generated_Source\PSoC5/Timer_1.c ****     #if (!Timer_1_UDB_CONTROL_REG_REMOVED) 
 293              		.loc 1 357 0
 294              		.cfi_startproc
 295              		@ args = 0, pretend = 0, frame = 0
 296              		@ frame_needed = 0, uses_anonymous_args = 0
 297              		@ link register save eliminated.
 359:.\Generated_Source\PSoC5/Timer_1.c ****     #else
 298              		.loc 1 359 0
 299 0000 014B     		ldr	r3, .L25
 300 0002 1878     		ldrb	r0, [r3]	@ zero_extendqisi2
 363:.\Generated_Source\PSoC5/Timer_1.c **** 
 301              		.loc 1 363 0
 302 0004 7047     		bx	lr
 303              	.L26:
 304 0006 00BF     		.align	2
 305              	.L25:
 306 0008 004F0040 		.word	1073762048
 307              		.cfi_endproc
 308              	.LFE7:
 309              		.size	Timer_1_ReadControlRegister, .-Timer_1_ReadControlRegister
 310              		.section	.text.Timer_1_WriteControlRegister,"ax",%progbits
 311              		.align	1
 312              		.global	Timer_1_WriteControlRegister
 313              		.thumb
 314              		.thumb_func
 315              		.type	Timer_1_WriteControlRegister, %function
 316              	Timer_1_WriteControlRegister:
 317              	.LFB8:
 380:.\Generated_Source\PSoC5/Timer_1.c ****     #if (!Timer_1_UDB_CONTROL_REG_REMOVED) 
 318              		.loc 1 380 0
 319              		.cfi_startproc
 320              		@ args = 0, pretend = 0, frame = 0
 321              		@ frame_needed = 0, uses_anonymous_args = 0
 322              		@ link register save eliminated.
 323              	.LVL6:
 382:.\Generated_Source\PSoC5/Timer_1.c ****     #else
 324              		.loc 1 382 0
 325 0000 014B     		ldr	r3, .L28
 326 0002 1870     		strb	r0, [r3]
 327 0004 7047     		bx	lr
 328              	.L29:
 329 0006 00BF     		.align	2
 330              	.L28:
 331 0008 004F0040 		.word	1073762048
 332              		.cfi_endproc
 333              	.LFE8:
 334              		.size	Timer_1_WriteControlRegister, .-Timer_1_WriteControlRegister
 335              		.section	.text.Timer_1_ReadPeriod,"ax",%progbits
 336              		.align	1
 337              		.global	Timer_1_ReadPeriod
 338              		.thumb
 339              		.thumb_func
 340              		.type	Timer_1_ReadPeriod, %function
ARM GAS  D:\TEMP\ccdQeHr0.s 			page 16


 341              	Timer_1_ReadPeriod:
 342              	.LFB9:
 406:.\Generated_Source\PSoC5/Timer_1.c ****    #if(Timer_1_UsingFixedFunction)
 343              		.loc 1 406 0
 344              		.cfi_startproc
 345              		@ args = 0, pretend = 0, frame = 0
 346              		@ frame_needed = 0, uses_anonymous_args = 0
 347              		@ link register save eliminated.
 408:.\Generated_Source\PSoC5/Timer_1.c ****    #else
 348              		.loc 1 408 0
 349 0000 014B     		ldr	r3, .L31
 350 0002 1888     		ldrh	r0, [r3]
 412:.\Generated_Source\PSoC5/Timer_1.c **** 
 351              		.loc 1 412 0
 352 0004 80B2     		uxth	r0, r0
 353 0006 7047     		bx	lr
 354              	.L32:
 355              		.align	2
 356              	.L31:
 357 0008 044F0040 		.word	1073762052
 358              		.cfi_endproc
 359              	.LFE9:
 360              		.size	Timer_1_ReadPeriod, .-Timer_1_ReadPeriod
 361              		.section	.text.Timer_1_WritePeriod,"ax",%progbits
 362              		.align	1
 363              		.global	Timer_1_WritePeriod
 364              		.thumb
 365              		.thumb_func
 366              		.type	Timer_1_WritePeriod, %function
 367              	Timer_1_WritePeriod:
 368              	.LFB10:
 432:.\Generated_Source\PSoC5/Timer_1.c ****     #if(Timer_1_UsingFixedFunction)
 369              		.loc 1 432 0
 370              		.cfi_startproc
 371              		@ args = 0, pretend = 0, frame = 0
 372              		@ frame_needed = 0, uses_anonymous_args = 0
 373              		@ link register save eliminated.
 374              	.LVL7:
 435:.\Generated_Source\PSoC5/Timer_1.c ****     #else
 375              		.loc 1 435 0
 376 0000 014B     		ldr	r3, .L34
 377 0002 1880     		strh	r0, [r3]	@ movhi
 378 0004 7047     		bx	lr
 379              	.L35:
 380 0006 00BF     		.align	2
 381              	.L34:
 382 0008 044F0040 		.word	1073762052
 383              		.cfi_endproc
 384              	.LFE10:
 385              		.size	Timer_1_WritePeriod, .-Timer_1_WritePeriod
 386              		.section	.text.Timer_1_ReadCapture,"ax",%progbits
 387              		.align	1
 388              		.global	Timer_1_ReadCapture
 389              		.thumb
 390              		.thumb_func
 391              		.type	Timer_1_ReadCapture, %function
 392              	Timer_1_ReadCapture:
ARM GAS  D:\TEMP\ccdQeHr0.s 			page 17


 393              	.LFB11:
 457:.\Generated_Source\PSoC5/Timer_1.c ****    #if(Timer_1_UsingFixedFunction)
 394              		.loc 1 457 0
 395              		.cfi_startproc
 396              		@ args = 0, pretend = 0, frame = 0
 397              		@ frame_needed = 0, uses_anonymous_args = 0
 398              		@ link register save eliminated.
 459:.\Generated_Source\PSoC5/Timer_1.c ****    #else
 399              		.loc 1 459 0
 400 0000 014B     		ldr	r3, .L37
 401 0002 1888     		ldrh	r0, [r3]
 463:.\Generated_Source\PSoC5/Timer_1.c **** 
 402              		.loc 1 463 0
 403 0004 80B2     		uxth	r0, r0
 404 0006 7047     		bx	lr
 405              	.L38:
 406              		.align	2
 407              	.L37:
 408 0008 084F0040 		.word	1073762056
 409              		.cfi_endproc
 410              	.LFE11:
 411              		.size	Timer_1_ReadCapture, .-Timer_1_ReadCapture
 412              		.section	.text.Timer_1_WriteCounter,"ax",%progbits
 413              		.align	1
 414              		.global	Timer_1_WriteCounter
 415              		.thumb
 416              		.thumb_func
 417              		.type	Timer_1_WriteCounter, %function
 418              	Timer_1_WriteCounter:
 419              	.LFB12:
 481:.\Generated_Source\PSoC5/Timer_1.c ****    #if(Timer_1_UsingFixedFunction)
 420              		.loc 1 481 0
 421              		.cfi_startproc
 422              		@ args = 0, pretend = 0, frame = 0
 423              		@ frame_needed = 0, uses_anonymous_args = 0
 424              		@ link register save eliminated.
 425              	.LVL8:
 426              		.loc 1 486 0
 427 0000 014B     		ldr	r3, .L40
 428 0002 1880     		strh	r0, [r3]	@ movhi
 429 0004 7047     		bx	lr
 430              	.L41:
 431 0006 00BF     		.align	2
 432              	.L40:
 433 0008 064F0040 		.word	1073762054
 434              		.cfi_endproc
 435              	.LFE12:
 436              		.size	Timer_1_WriteCounter, .-Timer_1_WriteCounter
 437              		.section	.text.Timer_1_ReadCounter,"ax",%progbits
 438              		.align	1
 439              		.global	Timer_1_ReadCounter
 440              		.thumb
 441              		.thumb_func
 442              		.type	Timer_1_ReadCounter, %function
 443              	Timer_1_ReadCounter:
 444              	.LFB13:
 487:.\Generated_Source\PSoC5/Timer_1.c ****         
ARM GAS  D:\TEMP\ccdQeHr0.s 			page 18


 488:.\Generated_Source\PSoC5/Timer_1.c ****     #else
 489:.\Generated_Source\PSoC5/Timer_1.c ****         CY_SET_REG16(Timer_1_COUNTER_LSB_PTR, counter);
 490:.\Generated_Source\PSoC5/Timer_1.c ****     #endif /* Set Write Counter only for the UDB implementation (Write Counter not available in fix
 491:.\Generated_Source\PSoC5/Timer_1.c **** }
 492:.\Generated_Source\PSoC5/Timer_1.c **** 
 493:.\Generated_Source\PSoC5/Timer_1.c **** 
 494:.\Generated_Source\PSoC5/Timer_1.c **** /*******************************************************************************
 495:.\Generated_Source\PSoC5/Timer_1.c **** * Function Name: Timer_1_ReadCounter
 496:.\Generated_Source\PSoC5/Timer_1.c **** ********************************************************************************
 497:.\Generated_Source\PSoC5/Timer_1.c **** *
 498:.\Generated_Source\PSoC5/Timer_1.c **** * Summary:
 499:.\Generated_Source\PSoC5/Timer_1.c **** *  This function returns the current counter value.
 500:.\Generated_Source\PSoC5/Timer_1.c **** *
 501:.\Generated_Source\PSoC5/Timer_1.c **** * Parameters:
 502:.\Generated_Source\PSoC5/Timer_1.c **** *  void
 503:.\Generated_Source\PSoC5/Timer_1.c **** *
 504:.\Generated_Source\PSoC5/Timer_1.c **** * Return:
 505:.\Generated_Source\PSoC5/Timer_1.c **** *  Present compare value.
 506:.\Generated_Source\PSoC5/Timer_1.c **** *
 507:.\Generated_Source\PSoC5/Timer_1.c **** *******************************************************************************/
 508:.\Generated_Source\PSoC5/Timer_1.c **** uint16 Timer_1_ReadCounter(void) 
 509:.\Generated_Source\PSoC5/Timer_1.c **** {
 445              		.loc 1 509 0
 446              		.cfi_startproc
 447              		@ args = 0, pretend = 0, frame = 0
 448              		@ frame_needed = 0, uses_anonymous_args = 0
 449              		@ link register save eliminated.
 510:.\Generated_Source\PSoC5/Timer_1.c ****     /* Force capture by reading Accumulator */
 511:.\Generated_Source\PSoC5/Timer_1.c ****     /* Must first do a software capture to be able to read the counter */
 512:.\Generated_Source\PSoC5/Timer_1.c ****     /* It is up to the user code to make sure there isn't already captured data in the FIFO */
 513:.\Generated_Source\PSoC5/Timer_1.c ****     #if(Timer_1_UsingFixedFunction)
 514:.\Generated_Source\PSoC5/Timer_1.c ****         (void)CY_GET_REG16(Timer_1_COUNTER_LSB_PTR);
 450              		.loc 1 514 0
 451 0000 024B     		ldr	r3, .L43
 452 0002 1B88     		ldrh	r3, [r3]
 515:.\Generated_Source\PSoC5/Timer_1.c ****     #else
 516:.\Generated_Source\PSoC5/Timer_1.c ****         (void)CY_GET_REG8(Timer_1_COUNTER_LSB_PTR_8BIT);
 517:.\Generated_Source\PSoC5/Timer_1.c ****     #endif/* (Timer_1_UsingFixedFunction) */
 518:.\Generated_Source\PSoC5/Timer_1.c **** 
 519:.\Generated_Source\PSoC5/Timer_1.c ****     /* Read the data from the FIFO (or capture register for Fixed Function)*/
 520:.\Generated_Source\PSoC5/Timer_1.c ****     #if(Timer_1_UsingFixedFunction)
 521:.\Generated_Source\PSoC5/Timer_1.c ****         return ((uint16)CY_GET_REG16(Timer_1_CAPTURE_LSB_PTR));
 453              		.loc 1 521 0
 454 0004 024B     		ldr	r3, .L43+4
 455 0006 1888     		ldrh	r0, [r3]
 522:.\Generated_Source\PSoC5/Timer_1.c ****     #else
 523:.\Generated_Source\PSoC5/Timer_1.c ****         return (CY_GET_REG16(Timer_1_CAPTURE_LSB_PTR));
 524:.\Generated_Source\PSoC5/Timer_1.c ****     #endif /* (Timer_1_UsingFixedFunction) */
 525:.\Generated_Source\PSoC5/Timer_1.c **** }
 456              		.loc 1 525 0
 457 0008 80B2     		uxth	r0, r0
 458 000a 7047     		bx	lr
 459              	.L44:
 460              		.align	2
 461              	.L43:
 462 000c 064F0040 		.word	1073762054
 463 0010 084F0040 		.word	1073762056
ARM GAS  D:\TEMP\ccdQeHr0.s 			page 19


 464              		.cfi_endproc
 465              	.LFE13:
 466              		.size	Timer_1_ReadCounter, .-Timer_1_ReadCounter
 467              		.global	Timer_1_initVar
 468              		.bss
 469              		.set	.LANCHOR0,. + 0
 470              		.type	Timer_1_initVar, %object
 471              		.size	Timer_1_initVar, 1
 472              	Timer_1_initVar:
 473 0000 00       		.space	1
 474              		.text
 475              	.Letext0:
 476              		.file 2 ".\\Generated_Source\\PSoC5\\cytypes.h"
 477              		.section	.debug_info,"",%progbits
 478              	.Ldebug_info0:
 479 0000 E0020000 		.4byte	0x2e0
 480 0004 0400     		.2byte	0x4
 481 0006 00000000 		.4byte	.Ldebug_abbrev0
 482 000a 04       		.byte	0x4
 483 000b 01       		.uleb128 0x1
 484 000c 41020000 		.4byte	.LASF34
 485 0010 01       		.byte	0x1
 486 0011 1B010000 		.4byte	.LASF35
 487 0015 77000000 		.4byte	.LASF36
 488 0019 00000000 		.4byte	.Ldebug_ranges0+0
 489 001d 00000000 		.4byte	0
 490 0021 00000000 		.4byte	.Ldebug_line0
 491 0025 02       		.uleb128 0x2
 492 0026 01       		.byte	0x1
 493 0027 06       		.byte	0x6
 494 0028 F8020000 		.4byte	.LASF0
 495 002c 02       		.uleb128 0x2
 496 002d 01       		.byte	0x1
 497 002e 08       		.byte	0x8
 498 002f F7000000 		.4byte	.LASF1
 499 0033 02       		.uleb128 0x2
 500 0034 02       		.byte	0x2
 501 0035 05       		.byte	0x5
 502 0036 37020000 		.4byte	.LASF2
 503 003a 02       		.uleb128 0x2
 504 003b 02       		.byte	0x2
 505 003c 07       		.byte	0x7
 506 003d 39000000 		.4byte	.LASF3
 507 0041 02       		.uleb128 0x2
 508 0042 04       		.byte	0x4
 509 0043 05       		.byte	0x5
 510 0044 EA020000 		.4byte	.LASF4
 511 0048 02       		.uleb128 0x2
 512 0049 04       		.byte	0x4
 513 004a 07       		.byte	0x7
 514 004b D7000000 		.4byte	.LASF5
 515 004f 02       		.uleb128 0x2
 516 0050 08       		.byte	0x8
 517 0051 05       		.byte	0x5
 518 0052 07020000 		.4byte	.LASF6
 519 0056 02       		.uleb128 0x2
 520 0057 08       		.byte	0x8
ARM GAS  D:\TEMP\ccdQeHr0.s 			page 20


 521 0058 07       		.byte	0x7
 522 0059 B2010000 		.4byte	.LASF7
 523 005d 03       		.uleb128 0x3
 524 005e 04       		.byte	0x4
 525 005f 05       		.byte	0x5
 526 0060 696E7400 		.ascii	"int\000"
 527 0064 02       		.uleb128 0x2
 528 0065 04       		.byte	0x4
 529 0066 07       		.byte	0x7
 530 0067 4C000000 		.4byte	.LASF8
 531 006b 04       		.uleb128 0x4
 532 006c E9000000 		.4byte	.LASF9
 533 0070 02       		.byte	0x2
 534 0071 9201     		.2byte	0x192
 535 0073 2C000000 		.4byte	0x2c
 536 0077 04       		.uleb128 0x4
 537 0078 57010000 		.4byte	.LASF10
 538 007c 02       		.byte	0x2
 539 007d 9301     		.2byte	0x193
 540 007f 3A000000 		.4byte	0x3a
 541 0083 02       		.uleb128 0x2
 542 0084 04       		.byte	0x4
 543 0085 04       		.byte	0x4
 544 0086 59000000 		.4byte	.LASF11
 545 008a 02       		.uleb128 0x2
 546 008b 08       		.byte	0x8
 547 008c 04       		.byte	0x4
 548 008d 14010000 		.4byte	.LASF12
 549 0091 02       		.uleb128 0x2
 550 0092 01       		.byte	0x1
 551 0093 08       		.byte	0x8
 552 0094 F3020000 		.4byte	.LASF13
 553 0098 04       		.uleb128 0x4
 554 0099 BF000000 		.4byte	.LASF14
 555 009d 02       		.byte	0x2
 556 009e 3C02     		.2byte	0x23c
 557 00a0 A4000000 		.4byte	0xa4
 558 00a4 05       		.uleb128 0x5
 559 00a5 6B000000 		.4byte	0x6b
 560 00a9 04       		.uleb128 0x4
 561 00aa 00000000 		.4byte	.LASF15
 562 00ae 02       		.byte	0x2
 563 00af 3D02     		.2byte	0x23d
 564 00b1 B5000000 		.4byte	0xb5
 565 00b5 05       		.uleb128 0x5
 566 00b6 77000000 		.4byte	0x77
 567 00ba 02       		.uleb128 0x2
 568 00bb 04       		.byte	0x4
 569 00bc 07       		.byte	0x7
 570 00bd FE010000 		.4byte	.LASF16
 571 00c1 06       		.uleb128 0x6
 572 00c2 1E000000 		.4byte	.LASF17
 573 00c6 01       		.byte	0x1
 574 00c7 AF01     		.2byte	0x1af
 575 00c9 01       		.byte	0x1
 576 00ca E7000000 		.4byte	0xe7
 577 00ce 07       		.uleb128 0x7
ARM GAS  D:\TEMP\ccdQeHr0.s 			page 21


 578 00cf 32000000 		.4byte	.LASF19
 579 00d3 01       		.byte	0x1
 580 00d4 AF01     		.2byte	0x1af
 581 00d6 77000000 		.4byte	0x77
 582 00da 08       		.uleb128 0x8
 583 00db F2010000 		.4byte	.LASF37
 584 00df 01       		.byte	0x1
 585 00e0 B201     		.2byte	0x1b2
 586 00e2 77000000 		.4byte	0x77
 587 00e6 00       		.byte	0
 588 00e7 06       		.uleb128 0x6
 589 00e8 C9010000 		.4byte	.LASF18
 590 00ec 01       		.byte	0x1
 591 00ed E001     		.2byte	0x1e0
 592 00ef 01       		.byte	0x1
 593 00f0 01010000 		.4byte	0x101
 594 00f4 07       		.uleb128 0x7
 595 00f5 5F000000 		.4byte	.LASF20
 596 00f9 01       		.byte	0x1
 597 00fa E001     		.2byte	0x1e0
 598 00fc 77000000 		.4byte	0x77
 599 0100 00       		.byte	0
 600 0101 06       		.uleb128 0x6
 601 0102 3E010000 		.4byte	.LASF21
 602 0106 01       		.byte	0x1
 603 0107 1701     		.2byte	0x117
 604 0109 01       		.byte	0x1
 605 010a 1B010000 		.4byte	0x11b
 606 010e 07       		.uleb128 0x7
 607 010f 15020000 		.4byte	.LASF22
 608 0113 01       		.byte	0x1
 609 0114 1701     		.2byte	0x117
 610 0116 6B000000 		.4byte	0x6b
 611 011a 00       		.byte	0
 612 011b 09       		.uleb128 0x9
 613 011c A5010000 		.4byte	.LASF23
 614 0120 01       		.byte	0x1
 615 0121 2B       		.byte	0x2b
 616 0122 00000000 		.4byte	.LFB0
 617 0126 64000000 		.4byte	.LFE0-.LFB0
 618 012a 01       		.uleb128 0x1
 619 012b 9C       		.byte	0x9c
 620 012c 8B010000 		.4byte	0x18b
 621 0130 0A       		.uleb128 0xa
 622 0131 C1000000 		.4byte	0xc1
 623 0135 3E000000 		.4byte	.LBB8
 624 0139 08000000 		.4byte	.LBE8-.LBB8
 625 013d 01       		.byte	0x1
 626 013e 76       		.byte	0x76
 627 013f 5A010000 		.4byte	0x15a
 628 0143 0B       		.uleb128 0xb
 629 0144 CE000000 		.4byte	0xce
 630 0148 7F       		.sleb128 -1
 631 0149 0C       		.uleb128 0xc
 632 014a 3E000000 		.4byte	.LBB9
 633 014e 08000000 		.4byte	.LBE9-.LBB9
 634 0152 0D       		.uleb128 0xd
ARM GAS  D:\TEMP\ccdQeHr0.s 			page 22


 635 0153 DA000000 		.4byte	0xda
 636 0157 7F       		.sleb128 -1
 637 0158 00       		.byte	0
 638 0159 00       		.byte	0
 639 015a 0A       		.uleb128 0xa
 640 015b E7000000 		.4byte	0xe7
 641 015f 46000000 		.4byte	.LBB10
 642 0163 04000000 		.4byte	.LBE10-.LBB10
 643 0167 01       		.byte	0x1
 644 0168 77       		.byte	0x77
 645 0169 74010000 		.4byte	0x174
 646 016d 0B       		.uleb128 0xb
 647 016e F4000000 		.4byte	0xf4
 648 0172 7F       		.sleb128 -1
 649 0173 00       		.byte	0
 650 0174 0E       		.uleb128 0xe
 651 0175 01010000 		.4byte	0x101
 652 0179 4A000000 		.4byte	.LBB12
 653 017d 1A000000 		.4byte	.LBE12-.LBB12
 654 0181 01       		.byte	0x1
 655 0182 A2       		.byte	0xa2
 656 0183 0F       		.uleb128 0xf
 657 0184 0E010000 		.4byte	0x10e
 658 0188 00       		.byte	0
 659 0189 00       		.byte	0
 660 018a 00       		.byte	0
 661 018b 10       		.uleb128 0x10
 662 018c 05010000 		.4byte	.LASF25
 663 0190 01       		.byte	0x1
 664 0191 B4       		.byte	0xb4
 665 0192 00000000 		.4byte	.LFB1
 666 0196 24000000 		.4byte	.LFE1-.LFB1
 667 019a 01       		.uleb128 0x1
 668 019b 9C       		.byte	0x9c
 669 019c 09       		.uleb128 0x9
 670 019d 97010000 		.4byte	.LASF24
 671 01a1 01       		.byte	0x1
 672 01a2 D7       		.byte	0xd7
 673 01a3 00000000 		.4byte	.LFB2
 674 01a7 1C000000 		.4byte	.LFE2-.LFB2
 675 01ab 01       		.uleb128 0x1
 676 01ac 9C       		.byte	0x9c
 677 01ad C4010000 		.4byte	0x1c4
 678 01b1 11       		.uleb128 0x11
 679 01b2 0C000000 		.4byte	.LVL3
 680 01b6 1B010000 		.4byte	0x11b
 681 01ba 12       		.uleb128 0x12
 682 01bb 18000000 		.4byte	.LVL4
 683 01bf 8B010000 		.4byte	0x18b
 684 01c3 00       		.byte	0
 685 01c4 10       		.uleb128 0x10
 686 01c5 04030000 		.4byte	.LASF26
 687 01c9 01       		.byte	0x1
 688 01ca F7       		.byte	0xf7
 689 01cb 00000000 		.4byte	.LFB3
 690 01cf 28000000 		.4byte	.LFE3-.LFB3
 691 01d3 01       		.uleb128 0x1
ARM GAS  D:\TEMP\ccdQeHr0.s 			page 23


 692 01d4 9C       		.byte	0x9c
 693 01d5 13       		.uleb128 0x13
 694 01d6 01010000 		.4byte	0x101
 695 01da 00000000 		.4byte	.LFB4
 696 01de 0C000000 		.4byte	.LFE4-.LFB4
 697 01e2 01       		.uleb128 0x1
 698 01e3 9C       		.byte	0x9c
 699 01e4 F0010000 		.4byte	0x1f0
 700 01e8 14       		.uleb128 0x14
 701 01e9 0E010000 		.4byte	0x10e
 702 01ed 01       		.uleb128 0x1
 703 01ee 50       		.byte	0x50
 704 01ef 00       		.byte	0
 705 01f0 15       		.uleb128 0x15
 706 01f1 06000000 		.4byte	.LASF27
 707 01f5 01       		.byte	0x1
 708 01f6 2E01     		.2byte	0x12e
 709 01f8 00000000 		.4byte	.LFB5
 710 01fc 0C000000 		.4byte	.LFE5-.LFB5
 711 0200 01       		.uleb128 0x1
 712 0201 9C       		.byte	0x9c
 713 0202 16       		.uleb128 0x16
 714 0203 CF020000 		.4byte	.LASF28
 715 0207 01       		.byte	0x1
 716 0208 4D01     		.2byte	0x14d
 717 020a 6B000000 		.4byte	0x6b
 718 020e 00000000 		.4byte	.LFB6
 719 0212 0C000000 		.4byte	.LFE6-.LFB6
 720 0216 01       		.uleb128 0x1
 721 0217 9C       		.byte	0x9c
 722 0218 16       		.uleb128 0x16
 723 0219 7B010000 		.4byte	.LASF29
 724 021d 01       		.byte	0x1
 725 021e 6401     		.2byte	0x164
 726 0220 6B000000 		.4byte	0x6b
 727 0224 00000000 		.4byte	.LFB7
 728 0228 0C000000 		.4byte	.LFE7-.LFB7
 729 022c 01       		.uleb128 0x1
 730 022d 9C       		.byte	0x9c
 731 022e 17       		.uleb128 0x17
 732 022f 5E010000 		.4byte	.LASF30
 733 0233 01       		.byte	0x1
 734 0234 7B01     		.2byte	0x17b
 735 0236 00000000 		.4byte	.LFB8
 736 023a 0C000000 		.4byte	.LFE8-.LFB8
 737 023e 01       		.uleb128 0x1
 738 023f 9C       		.byte	0x9c
 739 0240 53020000 		.4byte	0x253
 740 0244 18       		.uleb128 0x18
 741 0245 EF000000 		.4byte	.LASF38
 742 0249 01       		.byte	0x1
 743 024a 7B01     		.2byte	0x17b
 744 024c 6B000000 		.4byte	0x6b
 745 0250 01       		.uleb128 0x1
 746 0251 50       		.byte	0x50
 747 0252 00       		.byte	0
 748 0253 16       		.uleb128 0x16
ARM GAS  D:\TEMP\ccdQeHr0.s 			page 24


 749 0254 C4000000 		.4byte	.LASF31
 750 0258 01       		.byte	0x1
 751 0259 9501     		.2byte	0x195
 752 025b 77000000 		.4byte	0x77
 753 025f 00000000 		.4byte	.LFB9
 754 0263 0C000000 		.4byte	.LFE9-.LFB9
 755 0267 01       		.uleb128 0x1
 756 0268 9C       		.byte	0x9c
 757 0269 13       		.uleb128 0x13
 758 026a C1000000 		.4byte	0xc1
 759 026e 00000000 		.4byte	.LFB10
 760 0272 0C000000 		.4byte	.LFE10-.LFB10
 761 0276 01       		.uleb128 0x1
 762 0277 9C       		.byte	0x9c
 763 0278 8B020000 		.4byte	0x28b
 764 027c 14       		.uleb128 0x14
 765 027d CE000000 		.4byte	0xce
 766 0281 01       		.uleb128 0x1
 767 0282 50       		.byte	0x50
 768 0283 19       		.uleb128 0x19
 769 0284 DA000000 		.4byte	0xda
 770 0288 01       		.uleb128 0x1
 771 0289 50       		.byte	0x50
 772 028a 00       		.byte	0
 773 028b 16       		.uleb128 0x16
 774 028c DE010000 		.4byte	.LASF32
 775 0290 01       		.byte	0x1
 776 0291 C801     		.2byte	0x1c8
 777 0293 77000000 		.4byte	0x77
 778 0297 00000000 		.4byte	.LFB11
 779 029b 0C000000 		.4byte	.LFE11-.LFB11
 780 029f 01       		.uleb128 0x1
 781 02a0 9C       		.byte	0x9c
 782 02a1 13       		.uleb128 0x13
 783 02a2 E7000000 		.4byte	0xe7
 784 02a6 00000000 		.4byte	.LFB12
 785 02aa 0C000000 		.4byte	.LFE12-.LFB12
 786 02ae 01       		.uleb128 0x1
 787 02af 9C       		.byte	0x9c
 788 02b0 BC020000 		.4byte	0x2bc
 789 02b4 14       		.uleb128 0x14
 790 02b5 F4000000 		.4byte	0xf4
 791 02b9 01       		.uleb128 0x1
 792 02ba 50       		.byte	0x50
 793 02bb 00       		.byte	0
 794 02bc 16       		.uleb128 0x16
 795 02bd 23020000 		.4byte	.LASF33
 796 02c1 01       		.byte	0x1
 797 02c2 FC01     		.2byte	0x1fc
 798 02c4 77000000 		.4byte	0x77
 799 02c8 00000000 		.4byte	.LFB13
 800 02cc 14000000 		.4byte	.LFE13-.LFB13
 801 02d0 01       		.uleb128 0x1
 802 02d1 9C       		.byte	0x9c
 803 02d2 1A       		.uleb128 0x1a
 804 02d3 67000000 		.4byte	.LASF39
 805 02d7 01       		.byte	0x1
ARM GAS  D:\TEMP\ccdQeHr0.s 			page 25


 806 02d8 1A       		.byte	0x1a
 807 02d9 6B000000 		.4byte	0x6b
 808 02dd 05       		.uleb128 0x5
 809 02de 03       		.byte	0x3
 810 02df 00000000 		.4byte	Timer_1_initVar
 811 02e3 00       		.byte	0
 812              		.section	.debug_abbrev,"",%progbits
 813              	.Ldebug_abbrev0:
 814 0000 01       		.uleb128 0x1
 815 0001 11       		.uleb128 0x11
 816 0002 01       		.byte	0x1
 817 0003 25       		.uleb128 0x25
 818 0004 0E       		.uleb128 0xe
 819 0005 13       		.uleb128 0x13
 820 0006 0B       		.uleb128 0xb
 821 0007 03       		.uleb128 0x3
 822 0008 0E       		.uleb128 0xe
 823 0009 1B       		.uleb128 0x1b
 824 000a 0E       		.uleb128 0xe
 825 000b 55       		.uleb128 0x55
 826 000c 17       		.uleb128 0x17
 827 000d 11       		.uleb128 0x11
 828 000e 01       		.uleb128 0x1
 829 000f 10       		.uleb128 0x10
 830 0010 17       		.uleb128 0x17
 831 0011 00       		.byte	0
 832 0012 00       		.byte	0
 833 0013 02       		.uleb128 0x2
 834 0014 24       		.uleb128 0x24
 835 0015 00       		.byte	0
 836 0016 0B       		.uleb128 0xb
 837 0017 0B       		.uleb128 0xb
 838 0018 3E       		.uleb128 0x3e
 839 0019 0B       		.uleb128 0xb
 840 001a 03       		.uleb128 0x3
 841 001b 0E       		.uleb128 0xe
 842 001c 00       		.byte	0
 843 001d 00       		.byte	0
 844 001e 03       		.uleb128 0x3
 845 001f 24       		.uleb128 0x24
 846 0020 00       		.byte	0
 847 0021 0B       		.uleb128 0xb
 848 0022 0B       		.uleb128 0xb
 849 0023 3E       		.uleb128 0x3e
 850 0024 0B       		.uleb128 0xb
 851 0025 03       		.uleb128 0x3
 852 0026 08       		.uleb128 0x8
 853 0027 00       		.byte	0
 854 0028 00       		.byte	0
 855 0029 04       		.uleb128 0x4
 856 002a 16       		.uleb128 0x16
 857 002b 00       		.byte	0
 858 002c 03       		.uleb128 0x3
 859 002d 0E       		.uleb128 0xe
 860 002e 3A       		.uleb128 0x3a
 861 002f 0B       		.uleb128 0xb
 862 0030 3B       		.uleb128 0x3b
ARM GAS  D:\TEMP\ccdQeHr0.s 			page 26


 863 0031 05       		.uleb128 0x5
 864 0032 49       		.uleb128 0x49
 865 0033 13       		.uleb128 0x13
 866 0034 00       		.byte	0
 867 0035 00       		.byte	0
 868 0036 05       		.uleb128 0x5
 869 0037 35       		.uleb128 0x35
 870 0038 00       		.byte	0
 871 0039 49       		.uleb128 0x49
 872 003a 13       		.uleb128 0x13
 873 003b 00       		.byte	0
 874 003c 00       		.byte	0
 875 003d 06       		.uleb128 0x6
 876 003e 2E       		.uleb128 0x2e
 877 003f 01       		.byte	0x1
 878 0040 3F       		.uleb128 0x3f
 879 0041 19       		.uleb128 0x19
 880 0042 03       		.uleb128 0x3
 881 0043 0E       		.uleb128 0xe
 882 0044 3A       		.uleb128 0x3a
 883 0045 0B       		.uleb128 0xb
 884 0046 3B       		.uleb128 0x3b
 885 0047 05       		.uleb128 0x5
 886 0048 27       		.uleb128 0x27
 887 0049 19       		.uleb128 0x19
 888 004a 20       		.uleb128 0x20
 889 004b 0B       		.uleb128 0xb
 890 004c 01       		.uleb128 0x1
 891 004d 13       		.uleb128 0x13
 892 004e 00       		.byte	0
 893 004f 00       		.byte	0
 894 0050 07       		.uleb128 0x7
 895 0051 05       		.uleb128 0x5
 896 0052 00       		.byte	0
 897 0053 03       		.uleb128 0x3
 898 0054 0E       		.uleb128 0xe
 899 0055 3A       		.uleb128 0x3a
 900 0056 0B       		.uleb128 0xb
 901 0057 3B       		.uleb128 0x3b
 902 0058 05       		.uleb128 0x5
 903 0059 49       		.uleb128 0x49
 904 005a 13       		.uleb128 0x13
 905 005b 00       		.byte	0
 906 005c 00       		.byte	0
 907 005d 08       		.uleb128 0x8
 908 005e 34       		.uleb128 0x34
 909 005f 00       		.byte	0
 910 0060 03       		.uleb128 0x3
 911 0061 0E       		.uleb128 0xe
 912 0062 3A       		.uleb128 0x3a
 913 0063 0B       		.uleb128 0xb
 914 0064 3B       		.uleb128 0x3b
 915 0065 05       		.uleb128 0x5
 916 0066 49       		.uleb128 0x49
 917 0067 13       		.uleb128 0x13
 918 0068 00       		.byte	0
 919 0069 00       		.byte	0
ARM GAS  D:\TEMP\ccdQeHr0.s 			page 27


 920 006a 09       		.uleb128 0x9
 921 006b 2E       		.uleb128 0x2e
 922 006c 01       		.byte	0x1
 923 006d 3F       		.uleb128 0x3f
 924 006e 19       		.uleb128 0x19
 925 006f 03       		.uleb128 0x3
 926 0070 0E       		.uleb128 0xe
 927 0071 3A       		.uleb128 0x3a
 928 0072 0B       		.uleb128 0xb
 929 0073 3B       		.uleb128 0x3b
 930 0074 0B       		.uleb128 0xb
 931 0075 27       		.uleb128 0x27
 932 0076 19       		.uleb128 0x19
 933 0077 11       		.uleb128 0x11
 934 0078 01       		.uleb128 0x1
 935 0079 12       		.uleb128 0x12
 936 007a 06       		.uleb128 0x6
 937 007b 40       		.uleb128 0x40
 938 007c 18       		.uleb128 0x18
 939 007d 9742     		.uleb128 0x2117
 940 007f 19       		.uleb128 0x19
 941 0080 01       		.uleb128 0x1
 942 0081 13       		.uleb128 0x13
 943 0082 00       		.byte	0
 944 0083 00       		.byte	0
 945 0084 0A       		.uleb128 0xa
 946 0085 1D       		.uleb128 0x1d
 947 0086 01       		.byte	0x1
 948 0087 31       		.uleb128 0x31
 949 0088 13       		.uleb128 0x13
 950 0089 11       		.uleb128 0x11
 951 008a 01       		.uleb128 0x1
 952 008b 12       		.uleb128 0x12
 953 008c 06       		.uleb128 0x6
 954 008d 58       		.uleb128 0x58
 955 008e 0B       		.uleb128 0xb
 956 008f 59       		.uleb128 0x59
 957 0090 0B       		.uleb128 0xb
 958 0091 01       		.uleb128 0x1
 959 0092 13       		.uleb128 0x13
 960 0093 00       		.byte	0
 961 0094 00       		.byte	0
 962 0095 0B       		.uleb128 0xb
 963 0096 05       		.uleb128 0x5
 964 0097 00       		.byte	0
 965 0098 31       		.uleb128 0x31
 966 0099 13       		.uleb128 0x13
 967 009a 1C       		.uleb128 0x1c
 968 009b 0D       		.uleb128 0xd
 969 009c 00       		.byte	0
 970 009d 00       		.byte	0
 971 009e 0C       		.uleb128 0xc
 972 009f 0B       		.uleb128 0xb
 973 00a0 01       		.byte	0x1
 974 00a1 11       		.uleb128 0x11
 975 00a2 01       		.uleb128 0x1
 976 00a3 12       		.uleb128 0x12
ARM GAS  D:\TEMP\ccdQeHr0.s 			page 28


 977 00a4 06       		.uleb128 0x6
 978 00a5 00       		.byte	0
 979 00a6 00       		.byte	0
 980 00a7 0D       		.uleb128 0xd
 981 00a8 34       		.uleb128 0x34
 982 00a9 00       		.byte	0
 983 00aa 31       		.uleb128 0x31
 984 00ab 13       		.uleb128 0x13
 985 00ac 1C       		.uleb128 0x1c
 986 00ad 0D       		.uleb128 0xd
 987 00ae 00       		.byte	0
 988 00af 00       		.byte	0
 989 00b0 0E       		.uleb128 0xe
 990 00b1 1D       		.uleb128 0x1d
 991 00b2 01       		.byte	0x1
 992 00b3 31       		.uleb128 0x31
 993 00b4 13       		.uleb128 0x13
 994 00b5 11       		.uleb128 0x11
 995 00b6 01       		.uleb128 0x1
 996 00b7 12       		.uleb128 0x12
 997 00b8 06       		.uleb128 0x6
 998 00b9 58       		.uleb128 0x58
 999 00ba 0B       		.uleb128 0xb
 1000 00bb 59       		.uleb128 0x59
 1001 00bc 0B       		.uleb128 0xb
 1002 00bd 00       		.byte	0
 1003 00be 00       		.byte	0
 1004 00bf 0F       		.uleb128 0xf
 1005 00c0 05       		.uleb128 0x5
 1006 00c1 00       		.byte	0
 1007 00c2 31       		.uleb128 0x31
 1008 00c3 13       		.uleb128 0x13
 1009 00c4 1C       		.uleb128 0x1c
 1010 00c5 0B       		.uleb128 0xb
 1011 00c6 00       		.byte	0
 1012 00c7 00       		.byte	0
 1013 00c8 10       		.uleb128 0x10
 1014 00c9 2E       		.uleb128 0x2e
 1015 00ca 00       		.byte	0
 1016 00cb 3F       		.uleb128 0x3f
 1017 00cc 19       		.uleb128 0x19
 1018 00cd 03       		.uleb128 0x3
 1019 00ce 0E       		.uleb128 0xe
 1020 00cf 3A       		.uleb128 0x3a
 1021 00d0 0B       		.uleb128 0xb
 1022 00d1 3B       		.uleb128 0x3b
 1023 00d2 0B       		.uleb128 0xb
 1024 00d3 27       		.uleb128 0x27
 1025 00d4 19       		.uleb128 0x19
 1026 00d5 11       		.uleb128 0x11
 1027 00d6 01       		.uleb128 0x1
 1028 00d7 12       		.uleb128 0x12
 1029 00d8 06       		.uleb128 0x6
 1030 00d9 40       		.uleb128 0x40
 1031 00da 18       		.uleb128 0x18
 1032 00db 9742     		.uleb128 0x2117
 1033 00dd 19       		.uleb128 0x19
ARM GAS  D:\TEMP\ccdQeHr0.s 			page 29


 1034 00de 00       		.byte	0
 1035 00df 00       		.byte	0
 1036 00e0 11       		.uleb128 0x11
 1037 00e1 898201   		.uleb128 0x4109
 1038 00e4 00       		.byte	0
 1039 00e5 11       		.uleb128 0x11
 1040 00e6 01       		.uleb128 0x1
 1041 00e7 31       		.uleb128 0x31
 1042 00e8 13       		.uleb128 0x13
 1043 00e9 00       		.byte	0
 1044 00ea 00       		.byte	0
 1045 00eb 12       		.uleb128 0x12
 1046 00ec 898201   		.uleb128 0x4109
 1047 00ef 00       		.byte	0
 1048 00f0 11       		.uleb128 0x11
 1049 00f1 01       		.uleb128 0x1
 1050 00f2 9542     		.uleb128 0x2115
 1051 00f4 19       		.uleb128 0x19
 1052 00f5 31       		.uleb128 0x31
 1053 00f6 13       		.uleb128 0x13
 1054 00f7 00       		.byte	0
 1055 00f8 00       		.byte	0
 1056 00f9 13       		.uleb128 0x13
 1057 00fa 2E       		.uleb128 0x2e
 1058 00fb 01       		.byte	0x1
 1059 00fc 31       		.uleb128 0x31
 1060 00fd 13       		.uleb128 0x13
 1061 00fe 11       		.uleb128 0x11
 1062 00ff 01       		.uleb128 0x1
 1063 0100 12       		.uleb128 0x12
 1064 0101 06       		.uleb128 0x6
 1065 0102 40       		.uleb128 0x40
 1066 0103 18       		.uleb128 0x18
 1067 0104 9742     		.uleb128 0x2117
 1068 0106 19       		.uleb128 0x19
 1069 0107 01       		.uleb128 0x1
 1070 0108 13       		.uleb128 0x13
 1071 0109 00       		.byte	0
 1072 010a 00       		.byte	0
 1073 010b 14       		.uleb128 0x14
 1074 010c 05       		.uleb128 0x5
 1075 010d 00       		.byte	0
 1076 010e 31       		.uleb128 0x31
 1077 010f 13       		.uleb128 0x13
 1078 0110 02       		.uleb128 0x2
 1079 0111 18       		.uleb128 0x18
 1080 0112 00       		.byte	0
 1081 0113 00       		.byte	0
 1082 0114 15       		.uleb128 0x15
 1083 0115 2E       		.uleb128 0x2e
 1084 0116 00       		.byte	0
 1085 0117 3F       		.uleb128 0x3f
 1086 0118 19       		.uleb128 0x19
 1087 0119 03       		.uleb128 0x3
 1088 011a 0E       		.uleb128 0xe
 1089 011b 3A       		.uleb128 0x3a
 1090 011c 0B       		.uleb128 0xb
ARM GAS  D:\TEMP\ccdQeHr0.s 			page 30


 1091 011d 3B       		.uleb128 0x3b
 1092 011e 05       		.uleb128 0x5
 1093 011f 27       		.uleb128 0x27
 1094 0120 19       		.uleb128 0x19
 1095 0121 11       		.uleb128 0x11
 1096 0122 01       		.uleb128 0x1
 1097 0123 12       		.uleb128 0x12
 1098 0124 06       		.uleb128 0x6
 1099 0125 40       		.uleb128 0x40
 1100 0126 18       		.uleb128 0x18
 1101 0127 9742     		.uleb128 0x2117
 1102 0129 19       		.uleb128 0x19
 1103 012a 00       		.byte	0
 1104 012b 00       		.byte	0
 1105 012c 16       		.uleb128 0x16
 1106 012d 2E       		.uleb128 0x2e
 1107 012e 00       		.byte	0
 1108 012f 3F       		.uleb128 0x3f
 1109 0130 19       		.uleb128 0x19
 1110 0131 03       		.uleb128 0x3
 1111 0132 0E       		.uleb128 0xe
 1112 0133 3A       		.uleb128 0x3a
 1113 0134 0B       		.uleb128 0xb
 1114 0135 3B       		.uleb128 0x3b
 1115 0136 05       		.uleb128 0x5
 1116 0137 27       		.uleb128 0x27
 1117 0138 19       		.uleb128 0x19
 1118 0139 49       		.uleb128 0x49
 1119 013a 13       		.uleb128 0x13
 1120 013b 11       		.uleb128 0x11
 1121 013c 01       		.uleb128 0x1
 1122 013d 12       		.uleb128 0x12
 1123 013e 06       		.uleb128 0x6
 1124 013f 40       		.uleb128 0x40
 1125 0140 18       		.uleb128 0x18
 1126 0141 9742     		.uleb128 0x2117
 1127 0143 19       		.uleb128 0x19
 1128 0144 00       		.byte	0
 1129 0145 00       		.byte	0
 1130 0146 17       		.uleb128 0x17
 1131 0147 2E       		.uleb128 0x2e
 1132 0148 01       		.byte	0x1
 1133 0149 3F       		.uleb128 0x3f
 1134 014a 19       		.uleb128 0x19
 1135 014b 03       		.uleb128 0x3
 1136 014c 0E       		.uleb128 0xe
 1137 014d 3A       		.uleb128 0x3a
 1138 014e 0B       		.uleb128 0xb
 1139 014f 3B       		.uleb128 0x3b
 1140 0150 05       		.uleb128 0x5
 1141 0151 27       		.uleb128 0x27
 1142 0152 19       		.uleb128 0x19
 1143 0153 11       		.uleb128 0x11
 1144 0154 01       		.uleb128 0x1
 1145 0155 12       		.uleb128 0x12
 1146 0156 06       		.uleb128 0x6
 1147 0157 40       		.uleb128 0x40
ARM GAS  D:\TEMP\ccdQeHr0.s 			page 31


 1148 0158 18       		.uleb128 0x18
 1149 0159 9742     		.uleb128 0x2117
 1150 015b 19       		.uleb128 0x19
 1151 015c 01       		.uleb128 0x1
 1152 015d 13       		.uleb128 0x13
 1153 015e 00       		.byte	0
 1154 015f 00       		.byte	0
 1155 0160 18       		.uleb128 0x18
 1156 0161 05       		.uleb128 0x5
 1157 0162 00       		.byte	0
 1158 0163 03       		.uleb128 0x3
 1159 0164 0E       		.uleb128 0xe
 1160 0165 3A       		.uleb128 0x3a
 1161 0166 0B       		.uleb128 0xb
 1162 0167 3B       		.uleb128 0x3b
 1163 0168 05       		.uleb128 0x5
 1164 0169 49       		.uleb128 0x49
 1165 016a 13       		.uleb128 0x13
 1166 016b 02       		.uleb128 0x2
 1167 016c 18       		.uleb128 0x18
 1168 016d 00       		.byte	0
 1169 016e 00       		.byte	0
 1170 016f 19       		.uleb128 0x19
 1171 0170 34       		.uleb128 0x34
 1172 0171 00       		.byte	0
 1173 0172 31       		.uleb128 0x31
 1174 0173 13       		.uleb128 0x13
 1175 0174 02       		.uleb128 0x2
 1176 0175 18       		.uleb128 0x18
 1177 0176 00       		.byte	0
 1178 0177 00       		.byte	0
 1179 0178 1A       		.uleb128 0x1a
 1180 0179 34       		.uleb128 0x34
 1181 017a 00       		.byte	0
 1182 017b 03       		.uleb128 0x3
 1183 017c 0E       		.uleb128 0xe
 1184 017d 3A       		.uleb128 0x3a
 1185 017e 0B       		.uleb128 0xb
 1186 017f 3B       		.uleb128 0x3b
 1187 0180 0B       		.uleb128 0xb
 1188 0181 49       		.uleb128 0x49
 1189 0182 13       		.uleb128 0x13
 1190 0183 3F       		.uleb128 0x3f
 1191 0184 19       		.uleb128 0x19
 1192 0185 02       		.uleb128 0x2
 1193 0186 18       		.uleb128 0x18
 1194 0187 00       		.byte	0
 1195 0188 00       		.byte	0
 1196 0189 00       		.byte	0
 1197              		.section	.debug_aranges,"",%progbits
 1198 0000 84000000 		.4byte	0x84
 1199 0004 0200     		.2byte	0x2
 1200 0006 00000000 		.4byte	.Ldebug_info0
 1201 000a 04       		.byte	0x4
 1202 000b 00       		.byte	0
 1203 000c 0000     		.2byte	0
 1204 000e 0000     		.2byte	0
ARM GAS  D:\TEMP\ccdQeHr0.s 			page 32


 1205 0010 00000000 		.4byte	.LFB0
 1206 0014 64000000 		.4byte	.LFE0-.LFB0
 1207 0018 00000000 		.4byte	.LFB1
 1208 001c 24000000 		.4byte	.LFE1-.LFB1
 1209 0020 00000000 		.4byte	.LFB2
 1210 0024 1C000000 		.4byte	.LFE2-.LFB2
 1211 0028 00000000 		.4byte	.LFB3
 1212 002c 28000000 		.4byte	.LFE3-.LFB3
 1213 0030 00000000 		.4byte	.LFB4
 1214 0034 0C000000 		.4byte	.LFE4-.LFB4
 1215 0038 00000000 		.4byte	.LFB5
 1216 003c 0C000000 		.4byte	.LFE5-.LFB5
 1217 0040 00000000 		.4byte	.LFB6
 1218 0044 0C000000 		.4byte	.LFE6-.LFB6
 1219 0048 00000000 		.4byte	.LFB7
 1220 004c 0C000000 		.4byte	.LFE7-.LFB7
 1221 0050 00000000 		.4byte	.LFB8
 1222 0054 0C000000 		.4byte	.LFE8-.LFB8
 1223 0058 00000000 		.4byte	.LFB9
 1224 005c 0C000000 		.4byte	.LFE9-.LFB9
 1225 0060 00000000 		.4byte	.LFB10
 1226 0064 0C000000 		.4byte	.LFE10-.LFB10
 1227 0068 00000000 		.4byte	.LFB11
 1228 006c 0C000000 		.4byte	.LFE11-.LFB11
 1229 0070 00000000 		.4byte	.LFB12
 1230 0074 0C000000 		.4byte	.LFE12-.LFB12
 1231 0078 00000000 		.4byte	.LFB13
 1232 007c 14000000 		.4byte	.LFE13-.LFB13
 1233 0080 00000000 		.4byte	0
 1234 0084 00000000 		.4byte	0
 1235              		.section	.debug_ranges,"",%progbits
 1236              	.Ldebug_ranges0:
 1237 0000 00000000 		.4byte	.LFB0
 1238 0004 64000000 		.4byte	.LFE0
 1239 0008 00000000 		.4byte	.LFB1
 1240 000c 24000000 		.4byte	.LFE1
 1241 0010 00000000 		.4byte	.LFB2
 1242 0014 1C000000 		.4byte	.LFE2
 1243 0018 00000000 		.4byte	.LFB3
 1244 001c 28000000 		.4byte	.LFE3
 1245 0020 00000000 		.4byte	.LFB4
 1246 0024 0C000000 		.4byte	.LFE4
 1247 0028 00000000 		.4byte	.LFB5
 1248 002c 0C000000 		.4byte	.LFE5
 1249 0030 00000000 		.4byte	.LFB6
 1250 0034 0C000000 		.4byte	.LFE6
 1251 0038 00000000 		.4byte	.LFB7
 1252 003c 0C000000 		.4byte	.LFE7
 1253 0040 00000000 		.4byte	.LFB8
 1254 0044 0C000000 		.4byte	.LFE8
 1255 0048 00000000 		.4byte	.LFB9
 1256 004c 0C000000 		.4byte	.LFE9
 1257 0050 00000000 		.4byte	.LFB10
 1258 0054 0C000000 		.4byte	.LFE10
 1259 0058 00000000 		.4byte	.LFB11
 1260 005c 0C000000 		.4byte	.LFE11
 1261 0060 00000000 		.4byte	.LFB12
ARM GAS  D:\TEMP\ccdQeHr0.s 			page 33


 1262 0064 0C000000 		.4byte	.LFE12
 1263 0068 00000000 		.4byte	.LFB13
 1264 006c 14000000 		.4byte	.LFE13
 1265 0070 00000000 		.4byte	0
 1266 0074 00000000 		.4byte	0
 1267              		.section	.debug_line,"",%progbits
 1268              	.Ldebug_line0:
 1269 0000 5C010000 		.section	.debug_str,"MS",%progbits,1
 1269      02004600 
 1269      00000201 
 1269      FB0E0D00 
 1269      01010101 
 1270              	.LASF15:
 1271 0000 72656731 		.ascii	"reg16\000"
 1271      3600
 1272              	.LASF27:
 1273 0006 54696D65 		.ascii	"Timer_1_SoftwareCapture\000"
 1273      725F315F 
 1273      536F6674 
 1273      77617265 
 1273      43617074 
 1274              	.LASF17:
 1275 001e 54696D65 		.ascii	"Timer_1_WritePeriod\000"
 1275      725F315F 
 1275      57726974 
 1275      65506572 
 1275      696F6400 
 1276              	.LASF19:
 1277 0032 70657269 		.ascii	"period\000"
 1277      6F6400
 1278              	.LASF3:
 1279 0039 73686F72 		.ascii	"short unsigned int\000"
 1279      7420756E 
 1279      7369676E 
 1279      65642069 
 1279      6E7400
 1280              	.LASF8:
 1281 004c 756E7369 		.ascii	"unsigned int\000"
 1281      676E6564 
 1281      20696E74 
 1281      00
 1282              	.LASF11:
 1283 0059 666C6F61 		.ascii	"float\000"
 1283      7400
 1284              	.LASF20:
 1285 005f 636F756E 		.ascii	"counter\000"
 1285      74657200 
 1286              	.LASF39:
 1287 0067 54696D65 		.ascii	"Timer_1_initVar\000"
 1287      725F315F 
 1287      696E6974 
 1287      56617200 
 1288              	.LASF36:
 1289 0077 443A5C44 		.ascii	"D:\\Documents\\Computer Science\\PSoc\\ECE3091 Auto"
 1289      6F63756D 
 1289      656E7473 
 1289      5C436F6D 
ARM GAS  D:\TEMP\ccdQeHr0.s 			page 34


 1289      70757465 
 1290 00a6 5075636B 		.ascii	"PuckPickup\\Display.cydsn\000"
 1290      5069636B 
 1290      75705C44 
 1290      6973706C 
 1290      61792E63 
 1291              	.LASF14:
 1292 00bf 72656738 		.ascii	"reg8\000"
 1292      00
 1293              	.LASF31:
 1294 00c4 54696D65 		.ascii	"Timer_1_ReadPeriod\000"
 1294      725F315F 
 1294      52656164 
 1294      50657269 
 1294      6F6400
 1295              	.LASF5:
 1296 00d7 6C6F6E67 		.ascii	"long unsigned int\000"
 1296      20756E73 
 1296      69676E65 
 1296      6420696E 
 1296      7400
 1297              	.LASF9:
 1298 00e9 75696E74 		.ascii	"uint8\000"
 1298      3800
 1299              	.LASF38:
 1300 00ef 636F6E74 		.ascii	"control\000"
 1300      726F6C00 
 1301              	.LASF1:
 1302 00f7 756E7369 		.ascii	"unsigned char\000"
 1302      676E6564 
 1302      20636861 
 1302      7200
 1303              	.LASF25:
 1304 0105 54696D65 		.ascii	"Timer_1_Enable\000"
 1304      725F315F 
 1304      456E6162 
 1304      6C6500
 1305              	.LASF12:
 1306 0114 646F7562 		.ascii	"double\000"
 1306      6C6500
 1307              	.LASF35:
 1308 011b 2E5C4765 		.ascii	".\\Generated_Source\\PSoC5\\Timer_1.c\000"
 1308      6E657261 
 1308      7465645F 
 1308      536F7572 
 1308      63655C50 
 1309              	.LASF21:
 1310 013e 54696D65 		.ascii	"Timer_1_SetInterruptMode\000"
 1310      725F315F 
 1310      53657449 
 1310      6E746572 
 1310      72757074 
 1311              	.LASF10:
 1312 0157 75696E74 		.ascii	"uint16\000"
 1312      313600
 1313              	.LASF30:
 1314 015e 54696D65 		.ascii	"Timer_1_WriteControlRegister\000"
ARM GAS  D:\TEMP\ccdQeHr0.s 			page 35


 1314      725F315F 
 1314      57726974 
 1314      65436F6E 
 1314      74726F6C 
 1315              	.LASF29:
 1316 017b 54696D65 		.ascii	"Timer_1_ReadControlRegister\000"
 1316      725F315F 
 1316      52656164 
 1316      436F6E74 
 1316      726F6C52 
 1317              	.LASF24:
 1318 0197 54696D65 		.ascii	"Timer_1_Start\000"
 1318      725F315F 
 1318      53746172 
 1318      7400
 1319              	.LASF23:
 1320 01a5 54696D65 		.ascii	"Timer_1_Init\000"
 1320      725F315F 
 1320      496E6974 
 1320      00
 1321              	.LASF7:
 1322 01b2 6C6F6E67 		.ascii	"long long unsigned int\000"
 1322      206C6F6E 
 1322      6720756E 
 1322      7369676E 
 1322      65642069 
 1323              	.LASF18:
 1324 01c9 54696D65 		.ascii	"Timer_1_WriteCounter\000"
 1324      725F315F 
 1324      57726974 
 1324      65436F75 
 1324      6E746572 
 1325              	.LASF32:
 1326 01de 54696D65 		.ascii	"Timer_1_ReadCapture\000"
 1326      725F315F 
 1326      52656164 
 1326      43617074 
 1326      75726500 
 1327              	.LASF37:
 1328 01f2 70657269 		.ascii	"period_temp\000"
 1328      6F645F74 
 1328      656D7000 
 1329              	.LASF16:
 1330 01fe 73697A65 		.ascii	"sizetype\000"
 1330      74797065 
 1330      00
 1331              	.LASF6:
 1332 0207 6C6F6E67 		.ascii	"long long int\000"
 1332      206C6F6E 
 1332      6720696E 
 1332      7400
 1333              	.LASF22:
 1334 0215 696E7465 		.ascii	"interruptMode\000"
 1334      72727570 
 1334      744D6F64 
 1334      6500
 1335              	.LASF33:
ARM GAS  D:\TEMP\ccdQeHr0.s 			page 36


 1336 0223 54696D65 		.ascii	"Timer_1_ReadCounter\000"
 1336      725F315F 
 1336      52656164 
 1336      436F756E 
 1336      74657200 
 1337              	.LASF2:
 1338 0237 73686F72 		.ascii	"short int\000"
 1338      7420696E 
 1338      7400
 1339              	.LASF34:
 1340 0241 474E5520 		.ascii	"GNU C 4.9.3 20150303 (release) [ARM/embedded-4_9-br"
 1340      4320342E 
 1340      392E3320 
 1340      32303135 
 1340      30333033 
 1341 0274 616E6368 		.ascii	"anch revision 221220] -mcpu=cortex-m3 -mthumb -g -O"
 1341      20726576 
 1341      6973696F 
 1341      6E203232 
 1341      31323230 
 1342 02a7 73202D66 		.ascii	"s -ffunction-sections -ffat-lto-objects\000"
 1342      66756E63 
 1342      74696F6E 
 1342      2D736563 
 1342      74696F6E 
 1343              	.LASF28:
 1344 02cf 54696D65 		.ascii	"Timer_1_ReadStatusRegister\000"
 1344      725F315F 
 1344      52656164 
 1344      53746174 
 1344      75735265 
 1345              	.LASF4:
 1346 02ea 6C6F6E67 		.ascii	"long int\000"
 1346      20696E74 
 1346      00
 1347              	.LASF13:
 1348 02f3 63686172 		.ascii	"char\000"
 1348      00
 1349              	.LASF0:
 1350 02f8 7369676E 		.ascii	"signed char\000"
 1350      65642063 
 1350      68617200 
 1351              	.LASF26:
 1352 0304 54696D65 		.ascii	"Timer_1_Stop\000"
 1352      725F315F 
 1352      53746F70 
 1352      00
 1353              		.ident	"GCC: (GNU Tools for ARM Embedded Processors) 4.9.3 20150303 (release) [ARM/embedded-4_9-br
