--------------- Build Started: 10/19/2016 08:59:08 Project: Display, Configuration: ARM GCC 4.9-2015-q1-update Debug ---------------
The code generation step is up to date.
arm-none-eabi-gcc.exe -mcpu=cortex-m3 -mthumb -Wno-main -I. -IGenerated_Source\PSoC5 -Wa,-alh=.\CortexM3\ARM_GCC_493\Debug/main.lst -g -D DEBUG -Wall -ffunction-sections -Og -ffat-lto-objects -c .\main.c -o .\CortexM3\ARM_GCC_493\Debug\main.o
.\main.c: In function 'main':
.\main.c:156:1: warning: control reaches end of non-void function [-Wreturn-type]
 }
 ^
arm-none-eabi-gcc.exe -mcpu=cortex-m3 -mthumb -Wno-main -I. -IGenerated_Source\PSoC5 -Wa,-alh=.\CortexM3\ARM_GCC_493\Debug/movement_functions.lst -g -D DEBUG -Wall -ffunction-sections -Og -ffat-lto-objects -c .\movement_functions.c -o .\CortexM3\ARM_GCC_493\Debug\movement_functions.o
.\movement_functions.c: In function 'MovementLinearCorrected':
.\movement_functions.c:83:9: warning: variable 'SERightCompound' set but not used [-Wunused-but-set-variable]
     int SERightCompound=0;
         ^
.\movement_functions.c:82:9: warning: variable 'SELeftCompound' set but not used [-Wunused-but-set-variable]
     int SELeftCompound=0;
         ^
arm-none-eabi-gcc.exe -mcpu=cortex-m3 -mthumb -Wno-main -I. -IGenerated_Source\PSoC5 -Wa,-alh=.\CortexM3\ARM_GCC_493\Debug/pathing.lst -g -D DEBUG -Wall -ffunction-sections -Og -ffat-lto-objects -c .\pathing.c -o .\CortexM3\ARM_GCC_493\Debug\pathing.o
arm-none-eabi-ar.exe -rs .\CortexM3\ARM_GCC_493\Debug\Display.a .\CortexM3\ARM_GCC_493\Debug\cyfitter_cfg.o .\CortexM3\ARM_GCC_493\Debug\D.o .\CortexM3\ARM_GCC_493\Debug\CS.o .\CortexM3\ARM_GCC_493\Debug\LCD_WR.o .\CortexM3\ARM_GCC_493\Debug\LCD_RD.o .\CortexM3\ARM_GCC_493\Debug\LCD_RS.o .\CortexM3\ARM_GCC_493\Debug\RST.o .\CortexM3\ARM_GCC_493\Debug\CyBootAsmGnu.o .\CortexM3\ARM_GCC_493\Debug\CyDmac.o .\CortexM3\ARM_GCC_493\Debug\CyFlash.o .\CortexM3\ARM_GCC_493\Debug\CyLib.o .\CortexM3\ARM_GCC_493\Debug\cyPm.o .\CortexM3\ARM_GCC_493\Debug\CySpc.o .\CortexM3\ARM_GCC_493\Debug\cyutils.o .\CortexM3\ARM_GCC_493\Debug\LCD.o .\CortexM3\ARM_GCC_493\Debug\LCD_CLK.o .\CortexM3\ARM_GCC_493\Debug\OE.o .\CortexM3\ARM_GCC_493\Debug\OE_PM.o .\CortexM3\ARM_GCC_493\Debug\Clock_1.o .\CortexM3\ARM_GCC_493\Debug\Camera_settings.o .\CortexM3\ARM_GCC_493\Debug\Camera.o .\CortexM3\ARM_GCC_493\Debug\Camera_CLK.o .\CortexM3\ARM_GCC_493\Debug\HREF.o .\CortexM3\ARM_GCC_493\Debug\Camera_DMA_dma.o .\CortexM3\ARM_GCC_493\Debug\Camera_VSYNC.o .\CortexM3\ARM_GCC_493\Debug\Camera_SIOD.o .\CortexM3\ARM_GCC_493\Debug\Camera_SIOC.o .\CortexM3\ARM_GCC_493\Debug\Camera_I2C.o .\CortexM3\ARM_GCC_493\Debug\Camera_I2C_BOOT.o .\CortexM3\ARM_GCC_493\Debug\Camera_I2C_INT.o .\CortexM3\ARM_GCC_493\Debug\Camera_I2C_PM.o .\CortexM3\ARM_GCC_493\Debug\Camera_I2C_SLAVE.o .\CortexM3\ARM_GCC_493\Debug\Camera_I2C_MASTER.o .\CortexM3\ARM_GCC_493\Debug\Camera_end_line.o .\CortexM3\ARM_GCC_493\Debug\Data_Out.o .\CortexM3\ARM_GCC_493\Debug\Data_Out_PM.o .\CortexM3\ARM_GCC_493\Debug\LCD_DMA_dma.o .\CortexM3\ARM_GCC_493\Debug\Buttons.o .\CortexM3\ARM_GCC_493\Debug\Camera_DMA_Colours_dma.o .\CortexM3\ARM_GCC_493\Debug\Camera_Threshold.o .\CortexM3\ARM_GCC_493\Debug\Camera_Threshold_PM.o .\CortexM3\ARM_GCC_493\Debug\Camera_end_line_colours.o .\CortexM3\ARM_GCC_493\Debug\SW_DAC.o .\CortexM3\ARM_GCC_493\Debug\SW_DAC_PM.o .\CortexM3\ARM_GCC_493\Debug\SW_Comparator.o .\CortexM3\ARM_GCC_493\Debug\SW_Comparator_PM.o .\CortexM3\ARM_GCC_493\Debug\SW_SW_1.o .\CortexM3\ARM_GCC_493\Debug\SW_SW_3.o .\CortexM3\ARM_GCC_493\Debug\SW_SW_2.o .\CortexM3\ARM_GCC_493\Debug\PWM_Pan.o .\CortexM3\ARM_GCC_493\Debug\PWM_Pan_PM.o .\CortexM3\ARM_GCC_493\Debug\Pin_1.o .\CortexM3\ARM_GCC_493\Debug\PWM_Tilt.o .\CortexM3\ARM_GCC_493\Debug\PWM_Tilt_PM.o .\CortexM3\ARM_GCC_493\Debug\Pin_2.o .\CortexM3\ARM_GCC_493\Debug\PWM_Claw.o .\CortexM3\ARM_GCC_493\Debug\PWM_Claw_PM.o .\CortexM3\ARM_GCC_493\Debug\Pin_4.o .\CortexM3\ARM_GCC_493\Debug\Quad_1.o .\CortexM3\ARM_GCC_493\Debug\Quad_1_PM.o .\CortexM3\ARM_GCC_493\Debug\SE1A.o .\CortexM3\ARM_GCC_493\Debug\SE1B.o .\CortexM3\ARM_GCC_493\Debug\isr_2.o .\CortexM3\ARM_GCC_493\Debug\Quad_2.o .\CortexM3\ARM_GCC_493\Debug\Quad_2_PM.o .\CortexM3\ARM_GCC_493\Debug\SE2A.o .\CortexM3\ARM_GCC_493\Debug\SE2B.o .\CortexM3\ARM_GCC_493\Debug\isr_3.o .\CortexM3\ARM_GCC_493\Debug\Quad_1_Cnt16.o .\CortexM3\ARM_GCC_493\Debug\Quad_1_Cnt16_PM.o .\CortexM3\ARM_GCC_493\Debug\Quad_2_Cnt16.o .\CortexM3\ARM_GCC_493\Debug\Quad_2_Cnt16_PM.o .\CortexM3\ARM_GCC_493\Debug\USTX.o .\CortexM3\ARM_GCC_493\Debug\timer_clock.o .\CortexM3\ARM_GCC_493\Debug\Timer_1.o .\CortexM3\ARM_GCC_493\Debug\Timer_1_PM.o .\CortexM3\ARM_GCC_493\Debug\USTX2.o .\CortexM3\ARM_GCC_493\Debug\Quad_3.o .\CortexM3\ARM_GCC_493\Debug\Quad_3_PM.o .\CortexM3\ARM_GCC_493\Debug\SELiftA.o .\CortexM3\ARM_GCC_493\Debug\SELiftB.o .\CortexM3\ARM_GCC_493\Debug\isr_4.o .\CortexM3\ARM_GCC_493\Debug\Quad_3_Cnt16.o .\CortexM3\ARM_GCC_493\Debug\Quad_3_Cnt16_PM.o .\CortexM3\ARM_GCC_493\Debug\LiftA.o .\CortexM3\ARM_GCC_493\Debug\LiftB.o .\CortexM3\ARM_GCC_493\Debug\Timer_2.o .\CortexM3\ARM_GCC_493\Debug\Timer_2_PM.o .\CortexM3\ARM_GCC_493\Debug\SW_Quad_Clock.o .\CortexM3\ARM_GCC_493\Debug\timer_clock_sense.o
arm-none-eabi-ar.exe: creating .\CortexM3\ARM_GCC_493\Debug\Display.a
arm-none-eabi-gcc.exe -Wl,--start-group -o .\CortexM3\ARM_GCC_493\Debug\Display.elf .\CortexM3\ARM_GCC_493\Debug\main.o .\CortexM3\ARM_GCC_493\Debug\camera_display.o .\CortexM3\ARM_GCC_493\Debug\camera_functions.o .\CortexM3\ARM_GCC_493\Debug\pwm_functions.o .\CortexM3\ARM_GCC_493\Debug\movement_functions.o .\CortexM3\ARM_GCC_493\Debug\puck_functions.o .\CortexM3\ARM_GCC_493\Debug\Ultrasonics.o .\CortexM3\ARM_GCC_493\Debug\pathing.o .\CortexM3\ARM_GCC_493\Debug\initial_path_sequence.o .\CortexM3\ARM_GCC_493\Debug\lift_functions.o .\CortexM3\ARM_GCC_493\Debug\utils.o .\CortexM3\ARM_GCC_493\Debug\cymetadata.o .\CortexM3\ARM_GCC_493\Debug\Cm3Start.o .\CortexM3\ARM_GCC_493\Debug\Display.a "C:\Program Files (x86)\Cypress\PSoC Creator\3.3\PSoC Creator\psoc\content\cycomponentlibrary\CyComponentLibrary.cylib\CortexM3\ARM_GCC_493\Debug\CyComponentLibrary.a" -mcpu=cortex-m3 -mthumb -g -ffunction-sections -Og -ffat-lto-objects -l m -L Generated_Source\PSoC5 -Wl,-Map,.\CortexM3\ARM_GCC_493\Debug/Display.map -T Generated_Source\PSoC5\cm3gcc.ld -specs=nano.specs -Wl,--gc-sections -Wl,--end-group
cyelftool.exe -C "C:\Users\Daniel\Documents\PSoC Creator\ECE3091 Faster V3.6\Display.cydsn\CortexM3\ARM_GCC_493\Debug\Display.elf" --flash_row_size 256 --flash_size 262144
cyelftool.exe -S "C:\Users\Daniel\Documents\PSoC Creator\ECE3091 Faster V3.6\Display.cydsn\CortexM3\ARM_GCC_493\Debug\Display.elf"
Flash used: 28672 of 262144 bytes (10.9%).
SRAM used: 7517 of 65536 bytes (11.5%). Stack: 2048 bytes. Heap: 128 bytes.
--------------- Build Succeeded: 10/19/2016 08:59:11 ---------------
