ARM GAS  C:\Users\Tim\AppData\Local\Temp\ccEfwZD8.s 			page 1


   1              		.syntax unified
   2              		.cpu cortex-m3
   3              		.fpu softvfp
   4              		.eabi_attribute 20, 1
   5              		.eabi_attribute 21, 1
   6              		.eabi_attribute 23, 3
   7              		.eabi_attribute 24, 1
   8              		.eabi_attribute 25, 1
   9              		.eabi_attribute 26, 1
  10              		.eabi_attribute 30, 1
  11              		.eabi_attribute 34, 1
  12              		.eabi_attribute 18, 4
  13              		.thumb
  14              		.file	"Camera.c"
  15              		.text
  16              	.Ltext0:
  17              		.cfi_sections	.debug_frame
  18              		.section	.text.Camera_WriteReg,"ax",%progbits
  19              		.align	2
  20              		.global	Camera_WriteReg
  21              		.thumb
  22              		.thumb_func
  23              		.type	Camera_WriteReg, %function
  24              	Camera_WriteReg:
  25              	.LFB63:
  26              		.file 1 ".\\Generated_Source\\PSoC5\\Camera.c"
   1:.\Generated_Source\PSoC5/Camera.c **** #include "Camera.h"
   2:.\Generated_Source\PSoC5/Camera.c **** 
   3:.\Generated_Source\PSoC5/Camera.c **** extern const uint8 Camera_settings[][2];
   4:.\Generated_Source\PSoC5/Camera.c **** extern const uint8 Camera_format[];
   5:.\Generated_Source\PSoC5/Camera.c **** extern const uint8 Camera_sxga[];
   6:.\Generated_Source\PSoC5/Camera.c **** extern const uint8 Camera_vga[];
   7:.\Generated_Source\PSoC5/Camera.c **** extern const uint8 Camera_qvga[];
   8:.\Generated_Source\PSoC5/Camera.c **** extern const uint8 Camera_cif[];
   9:.\Generated_Source\PSoC5/Camera.c **** extern const uint8 Camera_qcif[];
  10:.\Generated_Source\PSoC5/Camera.c **** 
  11:.\Generated_Source\PSoC5/Camera.c **** static uint8 DMA_channel,DMA_TD;
  12:.\Generated_Source\PSoC5/Camera.c **** 
  13:.\Generated_Source\PSoC5/Camera.c **** void Camera_WriteReg(const uint8 reg,const uint8 value)
  14:.\Generated_Source\PSoC5/Camera.c **** {
  27              		.loc 1 14 0
  28              		.cfi_startproc
  29              		@ args = 0, pretend = 0, frame = 0
  30              		@ frame_needed = 0, uses_anonymous_args = 0
  31              	.LVL0:
  32 0000 38B5     		push	{r3, r4, r5, lr}
  33              		.cfi_def_cfa_offset 16
  34              		.cfi_offset 3, -16
  35              		.cfi_offset 4, -12
  36              		.cfi_offset 5, -8
  37              		.cfi_offset 14, -4
  38 0002 0546     		mov	r5, r0
  39 0004 0C46     		mov	r4, r1
  40              	.LVL1:
  41              	.L2:
  15:.\Generated_Source\PSoC5/Camera.c **** 	while(Camera_I2C_MasterSendStart(0x30,0)!=Camera_I2C_MSTR_NO_ERROR);
  42              		.loc 1 15 0 discriminator 1
ARM GAS  C:\Users\Tim\AppData\Local\Temp\ccEfwZD8.s 			page 2


  43 0006 3020     		movs	r0, #48
  44 0008 0021     		movs	r1, #0
  45 000a FFF7FEFF 		bl	Camera_I2C_MasterSendStart
  46              	.LVL2:
  47 000e 0028     		cmp	r0, #0
  48 0010 F9D1     		bne	.L2
  16:.\Generated_Source\PSoC5/Camera.c ****     Camera_I2C_MasterWriteByte(reg);
  49              		.loc 1 16 0
  50 0012 2846     		mov	r0, r5
  51 0014 FFF7FEFF 		bl	Camera_I2C_MasterWriteByte
  52              	.LVL3:
  17:.\Generated_Source\PSoC5/Camera.c ****     Camera_I2C_MasterWriteByte(value);
  53              		.loc 1 17 0
  54 0018 2046     		mov	r0, r4
  55 001a FFF7FEFF 		bl	Camera_I2C_MasterWriteByte
  56              	.LVL4:
  18:.\Generated_Source\PSoC5/Camera.c ****     Camera_I2C_MasterSendStop();
  57              		.loc 1 18 0
  58 001e FFF7FEFF 		bl	Camera_I2C_MasterSendStop
  59              	.LVL5:
  60 0022 38BD     		pop	{r3, r4, r5, pc}
  61              		.cfi_endproc
  62              	.LFE63:
  63              		.size	Camera_WriteReg, .-Camera_WriteReg
  64              		.section	.text.Camera_ReadReg,"ax",%progbits
  65              		.align	2
  66              		.global	Camera_ReadReg
  67              		.thumb
  68              		.thumb_func
  69              		.type	Camera_ReadReg, %function
  70              	Camera_ReadReg:
  71              	.LFB64:
  19:.\Generated_Source\PSoC5/Camera.c **** }
  20:.\Generated_Source\PSoC5/Camera.c **** 
  21:.\Generated_Source\PSoC5/Camera.c **** uint8 Camera_ReadReg(const uint8 reg)
  22:.\Generated_Source\PSoC5/Camera.c **** {
  72              		.loc 1 22 0
  73              		.cfi_startproc
  74              		@ args = 0, pretend = 0, frame = 0
  75              		@ frame_needed = 0, uses_anonymous_args = 0
  76              	.LVL6:
  77 0000 10B5     		push	{r4, lr}
  78              		.cfi_def_cfa_offset 8
  79              		.cfi_offset 4, -8
  80              		.cfi_offset 14, -4
  81 0002 0446     		mov	r4, r0
  82              	.LVL7:
  83              	.L5:
  23:.\Generated_Source\PSoC5/Camera.c **** 	while(Camera_I2C_MasterSendStart(0x30,0)!=Camera_I2C_MSTR_NO_ERROR);
  84              		.loc 1 23 0 discriminator 1
  85 0004 3020     		movs	r0, #48
  86 0006 0021     		movs	r1, #0
  87 0008 FFF7FEFF 		bl	Camera_I2C_MasterSendStart
  88              	.LVL8:
  89 000c 0028     		cmp	r0, #0
  90 000e F9D1     		bne	.L5
  24:.\Generated_Source\PSoC5/Camera.c ****     Camera_I2C_MasterWriteByte(reg);
ARM GAS  C:\Users\Tim\AppData\Local\Temp\ccEfwZD8.s 			page 3


  91              		.loc 1 24 0
  92 0010 2046     		mov	r0, r4
  93 0012 FFF7FEFF 		bl	Camera_I2C_MasterWriteByte
  94              	.LVL9:
  25:.\Generated_Source\PSoC5/Camera.c ****     Camera_I2C_MasterSendStop();
  95              		.loc 1 25 0
  96 0016 FFF7FEFF 		bl	Camera_I2C_MasterSendStop
  97              	.LVL10:
  98              	.L6:
  26:.\Generated_Source\PSoC5/Camera.c **** 	
  27:.\Generated_Source\PSoC5/Camera.c **** 	while(Camera_I2C_MasterSendStart(0x30,1)!=Camera_I2C_MSTR_NO_ERROR);
  99              		.loc 1 27 0 discriminator 1
 100 001a 3020     		movs	r0, #48
 101 001c 0121     		movs	r1, #1
 102 001e FFF7FEFF 		bl	Camera_I2C_MasterSendStart
 103              	.LVL11:
 104 0022 0028     		cmp	r0, #0
 105 0024 F9D1     		bne	.L6
  28:.\Generated_Source\PSoC5/Camera.c ****     uint8 value=Camera_I2C_MasterReadByte(Camera_I2C_NAK_DATA);
 106              		.loc 1 28 0
 107 0026 FFF7FEFF 		bl	Camera_I2C_MasterReadByte
 108              	.LVL12:
 109 002a 0446     		mov	r4, r0
 110              	.LVL13:
  29:.\Generated_Source\PSoC5/Camera.c ****     Camera_I2C_MasterSendStop();
 111              		.loc 1 29 0
 112 002c FFF7FEFF 		bl	Camera_I2C_MasterSendStop
 113              	.LVL14:
  30:.\Generated_Source\PSoC5/Camera.c **** 	return value;
  31:.\Generated_Source\PSoC5/Camera.c **** }
 114              		.loc 1 31 0
 115 0030 2046     		mov	r0, r4
 116 0032 10BD     		pop	{r4, pc}
 117              		.cfi_endproc
 118              	.LFE64:
 119              		.size	Camera_ReadReg, .-Camera_ReadReg
 120              		.section	.text.Camera_SyncFrame,"ax",%progbits
 121              		.align	2
 122              		.global	Camera_SyncFrame
 123              		.thumb
 124              		.thumb_func
 125              		.type	Camera_SyncFrame, %function
 126              	Camera_SyncFrame:
 127              	.LFB65:
  32:.\Generated_Source\PSoC5/Camera.c **** 
  33:.\Generated_Source\PSoC5/Camera.c **** void Camera_SyncFrame()
  34:.\Generated_Source\PSoC5/Camera.c **** {
 128              		.loc 1 34 0
 129              		.cfi_startproc
 130              		@ args = 0, pretend = 0, frame = 0
 131              		@ frame_needed = 0, uses_anonymous_args = 0
 132 0000 08B5     		push	{r3, lr}
 133              		.cfi_def_cfa_offset 8
 134              		.cfi_offset 3, -8
 135              		.cfi_offset 14, -4
 136              	.L9:
  35:.\Generated_Source\PSoC5/Camera.c **** 	while(Camera_VSYNC_Read());
ARM GAS  C:\Users\Tim\AppData\Local\Temp\ccEfwZD8.s 			page 4


 137              		.loc 1 35 0 discriminator 1
 138 0002 FFF7FEFF 		bl	Camera_VSYNC_Read
 139              	.LVL15:
 140 0006 0028     		cmp	r0, #0
 141 0008 FBD1     		bne	.L9
 142              	.L10:
  36:.\Generated_Source\PSoC5/Camera.c **** 	while(!Camera_VSYNC_Read());
 143              		.loc 1 36 0 discriminator 1
 144 000a FFF7FEFF 		bl	Camera_VSYNC_Read
 145              	.LVL16:
 146 000e 0028     		cmp	r0, #0
 147 0010 FBD0     		beq	.L10
  37:.\Generated_Source\PSoC5/Camera.c **** }
 148              		.loc 1 37 0
 149 0012 08BD     		pop	{r3, pc}
 150              		.cfi_endproc
 151              	.LFE65:
 152              		.size	Camera_SyncFrame, .-Camera_SyncFrame
 153              		.section	.text.Camera_Start,"ax",%progbits
 154              		.align	2
 155              		.global	Camera_Start
 156              		.thumb
 157              		.thumb_func
 158              		.type	Camera_Start, %function
 159              	Camera_Start:
 160              	.LFB66:
  38:.\Generated_Source\PSoC5/Camera.c **** 
  39:.\Generated_Source\PSoC5/Camera.c **** void Camera_Start()
  40:.\Generated_Source\PSoC5/Camera.c **** {
 161              		.loc 1 40 0
 162              		.cfi_startproc
 163              		@ args = 0, pretend = 0, frame = 0
 164              		@ frame_needed = 0, uses_anonymous_args = 0
 165 0000 70B5     		push	{r4, r5, r6, lr}
 166              		.cfi_def_cfa_offset 16
 167              		.cfi_offset 4, -16
 168              		.cfi_offset 5, -12
 169              		.cfi_offset 6, -8
 170              		.cfi_offset 14, -4
  41:.\Generated_Source\PSoC5/Camera.c **** 	//Camera_SIOD_SetDriveMode(Camera_SIOD_DM_RES_UP); //turn on pull-up resistors on I2C pins
  42:.\Generated_Source\PSoC5/Camera.c **** 	//Camera_SIOC_SetDriveMode(Camera_SIOC_DM_RES_UP);
  43:.\Generated_Source\PSoC5/Camera.c **** 	Camera_I2C_Start();
 171              		.loc 1 43 0
 172 0002 FFF7FEFF 		bl	Camera_I2C_Start
 173              	.LVL17:
  44:.\Generated_Source\PSoC5/Camera.c **** 	
  45:.\Generated_Source\PSoC5/Camera.c **** 	Camera_WriteReg(0x12,0x80); //reset
 174              		.loc 1 45 0
 175 0006 1220     		movs	r0, #18
 176 0008 8021     		movs	r1, #128
 177 000a FFF7FEFF 		bl	Camera_WriteReg
 178              	.LVL18:
  46:.\Generated_Source\PSoC5/Camera.c **** 	CyDelay(1);
 179              		.loc 1 46 0
 180 000e 0120     		movs	r0, #1
 181 0010 FFF7FEFF 		bl	CyDelay
 182              	.LVL19:
ARM GAS  C:\Users\Tim\AppData\Local\Temp\ccEfwZD8.s 			page 5


  47:.\Generated_Source\PSoC5/Camera.c **** 	uint16 i;
  48:.\Generated_Source\PSoC5/Camera.c **** 	for(i=0;Camera_settings[i][0]!=0xff;i++) Camera_WriteReg(Camera_settings[i][0],Camera_settings[i][
 183              		.loc 1 48 0
 184 0014 0024     		movs	r4, #0
 185 0016 07E0     		b	.L13
 186              	.LVL20:
 187              	.L14:
 188              		.loc 1 48 0 is_stmt 0 discriminator 3
 189 0018 474B     		ldr	r3, .L18
 190 001a 03EB4403 		add	r3, r3, r4, lsl #1
 191 001e 5978     		ldrb	r1, [r3, #1]	@ zero_extendqisi2
 192 0020 FFF7FEFF 		bl	Camera_WriteReg
 193              	.LVL21:
 194 0024 0134     		adds	r4, r4, #1
 195              	.LVL22:
 196 0026 A4B2     		uxth	r4, r4
 197              	.LVL23:
 198              	.L13:
 199              		.loc 1 48 0 discriminator 1
 200 0028 434B     		ldr	r3, .L18
 201 002a 13F81400 		ldrb	r0, [r3, r4, lsl #1]	@ zero_extendqisi2
 202 002e FF28     		cmp	r0, #255
 203 0030 F2D1     		bne	.L14
 204 0032 0024     		movs	r4, #0
 205              	.LVL24:
 206 0034 05E0     		b	.L15
 207              	.LVL25:
 208              	.L16:
  49:.\Generated_Source\PSoC5/Camera.c **** 	for(i=0;Camera_format[i]!=0xff;i++) Camera_WriteReg(Camera_format[i],Camera_qvga[i]); //qvga forma
 209              		.loc 1 49 0 is_stmt 1 discriminator 3
 210 0036 414B     		ldr	r3, .L18+4
 211 0038 195D     		ldrb	r1, [r3, r4]	@ zero_extendqisi2
 212 003a FFF7FEFF 		bl	Camera_WriteReg
 213              	.LVL26:
 214 003e 0134     		adds	r4, r4, #1
 215              	.LVL27:
 216 0040 A4B2     		uxth	r4, r4
 217              	.LVL28:
 218              	.L15:
 219              		.loc 1 49 0 is_stmt 0 discriminator 1
 220 0042 3F4B     		ldr	r3, .L18+8
 221 0044 185D     		ldrb	r0, [r3, r4]	@ zero_extendqisi2
 222 0046 FF28     		cmp	r0, #255
 223 0048 F5D1     		bne	.L16
  50:.\Generated_Source\PSoC5/Camera.c **** 	
  51:.\Generated_Source\PSoC5/Camera.c **** 	DMA_channel=Camera_DMA_DmaInitialize(1,1,HI16(CYDEV_PERIPH_BASE),HI16(CYDEV_SRAM_BASE)); //periphe
 224              		.loc 1 51 0 is_stmt 1
 225 004a 0120     		movs	r0, #1
 226 004c 0146     		mov	r1, r0
 227 004e 4FF48042 		mov	r2, #16384
 228 0052 41F6FF73 		movw	r3, #8191
 229 0056 FFF7FEFF 		bl	Camera_DMA_DmaInitialize
 230              	.LVL29:
 231 005a 3A4C     		ldr	r4, .L18+12
 232              	.LVL30:
 233 005c 2070     		strb	r0, [r4]
  52:.\Generated_Source\PSoC5/Camera.c **** 	DMA_TD=CyDmaTdAllocate();
ARM GAS  C:\Users\Tim\AppData\Local\Temp\ccEfwZD8.s 			page 6


 234              		.loc 1 52 0
 235 005e FFF7FEFF 		bl	CyDmaTdAllocate
 236              	.LVL31:
 237 0062 6070     		strb	r0, [r4, #1]
  53:.\Generated_Source\PSoC5/Camera.c ****     CyDmaTdSetAddress(DMA_TD,LO16(Camera_FIFO_dp__F0_REG),LO16((uint32)Camera_linebuffer));
 238              		.loc 1 53 0
 239 0064 384D     		ldr	r5, .L18+16
 240 0066 ADB2     		uxth	r5, r5
 241 0068 46F24441 		movw	r1, #25668
 242 006c 2A46     		mov	r2, r5
 243 006e FFF7FEFF 		bl	CyDmaTdSetAddress
 244              	.LVL32:
  54:.\Generated_Source\PSoC5/Camera.c ****     CyDmaTdSetConfiguration(DMA_TD,sizeof(Camera_linebuffer),DMA_TD,TD_INC_DST_ADR|Camera_DMA__TD_T
 245              		.loc 1 54 0
 246 0072 6278     		ldrb	r2, [r4, #1]	@ zero_extendqisi2
 247 0074 1046     		mov	r0, r2
 248 0076 4FF42071 		mov	r1, #640
 249 007a 0623     		movs	r3, #6
 250 007c FFF7FEFF 		bl	CyDmaTdSetConfiguration
 251              	.LVL33:
  55:.\Generated_Source\PSoC5/Camera.c **** 	CyDmaChPriority(DMA_channel,0); //ensure highest priority for DMA channel
 252              		.loc 1 55 0
 253 0080 2078     		ldrb	r0, [r4]	@ zero_extendqisi2
 254 0082 0021     		movs	r1, #0
 255 0084 FFF7FEFF 		bl	CyDmaChPriority
 256              	.LVL34:
  56:.\Generated_Source\PSoC5/Camera.c **** 
  57:.\Generated_Source\PSoC5/Camera.c ****     Camera_end_line_StartEx(Camera_end_line);
 257              		.loc 1 57 0
 258 0088 304E     		ldr	r6, .L18+20
 259 008a 3046     		mov	r0, r6
 260 008c FFF7FEFF 		bl	Camera_end_line_StartEx
 261              	.LVL35:
  58:.\Generated_Source\PSoC5/Camera.c ****     
  59:.\Generated_Source\PSoC5/Camera.c **** 	*(reg8*)Camera_FIFO_dp__F0_REG;
 262              		.loc 1 59 0
 263 0090 2F4B     		ldr	r3, .L18+24
 264 0092 1A78     		ldrb	r2, [r3]	@ zero_extendqisi2
  60:.\Generated_Source\PSoC5/Camera.c **** 	*(reg8*)Camera_FIFO_dp__F0_REG;
 265              		.loc 1 60 0
 266 0094 1A78     		ldrb	r2, [r3]	@ zero_extendqisi2
  61:.\Generated_Source\PSoC5/Camera.c **** 	*(reg8*)Camera_FIFO_dp__F0_REG;
 267              		.loc 1 61 0
 268 0096 1A78     		ldrb	r2, [r3]	@ zero_extendqisi2
  62:.\Generated_Source\PSoC5/Camera.c **** 	*(reg8*)Camera_FIFO_dp__F0_REG; //clear fifo
 269              		.loc 1 62 0
 270 0098 1B78     		ldrb	r3, [r3]	@ zero_extendqisi2
  63:.\Generated_Source\PSoC5/Camera.c **** 	CyDmaClearPendingDrq(DMA_channel); //invalidate pending requests
 271              		.loc 1 63 0
 272 009a 2078     		ldrb	r0, [r4]	@ zero_extendqisi2
 273 009c FFF7FEFF 		bl	CyDmaClearPendingDrq
 274              	.LVL36:
  64:.\Generated_Source\PSoC5/Camera.c **** 	CyDmaChSetInitialTd(DMA_channel,DMA_TD); //set initial TD
 275              		.loc 1 64 0
 276 00a0 2078     		ldrb	r0, [r4]	@ zero_extendqisi2
 277 00a2 6178     		ldrb	r1, [r4, #1]	@ zero_extendqisi2
 278 00a4 FFF7FEFF 		bl	CyDmaChSetInitialTd
ARM GAS  C:\Users\Tim\AppData\Local\Temp\ccEfwZD8.s 			page 7


 279              	.LVL37:
  65:.\Generated_Source\PSoC5/Camera.c **** 	CyDmaChEnable(DMA_channel,1); //enable channel (start streaming)
 280              		.loc 1 65 0
 281 00a8 2078     		ldrb	r0, [r4]	@ zero_extendqisi2
 282 00aa 0121     		movs	r1, #1
 283 00ac FFF7FEFF 		bl	CyDmaChEnable
 284              	.LVL38:
  66:.\Generated_Source\PSoC5/Camera.c ****     
  67:.\Generated_Source\PSoC5/Camera.c ****     
  68:.\Generated_Source\PSoC5/Camera.c ****     
  69:.\Generated_Source\PSoC5/Camera.c ****     Camera_R_Start();
 285              		.loc 1 69 0
 286 00b0 284A     		ldr	r2, .L18+28
 287 00b2 1378     		ldrb	r3, [r2]	@ zero_extendqisi2
 288 00b4 43F00103 		orr	r3, r3, #1
 289 00b8 1370     		strb	r3, [r2]
  70:.\Generated_Source\PSoC5/Camera.c ****     Camera_G_Start();
 290              		.loc 1 70 0
 291 00ba 023A     		subs	r2, r2, #2
 292 00bc 1378     		ldrb	r3, [r2]	@ zero_extendqisi2
 293 00be 43F00103 		orr	r3, r3, #1
 294 00c2 1370     		strb	r3, [r2]
  71:.\Generated_Source\PSoC5/Camera.c ****     Camera_B_Start();
 295              		.loc 1 71 0
 296 00c4 023A     		subs	r2, r2, #2
 297 00c6 1378     		ldrb	r3, [r2]	@ zero_extendqisi2
 298 00c8 43F00103 		orr	r3, r3, #1
 299 00cc 1370     		strb	r3, [r2]
  72:.\Generated_Source\PSoC5/Camera.c ****     Camera_M_Start();
 300              		.loc 1 72 0
 301 00ce 013A     		subs	r2, r2, #1
 302 00d0 1378     		ldrb	r3, [r2]	@ zero_extendqisi2
 303 00d2 43F00103 		orr	r3, r3, #1
 304 00d6 1370     		strb	r3, [r2]
  73:.\Generated_Source\PSoC5/Camera.c ****     
  74:.\Generated_Source\PSoC5/Camera.c ****     DMA_channel=Camera_DMA_Colours_DmaInitialize(1,1,HI16(CYDEV_PERIPH_BASE),HI16(CYDEV_SRAM_BASE))
 305              		.loc 1 74 0
 306 00d8 0120     		movs	r0, #1
 307 00da 0146     		mov	r1, r0
 308 00dc 4FF48042 		mov	r2, #16384
 309 00e0 41F6FF73 		movw	r3, #8191
 310 00e4 FFF7FEFF 		bl	Camera_DMA_Colours_DmaInitialize
 311              	.LVL39:
 312 00e8 2070     		strb	r0, [r4]
  75:.\Generated_Source\PSoC5/Camera.c **** 	DMA_TD=CyDmaTdAllocate();
 313              		.loc 1 75 0
 314 00ea FFF7FEFF 		bl	CyDmaTdAllocate
 315              	.LVL40:
 316 00ee 6070     		strb	r0, [r4, #1]
  76:.\Generated_Source\PSoC5/Camera.c ****     CyDmaTdSetAddress(DMA_TD,LO16(Camera_FIFO_Colours_dp__F0_REG),LO16((uint32)Camera_linebuffer));
 317              		.loc 1 76 0
 318 00f0 46F24241 		movw	r1, #25666
 319 00f4 2A46     		mov	r2, r5
 320 00f6 FFF7FEFF 		bl	CyDmaTdSetAddress
 321              	.LVL41:
  77:.\Generated_Source\PSoC5/Camera.c ****     CyDmaTdSetConfiguration(DMA_TD,sizeof(Camera_linebuffer)/4,DMA_TD,TD_INC_DST_ADR|Camera_DMA__TD
 322              		.loc 1 77 0
ARM GAS  C:\Users\Tim\AppData\Local\Temp\ccEfwZD8.s 			page 8


 323 00fa 6278     		ldrb	r2, [r4, #1]	@ zero_extendqisi2
 324 00fc 1046     		mov	r0, r2
 325 00fe A021     		movs	r1, #160
 326 0100 0623     		movs	r3, #6
 327 0102 FFF7FEFF 		bl	CyDmaTdSetConfiguration
 328              	.LVL42:
  78:.\Generated_Source\PSoC5/Camera.c **** 	CyDmaChPriority(DMA_channel,0); //ensure highest priority for DMA channel
 329              		.loc 1 78 0
 330 0106 2078     		ldrb	r0, [r4]	@ zero_extendqisi2
 331 0108 0021     		movs	r1, #0
 332 010a FFF7FEFF 		bl	CyDmaChPriority
 333              	.LVL43:
  79:.\Generated_Source\PSoC5/Camera.c **** 
  80:.\Generated_Source\PSoC5/Camera.c ****     Camera_end_line_colours_StartEx(Camera_end_line);
 334              		.loc 1 80 0
 335 010e 3046     		mov	r0, r6
 336 0110 FFF7FEFF 		bl	Camera_end_line_colours_StartEx
 337              	.LVL44:
  81:.\Generated_Source\PSoC5/Camera.c ****     
  82:.\Generated_Source\PSoC5/Camera.c **** 	*(reg8*)Camera_FIFO_Colours_dp__F0_REG;
 338              		.loc 1 82 0
 339 0114 104B     		ldr	r3, .L18+32
 340 0116 1A78     		ldrb	r2, [r3]	@ zero_extendqisi2
  83:.\Generated_Source\PSoC5/Camera.c **** 	*(reg8*)Camera_FIFO_Colours_dp__F0_REG;
 341              		.loc 1 83 0
 342 0118 1A78     		ldrb	r2, [r3]	@ zero_extendqisi2
  84:.\Generated_Source\PSoC5/Camera.c ****     *(reg8*)Camera_FIFO_Colours_dp__F0_REG;
 343              		.loc 1 84 0
 344 011a 1A78     		ldrb	r2, [r3]	@ zero_extendqisi2
  85:.\Generated_Source\PSoC5/Camera.c ****     *(reg8*)Camera_FIFO_Colours_dp__F0_REG; //clear fifo
 345              		.loc 1 85 0
 346 011c 1B78     		ldrb	r3, [r3]	@ zero_extendqisi2
  86:.\Generated_Source\PSoC5/Camera.c **** 	CyDmaClearPendingDrq(DMA_channel); //invalidate pending requests
 347              		.loc 1 86 0
 348 011e 2078     		ldrb	r0, [r4]	@ zero_extendqisi2
 349 0120 FFF7FEFF 		bl	CyDmaClearPendingDrq
 350              	.LVL45:
  87:.\Generated_Source\PSoC5/Camera.c **** 	CyDmaChSetInitialTd(DMA_channel,DMA_TD); //set initial TD
 351              		.loc 1 87 0
 352 0124 2078     		ldrb	r0, [r4]	@ zero_extendqisi2
 353 0126 6178     		ldrb	r1, [r4, #1]	@ zero_extendqisi2
 354 0128 FFF7FEFF 		bl	CyDmaChSetInitialTd
 355              	.LVL46:
  88:.\Generated_Source\PSoC5/Camera.c **** 	CyDmaChEnable(DMA_channel,1); //enable channel (start streaming)
 356              		.loc 1 88 0
 357 012c 2078     		ldrb	r0, [r4]	@ zero_extendqisi2
 358 012e 0121     		movs	r1, #1
 359 0130 FFF7FEFF 		bl	CyDmaChEnable
 360              	.LVL47:
 361 0134 70BD     		pop	{r4, r5, r6, pc}
 362              	.L19:
 363 0136 00BF     		.align	2
 364              	.L18:
 365 0138 00000000 		.word	Camera_settings
 366 013c 00000000 		.word	Camera_qvga
 367 0140 00000000 		.word	Camera_format
 368 0144 00000000 		.word	.LANCHOR0
ARM GAS  C:\Users\Tim\AppData\Local\Temp\ccEfwZD8.s 			page 9


 369 0148 00000000 		.word	Camera_linebuffer
 370 014c 00000000 		.word	Camera_end_line
 371 0150 44640040 		.word	1073767492
 372 0154 95640040 		.word	1073767573
 373 0158 42640040 		.word	1073767490
 374              		.cfi_endproc
 375              	.LFE66:
 376              		.size	Camera_Start, .-Camera_Start
 377              		.comm	Camera_linebuffer,640,4
 378              		.bss
 379              		.set	.LANCHOR0,. + 0
 380              		.type	DMA_channel, %object
 381              		.size	DMA_channel, 1
 382              	DMA_channel:
 383 0000 00       		.space	1
 384              		.type	DMA_TD, %object
 385              		.size	DMA_TD, 1
 386              	DMA_TD:
 387 0001 00       		.space	1
 388              		.text
 389              	.Letext0:
 390              		.file 2 "c:\\program files (x86)\\cypress\\psoc creator\\3.3\\psoc creator\\import\\gnu\\arm\\4.9.
 391              		.file 3 "c:\\program files (x86)\\cypress\\psoc creator\\3.3\\psoc creator\\import\\gnu\\arm\\4.9.
 392              		.file 4 "Generated_Source\\PSoC5/cytypes.h"
 393              		.file 5 "Generated_Source\\PSoC5/core_cm3.h"
 394              		.file 6 ".\\Generated_Source\\PSoC5\\Camera.h"
 395              		.file 7 "Generated_Source\\PSoC5/Camera_I2C.h"
 396              		.file 8 "Generated_Source\\PSoC5/Camera_VSYNC.h"
 397              		.file 9 "Generated_Source\\PSoC5/Camera_DMA_dma.h"
 398              		.file 10 "Generated_Source\\PSoC5/CYDMAC.H"
 399              		.file 11 "Generated_Source\\PSoC5/CyLib.h"
 400              		.file 12 "Generated_Source\\PSoC5/Camera_end_line.h"
 401              		.file 13 "Generated_Source\\PSoC5/Camera_DMA_Colours_dma.h"
 402              		.file 14 "Generated_Source\\PSoC5/Camera_end_line_colours.h"
 403              		.section	.debug_info,"",%progbits
 404              	.Ldebug_info0:
 405 0000 1E060000 		.4byte	0x61e
 406 0004 0400     		.2byte	0x4
 407 0006 00000000 		.4byte	.Ldebug_abbrev0
 408 000a 04       		.byte	0x4
 409 000b 01       		.uleb128 0x1
 410 000c EA010000 		.4byte	.LASF47
 411 0010 01       		.byte	0x1
 412 0011 75000000 		.4byte	.LASF48
 413 0015 AF030000 		.4byte	.LASF49
 414 0019 00000000 		.4byte	.Ldebug_ranges0+0
 415 001d 00000000 		.4byte	0
 416 0021 00000000 		.4byte	.Ldebug_line0
 417 0025 02       		.uleb128 0x2
 418 0026 01       		.byte	0x1
 419 0027 06       		.byte	0x6
 420 0028 A3030000 		.4byte	.LASF0
 421 002c 02       		.uleb128 0x2
 422 002d 01       		.byte	0x1
 423 002e 08       		.byte	0x8
 424 002f F8000000 		.4byte	.LASF1
 425 0033 02       		.uleb128 0x2
ARM GAS  C:\Users\Tim\AppData\Local\Temp\ccEfwZD8.s 			page 10


 426 0034 02       		.byte	0x2
 427 0035 05       		.byte	0x5
 428 0036 38030000 		.4byte	.LASF2
 429 003a 02       		.uleb128 0x2
 430 003b 02       		.byte	0x2
 431 003c 07       		.byte	0x7
 432 003d 35010000 		.4byte	.LASF3
 433 0041 03       		.uleb128 0x3
 434 0042 4D000000 		.4byte	.LASF9
 435 0046 02       		.byte	0x2
 436 0047 3F       		.byte	0x3f
 437 0048 4C000000 		.4byte	0x4c
 438 004c 02       		.uleb128 0x2
 439 004d 04       		.byte	0x4
 440 004e 05       		.byte	0x5
 441 004f 93030000 		.4byte	.LASF4
 442 0053 02       		.uleb128 0x2
 443 0054 04       		.byte	0x4
 444 0055 07       		.byte	0x7
 445 0056 23010000 		.4byte	.LASF5
 446 005a 02       		.uleb128 0x2
 447 005b 08       		.byte	0x8
 448 005c 05       		.byte	0x5
 449 005d 0B030000 		.4byte	.LASF6
 450 0061 02       		.uleb128 0x2
 451 0062 08       		.byte	0x8
 452 0063 07       		.byte	0x7
 453 0064 9E020000 		.4byte	.LASF7
 454 0068 04       		.uleb128 0x4
 455 0069 04       		.byte	0x4
 456 006a 05       		.byte	0x5
 457 006b 696E7400 		.ascii	"int\000"
 458 006f 02       		.uleb128 0x2
 459 0070 04       		.byte	0x4
 460 0071 07       		.byte	0x7
 461 0072 78020000 		.4byte	.LASF8
 462 0076 03       		.uleb128 0x3
 463 0077 EE020000 		.4byte	.LASF10
 464 007b 03       		.byte	0x3
 465 007c 2C       		.byte	0x2c
 466 007d 41000000 		.4byte	0x41
 467 0081 05       		.uleb128 0x5
 468 0082 52030000 		.4byte	.LASF11
 469 0086 04       		.byte	0x4
 470 0087 9201     		.2byte	0x192
 471 0089 2C000000 		.4byte	0x2c
 472 008d 05       		.uleb128 0x5
 473 008e DC010000 		.4byte	.LASF12
 474 0092 04       		.byte	0x4
 475 0093 9301     		.2byte	0x193
 476 0095 3A000000 		.4byte	0x3a
 477 0099 05       		.uleb128 0x5
 478 009a E3010000 		.4byte	.LASF13
 479 009e 04       		.byte	0x4
 480 009f 9401     		.2byte	0x194
 481 00a1 53000000 		.4byte	0x53
 482 00a5 02       		.uleb128 0x2
ARM GAS  C:\Users\Tim\AppData\Local\Temp\ccEfwZD8.s 			page 11


 483 00a6 04       		.byte	0x4
 484 00a7 04       		.byte	0x4
 485 00a8 F2000000 		.4byte	.LASF14
 486 00ac 02       		.uleb128 0x2
 487 00ad 08       		.byte	0x8
 488 00ae 04       		.byte	0x4
 489 00af 77010000 		.4byte	.LASF15
 490 00b3 02       		.uleb128 0x2
 491 00b4 01       		.byte	0x1
 492 00b5 08       		.byte	0x8
 493 00b6 33030000 		.4byte	.LASF16
 494 00ba 05       		.uleb128 0x5
 495 00bb 1B000000 		.4byte	.LASF17
 496 00bf 04       		.byte	0x4
 497 00c0 3402     		.2byte	0x234
 498 00c2 53000000 		.4byte	0x53
 499 00c6 05       		.uleb128 0x5
 500 00c7 06010000 		.4byte	.LASF18
 501 00cb 04       		.byte	0x4
 502 00cc 3C02     		.2byte	0x23c
 503 00ce D2000000 		.4byte	0xd2
 504 00d2 06       		.uleb128 0x6
 505 00d3 81000000 		.4byte	0x81
 506 00d7 05       		.uleb128 0x5
 507 00d8 D0020000 		.4byte	.LASF19
 508 00dc 04       		.byte	0x4
 509 00dd 4E02     		.2byte	0x24e
 510 00df E3000000 		.4byte	0xe3
 511 00e3 07       		.uleb128 0x7
 512 00e4 04       		.byte	0x4
 513 00e5 E9000000 		.4byte	0xe9
 514 00e9 08       		.uleb128 0x8
 515 00ea 02       		.uleb128 0x2
 516 00eb 04       		.byte	0x4
 517 00ec 07       		.byte	0x7
 518 00ed F6020000 		.4byte	.LASF20
 519 00f1 09       		.uleb128 0x9
 520 00f2 42030000 		.4byte	.LASF50
 521 00f6 01       		.byte	0x1
 522 00f7 0D       		.byte	0xd
 523 00f8 00000000 		.4byte	.LFB63
 524 00fc 24000000 		.4byte	.LFE63-.LFB63
 525 0100 01       		.uleb128 0x1
 526 0101 9C       		.byte	0x9c
 527 0102 6F010000 		.4byte	0x16f
 528 0106 0A       		.uleb128 0xa
 529 0107 72656700 		.ascii	"reg\000"
 530 010b 01       		.byte	0x1
 531 010c 0D       		.byte	0xd
 532 010d 6F010000 		.4byte	0x16f
 533 0111 00000000 		.4byte	.LLST0
 534 0115 0B       		.uleb128 0xb
 535 0116 47000000 		.4byte	.LASF21
 536 011a 01       		.byte	0x1
 537 011b 0D       		.byte	0xd
 538 011c 6F010000 		.4byte	0x16f
 539 0120 21000000 		.4byte	.LLST1
ARM GAS  C:\Users\Tim\AppData\Local\Temp\ccEfwZD8.s 			page 12


 540 0124 0C       		.uleb128 0xc
 541 0125 0E000000 		.4byte	.LVL2
 542 0129 98040000 		.4byte	0x498
 543 012d 3D010000 		.4byte	0x13d
 544 0131 0D       		.uleb128 0xd
 545 0132 01       		.uleb128 0x1
 546 0133 51       		.byte	0x51
 547 0134 01       		.uleb128 0x1
 548 0135 30       		.byte	0x30
 549 0136 0D       		.uleb128 0xd
 550 0137 01       		.uleb128 0x1
 551 0138 50       		.byte	0x50
 552 0139 02       		.uleb128 0x2
 553 013a 08       		.byte	0x8
 554 013b 30       		.byte	0x30
 555 013c 00       		.byte	0
 556 013d 0C       		.uleb128 0xc
 557 013e 18000000 		.4byte	.LVL3
 558 0142 B2040000 		.4byte	0x4b2
 559 0146 51010000 		.4byte	0x151
 560 014a 0D       		.uleb128 0xd
 561 014b 01       		.uleb128 0x1
 562 014c 50       		.byte	0x50
 563 014d 02       		.uleb128 0x2
 564 014e 75       		.byte	0x75
 565 014f 00       		.sleb128 0
 566 0150 00       		.byte	0
 567 0151 0C       		.uleb128 0xc
 568 0152 1E000000 		.4byte	.LVL4
 569 0156 B2040000 		.4byte	0x4b2
 570 015a 65010000 		.4byte	0x165
 571 015e 0D       		.uleb128 0xd
 572 015f 01       		.uleb128 0x1
 573 0160 50       		.byte	0x50
 574 0161 02       		.uleb128 0x2
 575 0162 74       		.byte	0x74
 576 0163 00       		.sleb128 0
 577 0164 00       		.byte	0
 578 0165 0E       		.uleb128 0xe
 579 0166 22000000 		.4byte	.LVL5
 580 016a C7040000 		.4byte	0x4c7
 581 016e 00       		.byte	0
 582 016f 0F       		.uleb128 0xf
 583 0170 81000000 		.4byte	0x81
 584 0174 10       		.uleb128 0x10
 585 0175 BB000000 		.4byte	.LASF51
 586 0179 01       		.byte	0x1
 587 017a 15       		.byte	0x15
 588 017b 81000000 		.4byte	0x81
 589 017f 00000000 		.4byte	.LFB64
 590 0183 34000000 		.4byte	.LFE64-.LFB64
 591 0187 01       		.uleb128 0x1
 592 0188 9C       		.byte	0x9c
 593 0189 0B020000 		.4byte	0x20b
 594 018d 0A       		.uleb128 0xa
 595 018e 72656700 		.ascii	"reg\000"
 596 0192 01       		.byte	0x1
ARM GAS  C:\Users\Tim\AppData\Local\Temp\ccEfwZD8.s 			page 13


 597 0193 15       		.byte	0x15
 598 0194 6F010000 		.4byte	0x16f
 599 0198 42000000 		.4byte	.LLST2
 600 019c 11       		.uleb128 0x11
 601 019d 47000000 		.4byte	.LASF21
 602 01a1 01       		.byte	0x1
 603 01a2 1C       		.byte	0x1c
 604 01a3 81000000 		.4byte	0x81
 605 01a7 01       		.uleb128 0x1
 606 01a8 54       		.byte	0x54
 607 01a9 0C       		.uleb128 0xc
 608 01aa 0C000000 		.4byte	.LVL8
 609 01ae 98040000 		.4byte	0x498
 610 01b2 C2010000 		.4byte	0x1c2
 611 01b6 0D       		.uleb128 0xd
 612 01b7 01       		.uleb128 0x1
 613 01b8 51       		.byte	0x51
 614 01b9 01       		.uleb128 0x1
 615 01ba 30       		.byte	0x30
 616 01bb 0D       		.uleb128 0xd
 617 01bc 01       		.uleb128 0x1
 618 01bd 50       		.byte	0x50
 619 01be 02       		.uleb128 0x2
 620 01bf 08       		.byte	0x8
 621 01c0 30       		.byte	0x30
 622 01c1 00       		.byte	0
 623 01c2 0C       		.uleb128 0xc
 624 01c3 16000000 		.4byte	.LVL9
 625 01c7 B2040000 		.4byte	0x4b2
 626 01cb D6010000 		.4byte	0x1d6
 627 01cf 0D       		.uleb128 0xd
 628 01d0 01       		.uleb128 0x1
 629 01d1 50       		.byte	0x50
 630 01d2 02       		.uleb128 0x2
 631 01d3 74       		.byte	0x74
 632 01d4 00       		.sleb128 0
 633 01d5 00       		.byte	0
 634 01d6 0E       		.uleb128 0xe
 635 01d7 1A000000 		.4byte	.LVL10
 636 01db C7040000 		.4byte	0x4c7
 637 01df 0C       		.uleb128 0xc
 638 01e0 22000000 		.4byte	.LVL11
 639 01e4 98040000 		.4byte	0x498
 640 01e8 F8010000 		.4byte	0x1f8
 641 01ec 0D       		.uleb128 0xd
 642 01ed 01       		.uleb128 0x1
 643 01ee 51       		.byte	0x51
 644 01ef 01       		.uleb128 0x1
 645 01f0 31       		.byte	0x31
 646 01f1 0D       		.uleb128 0xd
 647 01f2 01       		.uleb128 0x1
 648 01f3 50       		.byte	0x50
 649 01f4 02       		.uleb128 0x2
 650 01f5 08       		.byte	0x8
 651 01f6 30       		.byte	0x30
 652 01f7 00       		.byte	0
 653 01f8 0E       		.uleb128 0xe
ARM GAS  C:\Users\Tim\AppData\Local\Temp\ccEfwZD8.s 			page 14


 654 01f9 2A000000 		.4byte	.LVL12
 655 01fd D2040000 		.4byte	0x4d2
 656 0201 0E       		.uleb128 0xe
 657 0202 30000000 		.4byte	.LVL14
 658 0206 C7040000 		.4byte	0x4c7
 659 020a 00       		.byte	0
 660 020b 12       		.uleb128 0x12
 661 020c 24000000 		.4byte	.LASF22
 662 0210 01       		.byte	0x1
 663 0211 21       		.byte	0x21
 664 0212 00000000 		.4byte	.LFB65
 665 0216 14000000 		.4byte	.LFE65-.LFB65
 666 021a 01       		.uleb128 0x1
 667 021b 9C       		.byte	0x9c
 668 021c 33020000 		.4byte	0x233
 669 0220 0E       		.uleb128 0xe
 670 0221 06000000 		.4byte	.LVL15
 671 0225 E7040000 		.4byte	0x4e7
 672 0229 0E       		.uleb128 0xe
 673 022a 0E000000 		.4byte	.LVL16
 674 022e E7040000 		.4byte	0x4e7
 675 0232 00       		.byte	0
 676 0233 12       		.uleb128 0x12
 677 0234 78030000 		.4byte	.LASF23
 678 0238 01       		.byte	0x1
 679 0239 27       		.byte	0x27
 680 023a 00000000 		.4byte	.LFB66
 681 023e 5C010000 		.4byte	.LFE66-.LFB66
 682 0242 01       		.uleb128 0x1
 683 0243 9C       		.byte	0x9c
 684 0244 F8030000 		.4byte	0x3f8
 685 0248 13       		.uleb128 0x13
 686 0249 6900     		.ascii	"i\000"
 687 024b 01       		.byte	0x1
 688 024c 2F       		.byte	0x2f
 689 024d 8D000000 		.4byte	0x8d
 690 0251 63000000 		.4byte	.LLST3
 691 0255 0E       		.uleb128 0xe
 692 0256 06000000 		.4byte	.LVL17
 693 025a F2040000 		.4byte	0x4f2
 694 025e 0C       		.uleb128 0xc
 695 025f 0E000000 		.4byte	.LVL18
 696 0263 F1000000 		.4byte	0xf1
 697 0267 77020000 		.4byte	0x277
 698 026b 0D       		.uleb128 0xd
 699 026c 01       		.uleb128 0x1
 700 026d 51       		.byte	0x51
 701 026e 02       		.uleb128 0x2
 702 026f 09       		.byte	0x9
 703 0270 80       		.byte	0x80
 704 0271 0D       		.uleb128 0xd
 705 0272 01       		.uleb128 0x1
 706 0273 50       		.byte	0x50
 707 0274 01       		.uleb128 0x1
 708 0275 42       		.byte	0x42
 709 0276 00       		.byte	0
 710 0277 0C       		.uleb128 0xc
ARM GAS  C:\Users\Tim\AppData\Local\Temp\ccEfwZD8.s 			page 15


 711 0278 14000000 		.4byte	.LVL19
 712 027c F9040000 		.4byte	0x4f9
 713 0280 8A020000 		.4byte	0x28a
 714 0284 0D       		.uleb128 0xd
 715 0285 01       		.uleb128 0x1
 716 0286 50       		.byte	0x50
 717 0287 01       		.uleb128 0x1
 718 0288 31       		.byte	0x31
 719 0289 00       		.byte	0
 720 028a 0E       		.uleb128 0xe
 721 028b 24000000 		.4byte	.LVL21
 722 028f F1000000 		.4byte	0xf1
 723 0293 0E       		.uleb128 0xe
 724 0294 3E000000 		.4byte	.LVL26
 725 0298 F1000000 		.4byte	0xf1
 726 029c 0C       		.uleb128 0xc
 727 029d 5A000000 		.4byte	.LVL29
 728 02a1 0A050000 		.4byte	0x50a
 729 02a5 C2020000 		.4byte	0x2c2
 730 02a9 0D       		.uleb128 0xd
 731 02aa 01       		.uleb128 0x1
 732 02ab 53       		.byte	0x53
 733 02ac 03       		.uleb128 0x3
 734 02ad 0A       		.byte	0xa
 735 02ae FF1F     		.2byte	0x1fff
 736 02b0 0D       		.uleb128 0xd
 737 02b1 01       		.uleb128 0x1
 738 02b2 52       		.byte	0x52
 739 02b3 03       		.uleb128 0x3
 740 02b4 0A       		.byte	0xa
 741 02b5 0040     		.2byte	0x4000
 742 02b7 0D       		.uleb128 0xd
 743 02b8 01       		.uleb128 0x1
 744 02b9 51       		.byte	0x51
 745 02ba 01       		.uleb128 0x1
 746 02bb 31       		.byte	0x31
 747 02bc 0D       		.uleb128 0xd
 748 02bd 01       		.uleb128 0x1
 749 02be 50       		.byte	0x50
 750 02bf 01       		.uleb128 0x1
 751 02c0 31       		.byte	0x31
 752 02c1 00       		.byte	0
 753 02c2 0E       		.uleb128 0xe
 754 02c3 62000000 		.4byte	.LVL31
 755 02c7 2E050000 		.4byte	0x52e
 756 02cb 0C       		.uleb128 0xc
 757 02cc 72000000 		.4byte	.LVL32
 758 02d0 39050000 		.4byte	0x539
 759 02d4 E6020000 		.4byte	0x2e6
 760 02d8 0D       		.uleb128 0xd
 761 02d9 01       		.uleb128 0x1
 762 02da 52       		.byte	0x52
 763 02db 02       		.uleb128 0x2
 764 02dc 75       		.byte	0x75
 765 02dd 00       		.sleb128 0
 766 02de 0D       		.uleb128 0xd
 767 02df 01       		.uleb128 0x1
ARM GAS  C:\Users\Tim\AppData\Local\Temp\ccEfwZD8.s 			page 16


 768 02e0 51       		.byte	0x51
 769 02e1 03       		.uleb128 0x3
 770 02e2 0A       		.byte	0xa
 771 02e3 4464     		.2byte	0x6444
 772 02e5 00       		.byte	0
 773 02e6 0C       		.uleb128 0xc
 774 02e7 80000000 		.4byte	.LVL33
 775 02eb 58050000 		.4byte	0x558
 776 02ef 00030000 		.4byte	0x300
 777 02f3 0D       		.uleb128 0xd
 778 02f4 01       		.uleb128 0x1
 779 02f5 53       		.byte	0x53
 780 02f6 01       		.uleb128 0x1
 781 02f7 36       		.byte	0x36
 782 02f8 0D       		.uleb128 0xd
 783 02f9 01       		.uleb128 0x1
 784 02fa 51       		.byte	0x51
 785 02fb 03       		.uleb128 0x3
 786 02fc 0A       		.byte	0xa
 787 02fd 8002     		.2byte	0x280
 788 02ff 00       		.byte	0
 789 0300 0C       		.uleb128 0xc
 790 0301 88000000 		.4byte	.LVL34
 791 0305 7C050000 		.4byte	0x57c
 792 0309 13030000 		.4byte	0x313
 793 030d 0D       		.uleb128 0xd
 794 030e 01       		.uleb128 0x1
 795 030f 51       		.byte	0x51
 796 0310 01       		.uleb128 0x1
 797 0311 30       		.byte	0x30
 798 0312 00       		.byte	0
 799 0313 0C       		.uleb128 0xc
 800 0314 90000000 		.4byte	.LVL35
 801 0318 96050000 		.4byte	0x596
 802 031c 27030000 		.4byte	0x327
 803 0320 0D       		.uleb128 0xd
 804 0321 01       		.uleb128 0x1
 805 0322 50       		.byte	0x50
 806 0323 02       		.uleb128 0x2
 807 0324 76       		.byte	0x76
 808 0325 00       		.sleb128 0
 809 0326 00       		.byte	0
 810 0327 0E       		.uleb128 0xe
 811 0328 A0000000 		.4byte	.LVL36
 812 032c A7050000 		.4byte	0x5a7
 813 0330 0E       		.uleb128 0xe
 814 0331 A8000000 		.4byte	.LVL37
 815 0335 BC050000 		.4byte	0x5bc
 816 0339 0C       		.uleb128 0xc
 817 033a B0000000 		.4byte	.LVL38
 818 033e D6050000 		.4byte	0x5d6
 819 0342 4C030000 		.4byte	0x34c
 820 0346 0D       		.uleb128 0xd
 821 0347 01       		.uleb128 0x1
 822 0348 51       		.byte	0x51
 823 0349 01       		.uleb128 0x1
 824 034a 31       		.byte	0x31
ARM GAS  C:\Users\Tim\AppData\Local\Temp\ccEfwZD8.s 			page 17


 825 034b 00       		.byte	0
 826 034c 0C       		.uleb128 0xc
 827 034d E8000000 		.4byte	.LVL39
 828 0351 F0050000 		.4byte	0x5f0
 829 0355 72030000 		.4byte	0x372
 830 0359 0D       		.uleb128 0xd
 831 035a 01       		.uleb128 0x1
 832 035b 53       		.byte	0x53
 833 035c 03       		.uleb128 0x3
 834 035d 0A       		.byte	0xa
 835 035e FF1F     		.2byte	0x1fff
 836 0360 0D       		.uleb128 0xd
 837 0361 01       		.uleb128 0x1
 838 0362 52       		.byte	0x52
 839 0363 03       		.uleb128 0x3
 840 0364 0A       		.byte	0xa
 841 0365 0040     		.2byte	0x4000
 842 0367 0D       		.uleb128 0xd
 843 0368 01       		.uleb128 0x1
 844 0369 51       		.byte	0x51
 845 036a 01       		.uleb128 0x1
 846 036b 31       		.byte	0x31
 847 036c 0D       		.uleb128 0xd
 848 036d 01       		.uleb128 0x1
 849 036e 50       		.byte	0x50
 850 036f 01       		.uleb128 0x1
 851 0370 31       		.byte	0x31
 852 0371 00       		.byte	0
 853 0372 0E       		.uleb128 0xe
 854 0373 EE000000 		.4byte	.LVL40
 855 0377 2E050000 		.4byte	0x52e
 856 037b 0C       		.uleb128 0xc
 857 037c FA000000 		.4byte	.LVL41
 858 0380 39050000 		.4byte	0x539
 859 0384 96030000 		.4byte	0x396
 860 0388 0D       		.uleb128 0xd
 861 0389 01       		.uleb128 0x1
 862 038a 52       		.byte	0x52
 863 038b 02       		.uleb128 0x2
 864 038c 75       		.byte	0x75
 865 038d 00       		.sleb128 0
 866 038e 0D       		.uleb128 0xd
 867 038f 01       		.uleb128 0x1
 868 0390 51       		.byte	0x51
 869 0391 03       		.uleb128 0x3
 870 0392 0A       		.byte	0xa
 871 0393 4264     		.2byte	0x6442
 872 0395 00       		.byte	0
 873 0396 0C       		.uleb128 0xc
 874 0397 06010000 		.4byte	.LVL42
 875 039b 58050000 		.4byte	0x558
 876 039f AF030000 		.4byte	0x3af
 877 03a3 0D       		.uleb128 0xd
 878 03a4 01       		.uleb128 0x1
 879 03a5 53       		.byte	0x53
 880 03a6 01       		.uleb128 0x1
 881 03a7 36       		.byte	0x36
ARM GAS  C:\Users\Tim\AppData\Local\Temp\ccEfwZD8.s 			page 18


 882 03a8 0D       		.uleb128 0xd
 883 03a9 01       		.uleb128 0x1
 884 03aa 51       		.byte	0x51
 885 03ab 02       		.uleb128 0x2
 886 03ac 08       		.byte	0x8
 887 03ad A0       		.byte	0xa0
 888 03ae 00       		.byte	0
 889 03af 0C       		.uleb128 0xc
 890 03b0 0E010000 		.4byte	.LVL43
 891 03b4 7C050000 		.4byte	0x57c
 892 03b8 C2030000 		.4byte	0x3c2
 893 03bc 0D       		.uleb128 0xd
 894 03bd 01       		.uleb128 0x1
 895 03be 51       		.byte	0x51
 896 03bf 01       		.uleb128 0x1
 897 03c0 30       		.byte	0x30
 898 03c1 00       		.byte	0
 899 03c2 0C       		.uleb128 0xc
 900 03c3 14010000 		.4byte	.LVL44
 901 03c7 14060000 		.4byte	0x614
 902 03cb D6030000 		.4byte	0x3d6
 903 03cf 0D       		.uleb128 0xd
 904 03d0 01       		.uleb128 0x1
 905 03d1 50       		.byte	0x50
 906 03d2 02       		.uleb128 0x2
 907 03d3 76       		.byte	0x76
 908 03d4 00       		.sleb128 0
 909 03d5 00       		.byte	0
 910 03d6 0E       		.uleb128 0xe
 911 03d7 24010000 		.4byte	.LVL45
 912 03db A7050000 		.4byte	0x5a7
 913 03df 0E       		.uleb128 0xe
 914 03e0 2C010000 		.4byte	.LVL46
 915 03e4 BC050000 		.4byte	0x5bc
 916 03e8 14       		.uleb128 0x14
 917 03e9 34010000 		.4byte	.LVL47
 918 03ed D6050000 		.4byte	0x5d6
 919 03f1 0D       		.uleb128 0xd
 920 03f2 01       		.uleb128 0x1
 921 03f3 51       		.byte	0x51
 922 03f4 01       		.uleb128 0x1
 923 03f5 31       		.byte	0x31
 924 03f6 00       		.byte	0
 925 03f7 00       		.byte	0
 926 03f8 11       		.uleb128 0x11
 927 03f9 FF020000 		.4byte	.LASF24
 928 03fd 01       		.byte	0x1
 929 03fe 0B       		.byte	0xb
 930 03ff 81000000 		.4byte	0x81
 931 0403 05       		.uleb128 0x5
 932 0404 03       		.byte	0x3
 933 0405 00000000 		.4byte	DMA_channel
 934 0409 11       		.uleb128 0x11
 935 040a 9C030000 		.4byte	.LASF25
 936 040e 01       		.byte	0x1
 937 040f 0B       		.byte	0xb
 938 0410 81000000 		.4byte	0x81
ARM GAS  C:\Users\Tim\AppData\Local\Temp\ccEfwZD8.s 			page 19


 939 0414 05       		.uleb128 0x5
 940 0415 03       		.byte	0x3
 941 0416 01000000 		.4byte	DMA_TD
 942 041a 15       		.uleb128 0x15
 943 041b 58010000 		.4byte	.LASF26
 944 041f 05       		.byte	0x5
 945 0420 9606     		.2byte	0x696
 946 0422 26040000 		.4byte	0x426
 947 0426 06       		.uleb128 0x6
 948 0427 76000000 		.4byte	0x76
 949 042b 16       		.uleb128 0x16
 950 042c 99000000 		.4byte	0x99
 951 0430 3B040000 		.4byte	0x43b
 952 0434 17       		.uleb128 0x17
 953 0435 EA000000 		.4byte	0xea
 954 0439 9F       		.byte	0x9f
 955 043a 00       		.byte	0
 956 043b 18       		.uleb128 0x18
 957 043c 65010000 		.4byte	.LASF27
 958 0440 06       		.byte	0x6
 959 0441 13       		.byte	0x13
 960 0442 2B040000 		.4byte	0x42b
 961 0446 05       		.uleb128 0x5
 962 0447 03       		.byte	0x3
 963 0448 00000000 		.4byte	Camera_linebuffer
 964 044c 16       		.uleb128 0x16
 965 044d 81000000 		.4byte	0x81
 966 0451 5D040000 		.4byte	0x45d
 967 0455 19       		.uleb128 0x19
 968 0456 17       		.uleb128 0x17
 969 0457 EA000000 		.4byte	0xea
 970 045b 01       		.byte	0x1
 971 045c 00       		.byte	0
 972 045d 1A       		.uleb128 0x1a
 973 045e AB000000 		.4byte	.LASF28
 974 0462 01       		.byte	0x1
 975 0463 03       		.byte	0x3
 976 0464 68040000 		.4byte	0x468
 977 0468 0F       		.uleb128 0xf
 978 0469 4C040000 		.4byte	0x44c
 979 046d 16       		.uleb128 0x16
 980 046e 81000000 		.4byte	0x81
 981 0472 78040000 		.4byte	0x478
 982 0476 19       		.uleb128 0x19
 983 0477 00       		.byte	0
 984 0478 1A       		.uleb128 0x1a
 985 0479 85030000 		.4byte	.LASF29
 986 047d 01       		.byte	0x1
 987 047e 04       		.byte	0x4
 988 047f 83040000 		.4byte	0x483
 989 0483 0F       		.uleb128 0xf
 990 0484 6D040000 		.4byte	0x46d
 991 0488 1A       		.uleb128 0x1a
 992 0489 69000000 		.4byte	.LASF30
 993 048d 01       		.byte	0x1
 994 048e 07       		.byte	0x7
 995 048f 93040000 		.4byte	0x493
ARM GAS  C:\Users\Tim\AppData\Local\Temp\ccEfwZD8.s 			page 20


 996 0493 0F       		.uleb128 0xf
 997 0494 6D040000 		.4byte	0x46d
 998 0498 1B       		.uleb128 0x1b
 999 0499 00000000 		.4byte	.LASF31
 1000 049d 07       		.byte	0x7
 1001 049e B1       		.byte	0xb1
 1002 049f 81000000 		.4byte	0x81
 1003 04a3 B2040000 		.4byte	0x4b2
 1004 04a7 1C       		.uleb128 0x1c
 1005 04a8 81000000 		.4byte	0x81
 1006 04ac 1C       		.uleb128 0x1c
 1007 04ad 81000000 		.4byte	0x81
 1008 04b1 00       		.byte	0
 1009 04b2 1B       		.uleb128 0x1b
 1010 04b3 B5020000 		.4byte	.LASF32
 1011 04b7 07       		.byte	0x7
 1012 04b8 B6       		.byte	0xb6
 1013 04b9 81000000 		.4byte	0x81
 1014 04bd C7040000 		.4byte	0x4c7
 1015 04c1 1C       		.uleb128 0x1c
 1016 04c2 81000000 		.4byte	0x81
 1017 04c6 00       		.byte	0
 1018 04c7 1D       		.uleb128 0x1d
 1019 04c8 19030000 		.4byte	.LASF34
 1020 04cc 07       		.byte	0x7
 1021 04cd B5       		.byte	0xb5
 1022 04ce 81000000 		.4byte	0x81
 1023 04d2 1B       		.uleb128 0x1b
 1024 04d3 7E010000 		.4byte	.LASF33
 1025 04d7 07       		.byte	0x7
 1026 04d8 B7       		.byte	0xb7
 1027 04d9 81000000 		.4byte	0x81
 1028 04dd E7040000 		.4byte	0x4e7
 1029 04e1 1C       		.uleb128 0x1c
 1030 04e2 81000000 		.4byte	0x81
 1031 04e6 00       		.byte	0
 1032 04e7 1D       		.uleb128 0x1d
 1033 04e8 35000000 		.4byte	.LASF35
 1034 04ec 08       		.byte	0x8
 1035 04ed 2B       		.byte	0x2b
 1036 04ee 81000000 		.4byte	0x81
 1037 04f2 1E       		.uleb128 0x1e
 1038 04f3 DD020000 		.4byte	.LASF52
 1039 04f7 07       		.byte	0x7
 1040 04f8 93       		.byte	0x93
 1041 04f9 1F       		.uleb128 0x1f
 1042 04fa E7030000 		.4byte	.LASF41
 1043 04fe 0B       		.byte	0xb
 1044 04ff 76       		.byte	0x76
 1045 0500 0A050000 		.4byte	0x50a
 1046 0504 1C       		.uleb128 0x1c
 1047 0505 99000000 		.4byte	0x99
 1048 0509 00       		.byte	0
 1049 050a 1B       		.uleb128 0x1b
 1050 050b 85020000 		.4byte	.LASF36
 1051 050f 09       		.byte	0x9
 1052 0510 1E       		.byte	0x1e
ARM GAS  C:\Users\Tim\AppData\Local\Temp\ccEfwZD8.s 			page 21


 1053 0511 81000000 		.4byte	0x81
 1054 0515 2E050000 		.4byte	0x52e
 1055 0519 1C       		.uleb128 0x1c
 1056 051a 81000000 		.4byte	0x81
 1057 051e 1C       		.uleb128 0x1c
 1058 051f 81000000 		.4byte	0x81
 1059 0523 1C       		.uleb128 0x1c
 1060 0524 8D000000 		.4byte	0x8d
 1061 0528 1C       		.uleb128 0x1c
 1062 0529 8D000000 		.4byte	0x8d
 1063 052d 00       		.byte	0
 1064 052e 1D       		.uleb128 0x1d
 1065 052f CA000000 		.4byte	.LASF37
 1066 0533 0A       		.byte	0xa
 1067 0534 38       		.byte	0x38
 1068 0535 81000000 		.4byte	0x81
 1069 0539 1B       		.uleb128 0x1b
 1070 053a 57000000 		.4byte	.LASF38
 1071 053e 0A       		.byte	0xa
 1072 053f 3F       		.byte	0x3f
 1073 0540 BA000000 		.4byte	0xba
 1074 0544 58050000 		.4byte	0x558
 1075 0548 1C       		.uleb128 0x1c
 1076 0549 81000000 		.4byte	0x81
 1077 054d 1C       		.uleb128 0x1c
 1078 054e 8D000000 		.4byte	0x8d
 1079 0552 1C       		.uleb128 0x1c
 1080 0553 8D000000 		.4byte	0x8d
 1081 0557 00       		.byte	0
 1082 0558 1B       		.uleb128 0x1b
 1083 0559 0B010000 		.4byte	.LASF39
 1084 055d 0A       		.byte	0xa
 1085 055e 3B       		.byte	0x3b
 1086 055f BA000000 		.4byte	0xba
 1087 0563 7C050000 		.4byte	0x57c
 1088 0567 1C       		.uleb128 0x1c
 1089 0568 81000000 		.4byte	0x81
 1090 056c 1C       		.uleb128 0x1c
 1091 056d 8D000000 		.4byte	0x8d
 1092 0571 1C       		.uleb128 0x1c
 1093 0572 81000000 		.4byte	0x81
 1094 0576 1C       		.uleb128 0x1c
 1095 0577 81000000 		.4byte	0x81
 1096 057b 00       		.byte	0
 1097 057c 1B       		.uleb128 0x1b
 1098 057d 48010000 		.4byte	.LASF40
 1099 0581 0A       		.byte	0xa
 1100 0582 2C       		.byte	0x2c
 1101 0583 BA000000 		.4byte	0xba
 1102 0587 96050000 		.4byte	0x596
 1103 058b 1C       		.uleb128 0x1c
 1104 058c 81000000 		.4byte	0x81
 1105 0590 1C       		.uleb128 0x1c
 1106 0591 81000000 		.4byte	0x81
 1107 0595 00       		.byte	0
 1108 0596 1F       		.uleb128 0x1f
 1109 0597 DA000000 		.4byte	.LASF42
ARM GAS  C:\Users\Tim\AppData\Local\Temp\ccEfwZD8.s 			page 22


 1110 059b 0C       		.byte	0xc
 1111 059c 18       		.byte	0x18
 1112 059d A7050000 		.4byte	0x5a7
 1113 05a1 1C       		.uleb128 0x1c
 1114 05a2 D7000000 		.4byte	0xd7
 1115 05a6 00       		.byte	0
 1116 05a7 1B       		.uleb128 0x1b
 1117 05a8 98010000 		.4byte	.LASF43
 1118 05ac 0A       		.byte	0xa
 1119 05ad 2B       		.byte	0x2b
 1120 05ae BA000000 		.4byte	0xba
 1121 05b2 BC050000 		.4byte	0x5bc
 1122 05b6 1C       		.uleb128 0x1c
 1123 05b7 81000000 		.4byte	0x81
 1124 05bb 00       		.byte	0
 1125 05bc 1B       		.uleb128 0x1b
 1126 05bd 97000000 		.4byte	.LASF44
 1127 05c1 0A       		.byte	0xa
 1128 05c2 2F       		.byte	0x2f
 1129 05c3 BA000000 		.4byte	0xba
 1130 05c7 D6050000 		.4byte	0x5d6
 1131 05cb 1C       		.uleb128 0x1c
 1132 05cc 81000000 		.4byte	0x81
 1133 05d0 1C       		.uleb128 0x1c
 1134 05d1 81000000 		.4byte	0x81
 1135 05d5 00       		.byte	0
 1136 05d6 1B       		.uleb128 0x1b
 1137 05d7 CE010000 		.4byte	.LASF45
 1138 05db 0A       		.byte	0xa
 1139 05dc 29       		.byte	0x29
 1140 05dd BA000000 		.4byte	0xba
 1141 05e1 F0050000 		.4byte	0x5f0
 1142 05e5 1C       		.uleb128 0x1c
 1143 05e6 81000000 		.4byte	0x81
 1144 05ea 1C       		.uleb128 0x1c
 1145 05eb 81000000 		.4byte	0x81
 1146 05ef 00       		.byte	0
 1147 05f0 1B       		.uleb128 0x1b
 1148 05f1 AD010000 		.4byte	.LASF46
 1149 05f5 0D       		.byte	0xd
 1150 05f6 1E       		.byte	0x1e
 1151 05f7 81000000 		.4byte	0x81
 1152 05fb 14060000 		.4byte	0x614
 1153 05ff 1C       		.uleb128 0x1c
 1154 0600 81000000 		.4byte	0x81
 1155 0604 1C       		.uleb128 0x1c
 1156 0605 81000000 		.4byte	0x81
 1157 0609 1C       		.uleb128 0x1c
 1158 060a 8D000000 		.4byte	0x8d
 1159 060e 1C       		.uleb128 0x1c
 1160 060f 8D000000 		.4byte	0x8d
 1161 0613 00       		.byte	0
 1162 0614 20       		.uleb128 0x20
 1163 0615 58030000 		.4byte	.LASF53
 1164 0619 0E       		.byte	0xe
 1165 061a 18       		.byte	0x18
 1166 061b 1C       		.uleb128 0x1c
ARM GAS  C:\Users\Tim\AppData\Local\Temp\ccEfwZD8.s 			page 23


 1167 061c D7000000 		.4byte	0xd7
 1168 0620 00       		.byte	0
 1169 0621 00       		.byte	0
 1170              		.section	.debug_abbrev,"",%progbits
 1171              	.Ldebug_abbrev0:
 1172 0000 01       		.uleb128 0x1
 1173 0001 11       		.uleb128 0x11
 1174 0002 01       		.byte	0x1
 1175 0003 25       		.uleb128 0x25
 1176 0004 0E       		.uleb128 0xe
 1177 0005 13       		.uleb128 0x13
 1178 0006 0B       		.uleb128 0xb
 1179 0007 03       		.uleb128 0x3
 1180 0008 0E       		.uleb128 0xe
 1181 0009 1B       		.uleb128 0x1b
 1182 000a 0E       		.uleb128 0xe
 1183 000b 55       		.uleb128 0x55
 1184 000c 17       		.uleb128 0x17
 1185 000d 11       		.uleb128 0x11
 1186 000e 01       		.uleb128 0x1
 1187 000f 10       		.uleb128 0x10
 1188 0010 17       		.uleb128 0x17
 1189 0011 00       		.byte	0
 1190 0012 00       		.byte	0
 1191 0013 02       		.uleb128 0x2
 1192 0014 24       		.uleb128 0x24
 1193 0015 00       		.byte	0
 1194 0016 0B       		.uleb128 0xb
 1195 0017 0B       		.uleb128 0xb
 1196 0018 3E       		.uleb128 0x3e
 1197 0019 0B       		.uleb128 0xb
 1198 001a 03       		.uleb128 0x3
 1199 001b 0E       		.uleb128 0xe
 1200 001c 00       		.byte	0
 1201 001d 00       		.byte	0
 1202 001e 03       		.uleb128 0x3
 1203 001f 16       		.uleb128 0x16
 1204 0020 00       		.byte	0
 1205 0021 03       		.uleb128 0x3
 1206 0022 0E       		.uleb128 0xe
 1207 0023 3A       		.uleb128 0x3a
 1208 0024 0B       		.uleb128 0xb
 1209 0025 3B       		.uleb128 0x3b
 1210 0026 0B       		.uleb128 0xb
 1211 0027 49       		.uleb128 0x49
 1212 0028 13       		.uleb128 0x13
 1213 0029 00       		.byte	0
 1214 002a 00       		.byte	0
 1215 002b 04       		.uleb128 0x4
 1216 002c 24       		.uleb128 0x24
 1217 002d 00       		.byte	0
 1218 002e 0B       		.uleb128 0xb
 1219 002f 0B       		.uleb128 0xb
 1220 0030 3E       		.uleb128 0x3e
 1221 0031 0B       		.uleb128 0xb
 1222 0032 03       		.uleb128 0x3
 1223 0033 08       		.uleb128 0x8
ARM GAS  C:\Users\Tim\AppData\Local\Temp\ccEfwZD8.s 			page 24


 1224 0034 00       		.byte	0
 1225 0035 00       		.byte	0
 1226 0036 05       		.uleb128 0x5
 1227 0037 16       		.uleb128 0x16
 1228 0038 00       		.byte	0
 1229 0039 03       		.uleb128 0x3
 1230 003a 0E       		.uleb128 0xe
 1231 003b 3A       		.uleb128 0x3a
 1232 003c 0B       		.uleb128 0xb
 1233 003d 3B       		.uleb128 0x3b
 1234 003e 05       		.uleb128 0x5
 1235 003f 49       		.uleb128 0x49
 1236 0040 13       		.uleb128 0x13
 1237 0041 00       		.byte	0
 1238 0042 00       		.byte	0
 1239 0043 06       		.uleb128 0x6
 1240 0044 35       		.uleb128 0x35
 1241 0045 00       		.byte	0
 1242 0046 49       		.uleb128 0x49
 1243 0047 13       		.uleb128 0x13
 1244 0048 00       		.byte	0
 1245 0049 00       		.byte	0
 1246 004a 07       		.uleb128 0x7
 1247 004b 0F       		.uleb128 0xf
 1248 004c 00       		.byte	0
 1249 004d 0B       		.uleb128 0xb
 1250 004e 0B       		.uleb128 0xb
 1251 004f 49       		.uleb128 0x49
 1252 0050 13       		.uleb128 0x13
 1253 0051 00       		.byte	0
 1254 0052 00       		.byte	0
 1255 0053 08       		.uleb128 0x8
 1256 0054 15       		.uleb128 0x15
 1257 0055 00       		.byte	0
 1258 0056 27       		.uleb128 0x27
 1259 0057 19       		.uleb128 0x19
 1260 0058 00       		.byte	0
 1261 0059 00       		.byte	0
 1262 005a 09       		.uleb128 0x9
 1263 005b 2E       		.uleb128 0x2e
 1264 005c 01       		.byte	0x1
 1265 005d 3F       		.uleb128 0x3f
 1266 005e 19       		.uleb128 0x19
 1267 005f 03       		.uleb128 0x3
 1268 0060 0E       		.uleb128 0xe
 1269 0061 3A       		.uleb128 0x3a
 1270 0062 0B       		.uleb128 0xb
 1271 0063 3B       		.uleb128 0x3b
 1272 0064 0B       		.uleb128 0xb
 1273 0065 27       		.uleb128 0x27
 1274 0066 19       		.uleb128 0x19
 1275 0067 11       		.uleb128 0x11
 1276 0068 01       		.uleb128 0x1
 1277 0069 12       		.uleb128 0x12
 1278 006a 06       		.uleb128 0x6
 1279 006b 40       		.uleb128 0x40
 1280 006c 18       		.uleb128 0x18
ARM GAS  C:\Users\Tim\AppData\Local\Temp\ccEfwZD8.s 			page 25


 1281 006d 9742     		.uleb128 0x2117
 1282 006f 19       		.uleb128 0x19
 1283 0070 01       		.uleb128 0x1
 1284 0071 13       		.uleb128 0x13
 1285 0072 00       		.byte	0
 1286 0073 00       		.byte	0
 1287 0074 0A       		.uleb128 0xa
 1288 0075 05       		.uleb128 0x5
 1289 0076 00       		.byte	0
 1290 0077 03       		.uleb128 0x3
 1291 0078 08       		.uleb128 0x8
 1292 0079 3A       		.uleb128 0x3a
 1293 007a 0B       		.uleb128 0xb
 1294 007b 3B       		.uleb128 0x3b
 1295 007c 0B       		.uleb128 0xb
 1296 007d 49       		.uleb128 0x49
 1297 007e 13       		.uleb128 0x13
 1298 007f 02       		.uleb128 0x2
 1299 0080 17       		.uleb128 0x17
 1300 0081 00       		.byte	0
 1301 0082 00       		.byte	0
 1302 0083 0B       		.uleb128 0xb
 1303 0084 05       		.uleb128 0x5
 1304 0085 00       		.byte	0
 1305 0086 03       		.uleb128 0x3
 1306 0087 0E       		.uleb128 0xe
 1307 0088 3A       		.uleb128 0x3a
 1308 0089 0B       		.uleb128 0xb
 1309 008a 3B       		.uleb128 0x3b
 1310 008b 0B       		.uleb128 0xb
 1311 008c 49       		.uleb128 0x49
 1312 008d 13       		.uleb128 0x13
 1313 008e 02       		.uleb128 0x2
 1314 008f 17       		.uleb128 0x17
 1315 0090 00       		.byte	0
 1316 0091 00       		.byte	0
 1317 0092 0C       		.uleb128 0xc
 1318 0093 898201   		.uleb128 0x4109
 1319 0096 01       		.byte	0x1
 1320 0097 11       		.uleb128 0x11
 1321 0098 01       		.uleb128 0x1
 1322 0099 31       		.uleb128 0x31
 1323 009a 13       		.uleb128 0x13
 1324 009b 01       		.uleb128 0x1
 1325 009c 13       		.uleb128 0x13
 1326 009d 00       		.byte	0
 1327 009e 00       		.byte	0
 1328 009f 0D       		.uleb128 0xd
 1329 00a0 8A8201   		.uleb128 0x410a
 1330 00a3 00       		.byte	0
 1331 00a4 02       		.uleb128 0x2
 1332 00a5 18       		.uleb128 0x18
 1333 00a6 9142     		.uleb128 0x2111
 1334 00a8 18       		.uleb128 0x18
 1335 00a9 00       		.byte	0
 1336 00aa 00       		.byte	0
 1337 00ab 0E       		.uleb128 0xe
ARM GAS  C:\Users\Tim\AppData\Local\Temp\ccEfwZD8.s 			page 26


 1338 00ac 898201   		.uleb128 0x4109
 1339 00af 00       		.byte	0
 1340 00b0 11       		.uleb128 0x11
 1341 00b1 01       		.uleb128 0x1
 1342 00b2 31       		.uleb128 0x31
 1343 00b3 13       		.uleb128 0x13
 1344 00b4 00       		.byte	0
 1345 00b5 00       		.byte	0
 1346 00b6 0F       		.uleb128 0xf
 1347 00b7 26       		.uleb128 0x26
 1348 00b8 00       		.byte	0
 1349 00b9 49       		.uleb128 0x49
 1350 00ba 13       		.uleb128 0x13
 1351 00bb 00       		.byte	0
 1352 00bc 00       		.byte	0
 1353 00bd 10       		.uleb128 0x10
 1354 00be 2E       		.uleb128 0x2e
 1355 00bf 01       		.byte	0x1
 1356 00c0 3F       		.uleb128 0x3f
 1357 00c1 19       		.uleb128 0x19
 1358 00c2 03       		.uleb128 0x3
 1359 00c3 0E       		.uleb128 0xe
 1360 00c4 3A       		.uleb128 0x3a
 1361 00c5 0B       		.uleb128 0xb
 1362 00c6 3B       		.uleb128 0x3b
 1363 00c7 0B       		.uleb128 0xb
 1364 00c8 27       		.uleb128 0x27
 1365 00c9 19       		.uleb128 0x19
 1366 00ca 49       		.uleb128 0x49
 1367 00cb 13       		.uleb128 0x13
 1368 00cc 11       		.uleb128 0x11
 1369 00cd 01       		.uleb128 0x1
 1370 00ce 12       		.uleb128 0x12
 1371 00cf 06       		.uleb128 0x6
 1372 00d0 40       		.uleb128 0x40
 1373 00d1 18       		.uleb128 0x18
 1374 00d2 9742     		.uleb128 0x2117
 1375 00d4 19       		.uleb128 0x19
 1376 00d5 01       		.uleb128 0x1
 1377 00d6 13       		.uleb128 0x13
 1378 00d7 00       		.byte	0
 1379 00d8 00       		.byte	0
 1380 00d9 11       		.uleb128 0x11
 1381 00da 34       		.uleb128 0x34
 1382 00db 00       		.byte	0
 1383 00dc 03       		.uleb128 0x3
 1384 00dd 0E       		.uleb128 0xe
 1385 00de 3A       		.uleb128 0x3a
 1386 00df 0B       		.uleb128 0xb
 1387 00e0 3B       		.uleb128 0x3b
 1388 00e1 0B       		.uleb128 0xb
 1389 00e2 49       		.uleb128 0x49
 1390 00e3 13       		.uleb128 0x13
 1391 00e4 02       		.uleb128 0x2
 1392 00e5 18       		.uleb128 0x18
 1393 00e6 00       		.byte	0
 1394 00e7 00       		.byte	0
ARM GAS  C:\Users\Tim\AppData\Local\Temp\ccEfwZD8.s 			page 27


 1395 00e8 12       		.uleb128 0x12
 1396 00e9 2E       		.uleb128 0x2e
 1397 00ea 01       		.byte	0x1
 1398 00eb 3F       		.uleb128 0x3f
 1399 00ec 19       		.uleb128 0x19
 1400 00ed 03       		.uleb128 0x3
 1401 00ee 0E       		.uleb128 0xe
 1402 00ef 3A       		.uleb128 0x3a
 1403 00f0 0B       		.uleb128 0xb
 1404 00f1 3B       		.uleb128 0x3b
 1405 00f2 0B       		.uleb128 0xb
 1406 00f3 11       		.uleb128 0x11
 1407 00f4 01       		.uleb128 0x1
 1408 00f5 12       		.uleb128 0x12
 1409 00f6 06       		.uleb128 0x6
 1410 00f7 40       		.uleb128 0x40
 1411 00f8 18       		.uleb128 0x18
 1412 00f9 9742     		.uleb128 0x2117
 1413 00fb 19       		.uleb128 0x19
 1414 00fc 01       		.uleb128 0x1
 1415 00fd 13       		.uleb128 0x13
 1416 00fe 00       		.byte	0
 1417 00ff 00       		.byte	0
 1418 0100 13       		.uleb128 0x13
 1419 0101 34       		.uleb128 0x34
 1420 0102 00       		.byte	0
 1421 0103 03       		.uleb128 0x3
 1422 0104 08       		.uleb128 0x8
 1423 0105 3A       		.uleb128 0x3a
 1424 0106 0B       		.uleb128 0xb
 1425 0107 3B       		.uleb128 0x3b
 1426 0108 0B       		.uleb128 0xb
 1427 0109 49       		.uleb128 0x49
 1428 010a 13       		.uleb128 0x13
 1429 010b 02       		.uleb128 0x2
 1430 010c 17       		.uleb128 0x17
 1431 010d 00       		.byte	0
 1432 010e 00       		.byte	0
 1433 010f 14       		.uleb128 0x14
 1434 0110 898201   		.uleb128 0x4109
 1435 0113 01       		.byte	0x1
 1436 0114 11       		.uleb128 0x11
 1437 0115 01       		.uleb128 0x1
 1438 0116 31       		.uleb128 0x31
 1439 0117 13       		.uleb128 0x13
 1440 0118 00       		.byte	0
 1441 0119 00       		.byte	0
 1442 011a 15       		.uleb128 0x15
 1443 011b 34       		.uleb128 0x34
 1444 011c 00       		.byte	0
 1445 011d 03       		.uleb128 0x3
 1446 011e 0E       		.uleb128 0xe
 1447 011f 3A       		.uleb128 0x3a
 1448 0120 0B       		.uleb128 0xb
 1449 0121 3B       		.uleb128 0x3b
 1450 0122 05       		.uleb128 0x5
 1451 0123 49       		.uleb128 0x49
ARM GAS  C:\Users\Tim\AppData\Local\Temp\ccEfwZD8.s 			page 28


 1452 0124 13       		.uleb128 0x13
 1453 0125 3F       		.uleb128 0x3f
 1454 0126 19       		.uleb128 0x19
 1455 0127 3C       		.uleb128 0x3c
 1456 0128 19       		.uleb128 0x19
 1457 0129 00       		.byte	0
 1458 012a 00       		.byte	0
 1459 012b 16       		.uleb128 0x16
 1460 012c 01       		.uleb128 0x1
 1461 012d 01       		.byte	0x1
 1462 012e 49       		.uleb128 0x49
 1463 012f 13       		.uleb128 0x13
 1464 0130 01       		.uleb128 0x1
 1465 0131 13       		.uleb128 0x13
 1466 0132 00       		.byte	0
 1467 0133 00       		.byte	0
 1468 0134 17       		.uleb128 0x17
 1469 0135 21       		.uleb128 0x21
 1470 0136 00       		.byte	0
 1471 0137 49       		.uleb128 0x49
 1472 0138 13       		.uleb128 0x13
 1473 0139 2F       		.uleb128 0x2f
 1474 013a 0B       		.uleb128 0xb
 1475 013b 00       		.byte	0
 1476 013c 00       		.byte	0
 1477 013d 18       		.uleb128 0x18
 1478 013e 34       		.uleb128 0x34
 1479 013f 00       		.byte	0
 1480 0140 03       		.uleb128 0x3
 1481 0141 0E       		.uleb128 0xe
 1482 0142 3A       		.uleb128 0x3a
 1483 0143 0B       		.uleb128 0xb
 1484 0144 3B       		.uleb128 0x3b
 1485 0145 0B       		.uleb128 0xb
 1486 0146 49       		.uleb128 0x49
 1487 0147 13       		.uleb128 0x13
 1488 0148 3F       		.uleb128 0x3f
 1489 0149 19       		.uleb128 0x19
 1490 014a 02       		.uleb128 0x2
 1491 014b 18       		.uleb128 0x18
 1492 014c 00       		.byte	0
 1493 014d 00       		.byte	0
 1494 014e 19       		.uleb128 0x19
 1495 014f 21       		.uleb128 0x21
 1496 0150 00       		.byte	0
 1497 0151 00       		.byte	0
 1498 0152 00       		.byte	0
 1499 0153 1A       		.uleb128 0x1a
 1500 0154 34       		.uleb128 0x34
 1501 0155 00       		.byte	0
 1502 0156 03       		.uleb128 0x3
 1503 0157 0E       		.uleb128 0xe
 1504 0158 3A       		.uleb128 0x3a
 1505 0159 0B       		.uleb128 0xb
 1506 015a 3B       		.uleb128 0x3b
 1507 015b 0B       		.uleb128 0xb
 1508 015c 49       		.uleb128 0x49
ARM GAS  C:\Users\Tim\AppData\Local\Temp\ccEfwZD8.s 			page 29


 1509 015d 13       		.uleb128 0x13
 1510 015e 3F       		.uleb128 0x3f
 1511 015f 19       		.uleb128 0x19
 1512 0160 3C       		.uleb128 0x3c
 1513 0161 19       		.uleb128 0x19
 1514 0162 00       		.byte	0
 1515 0163 00       		.byte	0
 1516 0164 1B       		.uleb128 0x1b
 1517 0165 2E       		.uleb128 0x2e
 1518 0166 01       		.byte	0x1
 1519 0167 3F       		.uleb128 0x3f
 1520 0168 19       		.uleb128 0x19
 1521 0169 03       		.uleb128 0x3
 1522 016a 0E       		.uleb128 0xe
 1523 016b 3A       		.uleb128 0x3a
 1524 016c 0B       		.uleb128 0xb
 1525 016d 3B       		.uleb128 0x3b
 1526 016e 0B       		.uleb128 0xb
 1527 016f 27       		.uleb128 0x27
 1528 0170 19       		.uleb128 0x19
 1529 0171 49       		.uleb128 0x49
 1530 0172 13       		.uleb128 0x13
 1531 0173 3C       		.uleb128 0x3c
 1532 0174 19       		.uleb128 0x19
 1533 0175 01       		.uleb128 0x1
 1534 0176 13       		.uleb128 0x13
 1535 0177 00       		.byte	0
 1536 0178 00       		.byte	0
 1537 0179 1C       		.uleb128 0x1c
 1538 017a 05       		.uleb128 0x5
 1539 017b 00       		.byte	0
 1540 017c 49       		.uleb128 0x49
 1541 017d 13       		.uleb128 0x13
 1542 017e 00       		.byte	0
 1543 017f 00       		.byte	0
 1544 0180 1D       		.uleb128 0x1d
 1545 0181 2E       		.uleb128 0x2e
 1546 0182 00       		.byte	0
 1547 0183 3F       		.uleb128 0x3f
 1548 0184 19       		.uleb128 0x19
 1549 0185 03       		.uleb128 0x3
 1550 0186 0E       		.uleb128 0xe
 1551 0187 3A       		.uleb128 0x3a
 1552 0188 0B       		.uleb128 0xb
 1553 0189 3B       		.uleb128 0x3b
 1554 018a 0B       		.uleb128 0xb
 1555 018b 27       		.uleb128 0x27
 1556 018c 19       		.uleb128 0x19
 1557 018d 49       		.uleb128 0x49
 1558 018e 13       		.uleb128 0x13
 1559 018f 3C       		.uleb128 0x3c
 1560 0190 19       		.uleb128 0x19
 1561 0191 00       		.byte	0
 1562 0192 00       		.byte	0
 1563 0193 1E       		.uleb128 0x1e
 1564 0194 2E       		.uleb128 0x2e
 1565 0195 00       		.byte	0
ARM GAS  C:\Users\Tim\AppData\Local\Temp\ccEfwZD8.s 			page 30


 1566 0196 3F       		.uleb128 0x3f
 1567 0197 19       		.uleb128 0x19
 1568 0198 03       		.uleb128 0x3
 1569 0199 0E       		.uleb128 0xe
 1570 019a 3A       		.uleb128 0x3a
 1571 019b 0B       		.uleb128 0xb
 1572 019c 3B       		.uleb128 0x3b
 1573 019d 0B       		.uleb128 0xb
 1574 019e 27       		.uleb128 0x27
 1575 019f 19       		.uleb128 0x19
 1576 01a0 3C       		.uleb128 0x3c
 1577 01a1 19       		.uleb128 0x19
 1578 01a2 00       		.byte	0
 1579 01a3 00       		.byte	0
 1580 01a4 1F       		.uleb128 0x1f
 1581 01a5 2E       		.uleb128 0x2e
 1582 01a6 01       		.byte	0x1
 1583 01a7 3F       		.uleb128 0x3f
 1584 01a8 19       		.uleb128 0x19
 1585 01a9 03       		.uleb128 0x3
 1586 01aa 0E       		.uleb128 0xe
 1587 01ab 3A       		.uleb128 0x3a
 1588 01ac 0B       		.uleb128 0xb
 1589 01ad 3B       		.uleb128 0x3b
 1590 01ae 0B       		.uleb128 0xb
 1591 01af 27       		.uleb128 0x27
 1592 01b0 19       		.uleb128 0x19
 1593 01b1 3C       		.uleb128 0x3c
 1594 01b2 19       		.uleb128 0x19
 1595 01b3 01       		.uleb128 0x1
 1596 01b4 13       		.uleb128 0x13
 1597 01b5 00       		.byte	0
 1598 01b6 00       		.byte	0
 1599 01b7 20       		.uleb128 0x20
 1600 01b8 2E       		.uleb128 0x2e
 1601 01b9 01       		.byte	0x1
 1602 01ba 3F       		.uleb128 0x3f
 1603 01bb 19       		.uleb128 0x19
 1604 01bc 03       		.uleb128 0x3
 1605 01bd 0E       		.uleb128 0xe
 1606 01be 3A       		.uleb128 0x3a
 1607 01bf 0B       		.uleb128 0xb
 1608 01c0 3B       		.uleb128 0x3b
 1609 01c1 0B       		.uleb128 0xb
 1610 01c2 27       		.uleb128 0x27
 1611 01c3 19       		.uleb128 0x19
 1612 01c4 3C       		.uleb128 0x3c
 1613 01c5 19       		.uleb128 0x19
 1614 01c6 00       		.byte	0
 1615 01c7 00       		.byte	0
 1616 01c8 00       		.byte	0
 1617              		.section	.debug_loc,"",%progbits
 1618              	.Ldebug_loc0:
 1619              	.LLST0:
 1620 0000 00000000 		.4byte	.LVL0
 1621 0004 06000000 		.4byte	.LVL1
 1622 0008 0100     		.2byte	0x1
ARM GAS  C:\Users\Tim\AppData\Local\Temp\ccEfwZD8.s 			page 31


 1623 000a 50       		.byte	0x50
 1624 000b 06000000 		.4byte	.LVL1
 1625 000f 24000000 		.4byte	.LFE63
 1626 0013 0400     		.2byte	0x4
 1627 0015 F3       		.byte	0xf3
 1628 0016 01       		.uleb128 0x1
 1629 0017 50       		.byte	0x50
 1630 0018 9F       		.byte	0x9f
 1631 0019 00000000 		.4byte	0
 1632 001d 00000000 		.4byte	0
 1633              	.LLST1:
 1634 0021 00000000 		.4byte	.LVL0
 1635 0025 06000000 		.4byte	.LVL1
 1636 0029 0100     		.2byte	0x1
 1637 002b 51       		.byte	0x51
 1638 002c 06000000 		.4byte	.LVL1
 1639 0030 24000000 		.4byte	.LFE63
 1640 0034 0400     		.2byte	0x4
 1641 0036 F3       		.byte	0xf3
 1642 0037 01       		.uleb128 0x1
 1643 0038 51       		.byte	0x51
 1644 0039 9F       		.byte	0x9f
 1645 003a 00000000 		.4byte	0
 1646 003e 00000000 		.4byte	0
 1647              	.LLST2:
 1648 0042 00000000 		.4byte	.LVL6
 1649 0046 04000000 		.4byte	.LVL7
 1650 004a 0100     		.2byte	0x1
 1651 004c 50       		.byte	0x50
 1652 004d 04000000 		.4byte	.LVL7
 1653 0051 34000000 		.4byte	.LFE64
 1654 0055 0400     		.2byte	0x4
 1655 0057 F3       		.byte	0xf3
 1656 0058 01       		.uleb128 0x1
 1657 0059 50       		.byte	0x50
 1658 005a 9F       		.byte	0x9f
 1659 005b 00000000 		.4byte	0
 1660 005f 00000000 		.4byte	0
 1661              	.LLST3:
 1662 0063 14000000 		.4byte	.LVL19
 1663 0067 18000000 		.4byte	.LVL20
 1664 006b 0200     		.2byte	0x2
 1665 006d 30       		.byte	0x30
 1666 006e 9F       		.byte	0x9f
 1667 006f 18000000 		.4byte	.LVL20
 1668 0073 26000000 		.4byte	.LVL22
 1669 0077 0100     		.2byte	0x1
 1670 0079 54       		.byte	0x54
 1671 007a 28000000 		.4byte	.LVL23
 1672 007e 34000000 		.4byte	.LVL24
 1673 0082 0100     		.2byte	0x1
 1674 0084 54       		.byte	0x54
 1675 0085 36000000 		.4byte	.LVL25
 1676 0089 40000000 		.4byte	.LVL27
 1677 008d 0100     		.2byte	0x1
 1678 008f 54       		.byte	0x54
 1679 0090 42000000 		.4byte	.LVL28
ARM GAS  C:\Users\Tim\AppData\Local\Temp\ccEfwZD8.s 			page 32


 1680 0094 5C000000 		.4byte	.LVL30
 1681 0098 0100     		.2byte	0x1
 1682 009a 54       		.byte	0x54
 1683 009b 00000000 		.4byte	0
 1684 009f 00000000 		.4byte	0
 1685              		.section	.debug_aranges,"",%progbits
 1686 0000 34000000 		.4byte	0x34
 1687 0004 0200     		.2byte	0x2
 1688 0006 00000000 		.4byte	.Ldebug_info0
 1689 000a 04       		.byte	0x4
 1690 000b 00       		.byte	0
 1691 000c 0000     		.2byte	0
 1692 000e 0000     		.2byte	0
 1693 0010 00000000 		.4byte	.LFB63
 1694 0014 24000000 		.4byte	.LFE63-.LFB63
 1695 0018 00000000 		.4byte	.LFB64
 1696 001c 34000000 		.4byte	.LFE64-.LFB64
 1697 0020 00000000 		.4byte	.LFB65
 1698 0024 14000000 		.4byte	.LFE65-.LFB65
 1699 0028 00000000 		.4byte	.LFB66
 1700 002c 5C010000 		.4byte	.LFE66-.LFB66
 1701 0030 00000000 		.4byte	0
 1702 0034 00000000 		.4byte	0
 1703              		.section	.debug_ranges,"",%progbits
 1704              	.Ldebug_ranges0:
 1705 0000 00000000 		.4byte	.LFB63
 1706 0004 24000000 		.4byte	.LFE63
 1707 0008 00000000 		.4byte	.LFB64
 1708 000c 34000000 		.4byte	.LFE64
 1709 0010 00000000 		.4byte	.LFB65
 1710 0014 14000000 		.4byte	.LFE65
 1711 0018 00000000 		.4byte	.LFB66
 1712 001c 5C010000 		.4byte	.LFE66
 1713 0020 00000000 		.4byte	0
 1714 0024 00000000 		.4byte	0
 1715              		.section	.debug_line,"",%progbits
 1716              	.Ldebug_line0:
 1717 0000 A7020000 		.section	.debug_str,"MS",%progbits,1
 1717      02000902 
 1717      00000201 
 1717      FB0E0D00 
 1717      01010101 
 1718              	.LASF31:
 1719 0000 43616D65 		.ascii	"Camera_I2C_MasterSendStart\000"
 1719      72615F49 
 1719      32435F4D 
 1719      61737465 
 1719      7253656E 
 1720              	.LASF17:
 1721 001b 63797374 		.ascii	"cystatus\000"
 1721      61747573 
 1721      00
 1722              	.LASF22:
 1723 0024 43616D65 		.ascii	"Camera_SyncFrame\000"
 1723      72615F53 
 1723      796E6346 
 1723      72616D65 
ARM GAS  C:\Users\Tim\AppData\Local\Temp\ccEfwZD8.s 			page 33


 1723      00
 1724              	.LASF35:
 1725 0035 43616D65 		.ascii	"Camera_VSYNC_Read\000"
 1725      72615F56 
 1725      53594E43 
 1725      5F526561 
 1725      6400
 1726              	.LASF21:
 1727 0047 76616C75 		.ascii	"value\000"
 1727      6500
 1728              	.LASF9:
 1729 004d 5F5F696E 		.ascii	"__int32_t\000"
 1729      7433325F 
 1729      7400
 1730              	.LASF38:
 1731 0057 4379446D 		.ascii	"CyDmaTdSetAddress\000"
 1731      61546453 
 1731      65744164 
 1731      64726573 
 1731      7300
 1732              	.LASF30:
 1733 0069 43616D65 		.ascii	"Camera_qvga\000"
 1733      72615F71 
 1733      76676100 
 1734              	.LASF48:
 1735 0075 2E5C4765 		.ascii	".\\Generated_Source\\PSoC5\\Camera.c\000"
 1735      6E657261 
 1735      7465645F 
 1735      536F7572 
 1735      63655C50 
 1736              	.LASF44:
 1737 0097 4379446D 		.ascii	"CyDmaChSetInitialTd\000"
 1737      61436853 
 1737      6574496E 
 1737      69746961 
 1737      6C546400 
 1738              	.LASF28:
 1739 00ab 43616D65 		.ascii	"Camera_settings\000"
 1739      72615F73 
 1739      65747469 
 1739      6E677300 
 1740              	.LASF51:
 1741 00bb 43616D65 		.ascii	"Camera_ReadReg\000"
 1741      72615F52 
 1741      65616452 
 1741      656700
 1742              	.LASF37:
 1743 00ca 4379446D 		.ascii	"CyDmaTdAllocate\000"
 1743      61546441 
 1743      6C6C6F63 
 1743      61746500 
 1744              	.LASF42:
 1745 00da 43616D65 		.ascii	"Camera_end_line_StartEx\000"
 1745      72615F65 
 1745      6E645F6C 
 1745      696E655F 
 1745      53746172 
ARM GAS  C:\Users\Tim\AppData\Local\Temp\ccEfwZD8.s 			page 34


 1746              	.LASF14:
 1747 00f2 666C6F61 		.ascii	"float\000"
 1747      7400
 1748              	.LASF1:
 1749 00f8 756E7369 		.ascii	"unsigned char\000"
 1749      676E6564 
 1749      20636861 
 1749      7200
 1750              	.LASF18:
 1751 0106 72656738 		.ascii	"reg8\000"
 1751      00
 1752              	.LASF39:
 1753 010b 4379446D 		.ascii	"CyDmaTdSetConfiguration\000"
 1753      61546453 
 1753      6574436F 
 1753      6E666967 
 1753      75726174 
 1754              	.LASF5:
 1755 0123 6C6F6E67 		.ascii	"long unsigned int\000"
 1755      20756E73 
 1755      69676E65 
 1755      6420696E 
 1755      7400
 1756              	.LASF3:
 1757 0135 73686F72 		.ascii	"short unsigned int\000"
 1757      7420756E 
 1757      7369676E 
 1757      65642069 
 1757      6E7400
 1758              	.LASF40:
 1759 0148 4379446D 		.ascii	"CyDmaChPriority\000"
 1759      61436850 
 1759      72696F72 
 1759      69747900 
 1760              	.LASF26:
 1761 0158 49544D5F 		.ascii	"ITM_RxBuffer\000"
 1761      52784275 
 1761      66666572 
 1761      00
 1762              	.LASF27:
 1763 0165 43616D65 		.ascii	"Camera_linebuffer\000"
 1763      72615F6C 
 1763      696E6562 
 1763      75666665 
 1763      7200
 1764              	.LASF15:
 1765 0177 646F7562 		.ascii	"double\000"
 1765      6C6500
 1766              	.LASF33:
 1767 017e 43616D65 		.ascii	"Camera_I2C_MasterReadByte\000"
 1767      72615F49 
 1767      32435F4D 
 1767      61737465 
 1767      72526561 
 1768              	.LASF43:
 1769 0198 4379446D 		.ascii	"CyDmaClearPendingDrq\000"
 1769      61436C65 
ARM GAS  C:\Users\Tim\AppData\Local\Temp\ccEfwZD8.s 			page 35


 1769      61725065 
 1769      6E64696E 
 1769      67447271 
 1770              	.LASF46:
 1771 01ad 43616D65 		.ascii	"Camera_DMA_Colours_DmaInitialize\000"
 1771      72615F44 
 1771      4D415F43 
 1771      6F6C6F75 
 1771      72735F44 
 1772              	.LASF45:
 1773 01ce 4379446D 		.ascii	"CyDmaChEnable\000"
 1773      61436845 
 1773      6E61626C 
 1773      6500
 1774              	.LASF12:
 1775 01dc 75696E74 		.ascii	"uint16\000"
 1775      313600
 1776              	.LASF13:
 1777 01e3 75696E74 		.ascii	"uint32\000"
 1777      333200
 1778              	.LASF47:
 1779 01ea 474E5520 		.ascii	"GNU C 4.9.3 20150303 (release) [ARM/embedded-4_9-br"
 1779      4320342E 
 1779      392E3320 
 1779      32303135 
 1779      30333033 
 1780 021d 616E6368 		.ascii	"anch revision 221220] -mcpu=cortex-m3 -mthumb -g -O"
 1780      20726576 
 1780      6973696F 
 1780      6E203232 
 1780      31323230 
 1781 0250 67202D66 		.ascii	"g -ffunction-sections -ffat-lto-objects\000"
 1781      66756E63 
 1781      74696F6E 
 1781      2D736563 
 1781      74696F6E 
 1782              	.LASF8:
 1783 0278 756E7369 		.ascii	"unsigned int\000"
 1783      676E6564 
 1783      20696E74 
 1783      00
 1784              	.LASF36:
 1785 0285 43616D65 		.ascii	"Camera_DMA_DmaInitialize\000"
 1785      72615F44 
 1785      4D415F44 
 1785      6D61496E 
 1785      69746961 
 1786              	.LASF7:
 1787 029e 6C6F6E67 		.ascii	"long long unsigned int\000"
 1787      206C6F6E 
 1787      6720756E 
 1787      7369676E 
 1787      65642069 
 1788              	.LASF32:
 1789 02b5 43616D65 		.ascii	"Camera_I2C_MasterWriteByte\000"
 1789      72615F49 
 1789      32435F4D 
ARM GAS  C:\Users\Tim\AppData\Local\Temp\ccEfwZD8.s 			page 36


 1789      61737465 
 1789      72577269 
 1790              	.LASF19:
 1791 02d0 63796973 		.ascii	"cyisraddress\000"
 1791      72616464 
 1791      72657373 
 1791      00
 1792              	.LASF52:
 1793 02dd 43616D65 		.ascii	"Camera_I2C_Start\000"
 1793      72615F49 
 1793      32435F53 
 1793      74617274 
 1793      00
 1794              	.LASF10:
 1795 02ee 696E7433 		.ascii	"int32_t\000"
 1795      325F7400 
 1796              	.LASF20:
 1797 02f6 73697A65 		.ascii	"sizetype\000"
 1797      74797065 
 1797      00
 1798              	.LASF24:
 1799 02ff 444D415F 		.ascii	"DMA_channel\000"
 1799      6368616E 
 1799      6E656C00 
 1800              	.LASF6:
 1801 030b 6C6F6E67 		.ascii	"long long int\000"
 1801      206C6F6E 
 1801      6720696E 
 1801      7400
 1802              	.LASF34:
 1803 0319 43616D65 		.ascii	"Camera_I2C_MasterSendStop\000"
 1803      72615F49 
 1803      32435F4D 
 1803      61737465 
 1803      7253656E 
 1804              	.LASF16:
 1805 0333 63686172 		.ascii	"char\000"
 1805      00
 1806              	.LASF2:
 1807 0338 73686F72 		.ascii	"short int\000"
 1807      7420696E 
 1807      7400
 1808              	.LASF50:
 1809 0342 43616D65 		.ascii	"Camera_WriteReg\000"
 1809      72615F57 
 1809      72697465 
 1809      52656700 
 1810              	.LASF11:
 1811 0352 75696E74 		.ascii	"uint8\000"
 1811      3800
 1812              	.LASF53:
 1813 0358 43616D65 		.ascii	"Camera_end_line_colours_StartEx\000"
 1813      72615F65 
 1813      6E645F6C 
 1813      696E655F 
 1813      636F6C6F 
 1814              	.LASF23:
ARM GAS  C:\Users\Tim\AppData\Local\Temp\ccEfwZD8.s 			page 37


 1815 0378 43616D65 		.ascii	"Camera_Start\000"
 1815      72615F53 
 1815      74617274 
 1815      00
 1816              	.LASF29:
 1817 0385 43616D65 		.ascii	"Camera_format\000"
 1817      72615F66 
 1817      6F726D61 
 1817      7400
 1818              	.LASF4:
 1819 0393 6C6F6E67 		.ascii	"long int\000"
 1819      20696E74 
 1819      00
 1820              	.LASF25:
 1821 039c 444D415F 		.ascii	"DMA_TD\000"
 1821      544400
 1822              	.LASF0:
 1823 03a3 7369676E 		.ascii	"signed char\000"
 1823      65642063 
 1823      68617200 
 1824              	.LASF49:
 1825 03af 433A5C55 		.ascii	"C:\\Users\\Tim\\Documents\\GitHub\\pucktacular\\Dis"
 1825      73657273 
 1825      5C54696D 
 1825      5C446F63 
 1825      756D656E 
 1826 03dc 706C6179 		.ascii	"play.cydsn\000"
 1826      2E637964 
 1826      736E00
 1827              	.LASF41:
 1828 03e7 43794465 		.ascii	"CyDelay\000"
 1828      6C617900 
 1829              		.ident	"GCC: (GNU Tools for ARM Embedded Processors) 4.9.3 20150303 (release) [ARM/embedded-4_9-br
