ARM GAS  C:\Users\Daniel\AppData\Local\Temp\ccXmK4zb.s 			page 1


   1              		.syntax unified
   2              		.cpu cortex-m3
   3              		.fpu softvfp
   4              		.eabi_attribute 20, 1
   5              		.eabi_attribute 21, 1
   6              		.eabi_attribute 23, 3
   7              		.eabi_attribute 24, 1
   8              		.eabi_attribute 25, 1
   9              		.eabi_attribute 26, 1
  10              		.eabi_attribute 30, 1
  11              		.eabi_attribute 34, 1
  12              		.eabi_attribute 18, 4
  13              		.thumb
  14              		.file	"main.c"
  15              		.text
  16              	.Ltext0:
  17              		.cfi_sections	.debug_frame
  18              		.section	.text.Initialise,"ax",%progbits
  19              		.align	2
  20              		.global	Initialise
  21              		.thumb
  22              		.thumb_func
  23              		.type	Initialise, %function
  24              	Initialise:
  25              	.LFB64:
  26              		.file 1 ".\\main.c"
   1:.\main.c      **** /*
   2:.\main.c      ****  * Copyright @Pucktacular, 2016
   3:.\main.c      ****  * @Matt Gebert, Daniel Hranilovic & Kevin Duxbury
   4:.\main.c      ****  * All Rights Reserved
   5:.\main.c      ****  * UNPUBLISHED, LICENSED SOFTWARE.
   6:.\main.c      ****  *
   7:.\main.c      ****  * CONFIDENTIAL AND PROPRIETARY INFORMATION
   8:.\main.c      ****  * WHICH IS THE PROPERTY OF your company.
   9:.\main.c      ****  *
  10:.\main.c      ****  * ========================================
  11:.\main.c      **** */
  12:.\main.c      **** #include <project.h>
  13:.\main.c      **** #include <stdbool.h>
  14:.\main.c      **** #include <stdlib.h>
  15:.\main.c      **** #include <math.h>
  16:.\main.c      **** //#include <tgmath.h>
  17:.\main.c      **** #include "camera_display.h"
  18:.\main.c      **** #include "camera_functions.h"
  19:.\main.c      **** #include "movement_functions.h"
  20:.\main.c      **** #include "pwm_functions.h"
  21:.\main.c      **** #include "puck_functions.h"
  22:.\main.c      **** #include "Ultrasonics.h"
  23:.\main.c      **** #include "pathing.h"
  24:.\main.c      **** #include "initial_path_sequence.h"
  25:.\main.c      **** #include "lift_functions.h"
  26:.\main.c      **** #include "utils.h"
  27:.\main.c      ****  
  28:.\main.c      **** void Initialise();
  29:.\main.c      **** void Headlights();
  30:.\main.c      **** void HeadlightsOff();
  31:.\main.c      **** void Beep(int x);
ARM GAS  C:\Users\Daniel\AppData\Local\Temp\ccXmK4zb.s 			page 2


  32:.\main.c      **** void BiDirPortOutPut();
  33:.\main.c      **** void BiDirPortInPut();
  34:.\main.c      **** 
  35:.\main.c      **** 
  36:.\main.c      **** /*Variables from Camera Functions:
  37:.\main.c      **** ---------------------------------*/
  38:.\main.c      **** /*extern uint16 closestX;
  39:.\main.c      **** extern uint16 closestY;
  40:.\main.c      **** extern const uint8 numRows;
  41:.\main.c      **** extern const uint16 numCols; */
  42:.\main.c      **** extern const uint8 RED;
  43:.\main.c      **** extern const uint8 GREEN;
  44:.\main.c      **** extern const uint8 BLUE;
  45:.\main.c      **** extern uint8 orderedScaledClr[5];
  46:.\main.c      **** /*-------------------------------*/
  47:.\main.c      **** 
  48:.\main.c      **** 
  49:.\main.c      **** 
  50:.\main.c      **** int main()
  51:.\main.c      **** {
  52:.\main.c      ****     HeadlightsOff();
  53:.\main.c      ****     
  54:.\main.c      ****     SW_Start();
  55:.\main.c      ****     
  56:.\main.c      ****     LCD_Start();
  57:.\main.c      ****     LCD_DMA_Start();
  58:.\main.c      **** 
  59:.\main.c      ****     Camera_Start();
  60:.\main.c      ****     Camera_WriteReg(0x41,0x02); //double colour matrix (more saturation)
  61:.\main.c      ****     Camera_SetBlankTime(1000); //increase blanking time if image is corrupted; range is 0-2047
  62:.\main.c      ****     
  63:.\main.c      ****     CyGlobalIntEnable; //interrupts must be enabled for camera to work
  64:.\main.c      ****         
  65:.\main.c      ****     
  66:.\main.c      ****     //3 lines taht set up loop for button presses
  67:.\main.c      ****     uint8 buttons=0xff;;
  68:.\main.c      ****     uint8 buttons_old=0xff;
  69:.\main.c      ****     bool start =false;
  70:.\main.c      ****     bool block;
  71:.\main.c      ****     display_mode=THRESHOLDED; //start displaying image
  72:.\main.c      ****     
  73:.\main.c      ****     //Camera_SetEGWB(80,0,128,128); //set exposure, gain and white balance //ORIGNIAL VALUES...
  74:.\main.c      ****     Camera_SetEGWB(160,0,128,128); //set exposure, gain and white balance
  75:.\main.c      ****     Camera_SetThresholds(-32,64,0,-64,48,-32,-16,32); //set thresholds for the 4 colours
  76:.\main.c      ****     
  77:.\main.c      ****     //Loop until button press
  78:.\main.c      ****     Beep(3);
  79:.\main.c      ****     LiftInital();
  80:.\main.c      ****     while(start==false){        
  81:.\main.c      ****         buttons=Buttons_Status;
  82:.\main.c      ****         if(buttons&~buttons_old&4)  start=true;
  83:.\main.c      ****         if(buttons&~buttons_old&2)  LiftUpReset();
  84:.\main.c      ****         if(buttons&~buttons_old&1)  LiftDownReset();
  85:.\main.c      ****         
  86:.\main.c      ****         buttons_old=buttons;
  87:.\main.c      ****     }
  88:.\main.c      ****     
ARM GAS  C:\Users\Daniel\AppData\Local\Temp\ccXmK4zb.s 			page 3


  89:.\main.c      ****     //Setup PWM Channels
  90:.\main.c      ****     Initialise();
  91:.\main.c      ****     Beep(2);
  92:.\main.c      ****     CyDelay(200); //Wait for PWM's to initialize position correctly.
  93:.\main.c      ****     ClawClose();
  94:.\main.c      ****     Beep(2);
  95:.\main.c      ****     Beep(2);
  96:.\main.c      ****     CyDelay(200);
  97:.\main.c      ****     ClawOpen();
  98:.\main.c      ****     
  99:.\main.c      ****     //TEMP STUFF
 100:.\main.c      ****     /*
 101:.\main.c      ****     orderedScaledClr[0]=0;
 102:.\main.c      ****     orderedScaledClr[1]=1;
 103:.\main.c      ****     orderedScaledClr[2]=2;
 104:.\main.c      ****     orderedScaledClr[3]=2;
 105:.\main.c      ****     orderedScaledClr[4]=1;
 106:.\main.c      ****     block=0;
 107:.\main.c      ****     */
 108:.\main.c      ****     
 109:.\main.c      ****     Beep(2);
 110:.\main.c      ****     CyDelay(200);
 111:.\main.c      ****     PanRight();
 112:.\main.c      ****     CyDelay(200);
 113:.\main.c      ****     block = PathInitialSequence();
 114:.\main.c      ****     CyDelay(20);
 115:.\main.c      ****     
 116:.\main.c      ****     uint8 n=0;
 117:.\main.c      ****     //for(n=0;n<5;n++)
 118:.\main.c      ****     for(n=0;n<5;n++)
 119:.\main.c      ****     {
 120:.\main.c      ****         PathForward(block);
 121:.\main.c      ****         PuckResetAngleTotal();
 122:.\main.c      ****         PuckAquire(orderedScaledClr[n],block);
 123:.\main.c      ****         MovementResetQuadCount();
 124:.\main.c      ****         PathBackward(block);
 125:.\main.c      ****         
 126:.\main.c      ****         if(n==0){
 127:.\main.c      ****             MoveAlign(4.0,1,0,0.5);
 128:.\main.c      ****             ClawOpen();
 129:.\main.c      ****             CyDelay(200);
 130:.\main.c      ****             MovementBackward(4000);
 131:.\main.c      ****             MovementPivotLeft(180);
 132:.\main.c      ****             CyDelay(20);
 133:.\main.c      ****         } else {
 134:.\main.c      ****             PanRight();
 135:.\main.c      ****             CyDelay(50);
 136:.\main.c      ****             LiftLvMax();
 137:.\main.c      ****             //Camera to check and position!
 138:.\main.c      ****             PuckPositionToStack(orderedScaledClr[0]); //orderedScaledClr[4] //PWM's... 45 & ? -> 16
 139:.\main.c      ****             PanRight();
 140:.\main.c      ****             CyDelay(50);
 141:.\main.c      ****             LiftLvN(n);
 142:.\main.c      ****             ClawOpen();
 143:.\main.c      ****             CyDelay(200);
 144:.\main.c      ****             MovementBackward(4000);
 145:.\main.c      ****             ClawClose();
ARM GAS  C:\Users\Daniel\AppData\Local\Temp\ccXmK4zb.s 			page 4


 146:.\main.c      ****             LiftLvN(0);
 147:.\main.c      ****             MovementPivotLeft(180);
 148:.\main.c      ****             PanMid();
 149:.\main.c      ****             ClawOpen();
 150:.\main.c      ****             CyDelay(20);
 151:.\main.c      ****         }
 152:.\main.c      ****         
 153:.\main.c      ****     }
 154:.\main.c      ****     
 155:.\main.c      ****     MovementPivotRight(360);
 156:.\main.c      **** }
 157:.\main.c      **** 
 158:.\main.c      **** void Initialise(){
  27              		.loc 1 158 0
  28              		.cfi_startproc
  29              		@ args = 0, pretend = 0, frame = 0
  30              		@ frame_needed = 0, uses_anonymous_args = 0
  31 0000 08B5     		push	{r3, lr}
  32              		.cfi_def_cfa_offset 8
  33              		.cfi_offset 3, -8
  34              		.cfi_offset 14, -4
 159:.\main.c      ****     Timer_1_Start();
  35              		.loc 1 159 0
  36 0002 FFF7FEFF 		bl	Timer_1_Start
  37              	.LVL0:
 160:.\main.c      ****     Timer_2_Start();
  38              		.loc 1 160 0
  39 0006 FFF7FEFF 		bl	Timer_2_Start
  40              	.LVL1:
 161:.\main.c      ****     Quad_1_Start();
  41              		.loc 1 161 0
  42 000a FFF7FEFF 		bl	Quad_1_Start
  43              	.LVL2:
 162:.\main.c      ****     Quad_2_Start();
  44              		.loc 1 162 0
  45 000e FFF7FEFF 		bl	Quad_2_Start
  46              	.LVL3:
 163:.\main.c      ****     PWM_Pan_Start();
  47              		.loc 1 163 0
  48 0012 FFF7FEFF 		bl	PWM_Pan_Start
  49              	.LVL4:
 164:.\main.c      ****     CyDelay(10);
  50              		.loc 1 164 0
  51 0016 0A20     		movs	r0, #10
  52 0018 FFF7FEFF 		bl	CyDelay
  53              	.LVL5:
 165:.\main.c      ****     PWM_Tilt_Start();
  54              		.loc 1 165 0
  55 001c FFF7FEFF 		bl	PWM_Tilt_Start
  56              	.LVL6:
 166:.\main.c      ****     CyDelay(10);
  57              		.loc 1 166 0
  58 0020 0A20     		movs	r0, #10
  59 0022 FFF7FEFF 		bl	CyDelay
  60              	.LVL7:
 167:.\main.c      ****     PWM_Claw_Start();
  61              		.loc 1 167 0
ARM GAS  C:\Users\Daniel\AppData\Local\Temp\ccXmK4zb.s 			page 5


  62 0026 FFF7FEFF 		bl	PWM_Claw_Start
  63              	.LVL8:
 168:.\main.c      ****     CyDelay(10);
  64              		.loc 1 168 0
  65 002a 0A20     		movs	r0, #10
  66 002c FFF7FEFF 		bl	CyDelay
  67              	.LVL9:
 169:.\main.c      ****     LiftSetGround();
  68              		.loc 1 169 0
  69 0030 FFF7FEFF 		bl	LiftSetGround
  70              	.LVL10:
  71 0034 08BD     		pop	{r3, pc}
  72              		.cfi_endproc
  73              	.LFE64:
  74              		.size	Initialise, .-Initialise
  75 0036 00BF     		.section	.text.main,"ax",%progbits
  76              		.align	2
  77              		.global	main
  78              		.thumb
  79              		.thumb_func
  80              		.type	main, %function
  81              	main:
  82              	.LFB63:
  51:.\main.c      ****     HeadlightsOff();
  83              		.loc 1 51 0
  84              		.cfi_startproc
  85              		@ args = 0, pretend = 0, frame = 0
  86              		@ frame_needed = 0, uses_anonymous_args = 0
  87 0000 70B5     		push	{r4, r5, r6, lr}
  88              		.cfi_def_cfa_offset 16
  89              		.cfi_offset 4, -16
  90              		.cfi_offset 5, -12
  91              		.cfi_offset 6, -8
  92              		.cfi_offset 14, -4
  93 0002 84B0     		sub	sp, sp, #16
  94              		.cfi_def_cfa_offset 32
  52:.\main.c      ****     
  95              		.loc 1 52 0
  96 0004 FFF7FEFF 		bl	HeadlightsOff
  97              	.LVL11:
  54:.\main.c      ****     
  98              		.loc 1 54 0
  99 0008 FFF7FEFF 		bl	SW_DAC_Start
 100              	.LVL12:
 101 000c FFF7FEFF 		bl	SW_Comparator_Start
 102              	.LVL13:
  56:.\main.c      ****     LCD_DMA_Start();
 103              		.loc 1 56 0
 104 0010 FFF7FEFF 		bl	LCD_Start
 105              	.LVL14:
  57:.\main.c      **** 
 106              		.loc 1 57 0
 107 0014 FFF7FEFF 		bl	LCD_DMA_Start
 108              	.LVL15:
  59:.\main.c      ****     Camera_WriteReg(0x41,0x02); //double colour matrix (more saturation)
 109              		.loc 1 59 0
 110 0018 FFF7FEFF 		bl	Camera_Start
ARM GAS  C:\Users\Daniel\AppData\Local\Temp\ccXmK4zb.s 			page 6


 111              	.LVL16:
  60:.\main.c      ****     Camera_SetBlankTime(1000); //increase blanking time if image is corrupted; range is 0-2047
 112              		.loc 1 60 0
 113 001c 4120     		movs	r0, #65
 114 001e 0221     		movs	r1, #2
 115 0020 FFF7FEFF 		bl	Camera_WriteReg
 116              	.LVL17:
  61:.\main.c      ****     
 117              		.loc 1 61 0
 118 0024 4FF47A70 		mov	r0, #1000
 119 0028 FFF7FEFF 		bl	Camera_SetBlankTime
 120              	.LVL18:
  63:.\main.c      ****         
 121              		.loc 1 63 0
 122              	@ 63 ".\main.c" 1
 123 002c 62B6     		CPSIE   i
 124              	@ 0 "" 2
 125              	.LVL19:
  71:.\main.c      ****     
 126              		.loc 1 71 0
 127              		.thumb
 128 002e 0222     		movs	r2, #2
 129 0030 5E4B     		ldr	r3, .L15
 130 0032 1A70     		strb	r2, [r3]
  74:.\main.c      ****     Camera_SetThresholds(-32,64,0,-64,48,-32,-16,32); //set thresholds for the 4 colours
 131              		.loc 1 74 0
 132 0034 A020     		movs	r0, #160
 133 0036 0021     		movs	r1, #0
 134 0038 8022     		movs	r2, #128
 135 003a 1346     		mov	r3, r2
 136 003c FFF7FEFF 		bl	Camera_SetEGWB
 137              	.LVL20:
  75:.\main.c      ****     
 138              		.loc 1 75 0
 139 0040 3023     		movs	r3, #48
 140 0042 0093     		str	r3, [sp]
 141 0044 6FF01F00 		mvn	r0, #31
 142 0048 0190     		str	r0, [sp, #4]
 143 004a 6FF00F03 		mvn	r3, #15
 144 004e 0293     		str	r3, [sp, #8]
 145 0050 2023     		movs	r3, #32
 146 0052 0393     		str	r3, [sp, #12]
 147 0054 4021     		movs	r1, #64
 148 0056 0022     		movs	r2, #0
 149 0058 6FF03F03 		mvn	r3, #63
 150 005c FFF7FEFF 		bl	Camera_SetThresholds
 151              	.LVL21:
  78:.\main.c      ****     LiftInital();
 152              		.loc 1 78 0
 153 0060 0320     		movs	r0, #3
 154 0062 FFF7FEFF 		bl	Beep
 155              	.LVL22:
  79:.\main.c      ****     while(start==false){        
 156              		.loc 1 79 0
 157 0066 FFF7FEFF 		bl	LiftInital
 158              	.LVL23:
  69:.\main.c      ****     bool block;
ARM GAS  C:\Users\Daniel\AppData\Local\Temp\ccXmK4zb.s 			page 7


 159              		.loc 1 69 0
 160 006a 0026     		movs	r6, #0
  68:.\main.c      ****     bool start =false;
 161              		.loc 1 68 0
 162 006c FF24     		movs	r4, #255
  80:.\main.c      ****         buttons=Buttons_Status;
 163              		.loc 1 80 0
 164 006e 13E0     		b	.L4
 165              	.LVL24:
 166              	.L8:
  81:.\main.c      ****         if(buttons&~buttons_old&4)  start=true;
 167              		.loc 1 81 0
 168 0070 4F4B     		ldr	r3, .L15+4
 169 0072 1D78     		ldrb	r5, [r3]	@ zero_extendqisi2
 170 0074 EDB2     		uxtb	r5, r5
 171              	.LVL25:
  82:.\main.c      ****         if(buttons&~buttons_old&2)  LiftUpReset();
 172              		.loc 1 82 0
 173 0076 25EA0404 		bic	r4, r5, r4
 174              	.LVL26:
 175 007a 14F0040F 		tst	r4, #4
 176 007e 00D0     		beq	.L5
 177 0080 0126     		movs	r6, #1
 178              	.LVL27:
 179              	.L5:
  83:.\main.c      ****         if(buttons&~buttons_old&1)  LiftDownReset();
 180              		.loc 1 83 0
 181 0082 14F0020F 		tst	r4, #2
 182 0086 01D0     		beq	.L6
  83:.\main.c      ****         if(buttons&~buttons_old&1)  LiftDownReset();
 183              		.loc 1 83 0 is_stmt 0 discriminator 1
 184 0088 FFF7FEFF 		bl	LiftUpReset
 185              	.LVL28:
 186              	.L6:
  84:.\main.c      ****         
 187              		.loc 1 84 0 is_stmt 1
 188 008c 14F0010F 		tst	r4, #1
 189 0090 01D0     		beq	.L7
  84:.\main.c      ****         
 190              		.loc 1 84 0 is_stmt 0 discriminator 1
 191 0092 FFF7FEFF 		bl	LiftDownReset
 192              	.LVL29:
 193              	.L7:
  86:.\main.c      ****     }
 194              		.loc 1 86 0 is_stmt 1
 195 0096 2C46     		mov	r4, r5
 196              	.LVL30:
 197              	.L4:
  80:.\main.c      ****         buttons=Buttons_Status;
 198              		.loc 1 80 0
 199 0098 002E     		cmp	r6, #0
 200 009a E9D0     		beq	.L8
  90:.\main.c      ****     Beep(2);
 201              		.loc 1 90 0
 202 009c FFF7FEFF 		bl	Initialise
 203              	.LVL31:
  91:.\main.c      ****     CyDelay(200); //Wait for PWM's to initialize position correctly.
ARM GAS  C:\Users\Daniel\AppData\Local\Temp\ccXmK4zb.s 			page 8


 204              		.loc 1 91 0
 205 00a0 0220     		movs	r0, #2
 206 00a2 FFF7FEFF 		bl	Beep
 207              	.LVL32:
  92:.\main.c      ****     ClawClose();
 208              		.loc 1 92 0
 209 00a6 C820     		movs	r0, #200
 210 00a8 FFF7FEFF 		bl	CyDelay
 211              	.LVL33:
  93:.\main.c      ****     Beep(2);
 212              		.loc 1 93 0
 213 00ac FFF7FEFF 		bl	ClawClose
 214              	.LVL34:
  94:.\main.c      ****     Beep(2);
 215              		.loc 1 94 0
 216 00b0 0220     		movs	r0, #2
 217 00b2 FFF7FEFF 		bl	Beep
 218              	.LVL35:
  95:.\main.c      ****     CyDelay(200);
 219              		.loc 1 95 0
 220 00b6 0220     		movs	r0, #2
 221 00b8 FFF7FEFF 		bl	Beep
 222              	.LVL36:
  96:.\main.c      ****     ClawOpen();
 223              		.loc 1 96 0
 224 00bc C820     		movs	r0, #200
 225 00be FFF7FEFF 		bl	CyDelay
 226              	.LVL37:
  97:.\main.c      ****     
 227              		.loc 1 97 0
 228 00c2 FFF7FEFF 		bl	ClawOpen
 229              	.LVL38:
 109:.\main.c      ****     CyDelay(200);
 230              		.loc 1 109 0
 231 00c6 0220     		movs	r0, #2
 232 00c8 FFF7FEFF 		bl	Beep
 233              	.LVL39:
 110:.\main.c      ****     PanRight();
 234              		.loc 1 110 0
 235 00cc C820     		movs	r0, #200
 236 00ce FFF7FEFF 		bl	CyDelay
 237              	.LVL40:
 111:.\main.c      ****     CyDelay(200);
 238              		.loc 1 111 0
 239 00d2 FFF7FEFF 		bl	PanRight
 240              	.LVL41:
 112:.\main.c      ****     block = PathInitialSequence();
 241              		.loc 1 112 0
 242 00d6 C820     		movs	r0, #200
 243 00d8 FFF7FEFF 		bl	CyDelay
 244              	.LVL42:
 113:.\main.c      ****     CyDelay(20);
 245              		.loc 1 113 0
 246 00dc FFF7FEFF 		bl	PathInitialSequence
 247              	.LVL43:
 248 00e0 0546     		mov	r5, r0
 249              	.LVL44:
ARM GAS  C:\Users\Daniel\AppData\Local\Temp\ccXmK4zb.s 			page 9


 114:.\main.c      ****     
 250              		.loc 1 114 0
 251 00e2 1420     		movs	r0, #20
 252 00e4 FFF7FEFF 		bl	CyDelay
 253              	.LVL45:
 118:.\main.c      ****     {
 254              		.loc 1 118 0
 255 00e8 0024     		movs	r4, #0
 256              	.LVL46:
 257 00ea 57E0     		b	.L9
 258              	.LVL47:
 259              	.L12:
 120:.\main.c      ****         PuckResetAngleTotal();
 260              		.loc 1 120 0
 261 00ec 2846     		mov	r0, r5
 262 00ee FFF7FEFF 		bl	PathForward
 263              	.LVL48:
 121:.\main.c      ****         PuckAquire(orderedScaledClr[n],block);
 264              		.loc 1 121 0
 265 00f2 FFF7FEFF 		bl	PuckResetAngleTotal
 266              	.LVL49:
 122:.\main.c      ****         MovementResetQuadCount();
 267              		.loc 1 122 0
 268 00f6 2F4B     		ldr	r3, .L15+8
 269 00f8 185D     		ldrb	r0, [r3, r4]	@ zero_extendqisi2
 270 00fa 2946     		mov	r1, r5
 271 00fc FFF7FEFF 		bl	PuckAquire
 272              	.LVL50:
 123:.\main.c      ****         PathBackward(block);
 273              		.loc 1 123 0
 274 0100 FFF7FEFF 		bl	MovementResetQuadCount
 275              	.LVL51:
 124:.\main.c      ****         
 276              		.loc 1 124 0
 277 0104 2846     		mov	r0, r5
 278 0106 FFF7FEFF 		bl	PathBackward
 279              	.LVL52:
 126:.\main.c      ****             MoveAlign(4.0,1,0,0.5);
 280              		.loc 1 126 0
 281 010a CCB9     		cbnz	r4, .L10
 127:.\main.c      ****             ClawOpen();
 282              		.loc 1 127 0
 283 010c 4FF07C53 		mov	r3, #1056964608
 284 0110 0093     		str	r3, [sp]	@ float
 285 0112 0020     		movs	r0, #0
 286 0114 2849     		ldr	r1, .L15+12
 287 0116 0122     		movs	r2, #1
 288 0118 0023     		movs	r3, #0
 289 011a FFF7FEFF 		bl	MoveAlign
 290              	.LVL53:
 128:.\main.c      ****             CyDelay(200);
 291              		.loc 1 128 0
 292 011e FFF7FEFF 		bl	ClawOpen
 293              	.LVL54:
 129:.\main.c      ****             MovementBackward(4000);
 294              		.loc 1 129 0
 295 0122 C820     		movs	r0, #200
ARM GAS  C:\Users\Daniel\AppData\Local\Temp\ccXmK4zb.s 			page 10


 296 0124 FFF7FEFF 		bl	CyDelay
 297              	.LVL55:
 130:.\main.c      ****             MovementPivotLeft(180);
 298              		.loc 1 130 0
 299 0128 4FF47A60 		mov	r0, #4000
 300 012c FFF7FEFF 		bl	MovementBackward
 301              	.LVL56:
 131:.\main.c      ****             CyDelay(20);
 302              		.loc 1 131 0
 303 0130 0020     		movs	r0, #0
 304 0132 2249     		ldr	r1, .L15+16
 305 0134 FFF7FEFF 		bl	MovementPivotLeft
 306              	.LVL57:
 132:.\main.c      ****         } else {
 307              		.loc 1 132 0
 308 0138 1420     		movs	r0, #20
 309 013a FFF7FEFF 		bl	CyDelay
 310              	.LVL58:
 311 013e 2BE0     		b	.L11
 312              	.L10:
 134:.\main.c      ****             CyDelay(50);
 313              		.loc 1 134 0
 314 0140 FFF7FEFF 		bl	PanRight
 315              	.LVL59:
 135:.\main.c      ****             LiftLvMax();
 316              		.loc 1 135 0
 317 0144 3220     		movs	r0, #50
 318 0146 FFF7FEFF 		bl	CyDelay
 319              	.LVL60:
 136:.\main.c      ****             //Camera to check and position!
 320              		.loc 1 136 0
 321 014a FFF7FEFF 		bl	LiftLvMax
 322              	.LVL61:
 138:.\main.c      ****             PanRight();
 323              		.loc 1 138 0
 324 014e 194B     		ldr	r3, .L15+8
 325 0150 1878     		ldrb	r0, [r3]	@ zero_extendqisi2
 326 0152 FFF7FEFF 		bl	PuckPositionToStack
 327              	.LVL62:
 139:.\main.c      ****             CyDelay(50);
 328              		.loc 1 139 0
 329 0156 FFF7FEFF 		bl	PanRight
 330              	.LVL63:
 140:.\main.c      ****             LiftLvN(n);
 331              		.loc 1 140 0
 332 015a 3220     		movs	r0, #50
 333 015c FFF7FEFF 		bl	CyDelay
 334              	.LVL64:
 141:.\main.c      ****             ClawOpen();
 335              		.loc 1 141 0
 336 0160 2046     		mov	r0, r4
 337 0162 FFF7FEFF 		bl	LiftLvN
 338              	.LVL65:
 142:.\main.c      ****             CyDelay(200);
 339              		.loc 1 142 0
 340 0166 FFF7FEFF 		bl	ClawOpen
 341              	.LVL66:
ARM GAS  C:\Users\Daniel\AppData\Local\Temp\ccXmK4zb.s 			page 11


 143:.\main.c      ****             MovementBackward(4000);
 342              		.loc 1 143 0
 343 016a C820     		movs	r0, #200
 344 016c FFF7FEFF 		bl	CyDelay
 345              	.LVL67:
 144:.\main.c      ****             ClawClose();
 346              		.loc 1 144 0
 347 0170 4FF47A60 		mov	r0, #4000
 348 0174 FFF7FEFF 		bl	MovementBackward
 349              	.LVL68:
 145:.\main.c      ****             LiftLvN(0);
 350              		.loc 1 145 0
 351 0178 FFF7FEFF 		bl	ClawClose
 352              	.LVL69:
 146:.\main.c      ****             MovementPivotLeft(180);
 353              		.loc 1 146 0
 354 017c 0020     		movs	r0, #0
 355 017e FFF7FEFF 		bl	LiftLvN
 356              	.LVL70:
 147:.\main.c      ****             PanMid();
 357              		.loc 1 147 0
 358 0182 0020     		movs	r0, #0
 359 0184 0D49     		ldr	r1, .L15+16
 360 0186 FFF7FEFF 		bl	MovementPivotLeft
 361              	.LVL71:
 148:.\main.c      ****             ClawOpen();
 362              		.loc 1 148 0
 363 018a FFF7FEFF 		bl	PanMid
 364              	.LVL72:
 149:.\main.c      ****             CyDelay(20);
 365              		.loc 1 149 0
 366 018e FFF7FEFF 		bl	ClawOpen
 367              	.LVL73:
 150:.\main.c      ****         }
 368              		.loc 1 150 0
 369 0192 1420     		movs	r0, #20
 370 0194 FFF7FEFF 		bl	CyDelay
 371              	.LVL74:
 372              	.L11:
 118:.\main.c      ****     {
 373              		.loc 1 118 0 discriminator 2
 374 0198 0134     		adds	r4, r4, #1
 375              	.LVL75:
 376 019a E4B2     		uxtb	r4, r4
 377              	.LVL76:
 378              	.L9:
 118:.\main.c      ****     {
 379              		.loc 1 118 0 is_stmt 0 discriminator 1
 380 019c 042C     		cmp	r4, #4
 381 019e A5D9     		bls	.L12
 155:.\main.c      **** }
 382              		.loc 1 155 0 is_stmt 1
 383 01a0 0020     		movs	r0, #0
 384 01a2 0749     		ldr	r1, .L15+20
 385 01a4 FFF7FEFF 		bl	MovementPivotRight
 386              	.LVL77:
 156:.\main.c      **** 
ARM GAS  C:\Users\Daniel\AppData\Local\Temp\ccXmK4zb.s 			page 12


 387              		.loc 1 156 0
 388 01a8 04B0     		add	sp, sp, #16
 389              		.cfi_def_cfa_offset 16
 390              		@ sp needed
 391 01aa 70BD     		pop	{r4, r5, r6, pc}
 392              	.LVL78:
 393              	.L16:
 394              		.align	2
 395              	.L15:
 396 01ac 00000000 		.word	display_mode
 397 01b0 66650040 		.word	1073767782
 398 01b4 00000000 		.word	orderedScaledClr
 399 01b8 00001040 		.word	1074790400
 400 01bc 00806640 		.word	1080459264
 401 01c0 00807640 		.word	1081507840
 402              		.cfi_endproc
 403              	.LFE63:
 404              		.size	main, .-main
 405              		.comm	display_mode,1,1
 406              		.comm	Camera_linebuffer,640,4
 407              		.text
 408              	.Letext0:
 409              		.file 2 "c:\\program files (x86)\\cypress\\psoc creator\\3.3\\psoc creator\\import\\gnu\\arm\\4.9.
 410              		.file 3 "c:\\program files (x86)\\cypress\\psoc creator\\3.3\\psoc creator\\import\\gnu\\arm\\4.9.
 411              		.file 4 "Generated_Source\\PSoC5/cytypes.h"
 412              		.file 5 "Generated_Source\\PSoC5/core_cm3.h"
 413              		.file 6 "Generated_Source\\PSoC5/Camera.h"
 414              		.file 7 ".\\camera_display.h"
 415              		.file 8 "Generated_Source\\PSoC5/Timer_1.h"
 416              		.file 9 "Generated_Source\\PSoC5/Timer_2.h"
 417              		.file 10 "Generated_Source\\PSoC5/Quad_1.h"
 418              		.file 11 "Generated_Source\\PSoC5/Quad_2.h"
 419              		.file 12 "Generated_Source\\PSoC5/PWM_Pan.h"
 420              		.file 13 "Generated_Source\\PSoC5/PWM_Tilt.h"
 421              		.file 14 "Generated_Source\\PSoC5/PWM_Claw.h"
 422              		.file 15 ".\\lift_functions.h"
 423              		.file 16 "Generated_Source\\PSoC5/SW_DAC.h"
 424              		.file 17 "Generated_Source\\PSoC5/SW_Comparator.h"
 425              		.file 18 "Generated_Source\\PSoC5/LCD.h"
 426              		.file 19 "Generated_Source\\PSoC5/CyLib.h"
 427              		.file 20 ".\\pwm_functions.h"
 428              		.file 21 ".\\initial_path_sequence.h"
 429              		.file 22 ".\\pathing.h"
 430              		.file 23 ".\\puck_functions.h"
 431              		.file 24 ".\\movement_functions.h"
 432              		.file 25 ".\\Ultrasonics.h"
 433              		.section	.debug_info,"",%progbits
 434              	.Ldebug_info0:
 435 0000 27080000 		.4byte	0x827
 436 0004 0400     		.2byte	0x4
 437 0006 00000000 		.4byte	.Ldebug_abbrev0
 438 000a 04       		.byte	0x4
 439 000b 01       		.uleb128 0x1
 440 000c A5020000 		.4byte	.LASF73
 441 0010 01       		.byte	0x1
 442 0011 1F040000 		.4byte	.LASF74
 443 0015 BA030000 		.4byte	.LASF75
ARM GAS  C:\Users\Daniel\AppData\Local\Temp\ccXmK4zb.s 			page 13


 444 0019 00000000 		.4byte	.Ldebug_ranges0+0
 445 001d 00000000 		.4byte	0
 446 0021 00000000 		.4byte	.Ldebug_line0
 447 0025 02       		.uleb128 0x2
 448 0026 01       		.byte	0x1
 449 0027 06       		.byte	0x6
 450 0028 27020000 		.4byte	.LASF0
 451 002c 02       		.uleb128 0x2
 452 002d 01       		.byte	0x1
 453 002e 08       		.byte	0x8
 454 002f E1010000 		.4byte	.LASF1
 455 0033 02       		.uleb128 0x2
 456 0034 02       		.byte	0x2
 457 0035 05       		.byte	0x5
 458 0036 39000000 		.4byte	.LASF2
 459 003a 02       		.uleb128 0x2
 460 003b 02       		.byte	0x2
 461 003c 07       		.byte	0x7
 462 003d 79020000 		.4byte	.LASF3
 463 0041 03       		.uleb128 0x3
 464 0042 28040000 		.4byte	.LASF9
 465 0046 02       		.byte	0x2
 466 0047 3F       		.byte	0x3f
 467 0048 4C000000 		.4byte	0x4c
 468 004c 02       		.uleb128 0x2
 469 004d 04       		.byte	0x4
 470 004e 05       		.byte	0x5
 471 004f 45010000 		.4byte	.LASF4
 472 0053 02       		.uleb128 0x2
 473 0054 04       		.byte	0x4
 474 0055 07       		.byte	0x7
 475 0056 7F030000 		.4byte	.LASF5
 476 005a 02       		.uleb128 0x2
 477 005b 08       		.byte	0x8
 478 005c 05       		.byte	0x5
 479 005d 24010000 		.4byte	.LASF6
 480 0061 02       		.uleb128 0x2
 481 0062 08       		.byte	0x8
 482 0063 07       		.byte	0x7
 483 0064 33020000 		.4byte	.LASF7
 484 0068 04       		.uleb128 0x4
 485 0069 04       		.byte	0x4
 486 006a 05       		.byte	0x5
 487 006b 696E7400 		.ascii	"int\000"
 488 006f 02       		.uleb128 0x2
 489 0070 04       		.byte	0x4
 490 0071 07       		.byte	0x7
 491 0072 5C020000 		.4byte	.LASF8
 492 0076 03       		.uleb128 0x3
 493 0077 38030000 		.4byte	.LASF10
 494 007b 03       		.byte	0x3
 495 007c 2C       		.byte	0x2c
 496 007d 41000000 		.4byte	0x41
 497 0081 05       		.uleb128 0x5
 498 0082 E2000000 		.4byte	.LASF11
 499 0086 04       		.byte	0x4
 500 0087 9201     		.2byte	0x192
ARM GAS  C:\Users\Daniel\AppData\Local\Temp\ccXmK4zb.s 			page 14


 501 0089 2C000000 		.4byte	0x2c
 502 008d 05       		.uleb128 0x5
 503 008e C1000000 		.4byte	.LASF12
 504 0092 04       		.byte	0x4
 505 0093 9301     		.2byte	0x193
 506 0095 3A000000 		.4byte	0x3a
 507 0099 05       		.uleb128 0x5
 508 009a A5030000 		.4byte	.LASF13
 509 009e 04       		.byte	0x4
 510 009f 9401     		.2byte	0x194
 511 00a1 53000000 		.4byte	0x53
 512 00a5 05       		.uleb128 0x5
 513 00a6 32010000 		.4byte	.LASF14
 514 00aa 04       		.byte	0x4
 515 00ab 9501     		.2byte	0x195
 516 00ad 25000000 		.4byte	0x25
 517 00b1 02       		.uleb128 0x2
 518 00b2 04       		.byte	0x4
 519 00b3 04       		.byte	0x4
 520 00b4 1E010000 		.4byte	.LASF15
 521 00b8 02       		.uleb128 0x2
 522 00b9 08       		.byte	0x8
 523 00ba 04       		.byte	0x4
 524 00bb 3A040000 		.4byte	.LASF16
 525 00bf 02       		.uleb128 0x2
 526 00c0 01       		.byte	0x1
 527 00c1 08       		.byte	0x8
 528 00c2 8C020000 		.4byte	.LASF17
 529 00c6 05       		.uleb128 0x5
 530 00c7 7A030000 		.4byte	.LASF18
 531 00cb 04       		.byte	0x4
 532 00cc 3C02     		.2byte	0x23c
 533 00ce D2000000 		.4byte	0xd2
 534 00d2 06       		.uleb128 0x6
 535 00d3 81000000 		.4byte	0x81
 536 00d7 02       		.uleb128 0x2
 537 00d8 04       		.byte	0x4
 538 00d9 07       		.byte	0x7
 539 00da 5C000000 		.4byte	.LASF19
 540 00de 02       		.uleb128 0x2
 541 00df 08       		.byte	0x8
 542 00e0 04       		.byte	0x4
 543 00e1 D5010000 		.4byte	.LASF20
 544 00e5 07       		.uleb128 0x7
 545 00e6 01       		.byte	0x1
 546 00e7 07       		.byte	0x7
 547 00e8 1D       		.byte	0x1d
 548 00e9 00010000 		.4byte	0x100
 549 00ed 08       		.uleb128 0x8
 550 00ee 18010000 		.4byte	.LASF21
 551 00f2 00       		.sleb128 0
 552 00f3 08       		.uleb128 0x8
 553 00f4 0D000000 		.4byte	.LASF22
 554 00f8 01       		.sleb128 1
 555 00f9 08       		.uleb128 0x8
 556 00fa C8000000 		.4byte	.LASF23
 557 00fe 02       		.sleb128 2
ARM GAS  C:\Users\Daniel\AppData\Local\Temp\ccXmK4zb.s 			page 15


 558 00ff 00       		.byte	0
 559 0100 09       		.uleb128 0x9
 560 0101 E8000000 		.4byte	.LASF76
 561 0105 01       		.byte	0x1
 562 0106 9E       		.byte	0x9e
 563 0107 00000000 		.4byte	.LFB64
 564 010b 36000000 		.4byte	.LFE64-.LFB64
 565 010f 01       		.uleb128 0x1
 566 0110 9C       		.byte	0x9c
 567 0111 97010000 		.4byte	0x197
 568 0115 0A       		.uleb128 0xa
 569 0116 06000000 		.4byte	.LVL0
 570 011a CC050000 		.4byte	0x5cc
 571 011e 0A       		.uleb128 0xa
 572 011f 0A000000 		.4byte	.LVL1
 573 0123 D3050000 		.4byte	0x5d3
 574 0127 0A       		.uleb128 0xa
 575 0128 0E000000 		.4byte	.LVL2
 576 012c DA050000 		.4byte	0x5da
 577 0130 0A       		.uleb128 0xa
 578 0131 12000000 		.4byte	.LVL3
 579 0135 E1050000 		.4byte	0x5e1
 580 0139 0A       		.uleb128 0xa
 581 013a 16000000 		.4byte	.LVL4
 582 013e E8050000 		.4byte	0x5e8
 583 0142 0B       		.uleb128 0xb
 584 0143 1C000000 		.4byte	.LVL5
 585 0147 EF050000 		.4byte	0x5ef
 586 014b 55010000 		.4byte	0x155
 587 014f 0C       		.uleb128 0xc
 588 0150 01       		.uleb128 0x1
 589 0151 50       		.byte	0x50
 590 0152 01       		.uleb128 0x1
 591 0153 3A       		.byte	0x3a
 592 0154 00       		.byte	0
 593 0155 0A       		.uleb128 0xa
 594 0156 20000000 		.4byte	.LVL6
 595 015a 00060000 		.4byte	0x600
 596 015e 0B       		.uleb128 0xb
 597 015f 26000000 		.4byte	.LVL7
 598 0163 EF050000 		.4byte	0x5ef
 599 0167 71010000 		.4byte	0x171
 600 016b 0C       		.uleb128 0xc
 601 016c 01       		.uleb128 0x1
 602 016d 50       		.byte	0x50
 603 016e 01       		.uleb128 0x1
 604 016f 3A       		.byte	0x3a
 605 0170 00       		.byte	0
 606 0171 0A       		.uleb128 0xa
 607 0172 2A000000 		.4byte	.LVL8
 608 0176 07060000 		.4byte	0x607
 609 017a 0B       		.uleb128 0xb
 610 017b 30000000 		.4byte	.LVL9
 611 017f EF050000 		.4byte	0x5ef
 612 0183 8D010000 		.4byte	0x18d
 613 0187 0C       		.uleb128 0xc
 614 0188 01       		.uleb128 0x1
ARM GAS  C:\Users\Daniel\AppData\Local\Temp\ccXmK4zb.s 			page 16


 615 0189 50       		.byte	0x50
 616 018a 01       		.uleb128 0x1
 617 018b 3A       		.byte	0x3a
 618 018c 00       		.byte	0
 619 018d 0A       		.uleb128 0xa
 620 018e 34000000 		.4byte	.LVL10
 621 0192 0E060000 		.4byte	0x60e
 622 0196 00       		.byte	0
 623 0197 0D       		.uleb128 0xd
 624 0198 33030000 		.4byte	.LASF77
 625 019c 01       		.byte	0x1
 626 019d 32       		.byte	0x32
 627 019e 68000000 		.4byte	0x68
 628 01a2 00000000 		.4byte	.LFB63
 629 01a6 C4010000 		.4byte	.LFE63-.LFB63
 630 01aa 01       		.uleb128 0x1
 631 01ab 9C       		.byte	0x9c
 632 01ac 67050000 		.4byte	0x567
 633 01b0 0E       		.uleb128 0xe
 634 01b1 43000000 		.4byte	.LASF24
 635 01b5 01       		.byte	0x1
 636 01b6 43       		.byte	0x43
 637 01b7 81000000 		.4byte	0x81
 638 01bb 00000000 		.4byte	.LLST0
 639 01bf 0E       		.uleb128 0xe
 640 01c0 03040000 		.4byte	.LASF25
 641 01c4 01       		.byte	0x1
 642 01c5 44       		.byte	0x44
 643 01c6 81000000 		.4byte	0x81
 644 01ca 20000000 		.4byte	.LLST1
 645 01ce 0E       		.uleb128 0xe
 646 01cf 73020000 		.4byte	.LASF26
 647 01d3 01       		.byte	0x1
 648 01d4 45       		.byte	0x45
 649 01d5 67050000 		.4byte	0x567
 650 01d9 56000000 		.4byte	.LLST2
 651 01dd 0E       		.uleb128 0xe
 652 01de A2010000 		.4byte	.LASF27
 653 01e2 01       		.byte	0x1
 654 01e3 46       		.byte	0x46
 655 01e4 67050000 		.4byte	0x567
 656 01e8 75000000 		.4byte	.LLST3
 657 01ec 0F       		.uleb128 0xf
 658 01ed 6E00     		.ascii	"n\000"
 659 01ef 01       		.byte	0x1
 660 01f0 74       		.byte	0x74
 661 01f1 81000000 		.4byte	0x81
 662 01f5 88000000 		.4byte	.LLST4
 663 01f9 0A       		.uleb128 0xa
 664 01fa 08000000 		.4byte	.LVL11
 665 01fe 1B060000 		.4byte	0x61b
 666 0202 0A       		.uleb128 0xa
 667 0203 0C000000 		.4byte	.LVL12
 668 0207 28060000 		.4byte	0x628
 669 020b 0A       		.uleb128 0xa
 670 020c 10000000 		.4byte	.LVL13
 671 0210 2F060000 		.4byte	0x62f
ARM GAS  C:\Users\Daniel\AppData\Local\Temp\ccXmK4zb.s 			page 17


 672 0214 0A       		.uleb128 0xa
 673 0215 14000000 		.4byte	.LVL14
 674 0219 36060000 		.4byte	0x636
 675 021d 0A       		.uleb128 0xa
 676 021e 18000000 		.4byte	.LVL15
 677 0222 43060000 		.4byte	0x643
 678 0226 0A       		.uleb128 0xa
 679 0227 1C000000 		.4byte	.LVL16
 680 022b 50060000 		.4byte	0x650
 681 022f 0B       		.uleb128 0xb
 682 0230 24000000 		.4byte	.LVL17
 683 0234 5D060000 		.4byte	0x65d
 684 0238 48020000 		.4byte	0x248
 685 023c 0C       		.uleb128 0xc
 686 023d 01       		.uleb128 0x1
 687 023e 51       		.byte	0x51
 688 023f 01       		.uleb128 0x1
 689 0240 32       		.byte	0x32
 690 0241 0C       		.uleb128 0xc
 691 0242 01       		.uleb128 0x1
 692 0243 50       		.byte	0x50
 693 0244 02       		.uleb128 0x2
 694 0245 08       		.byte	0x8
 695 0246 41       		.byte	0x41
 696 0247 00       		.byte	0
 697 0248 0B       		.uleb128 0xb
 698 0249 2C000000 		.4byte	.LVL18
 699 024d 78060000 		.4byte	0x678
 700 0251 5D020000 		.4byte	0x25d
 701 0255 0C       		.uleb128 0xc
 702 0256 01       		.uleb128 0x1
 703 0257 50       		.byte	0x50
 704 0258 03       		.uleb128 0x3
 705 0259 0A       		.byte	0xa
 706 025a E803     		.2byte	0x3e8
 707 025c 00       		.byte	0
 708 025d 0B       		.uleb128 0xb
 709 025e 40000000 		.4byte	.LVL20
 710 0262 89060000 		.4byte	0x689
 711 0266 82020000 		.4byte	0x282
 712 026a 0C       		.uleb128 0xc
 713 026b 01       		.uleb128 0x1
 714 026c 53       		.byte	0x53
 715 026d 02       		.uleb128 0x2
 716 026e 09       		.byte	0x9
 717 026f 80       		.byte	0x80
 718 0270 0C       		.uleb128 0xc
 719 0271 01       		.uleb128 0x1
 720 0272 52       		.byte	0x52
 721 0273 02       		.uleb128 0x2
 722 0274 09       		.byte	0x9
 723 0275 80       		.byte	0x80
 724 0276 0C       		.uleb128 0xc
 725 0277 01       		.uleb128 0x1
 726 0278 51       		.byte	0x51
 727 0279 01       		.uleb128 0x1
 728 027a 30       		.byte	0x30
ARM GAS  C:\Users\Daniel\AppData\Local\Temp\ccXmK4zb.s 			page 18


 729 027b 0C       		.uleb128 0xc
 730 027c 01       		.uleb128 0x1
 731 027d 50       		.byte	0x50
 732 027e 02       		.uleb128 0x2
 733 027f 08       		.byte	0x8
 734 0280 A0       		.byte	0xa0
 735 0281 00       		.byte	0
 736 0282 0B       		.uleb128 0xb
 737 0283 60000000 		.4byte	.LVL21
 738 0287 A9060000 		.4byte	0x6a9
 739 028b C3020000 		.4byte	0x2c3
 740 028f 0C       		.uleb128 0xc
 741 0290 01       		.uleb128 0x1
 742 0291 53       		.byte	0x53
 743 0292 02       		.uleb128 0x2
 744 0293 09       		.byte	0x9
 745 0294 C0       		.byte	0xc0
 746 0295 0C       		.uleb128 0xc
 747 0296 01       		.uleb128 0x1
 748 0297 52       		.byte	0x52
 749 0298 01       		.uleb128 0x1
 750 0299 30       		.byte	0x30
 751 029a 0C       		.uleb128 0xc
 752 029b 01       		.uleb128 0x1
 753 029c 51       		.byte	0x51
 754 029d 02       		.uleb128 0x2
 755 029e 08       		.byte	0x8
 756 029f 40       		.byte	0x40
 757 02a0 0C       		.uleb128 0xc
 758 02a1 01       		.uleb128 0x1
 759 02a2 50       		.byte	0x50
 760 02a3 02       		.uleb128 0x2
 761 02a4 09       		.byte	0x9
 762 02a5 E0       		.byte	0xe0
 763 02a6 0C       		.uleb128 0xc
 764 02a7 02       		.uleb128 0x2
 765 02a8 7D       		.byte	0x7d
 766 02a9 0C       		.sleb128 12
 767 02aa 02       		.uleb128 0x2
 768 02ab 08       		.byte	0x8
 769 02ac 20       		.byte	0x20
 770 02ad 0C       		.uleb128 0xc
 771 02ae 02       		.uleb128 0x2
 772 02af 7D       		.byte	0x7d
 773 02b0 08       		.sleb128 8
 774 02b1 02       		.uleb128 0x2
 775 02b2 09       		.byte	0x9
 776 02b3 F0       		.byte	0xf0
 777 02b4 0C       		.uleb128 0xc
 778 02b5 02       		.uleb128 0x2
 779 02b6 7D       		.byte	0x7d
 780 02b7 04       		.sleb128 4
 781 02b8 02       		.uleb128 0x2
 782 02b9 09       		.byte	0x9
 783 02ba E0       		.byte	0xe0
 784 02bb 0C       		.uleb128 0xc
 785 02bc 02       		.uleb128 0x2
ARM GAS  C:\Users\Daniel\AppData\Local\Temp\ccXmK4zb.s 			page 19


 786 02bd 7D       		.byte	0x7d
 787 02be 00       		.sleb128 0
 788 02bf 02       		.uleb128 0x2
 789 02c0 08       		.byte	0x8
 790 02c1 30       		.byte	0x30
 791 02c2 00       		.byte	0
 792 02c3 0B       		.uleb128 0xb
 793 02c4 66000000 		.4byte	.LVL22
 794 02c8 DD060000 		.4byte	0x6dd
 795 02cc D6020000 		.4byte	0x2d6
 796 02d0 0C       		.uleb128 0xc
 797 02d1 01       		.uleb128 0x1
 798 02d2 50       		.byte	0x50
 799 02d3 01       		.uleb128 0x1
 800 02d4 33       		.byte	0x33
 801 02d5 00       		.byte	0
 802 02d6 0A       		.uleb128 0xa
 803 02d7 6A000000 		.4byte	.LVL23
 804 02db EE060000 		.4byte	0x6ee
 805 02df 0A       		.uleb128 0xa
 806 02e0 8C000000 		.4byte	.LVL28
 807 02e4 FB060000 		.4byte	0x6fb
 808 02e8 0A       		.uleb128 0xa
 809 02e9 96000000 		.4byte	.LVL29
 810 02ed 08070000 		.4byte	0x708
 811 02f1 0A       		.uleb128 0xa
 812 02f2 A0000000 		.4byte	.LVL31
 813 02f6 00010000 		.4byte	0x100
 814 02fa 0B       		.uleb128 0xb
 815 02fb A6000000 		.4byte	.LVL32
 816 02ff DD060000 		.4byte	0x6dd
 817 0303 0D030000 		.4byte	0x30d
 818 0307 0C       		.uleb128 0xc
 819 0308 01       		.uleb128 0x1
 820 0309 50       		.byte	0x50
 821 030a 01       		.uleb128 0x1
 822 030b 32       		.byte	0x32
 823 030c 00       		.byte	0
 824 030d 0B       		.uleb128 0xb
 825 030e AC000000 		.4byte	.LVL33
 826 0312 EF050000 		.4byte	0x5ef
 827 0316 21030000 		.4byte	0x321
 828 031a 0C       		.uleb128 0xc
 829 031b 01       		.uleb128 0x1
 830 031c 50       		.byte	0x50
 831 031d 02       		.uleb128 0x2
 832 031e 08       		.byte	0x8
 833 031f C8       		.byte	0xc8
 834 0320 00       		.byte	0
 835 0321 0A       		.uleb128 0xa
 836 0322 B0000000 		.4byte	.LVL34
 837 0326 15070000 		.4byte	0x715
 838 032a 0B       		.uleb128 0xb
 839 032b B6000000 		.4byte	.LVL35
 840 032f DD060000 		.4byte	0x6dd
 841 0333 3D030000 		.4byte	0x33d
 842 0337 0C       		.uleb128 0xc
ARM GAS  C:\Users\Daniel\AppData\Local\Temp\ccXmK4zb.s 			page 20


 843 0338 01       		.uleb128 0x1
 844 0339 50       		.byte	0x50
 845 033a 01       		.uleb128 0x1
 846 033b 32       		.byte	0x32
 847 033c 00       		.byte	0
 848 033d 0B       		.uleb128 0xb
 849 033e BC000000 		.4byte	.LVL36
 850 0342 DD060000 		.4byte	0x6dd
 851 0346 50030000 		.4byte	0x350
 852 034a 0C       		.uleb128 0xc
 853 034b 01       		.uleb128 0x1
 854 034c 50       		.byte	0x50
 855 034d 01       		.uleb128 0x1
 856 034e 32       		.byte	0x32
 857 034f 00       		.byte	0
 858 0350 0B       		.uleb128 0xb
 859 0351 C2000000 		.4byte	.LVL37
 860 0355 EF050000 		.4byte	0x5ef
 861 0359 64030000 		.4byte	0x364
 862 035d 0C       		.uleb128 0xc
 863 035e 01       		.uleb128 0x1
 864 035f 50       		.byte	0x50
 865 0360 02       		.uleb128 0x2
 866 0361 08       		.byte	0x8
 867 0362 C8       		.byte	0xc8
 868 0363 00       		.byte	0
 869 0364 0A       		.uleb128 0xa
 870 0365 C6000000 		.4byte	.LVL38
 871 0369 22070000 		.4byte	0x722
 872 036d 0B       		.uleb128 0xb
 873 036e CC000000 		.4byte	.LVL39
 874 0372 DD060000 		.4byte	0x6dd
 875 0376 80030000 		.4byte	0x380
 876 037a 0C       		.uleb128 0xc
 877 037b 01       		.uleb128 0x1
 878 037c 50       		.byte	0x50
 879 037d 01       		.uleb128 0x1
 880 037e 32       		.byte	0x32
 881 037f 00       		.byte	0
 882 0380 0B       		.uleb128 0xb
 883 0381 D2000000 		.4byte	.LVL40
 884 0385 EF050000 		.4byte	0x5ef
 885 0389 94030000 		.4byte	0x394
 886 038d 0C       		.uleb128 0xc
 887 038e 01       		.uleb128 0x1
 888 038f 50       		.byte	0x50
 889 0390 02       		.uleb128 0x2
 890 0391 08       		.byte	0x8
 891 0392 C8       		.byte	0xc8
 892 0393 00       		.byte	0
 893 0394 0A       		.uleb128 0xa
 894 0395 D6000000 		.4byte	.LVL41
 895 0399 2F070000 		.4byte	0x72f
 896 039d 0B       		.uleb128 0xb
 897 039e DC000000 		.4byte	.LVL42
 898 03a2 EF050000 		.4byte	0x5ef
 899 03a6 B1030000 		.4byte	0x3b1
ARM GAS  C:\Users\Daniel\AppData\Local\Temp\ccXmK4zb.s 			page 21


 900 03aa 0C       		.uleb128 0xc
 901 03ab 01       		.uleb128 0x1
 902 03ac 50       		.byte	0x50
 903 03ad 02       		.uleb128 0x2
 904 03ae 08       		.byte	0x8
 905 03af C8       		.byte	0xc8
 906 03b0 00       		.byte	0
 907 03b1 0A       		.uleb128 0xa
 908 03b2 E0000000 		.4byte	.LVL43
 909 03b6 3C070000 		.4byte	0x73c
 910 03ba 0B       		.uleb128 0xb
 911 03bb E8000000 		.4byte	.LVL45
 912 03bf EF050000 		.4byte	0x5ef
 913 03c3 CD030000 		.4byte	0x3cd
 914 03c7 0C       		.uleb128 0xc
 915 03c8 01       		.uleb128 0x1
 916 03c9 50       		.byte	0x50
 917 03ca 01       		.uleb128 0x1
 918 03cb 44       		.byte	0x44
 919 03cc 00       		.byte	0
 920 03cd 0B       		.uleb128 0xb
 921 03ce F2000000 		.4byte	.LVL48
 922 03d2 4D070000 		.4byte	0x74d
 923 03d6 E1030000 		.4byte	0x3e1
 924 03da 0C       		.uleb128 0xc
 925 03db 01       		.uleb128 0x1
 926 03dc 50       		.byte	0x50
 927 03dd 02       		.uleb128 0x2
 928 03de 75       		.byte	0x75
 929 03df 00       		.sleb128 0
 930 03e0 00       		.byte	0
 931 03e1 0A       		.uleb128 0xa
 932 03e2 F6000000 		.4byte	.LVL49
 933 03e6 5E070000 		.4byte	0x75e
 934 03ea 0B       		.uleb128 0xb
 935 03eb 00010000 		.4byte	.LVL50
 936 03ef 6B070000 		.4byte	0x76b
 937 03f3 FE030000 		.4byte	0x3fe
 938 03f7 0C       		.uleb128 0xc
 939 03f8 01       		.uleb128 0x1
 940 03f9 51       		.byte	0x51
 941 03fa 02       		.uleb128 0x2
 942 03fb 75       		.byte	0x75
 943 03fc 00       		.sleb128 0
 944 03fd 00       		.byte	0
 945 03fe 0A       		.uleb128 0xa
 946 03ff 04010000 		.4byte	.LVL51
 947 0403 81070000 		.4byte	0x781
 948 0407 0B       		.uleb128 0xb
 949 0408 0A010000 		.4byte	.LVL52
 950 040c 8E070000 		.4byte	0x78e
 951 0410 1B040000 		.4byte	0x41b
 952 0414 0C       		.uleb128 0xc
 953 0415 01       		.uleb128 0x1
 954 0416 50       		.byte	0x50
 955 0417 02       		.uleb128 0x2
 956 0418 75       		.byte	0x75
ARM GAS  C:\Users\Daniel\AppData\Local\Temp\ccXmK4zb.s 			page 22


 957 0419 00       		.sleb128 0
 958 041a 00       		.byte	0
 959 041b 0B       		.uleb128 0xb
 960 041c 1E010000 		.4byte	.LVL53
 961 0420 9F070000 		.4byte	0x79f
 962 0424 33040000 		.4byte	0x433
 963 0428 0C       		.uleb128 0xc
 964 0429 01       		.uleb128 0x1
 965 042a 53       		.byte	0x53
 966 042b 01       		.uleb128 0x1
 967 042c 30       		.byte	0x30
 968 042d 0C       		.uleb128 0xc
 969 042e 01       		.uleb128 0x1
 970 042f 52       		.byte	0x52
 971 0430 01       		.uleb128 0x1
 972 0431 31       		.byte	0x31
 973 0432 00       		.byte	0
 974 0433 0A       		.uleb128 0xa
 975 0434 22010000 		.4byte	.LVL54
 976 0438 22070000 		.4byte	0x722
 977 043c 0B       		.uleb128 0xb
 978 043d 28010000 		.4byte	.LVL55
 979 0441 EF050000 		.4byte	0x5ef
 980 0445 50040000 		.4byte	0x450
 981 0449 0C       		.uleb128 0xc
 982 044a 01       		.uleb128 0x1
 983 044b 50       		.byte	0x50
 984 044c 02       		.uleb128 0x2
 985 044d 08       		.byte	0x8
 986 044e C8       		.byte	0xc8
 987 044f 00       		.byte	0
 988 0450 0B       		.uleb128 0xb
 989 0451 30010000 		.4byte	.LVL56
 990 0455 BF070000 		.4byte	0x7bf
 991 0459 65040000 		.4byte	0x465
 992 045d 0C       		.uleb128 0xc
 993 045e 01       		.uleb128 0x1
 994 045f 50       		.byte	0x50
 995 0460 03       		.uleb128 0x3
 996 0461 0A       		.byte	0xa
 997 0462 A00F     		.2byte	0xfa0
 998 0464 00       		.byte	0
 999 0465 0A       		.uleb128 0xa
 1000 0466 38010000 		.4byte	.LVL57
 1001 046a D0070000 		.4byte	0x7d0
 1002 046e 0B       		.uleb128 0xb
 1003 046f 3E010000 		.4byte	.LVL58
 1004 0473 EF050000 		.4byte	0x5ef
 1005 0477 81040000 		.4byte	0x481
 1006 047b 0C       		.uleb128 0xc
 1007 047c 01       		.uleb128 0x1
 1008 047d 50       		.byte	0x50
 1009 047e 01       		.uleb128 0x1
 1010 047f 44       		.byte	0x44
 1011 0480 00       		.byte	0
 1012 0481 0A       		.uleb128 0xa
 1013 0482 44010000 		.4byte	.LVL59
ARM GAS  C:\Users\Daniel\AppData\Local\Temp\ccXmK4zb.s 			page 23


 1014 0486 2F070000 		.4byte	0x72f
 1015 048a 0B       		.uleb128 0xb
 1016 048b 4A010000 		.4byte	.LVL60
 1017 048f EF050000 		.4byte	0x5ef
 1018 0493 9E040000 		.4byte	0x49e
 1019 0497 0C       		.uleb128 0xc
 1020 0498 01       		.uleb128 0x1
 1021 0499 50       		.byte	0x50
 1022 049a 02       		.uleb128 0x2
 1023 049b 08       		.byte	0x8
 1024 049c 32       		.byte	0x32
 1025 049d 00       		.byte	0
 1026 049e 0A       		.uleb128 0xa
 1027 049f 4E010000 		.4byte	.LVL61
 1028 04a3 E1070000 		.4byte	0x7e1
 1029 04a7 0A       		.uleb128 0xa
 1030 04a8 56010000 		.4byte	.LVL62
 1031 04ac EE070000 		.4byte	0x7ee
 1032 04b0 0A       		.uleb128 0xa
 1033 04b1 5A010000 		.4byte	.LVL63
 1034 04b5 2F070000 		.4byte	0x72f
 1035 04b9 0B       		.uleb128 0xb
 1036 04ba 60010000 		.4byte	.LVL64
 1037 04be EF050000 		.4byte	0x5ef
 1038 04c2 CD040000 		.4byte	0x4cd
 1039 04c6 0C       		.uleb128 0xc
 1040 04c7 01       		.uleb128 0x1
 1041 04c8 50       		.byte	0x50
 1042 04c9 02       		.uleb128 0x2
 1043 04ca 08       		.byte	0x8
 1044 04cb 32       		.byte	0x32
 1045 04cc 00       		.byte	0
 1046 04cd 0B       		.uleb128 0xb
 1047 04ce 66010000 		.4byte	.LVL65
 1048 04d2 FF070000 		.4byte	0x7ff
 1049 04d6 E1040000 		.4byte	0x4e1
 1050 04da 0C       		.uleb128 0xc
 1051 04db 01       		.uleb128 0x1
 1052 04dc 50       		.byte	0x50
 1053 04dd 02       		.uleb128 0x2
 1054 04de 74       		.byte	0x74
 1055 04df 00       		.sleb128 0
 1056 04e0 00       		.byte	0
 1057 04e1 0A       		.uleb128 0xa
 1058 04e2 6A010000 		.4byte	.LVL66
 1059 04e6 22070000 		.4byte	0x722
 1060 04ea 0B       		.uleb128 0xb
 1061 04eb 70010000 		.4byte	.LVL67
 1062 04ef EF050000 		.4byte	0x5ef
 1063 04f3 FE040000 		.4byte	0x4fe
 1064 04f7 0C       		.uleb128 0xc
 1065 04f8 01       		.uleb128 0x1
 1066 04f9 50       		.byte	0x50
 1067 04fa 02       		.uleb128 0x2
 1068 04fb 08       		.byte	0x8
 1069 04fc C8       		.byte	0xc8
 1070 04fd 00       		.byte	0
ARM GAS  C:\Users\Daniel\AppData\Local\Temp\ccXmK4zb.s 			page 24


 1071 04fe 0B       		.uleb128 0xb
 1072 04ff 78010000 		.4byte	.LVL68
 1073 0503 BF070000 		.4byte	0x7bf
 1074 0507 13050000 		.4byte	0x513
 1075 050b 0C       		.uleb128 0xc
 1076 050c 01       		.uleb128 0x1
 1077 050d 50       		.byte	0x50
 1078 050e 03       		.uleb128 0x3
 1079 050f 0A       		.byte	0xa
 1080 0510 A00F     		.2byte	0xfa0
 1081 0512 00       		.byte	0
 1082 0513 0A       		.uleb128 0xa
 1083 0514 7C010000 		.4byte	.LVL69
 1084 0518 15070000 		.4byte	0x715
 1085 051c 0B       		.uleb128 0xb
 1086 051d 82010000 		.4byte	.LVL70
 1087 0521 FF070000 		.4byte	0x7ff
 1088 0525 2F050000 		.4byte	0x52f
 1089 0529 0C       		.uleb128 0xc
 1090 052a 01       		.uleb128 0x1
 1091 052b 50       		.byte	0x50
 1092 052c 01       		.uleb128 0x1
 1093 052d 30       		.byte	0x30
 1094 052e 00       		.byte	0
 1095 052f 0A       		.uleb128 0xa
 1096 0530 8A010000 		.4byte	.LVL71
 1097 0534 D0070000 		.4byte	0x7d0
 1098 0538 0A       		.uleb128 0xa
 1099 0539 8E010000 		.4byte	.LVL72
 1100 053d 10080000 		.4byte	0x810
 1101 0541 0A       		.uleb128 0xa
 1102 0542 92010000 		.4byte	.LVL73
 1103 0546 22070000 		.4byte	0x722
 1104 054a 0B       		.uleb128 0xb
 1105 054b 98010000 		.4byte	.LVL74
 1106 054f EF050000 		.4byte	0x5ef
 1107 0553 5D050000 		.4byte	0x55d
 1108 0557 0C       		.uleb128 0xc
 1109 0558 01       		.uleb128 0x1
 1110 0559 50       		.byte	0x50
 1111 055a 01       		.uleb128 0x1
 1112 055b 44       		.byte	0x44
 1113 055c 00       		.byte	0
 1114 055d 0A       		.uleb128 0xa
 1115 055e A8010000 		.4byte	.LVL77
 1116 0562 1D080000 		.4byte	0x81d
 1117 0566 00       		.byte	0
 1118 0567 02       		.uleb128 0x2
 1119 0568 01       		.byte	0x1
 1120 0569 02       		.byte	0x2
 1121 056a 40030000 		.4byte	.LASF28
 1122 056e 10       		.uleb128 0x10
 1123 056f 41040000 		.4byte	.LASF29
 1124 0573 05       		.byte	0x5
 1125 0574 9606     		.2byte	0x696
 1126 0576 7A050000 		.4byte	0x57a
 1127 057a 06       		.uleb128 0x6
ARM GAS  C:\Users\Daniel\AppData\Local\Temp\ccXmK4zb.s 			page 25


 1128 057b 76000000 		.4byte	0x76
 1129 057f 11       		.uleb128 0x11
 1130 0580 99000000 		.4byte	0x99
 1131 0584 8F050000 		.4byte	0x58f
 1132 0588 12       		.uleb128 0x12
 1133 0589 D7000000 		.4byte	0xd7
 1134 058d 9F       		.byte	0x9f
 1135 058e 00       		.byte	0
 1136 058f 13       		.uleb128 0x13
 1137 0590 4A020000 		.4byte	.LASF30
 1138 0594 06       		.byte	0x6
 1139 0595 13       		.byte	0x13
 1140 0596 7F050000 		.4byte	0x57f
 1141 059a 05       		.uleb128 0x5
 1142 059b 03       		.byte	0x3
 1143 059c 00000000 		.4byte	Camera_linebuffer
 1144 05a0 13       		.uleb128 0x13
 1145 05a1 00000000 		.4byte	.LASF31
 1146 05a5 07       		.byte	0x7
 1147 05a6 21       		.byte	0x21
 1148 05a7 E5000000 		.4byte	0xe5
 1149 05ab 05       		.uleb128 0x5
 1150 05ac 03       		.byte	0x3
 1151 05ad 00000000 		.4byte	display_mode
 1152 05b1 11       		.uleb128 0x11
 1153 05b2 81000000 		.4byte	0x81
 1154 05b6 C1050000 		.4byte	0x5c1
 1155 05ba 12       		.uleb128 0x12
 1156 05bb D7000000 		.4byte	0xd7
 1157 05bf 04       		.byte	0x4
 1158 05c0 00       		.byte	0
 1159 05c1 14       		.uleb128 0x14
 1160 05c2 4B000000 		.4byte	.LASF32
 1161 05c6 01       		.byte	0x1
 1162 05c7 2D       		.byte	0x2d
 1163 05c8 B1050000 		.4byte	0x5b1
 1164 05cc 15       		.uleb128 0x15
 1165 05cd 54030000 		.4byte	.LASF33
 1166 05d1 08       		.byte	0x8
 1167 05d2 5A       		.byte	0x5a
 1168 05d3 15       		.uleb128 0x15
 1169 05d4 D4000000 		.4byte	.LASF34
 1170 05d8 09       		.byte	0x9
 1171 05d9 5A       		.byte	0x5a
 1172 05da 15       		.uleb128 0x15
 1173 05db 6D030000 		.4byte	.LASF35
 1174 05df 0A       		.byte	0xa
 1175 05e0 48       		.byte	0x48
 1176 05e1 15       		.uleb128 0x15
 1177 05e2 0B010000 		.4byte	.LASF36
 1178 05e6 0B       		.byte	0xb
 1179 05e7 48       		.byte	0x48
 1180 05e8 15       		.uleb128 0x15
 1181 05e9 AC030000 		.4byte	.LASF37
 1182 05ed 0C       		.byte	0xc
 1183 05ee 92       		.byte	0x92
 1184 05ef 16       		.uleb128 0x16
ARM GAS  C:\Users\Daniel\AppData\Local\Temp\ccXmK4zb.s 			page 26


 1185 05f0 58040000 		.4byte	.LASF47
 1186 05f4 13       		.byte	0x13
 1187 05f5 76       		.byte	0x76
 1188 05f6 00060000 		.4byte	0x600
 1189 05fa 17       		.uleb128 0x17
 1190 05fb 99000000 		.4byte	0x99
 1191 05ff 00       		.byte	0
 1192 0600 15       		.uleb128 0x15
 1193 0601 4E010000 		.4byte	.LASF38
 1194 0605 0D       		.byte	0xd
 1195 0606 92       		.byte	0x92
 1196 0607 15       		.uleb128 0x15
 1197 0608 EF010000 		.4byte	.LASF39
 1198 060c 0E       		.byte	0xe
 1199 060d 92       		.byte	0x92
 1200 060e 18       		.uleb128 0x18
 1201 060f 37010000 		.4byte	.LASF40
 1202 0613 0F       		.byte	0xf
 1203 0614 1A       		.byte	0x1a
 1204 0615 1B060000 		.4byte	0x61b
 1205 0619 19       		.uleb128 0x19
 1206 061a 00       		.byte	0
 1207 061b 18       		.uleb128 0x18
 1208 061c B3000000 		.4byte	.LASF41
 1209 0620 01       		.byte	0x1
 1210 0621 1E       		.byte	0x1e
 1211 0622 28060000 		.4byte	0x628
 1212 0626 19       		.uleb128 0x19
 1213 0627 00       		.byte	0
 1214 0628 15       		.uleb128 0x15
 1215 0629 95010000 		.4byte	.LASF42
 1216 062d 10       		.byte	0x10
 1217 062e 33       		.byte	0x33
 1218 062f 15       		.uleb128 0x15
 1219 0630 91030000 		.4byte	.LASF43
 1220 0634 11       		.byte	0x11
 1221 0635 3F       		.byte	0x3f
 1222 0636 18       		.uleb128 0x18
 1223 0637 C0010000 		.4byte	.LASF44
 1224 063b 12       		.byte	0x12
 1225 063c 18       		.byte	0x18
 1226 063d 43060000 		.4byte	0x643
 1227 0641 19       		.uleb128 0x19
 1228 0642 00       		.byte	0
 1229 0643 18       		.uleb128 0x18
 1230 0644 84000000 		.4byte	.LASF45
 1231 0648 07       		.byte	0x7
 1232 0649 19       		.byte	0x19
 1233 064a 50060000 		.4byte	0x650
 1234 064e 19       		.uleb128 0x19
 1235 064f 00       		.byte	0
 1236 0650 18       		.uleb128 0x18
 1237 0651 65000000 		.4byte	.LASF46
 1238 0655 06       		.byte	0x6
 1239 0656 11       		.byte	0x11
 1240 0657 5D060000 		.4byte	0x65d
 1241 065b 19       		.uleb128 0x19
ARM GAS  C:\Users\Daniel\AppData\Local\Temp\ccXmK4zb.s 			page 27


 1242 065c 00       		.byte	0
 1243 065d 16       		.uleb128 0x16
 1244 065e 85010000 		.4byte	.LASF48
 1245 0662 06       		.byte	0x6
 1246 0663 0B       		.byte	0xb
 1247 0664 73060000 		.4byte	0x673
 1248 0668 17       		.uleb128 0x17
 1249 0669 73060000 		.4byte	0x673
 1250 066d 17       		.uleb128 0x17
 1251 066e 73060000 		.4byte	0x673
 1252 0672 00       		.byte	0
 1253 0673 1A       		.uleb128 0x1a
 1254 0674 81000000 		.4byte	0x81
 1255 0678 16       		.uleb128 0x16
 1256 0679 60040000 		.4byte	.LASF49
 1257 067d 07       		.byte	0x7
 1258 067e 16       		.byte	0x16
 1259 067f 89060000 		.4byte	0x689
 1260 0683 17       		.uleb128 0x17
 1261 0684 8D000000 		.4byte	0x8d
 1262 0688 00       		.byte	0
 1263 0689 16       		.uleb128 0x16
 1264 068a F3000000 		.4byte	.LASF50
 1265 068e 07       		.byte	0x7
 1266 068f 2C       		.byte	0x2c
 1267 0690 A9060000 		.4byte	0x6a9
 1268 0694 17       		.uleb128 0x17
 1269 0695 8D000000 		.4byte	0x8d
 1270 0699 17       		.uleb128 0x17
 1271 069a 81000000 		.4byte	0x81
 1272 069e 17       		.uleb128 0x17
 1273 069f 81000000 		.4byte	0x81
 1274 06a3 17       		.uleb128 0x17
 1275 06a4 81000000 		.4byte	0x81
 1276 06a8 00       		.byte	0
 1277 06a9 16       		.uleb128 0x16
 1278 06aa 24000000 		.4byte	.LASF51
 1279 06ae 07       		.byte	0x7
 1280 06af 26       		.byte	0x26
 1281 06b0 DD060000 		.4byte	0x6dd
 1282 06b4 17       		.uleb128 0x17
 1283 06b5 A5000000 		.4byte	0xa5
 1284 06b9 17       		.uleb128 0x17
 1285 06ba A5000000 		.4byte	0xa5
 1286 06be 17       		.uleb128 0x17
 1287 06bf A5000000 		.4byte	0xa5
 1288 06c3 17       		.uleb128 0x17
 1289 06c4 A5000000 		.4byte	0xa5
 1290 06c8 17       		.uleb128 0x17
 1291 06c9 A5000000 		.4byte	0xa5
 1292 06cd 17       		.uleb128 0x17
 1293 06ce A5000000 		.4byte	0xa5
 1294 06d2 17       		.uleb128 0x17
 1295 06d3 A5000000 		.4byte	0xa5
 1296 06d7 17       		.uleb128 0x17
 1297 06d8 A5000000 		.4byte	0xa5
 1298 06dc 00       		.byte	0
ARM GAS  C:\Users\Daniel\AppData\Local\Temp\ccXmK4zb.s 			page 28


 1299 06dd 16       		.uleb128 0x16
 1300 06de FE010000 		.4byte	.LASF52
 1301 06e2 01       		.byte	0x1
 1302 06e3 1F       		.byte	0x1f
 1303 06e4 EE060000 		.4byte	0x6ee
 1304 06e8 17       		.uleb128 0x17
 1305 06e9 68000000 		.4byte	0x68
 1306 06ed 00       		.byte	0
 1307 06ee 18       		.uleb128 0x18
 1308 06ef 62030000 		.4byte	.LASF53
 1309 06f3 0F       		.byte	0xf
 1310 06f4 19       		.byte	0x19
 1311 06f5 FB060000 		.4byte	0x6fb
 1312 06f9 19       		.uleb128 0x19
 1313 06fa 00       		.byte	0
 1314 06fb 18       		.uleb128 0x18
 1315 06fc A8010000 		.4byte	.LASF54
 1316 0700 0F       		.byte	0xf
 1317 0701 1C       		.byte	0x1c
 1318 0702 08070000 		.4byte	0x708
 1319 0706 19       		.uleb128 0x19
 1320 0707 00       		.byte	0
 1321 0708 18       		.uleb128 0x18
 1322 0709 46030000 		.4byte	.LASF55
 1323 070d 0F       		.byte	0xf
 1324 070e 1B       		.byte	0x1b
 1325 070f 15070000 		.4byte	0x715
 1326 0713 19       		.uleb128 0x19
 1327 0714 00       		.byte	0
 1328 0715 18       		.uleb128 0x18
 1329 0716 A9000000 		.4byte	.LASF56
 1330 071a 14       		.byte	0x14
 1331 071b 1C       		.byte	0x1c
 1332 071c 22070000 		.4byte	0x722
 1333 0720 19       		.uleb128 0x19
 1334 0721 00       		.byte	0
 1335 0722 18       		.uleb128 0x18
 1336 0723 02010000 		.4byte	.LASF57
 1337 0727 14       		.byte	0x14
 1338 0728 1A       		.byte	0x1a
 1339 0729 2F070000 		.4byte	0x72f
 1340 072d 19       		.uleb128 0x19
 1341 072e 00       		.byte	0
 1342 072f 18       		.uleb128 0x18
 1343 0730 16040000 		.4byte	.LASF58
 1344 0734 14       		.byte	0x14
 1345 0735 28       		.byte	0x28
 1346 0736 3C070000 		.4byte	0x73c
 1347 073a 19       		.uleb128 0x19
 1348 073b 00       		.byte	0
 1349 073c 1B       		.uleb128 0x1b
 1350 073d 5D010000 		.4byte	.LASF59
 1351 0741 15       		.byte	0x15
 1352 0742 0F       		.byte	0xf
 1353 0743 67050000 		.4byte	0x567
 1354 0747 4D070000 		.4byte	0x74d
 1355 074b 19       		.uleb128 0x19
ARM GAS  C:\Users\Daniel\AppData\Local\Temp\ccXmK4zb.s 			page 29


 1356 074c 00       		.byte	0
 1357 074d 16       		.uleb128 0x16
 1358 074e B4010000 		.4byte	.LASF60
 1359 0752 16       		.byte	0x16
 1360 0753 0F       		.byte	0xf
 1361 0754 5E070000 		.4byte	0x75e
 1362 0758 17       		.uleb128 0x17
 1363 0759 67050000 		.4byte	0x567
 1364 075d 00       		.byte	0
 1365 075e 18       		.uleb128 0x18
 1366 075f 71010000 		.4byte	.LASF61
 1367 0763 17       		.byte	0x17
 1368 0764 19       		.byte	0x19
 1369 0765 6B070000 		.4byte	0x76b
 1370 0769 19       		.uleb128 0x19
 1371 076a 00       		.byte	0
 1372 076b 16       		.uleb128 0x16
 1373 076c CA010000 		.4byte	.LASF62
 1374 0770 17       		.byte	0x17
 1375 0771 16       		.byte	0x16
 1376 0772 81070000 		.4byte	0x781
 1377 0776 17       		.uleb128 0x17
 1378 0777 81000000 		.4byte	0x81
 1379 077b 17       		.uleb128 0x17
 1380 077c 67050000 		.4byte	0x567
 1381 0780 00       		.byte	0
 1382 0781 18       		.uleb128 0x18
 1383 0782 92000000 		.4byte	.LASF63
 1384 0786 18       		.byte	0x18
 1385 0787 2B       		.byte	0x2b
 1386 0788 8E070000 		.4byte	0x78e
 1387 078c 19       		.uleb128 0x19
 1388 078d 00       		.byte	0
 1389 078e 16       		.uleb128 0x16
 1390 078f 17000000 		.4byte	.LASF64
 1391 0793 16       		.byte	0x16
 1392 0794 10       		.byte	0x10
 1393 0795 9F070000 		.4byte	0x79f
 1394 0799 17       		.uleb128 0x17
 1395 079a 67050000 		.4byte	0x567
 1396 079e 00       		.byte	0
 1397 079f 16       		.uleb128 0x16
 1398 07a0 4E040000 		.4byte	.LASF65
 1399 07a4 19       		.byte	0x19
 1400 07a5 26       		.byte	0x26
 1401 07a6 BF070000 		.4byte	0x7bf
 1402 07aa 17       		.uleb128 0x17
 1403 07ab B8000000 		.4byte	0xb8
 1404 07af 17       		.uleb128 0x17
 1405 07b0 67050000 		.4byte	0x567
 1406 07b4 17       		.uleb128 0x17
 1407 07b5 67050000 		.4byte	0x567
 1408 07b9 17       		.uleb128 0x17
 1409 07ba B1000000 		.4byte	0xb1
 1410 07be 00       		.byte	0
 1411 07bf 16       		.uleb128 0x16
 1412 07c0 03020000 		.4byte	.LASF66
ARM GAS  C:\Users\Daniel\AppData\Local\Temp\ccXmK4zb.s 			page 30


 1413 07c4 18       		.byte	0x18
 1414 07c5 26       		.byte	0x26
 1415 07c6 D0070000 		.4byte	0x7d0
 1416 07ca 17       		.uleb128 0x17
 1417 07cb 8D000000 		.4byte	0x8d
 1418 07cf 00       		.byte	0
 1419 07d0 16       		.uleb128 0x16
 1420 07d1 72000000 		.4byte	.LASF67
 1421 07d5 18       		.byte	0x18
 1422 07d6 24       		.byte	0x24
 1423 07d7 E1070000 		.4byte	0x7e1
 1424 07db 17       		.uleb128 0x17
 1425 07dc B8000000 		.4byte	0xb8
 1426 07e0 00       		.byte	0
 1427 07e1 18       		.uleb128 0x18
 1428 07e2 69020000 		.4byte	.LASF68
 1429 07e6 0F       		.byte	0xf
 1430 07e7 22       		.byte	0x22
 1431 07e8 EE070000 		.4byte	0x7ee
 1432 07ec 19       		.uleb128 0x19
 1433 07ed 00       		.byte	0
 1434 07ee 16       		.uleb128 0x16
 1435 07ef 91020000 		.4byte	.LASF69
 1436 07f3 17       		.byte	0x17
 1437 07f4 17       		.byte	0x17
 1438 07f5 FF070000 		.4byte	0x7ff
 1439 07f9 17       		.uleb128 0x17
 1440 07fa 81000000 		.4byte	0x81
 1441 07fe 00       		.byte	0
 1442 07ff 16       		.uleb128 0x16
 1443 0800 32040000 		.4byte	.LASF70
 1444 0804 0F       		.byte	0xf
 1445 0805 23       		.byte	0x23
 1446 0806 10080000 		.4byte	0x810
 1447 080a 17       		.uleb128 0x17
 1448 080b 81000000 		.4byte	0x81
 1449 080f 00       		.byte	0
 1450 0810 18       		.uleb128 0x18
 1451 0811 0F040000 		.4byte	.LASF71
 1452 0815 14       		.byte	0x14
 1453 0816 2A       		.byte	0x2a
 1454 0817 1D080000 		.4byte	0x81d
 1455 081b 19       		.uleb128 0x19
 1456 081c 00       		.byte	0
 1457 081d 1C       		.uleb128 0x1c
 1458 081e 14020000 		.4byte	.LASF72
 1459 0822 18       		.byte	0x18
 1460 0823 23       		.byte	0x23
 1461 0824 17       		.uleb128 0x17
 1462 0825 B8000000 		.4byte	0xb8
 1463 0829 00       		.byte	0
 1464 082a 00       		.byte	0
 1465              		.section	.debug_abbrev,"",%progbits
 1466              	.Ldebug_abbrev0:
 1467 0000 01       		.uleb128 0x1
 1468 0001 11       		.uleb128 0x11
 1469 0002 01       		.byte	0x1
ARM GAS  C:\Users\Daniel\AppData\Local\Temp\ccXmK4zb.s 			page 31


 1470 0003 25       		.uleb128 0x25
 1471 0004 0E       		.uleb128 0xe
 1472 0005 13       		.uleb128 0x13
 1473 0006 0B       		.uleb128 0xb
 1474 0007 03       		.uleb128 0x3
 1475 0008 0E       		.uleb128 0xe
 1476 0009 1B       		.uleb128 0x1b
 1477 000a 0E       		.uleb128 0xe
 1478 000b 55       		.uleb128 0x55
 1479 000c 17       		.uleb128 0x17
 1480 000d 11       		.uleb128 0x11
 1481 000e 01       		.uleb128 0x1
 1482 000f 10       		.uleb128 0x10
 1483 0010 17       		.uleb128 0x17
 1484 0011 00       		.byte	0
 1485 0012 00       		.byte	0
 1486 0013 02       		.uleb128 0x2
 1487 0014 24       		.uleb128 0x24
 1488 0015 00       		.byte	0
 1489 0016 0B       		.uleb128 0xb
 1490 0017 0B       		.uleb128 0xb
 1491 0018 3E       		.uleb128 0x3e
 1492 0019 0B       		.uleb128 0xb
 1493 001a 03       		.uleb128 0x3
 1494 001b 0E       		.uleb128 0xe
 1495 001c 00       		.byte	0
 1496 001d 00       		.byte	0
 1497 001e 03       		.uleb128 0x3
 1498 001f 16       		.uleb128 0x16
 1499 0020 00       		.byte	0
 1500 0021 03       		.uleb128 0x3
 1501 0022 0E       		.uleb128 0xe
 1502 0023 3A       		.uleb128 0x3a
 1503 0024 0B       		.uleb128 0xb
 1504 0025 3B       		.uleb128 0x3b
 1505 0026 0B       		.uleb128 0xb
 1506 0027 49       		.uleb128 0x49
 1507 0028 13       		.uleb128 0x13
 1508 0029 00       		.byte	0
 1509 002a 00       		.byte	0
 1510 002b 04       		.uleb128 0x4
 1511 002c 24       		.uleb128 0x24
 1512 002d 00       		.byte	0
 1513 002e 0B       		.uleb128 0xb
 1514 002f 0B       		.uleb128 0xb
 1515 0030 3E       		.uleb128 0x3e
 1516 0031 0B       		.uleb128 0xb
 1517 0032 03       		.uleb128 0x3
 1518 0033 08       		.uleb128 0x8
 1519 0034 00       		.byte	0
 1520 0035 00       		.byte	0
 1521 0036 05       		.uleb128 0x5
 1522 0037 16       		.uleb128 0x16
 1523 0038 00       		.byte	0
 1524 0039 03       		.uleb128 0x3
 1525 003a 0E       		.uleb128 0xe
 1526 003b 3A       		.uleb128 0x3a
ARM GAS  C:\Users\Daniel\AppData\Local\Temp\ccXmK4zb.s 			page 32


 1527 003c 0B       		.uleb128 0xb
 1528 003d 3B       		.uleb128 0x3b
 1529 003e 05       		.uleb128 0x5
 1530 003f 49       		.uleb128 0x49
 1531 0040 13       		.uleb128 0x13
 1532 0041 00       		.byte	0
 1533 0042 00       		.byte	0
 1534 0043 06       		.uleb128 0x6
 1535 0044 35       		.uleb128 0x35
 1536 0045 00       		.byte	0
 1537 0046 49       		.uleb128 0x49
 1538 0047 13       		.uleb128 0x13
 1539 0048 00       		.byte	0
 1540 0049 00       		.byte	0
 1541 004a 07       		.uleb128 0x7
 1542 004b 04       		.uleb128 0x4
 1543 004c 01       		.byte	0x1
 1544 004d 0B       		.uleb128 0xb
 1545 004e 0B       		.uleb128 0xb
 1546 004f 3A       		.uleb128 0x3a
 1547 0050 0B       		.uleb128 0xb
 1548 0051 3B       		.uleb128 0x3b
 1549 0052 0B       		.uleb128 0xb
 1550 0053 01       		.uleb128 0x1
 1551 0054 13       		.uleb128 0x13
 1552 0055 00       		.byte	0
 1553 0056 00       		.byte	0
 1554 0057 08       		.uleb128 0x8
 1555 0058 28       		.uleb128 0x28
 1556 0059 00       		.byte	0
 1557 005a 03       		.uleb128 0x3
 1558 005b 0E       		.uleb128 0xe
 1559 005c 1C       		.uleb128 0x1c
 1560 005d 0D       		.uleb128 0xd
 1561 005e 00       		.byte	0
 1562 005f 00       		.byte	0
 1563 0060 09       		.uleb128 0x9
 1564 0061 2E       		.uleb128 0x2e
 1565 0062 01       		.byte	0x1
 1566 0063 3F       		.uleb128 0x3f
 1567 0064 19       		.uleb128 0x19
 1568 0065 03       		.uleb128 0x3
 1569 0066 0E       		.uleb128 0xe
 1570 0067 3A       		.uleb128 0x3a
 1571 0068 0B       		.uleb128 0xb
 1572 0069 3B       		.uleb128 0x3b
 1573 006a 0B       		.uleb128 0xb
 1574 006b 11       		.uleb128 0x11
 1575 006c 01       		.uleb128 0x1
 1576 006d 12       		.uleb128 0x12
 1577 006e 06       		.uleb128 0x6
 1578 006f 40       		.uleb128 0x40
 1579 0070 18       		.uleb128 0x18
 1580 0071 9742     		.uleb128 0x2117
 1581 0073 19       		.uleb128 0x19
 1582 0074 01       		.uleb128 0x1
 1583 0075 13       		.uleb128 0x13
ARM GAS  C:\Users\Daniel\AppData\Local\Temp\ccXmK4zb.s 			page 33


 1584 0076 00       		.byte	0
 1585 0077 00       		.byte	0
 1586 0078 0A       		.uleb128 0xa
 1587 0079 898201   		.uleb128 0x4109
 1588 007c 00       		.byte	0
 1589 007d 11       		.uleb128 0x11
 1590 007e 01       		.uleb128 0x1
 1591 007f 31       		.uleb128 0x31
 1592 0080 13       		.uleb128 0x13
 1593 0081 00       		.byte	0
 1594 0082 00       		.byte	0
 1595 0083 0B       		.uleb128 0xb
 1596 0084 898201   		.uleb128 0x4109
 1597 0087 01       		.byte	0x1
 1598 0088 11       		.uleb128 0x11
 1599 0089 01       		.uleb128 0x1
 1600 008a 31       		.uleb128 0x31
 1601 008b 13       		.uleb128 0x13
 1602 008c 01       		.uleb128 0x1
 1603 008d 13       		.uleb128 0x13
 1604 008e 00       		.byte	0
 1605 008f 00       		.byte	0
 1606 0090 0C       		.uleb128 0xc
 1607 0091 8A8201   		.uleb128 0x410a
 1608 0094 00       		.byte	0
 1609 0095 02       		.uleb128 0x2
 1610 0096 18       		.uleb128 0x18
 1611 0097 9142     		.uleb128 0x2111
 1612 0099 18       		.uleb128 0x18
 1613 009a 00       		.byte	0
 1614 009b 00       		.byte	0
 1615 009c 0D       		.uleb128 0xd
 1616 009d 2E       		.uleb128 0x2e
 1617 009e 01       		.byte	0x1
 1618 009f 3F       		.uleb128 0x3f
 1619 00a0 19       		.uleb128 0x19
 1620 00a1 03       		.uleb128 0x3
 1621 00a2 0E       		.uleb128 0xe
 1622 00a3 3A       		.uleb128 0x3a
 1623 00a4 0B       		.uleb128 0xb
 1624 00a5 3B       		.uleb128 0x3b
 1625 00a6 0B       		.uleb128 0xb
 1626 00a7 49       		.uleb128 0x49
 1627 00a8 13       		.uleb128 0x13
 1628 00a9 11       		.uleb128 0x11
 1629 00aa 01       		.uleb128 0x1
 1630 00ab 12       		.uleb128 0x12
 1631 00ac 06       		.uleb128 0x6
 1632 00ad 40       		.uleb128 0x40
 1633 00ae 18       		.uleb128 0x18
 1634 00af 9742     		.uleb128 0x2117
 1635 00b1 19       		.uleb128 0x19
 1636 00b2 01       		.uleb128 0x1
 1637 00b3 13       		.uleb128 0x13
 1638 00b4 00       		.byte	0
 1639 00b5 00       		.byte	0
 1640 00b6 0E       		.uleb128 0xe
ARM GAS  C:\Users\Daniel\AppData\Local\Temp\ccXmK4zb.s 			page 34


 1641 00b7 34       		.uleb128 0x34
 1642 00b8 00       		.byte	0
 1643 00b9 03       		.uleb128 0x3
 1644 00ba 0E       		.uleb128 0xe
 1645 00bb 3A       		.uleb128 0x3a
 1646 00bc 0B       		.uleb128 0xb
 1647 00bd 3B       		.uleb128 0x3b
 1648 00be 0B       		.uleb128 0xb
 1649 00bf 49       		.uleb128 0x49
 1650 00c0 13       		.uleb128 0x13
 1651 00c1 02       		.uleb128 0x2
 1652 00c2 17       		.uleb128 0x17
 1653 00c3 00       		.byte	0
 1654 00c4 00       		.byte	0
 1655 00c5 0F       		.uleb128 0xf
 1656 00c6 34       		.uleb128 0x34
 1657 00c7 00       		.byte	0
 1658 00c8 03       		.uleb128 0x3
 1659 00c9 08       		.uleb128 0x8
 1660 00ca 3A       		.uleb128 0x3a
 1661 00cb 0B       		.uleb128 0xb
 1662 00cc 3B       		.uleb128 0x3b
 1663 00cd 0B       		.uleb128 0xb
 1664 00ce 49       		.uleb128 0x49
 1665 00cf 13       		.uleb128 0x13
 1666 00d0 02       		.uleb128 0x2
 1667 00d1 17       		.uleb128 0x17
 1668 00d2 00       		.byte	0
 1669 00d3 00       		.byte	0
 1670 00d4 10       		.uleb128 0x10
 1671 00d5 34       		.uleb128 0x34
 1672 00d6 00       		.byte	0
 1673 00d7 03       		.uleb128 0x3
 1674 00d8 0E       		.uleb128 0xe
 1675 00d9 3A       		.uleb128 0x3a
 1676 00da 0B       		.uleb128 0xb
 1677 00db 3B       		.uleb128 0x3b
 1678 00dc 05       		.uleb128 0x5
 1679 00dd 49       		.uleb128 0x49
 1680 00de 13       		.uleb128 0x13
 1681 00df 3F       		.uleb128 0x3f
 1682 00e0 19       		.uleb128 0x19
 1683 00e1 3C       		.uleb128 0x3c
 1684 00e2 19       		.uleb128 0x19
 1685 00e3 00       		.byte	0
 1686 00e4 00       		.byte	0
 1687 00e5 11       		.uleb128 0x11
 1688 00e6 01       		.uleb128 0x1
 1689 00e7 01       		.byte	0x1
 1690 00e8 49       		.uleb128 0x49
 1691 00e9 13       		.uleb128 0x13
 1692 00ea 01       		.uleb128 0x1
 1693 00eb 13       		.uleb128 0x13
 1694 00ec 00       		.byte	0
 1695 00ed 00       		.byte	0
 1696 00ee 12       		.uleb128 0x12
 1697 00ef 21       		.uleb128 0x21
ARM GAS  C:\Users\Daniel\AppData\Local\Temp\ccXmK4zb.s 			page 35


 1698 00f0 00       		.byte	0
 1699 00f1 49       		.uleb128 0x49
 1700 00f2 13       		.uleb128 0x13
 1701 00f3 2F       		.uleb128 0x2f
 1702 00f4 0B       		.uleb128 0xb
 1703 00f5 00       		.byte	0
 1704 00f6 00       		.byte	0
 1705 00f7 13       		.uleb128 0x13
 1706 00f8 34       		.uleb128 0x34
 1707 00f9 00       		.byte	0
 1708 00fa 03       		.uleb128 0x3
 1709 00fb 0E       		.uleb128 0xe
 1710 00fc 3A       		.uleb128 0x3a
 1711 00fd 0B       		.uleb128 0xb
 1712 00fe 3B       		.uleb128 0x3b
 1713 00ff 0B       		.uleb128 0xb
 1714 0100 49       		.uleb128 0x49
 1715 0101 13       		.uleb128 0x13
 1716 0102 3F       		.uleb128 0x3f
 1717 0103 19       		.uleb128 0x19
 1718 0104 02       		.uleb128 0x2
 1719 0105 18       		.uleb128 0x18
 1720 0106 00       		.byte	0
 1721 0107 00       		.byte	0
 1722 0108 14       		.uleb128 0x14
 1723 0109 34       		.uleb128 0x34
 1724 010a 00       		.byte	0
 1725 010b 03       		.uleb128 0x3
 1726 010c 0E       		.uleb128 0xe
 1727 010d 3A       		.uleb128 0x3a
 1728 010e 0B       		.uleb128 0xb
 1729 010f 3B       		.uleb128 0x3b
 1730 0110 0B       		.uleb128 0xb
 1731 0111 49       		.uleb128 0x49
 1732 0112 13       		.uleb128 0x13
 1733 0113 3F       		.uleb128 0x3f
 1734 0114 19       		.uleb128 0x19
 1735 0115 3C       		.uleb128 0x3c
 1736 0116 19       		.uleb128 0x19
 1737 0117 00       		.byte	0
 1738 0118 00       		.byte	0
 1739 0119 15       		.uleb128 0x15
 1740 011a 2E       		.uleb128 0x2e
 1741 011b 00       		.byte	0
 1742 011c 3F       		.uleb128 0x3f
 1743 011d 19       		.uleb128 0x19
 1744 011e 03       		.uleb128 0x3
 1745 011f 0E       		.uleb128 0xe
 1746 0120 3A       		.uleb128 0x3a
 1747 0121 0B       		.uleb128 0xb
 1748 0122 3B       		.uleb128 0x3b
 1749 0123 0B       		.uleb128 0xb
 1750 0124 27       		.uleb128 0x27
 1751 0125 19       		.uleb128 0x19
 1752 0126 3C       		.uleb128 0x3c
 1753 0127 19       		.uleb128 0x19
 1754 0128 00       		.byte	0
ARM GAS  C:\Users\Daniel\AppData\Local\Temp\ccXmK4zb.s 			page 36


 1755 0129 00       		.byte	0
 1756 012a 16       		.uleb128 0x16
 1757 012b 2E       		.uleb128 0x2e
 1758 012c 01       		.byte	0x1
 1759 012d 3F       		.uleb128 0x3f
 1760 012e 19       		.uleb128 0x19
 1761 012f 03       		.uleb128 0x3
 1762 0130 0E       		.uleb128 0xe
 1763 0131 3A       		.uleb128 0x3a
 1764 0132 0B       		.uleb128 0xb
 1765 0133 3B       		.uleb128 0x3b
 1766 0134 0B       		.uleb128 0xb
 1767 0135 27       		.uleb128 0x27
 1768 0136 19       		.uleb128 0x19
 1769 0137 3C       		.uleb128 0x3c
 1770 0138 19       		.uleb128 0x19
 1771 0139 01       		.uleb128 0x1
 1772 013a 13       		.uleb128 0x13
 1773 013b 00       		.byte	0
 1774 013c 00       		.byte	0
 1775 013d 17       		.uleb128 0x17
 1776 013e 05       		.uleb128 0x5
 1777 013f 00       		.byte	0
 1778 0140 49       		.uleb128 0x49
 1779 0141 13       		.uleb128 0x13
 1780 0142 00       		.byte	0
 1781 0143 00       		.byte	0
 1782 0144 18       		.uleb128 0x18
 1783 0145 2E       		.uleb128 0x2e
 1784 0146 01       		.byte	0x1
 1785 0147 3F       		.uleb128 0x3f
 1786 0148 19       		.uleb128 0x19
 1787 0149 03       		.uleb128 0x3
 1788 014a 0E       		.uleb128 0xe
 1789 014b 3A       		.uleb128 0x3a
 1790 014c 0B       		.uleb128 0xb
 1791 014d 3B       		.uleb128 0x3b
 1792 014e 0B       		.uleb128 0xb
 1793 014f 3C       		.uleb128 0x3c
 1794 0150 19       		.uleb128 0x19
 1795 0151 01       		.uleb128 0x1
 1796 0152 13       		.uleb128 0x13
 1797 0153 00       		.byte	0
 1798 0154 00       		.byte	0
 1799 0155 19       		.uleb128 0x19
 1800 0156 18       		.uleb128 0x18
 1801 0157 00       		.byte	0
 1802 0158 00       		.byte	0
 1803 0159 00       		.byte	0
 1804 015a 1A       		.uleb128 0x1a
 1805 015b 26       		.uleb128 0x26
 1806 015c 00       		.byte	0
 1807 015d 49       		.uleb128 0x49
 1808 015e 13       		.uleb128 0x13
 1809 015f 00       		.byte	0
 1810 0160 00       		.byte	0
 1811 0161 1B       		.uleb128 0x1b
ARM GAS  C:\Users\Daniel\AppData\Local\Temp\ccXmK4zb.s 			page 37


 1812 0162 2E       		.uleb128 0x2e
 1813 0163 01       		.byte	0x1
 1814 0164 3F       		.uleb128 0x3f
 1815 0165 19       		.uleb128 0x19
 1816 0166 03       		.uleb128 0x3
 1817 0167 0E       		.uleb128 0xe
 1818 0168 3A       		.uleb128 0x3a
 1819 0169 0B       		.uleb128 0xb
 1820 016a 3B       		.uleb128 0x3b
 1821 016b 0B       		.uleb128 0xb
 1822 016c 49       		.uleb128 0x49
 1823 016d 13       		.uleb128 0x13
 1824 016e 3C       		.uleb128 0x3c
 1825 016f 19       		.uleb128 0x19
 1826 0170 01       		.uleb128 0x1
 1827 0171 13       		.uleb128 0x13
 1828 0172 00       		.byte	0
 1829 0173 00       		.byte	0
 1830 0174 1C       		.uleb128 0x1c
 1831 0175 2E       		.uleb128 0x2e
 1832 0176 01       		.byte	0x1
 1833 0177 3F       		.uleb128 0x3f
 1834 0178 19       		.uleb128 0x19
 1835 0179 03       		.uleb128 0x3
 1836 017a 0E       		.uleb128 0xe
 1837 017b 3A       		.uleb128 0x3a
 1838 017c 0B       		.uleb128 0xb
 1839 017d 3B       		.uleb128 0x3b
 1840 017e 0B       		.uleb128 0xb
 1841 017f 27       		.uleb128 0x27
 1842 0180 19       		.uleb128 0x19
 1843 0181 3C       		.uleb128 0x3c
 1844 0182 19       		.uleb128 0x19
 1845 0183 00       		.byte	0
 1846 0184 00       		.byte	0
 1847 0185 00       		.byte	0
 1848              		.section	.debug_loc,"",%progbits
 1849              	.Ldebug_loc0:
 1850              	.LLST0:
 1851 0000 2E000000 		.4byte	.LVL19
 1852 0004 70000000 		.4byte	.LVL24
 1853 0008 0300     		.2byte	0x3
 1854 000a 09       		.byte	0x9
 1855 000b FF       		.byte	0xff
 1856 000c 9F       		.byte	0x9f
 1857 000d 76000000 		.4byte	.LVL25
 1858 0011 98000000 		.4byte	.LVL30
 1859 0015 0100     		.2byte	0x1
 1860 0017 55       		.byte	0x55
 1861 0018 00000000 		.4byte	0
 1862 001c 00000000 		.4byte	0
 1863              	.LLST1:
 1864 0020 2E000000 		.4byte	.LVL19
 1865 0024 70000000 		.4byte	.LVL24
 1866 0028 0300     		.2byte	0x3
 1867 002a 09       		.byte	0x9
 1868 002b FF       		.byte	0xff
ARM GAS  C:\Users\Daniel\AppData\Local\Temp\ccXmK4zb.s 			page 38


 1869 002c 9F       		.byte	0x9f
 1870 002d 70000000 		.4byte	.LVL24
 1871 0031 7A000000 		.4byte	.LVL26
 1872 0035 0100     		.2byte	0x1
 1873 0037 54       		.byte	0x54
 1874 0038 96000000 		.4byte	.LVL29
 1875 003c 98000000 		.4byte	.LVL30
 1876 0040 0100     		.2byte	0x1
 1877 0042 55       		.byte	0x55
 1878 0043 98000000 		.4byte	.LVL30
 1879 0047 EA000000 		.4byte	.LVL46
 1880 004b 0100     		.2byte	0x1
 1881 004d 54       		.byte	0x54
 1882 004e 00000000 		.4byte	0
 1883 0052 00000000 		.4byte	0
 1884              	.LLST2:
 1885 0056 2E000000 		.4byte	.LVL19
 1886 005a 70000000 		.4byte	.LVL24
 1887 005e 0200     		.2byte	0x2
 1888 0060 30       		.byte	0x30
 1889 0061 9F       		.byte	0x9f
 1890 0062 70000000 		.4byte	.LVL24
 1891 0066 AC010000 		.4byte	.LVL78
 1892 006a 0100     		.2byte	0x1
 1893 006c 56       		.byte	0x56
 1894 006d 00000000 		.4byte	0
 1895 0071 00000000 		.4byte	0
 1896              	.LLST3:
 1897 0075 E2000000 		.4byte	.LVL44
 1898 0079 AC010000 		.4byte	.LVL78
 1899 007d 0100     		.2byte	0x1
 1900 007f 55       		.byte	0x55
 1901 0080 00000000 		.4byte	0
 1902 0084 00000000 		.4byte	0
 1903              	.LLST4:
 1904 0088 E8000000 		.4byte	.LVL45
 1905 008c EC000000 		.4byte	.LVL47
 1906 0090 0200     		.2byte	0x2
 1907 0092 30       		.byte	0x30
 1908 0093 9F       		.byte	0x9f
 1909 0094 EC000000 		.4byte	.LVL47
 1910 0098 9A010000 		.4byte	.LVL75
 1911 009c 0100     		.2byte	0x1
 1912 009e 54       		.byte	0x54
 1913 009f 9C010000 		.4byte	.LVL76
 1914 00a3 AC010000 		.4byte	.LVL78
 1915 00a7 0100     		.2byte	0x1
 1916 00a9 54       		.byte	0x54
 1917 00aa 00000000 		.4byte	0
 1918 00ae 00000000 		.4byte	0
 1919              		.section	.debug_aranges,"",%progbits
 1920 0000 24000000 		.4byte	0x24
 1921 0004 0200     		.2byte	0x2
 1922 0006 00000000 		.4byte	.Ldebug_info0
 1923 000a 04       		.byte	0x4
 1924 000b 00       		.byte	0
 1925 000c 0000     		.2byte	0
ARM GAS  C:\Users\Daniel\AppData\Local\Temp\ccXmK4zb.s 			page 39


 1926 000e 0000     		.2byte	0
 1927 0010 00000000 		.4byte	.LFB64
 1928 0014 36000000 		.4byte	.LFE64-.LFB64
 1929 0018 00000000 		.4byte	.LFB63
 1930 001c C4010000 		.4byte	.LFE63-.LFB63
 1931 0020 00000000 		.4byte	0
 1932 0024 00000000 		.4byte	0
 1933              		.section	.debug_ranges,"",%progbits
 1934              	.Ldebug_ranges0:
 1935 0000 00000000 		.4byte	.LFB64
 1936 0004 36000000 		.4byte	.LFE64
 1937 0008 00000000 		.4byte	.LFB63
 1938 000c C4010000 		.4byte	.LFE63
 1939 0010 00000000 		.4byte	0
 1940 0014 00000000 		.4byte	0
 1941              		.section	.debug_line,"",%progbits
 1942              	.Ldebug_line0:
 1943 0000 2E030000 		.section	.debug_str,"MS",%progbits,1
 1943      02009302 
 1943      00000201 
 1943      FB0E0D00 
 1943      01010101 
 1944              	.LASF31:
 1945 0000 64697370 		.ascii	"display_mode\000"
 1945      6C61795F 
 1945      6D6F6465 
 1945      00
 1946              	.LASF22:
 1947 000d 48495354 		.ascii	"HISTOGRAM\000"
 1947      4F475241 
 1947      4D00
 1948              	.LASF64:
 1949 0017 50617468 		.ascii	"PathBackward\000"
 1949      4261636B 
 1949      77617264 
 1949      00
 1950              	.LASF51:
 1951 0024 43616D65 		.ascii	"Camera_SetThresholds\000"
 1951      72615F53 
 1951      65745468 
 1951      72657368 
 1951      6F6C6473 
 1952              	.LASF2:
 1953 0039 73686F72 		.ascii	"short int\000"
 1953      7420696E 
 1953      7400
 1954              	.LASF24:
 1955 0043 62757474 		.ascii	"buttons\000"
 1955      6F6E7300 
 1956              	.LASF32:
 1957 004b 6F726465 		.ascii	"orderedScaledClr\000"
 1957      72656453 
 1957      63616C65 
 1957      64436C72 
 1957      00
 1958              	.LASF19:
 1959 005c 73697A65 		.ascii	"sizetype\000"
ARM GAS  C:\Users\Daniel\AppData\Local\Temp\ccXmK4zb.s 			page 40


 1959      74797065 
 1959      00
 1960              	.LASF46:
 1961 0065 43616D65 		.ascii	"Camera_Start\000"
 1961      72615F53 
 1961      74617274 
 1961      00
 1962              	.LASF67:
 1963 0072 4D6F7665 		.ascii	"MovementPivotLeft\000"
 1963      6D656E74 
 1963      5069766F 
 1963      744C6566 
 1963      7400
 1964              	.LASF45:
 1965 0084 4C43445F 		.ascii	"LCD_DMA_Start\000"
 1965      444D415F 
 1965      53746172 
 1965      7400
 1966              	.LASF63:
 1967 0092 4D6F7665 		.ascii	"MovementResetQuadCount\000"
 1967      6D656E74 
 1967      52657365 
 1967      74517561 
 1967      64436F75 
 1968              	.LASF56:
 1969 00a9 436C6177 		.ascii	"ClawClose\000"
 1969      436C6F73 
 1969      6500
 1970              	.LASF41:
 1971 00b3 48656164 		.ascii	"HeadlightsOff\000"
 1971      6C696768 
 1971      74734F66 
 1971      6600
 1972              	.LASF12:
 1973 00c1 75696E74 		.ascii	"uint16\000"
 1973      313600
 1974              	.LASF23:
 1975 00c8 54485245 		.ascii	"THRESHOLDED\000"
 1975      53484F4C 
 1975      44454400 
 1976              	.LASF34:
 1977 00d4 54696D65 		.ascii	"Timer_2_Start\000"
 1977      725F325F 
 1977      53746172 
 1977      7400
 1978              	.LASF11:
 1979 00e2 75696E74 		.ascii	"uint8\000"
 1979      3800
 1980              	.LASF76:
 1981 00e8 496E6974 		.ascii	"Initialise\000"
 1981      69616C69 
 1981      736500
 1982              	.LASF50:
 1983 00f3 43616D65 		.ascii	"Camera_SetEGWB\000"
 1983      72615F53 
 1983      65744547 
 1983      574200
ARM GAS  C:\Users\Daniel\AppData\Local\Temp\ccXmK4zb.s 			page 41


 1984              	.LASF57:
 1985 0102 436C6177 		.ascii	"ClawOpen\000"
 1985      4F70656E 
 1985      00
 1986              	.LASF36:
 1987 010b 51756164 		.ascii	"Quad_2_Start\000"
 1987      5F325F53 
 1987      74617274 
 1987      00
 1988              	.LASF21:
 1989 0118 494D4147 		.ascii	"IMAGE\000"
 1989      4500
 1990              	.LASF15:
 1991 011e 666C6F61 		.ascii	"float\000"
 1991      7400
 1992              	.LASF6:
 1993 0124 6C6F6E67 		.ascii	"long long int\000"
 1993      206C6F6E 
 1993      6720696E 
 1993      7400
 1994              	.LASF14:
 1995 0132 696E7438 		.ascii	"int8\000"
 1995      00
 1996              	.LASF40:
 1997 0137 4C696674 		.ascii	"LiftSetGround\000"
 1997      53657447 
 1997      726F756E 
 1997      6400
 1998              	.LASF4:
 1999 0145 6C6F6E67 		.ascii	"long int\000"
 1999      20696E74 
 1999      00
 2000              	.LASF38:
 2001 014e 50574D5F 		.ascii	"PWM_Tilt_Start\000"
 2001      54696C74 
 2001      5F537461 
 2001      727400
 2002              	.LASF59:
 2003 015d 50617468 		.ascii	"PathInitialSequence\000"
 2003      496E6974 
 2003      69616C53 
 2003      65717565 
 2003      6E636500 
 2004              	.LASF61:
 2005 0171 5075636B 		.ascii	"PuckResetAngleTotal\000"
 2005      52657365 
 2005      74416E67 
 2005      6C65546F 
 2005      74616C00 
 2006              	.LASF48:
 2007 0185 43616D65 		.ascii	"Camera_WriteReg\000"
 2007      72615F57 
 2007      72697465 
 2007      52656700 
 2008              	.LASF42:
 2009 0195 53575F44 		.ascii	"SW_DAC_Start\000"
 2009      41435F53 
ARM GAS  C:\Users\Daniel\AppData\Local\Temp\ccXmK4zb.s 			page 42


 2009      74617274 
 2009      00
 2010              	.LASF27:
 2011 01a2 626C6F63 		.ascii	"block\000"
 2011      6B00
 2012              	.LASF54:
 2013 01a8 4C696674 		.ascii	"LiftUpReset\000"
 2013      55705265 
 2013      73657400 
 2014              	.LASF60:
 2015 01b4 50617468 		.ascii	"PathForward\000"
 2015      466F7277 
 2015      61726400 
 2016              	.LASF44:
 2017 01c0 4C43445F 		.ascii	"LCD_Start\000"
 2017      53746172 
 2017      7400
 2018              	.LASF62:
 2019 01ca 5075636B 		.ascii	"PuckAquire\000"
 2019      41717569 
 2019      726500
 2020              	.LASF20:
 2021 01d5 6C6F6E67 		.ascii	"long double\000"
 2021      20646F75 
 2021      626C6500 
 2022              	.LASF1:
 2023 01e1 756E7369 		.ascii	"unsigned char\000"
 2023      676E6564 
 2023      20636861 
 2023      7200
 2024              	.LASF39:
 2025 01ef 50574D5F 		.ascii	"PWM_Claw_Start\000"
 2025      436C6177 
 2025      5F537461 
 2025      727400
 2026              	.LASF52:
 2027 01fe 42656570 		.ascii	"Beep\000"
 2027      00
 2028              	.LASF66:
 2029 0203 4D6F7665 		.ascii	"MovementBackward\000"
 2029      6D656E74 
 2029      4261636B 
 2029      77617264 
 2029      00
 2030              	.LASF72:
 2031 0214 4D6F7665 		.ascii	"MovementPivotRight\000"
 2031      6D656E74 
 2031      5069766F 
 2031      74526967 
 2031      687400
 2032              	.LASF0:
 2033 0227 7369676E 		.ascii	"signed char\000"
 2033      65642063 
 2033      68617200 
 2034              	.LASF7:
 2035 0233 6C6F6E67 		.ascii	"long long unsigned int\000"
 2035      206C6F6E 
ARM GAS  C:\Users\Daniel\AppData\Local\Temp\ccXmK4zb.s 			page 43


 2035      6720756E 
 2035      7369676E 
 2035      65642069 
 2036              	.LASF30:
 2037 024a 43616D65 		.ascii	"Camera_linebuffer\000"
 2037      72615F6C 
 2037      696E6562 
 2037      75666665 
 2037      7200
 2038              	.LASF8:
 2039 025c 756E7369 		.ascii	"unsigned int\000"
 2039      676E6564 
 2039      20696E74 
 2039      00
 2040              	.LASF68:
 2041 0269 4C696674 		.ascii	"LiftLvMax\000"
 2041      4C764D61 
 2041      7800
 2042              	.LASF26:
 2043 0273 73746172 		.ascii	"start\000"
 2043      7400
 2044              	.LASF3:
 2045 0279 73686F72 		.ascii	"short unsigned int\000"
 2045      7420756E 
 2045      7369676E 
 2045      65642069 
 2045      6E7400
 2046              	.LASF17:
 2047 028c 63686172 		.ascii	"char\000"
 2047      00
 2048              	.LASF69:
 2049 0291 5075636B 		.ascii	"PuckPositionToStack\000"
 2049      506F7369 
 2049      74696F6E 
 2049      546F5374 
 2049      61636B00 
 2050              	.LASF73:
 2051 02a5 474E5520 		.ascii	"GNU C 4.9.3 20150303 (release) [ARM/embedded-4_9-br"
 2051      4320342E 
 2051      392E3320 
 2051      32303135 
 2051      30333033 
 2052 02d8 616E6368 		.ascii	"anch revision 221220] -mcpu=cortex-m3 -mthumb -g -O"
 2052      20726576 
 2052      6973696F 
 2052      6E203232 
 2052      31323230 
 2053 030b 67202D66 		.ascii	"g -ffunction-sections -ffat-lto-objects\000"
 2053      66756E63 
 2053      74696F6E 
 2053      2D736563 
 2053      74696F6E 
 2054              	.LASF77:
 2055 0333 6D61696E 		.ascii	"main\000"
 2055      00
 2056              	.LASF10:
 2057 0338 696E7433 		.ascii	"int32_t\000"
ARM GAS  C:\Users\Daniel\AppData\Local\Temp\ccXmK4zb.s 			page 44


 2057      325F7400 
 2058              	.LASF28:
 2059 0340 5F426F6F 		.ascii	"_Bool\000"
 2059      6C00
 2060              	.LASF55:
 2061 0346 4C696674 		.ascii	"LiftDownReset\000"
 2061      446F776E 
 2061      52657365 
 2061      7400
 2062              	.LASF33:
 2063 0354 54696D65 		.ascii	"Timer_1_Start\000"
 2063      725F315F 
 2063      53746172 
 2063      7400
 2064              	.LASF53:
 2065 0362 4C696674 		.ascii	"LiftInital\000"
 2065      496E6974 
 2065      616C00
 2066              	.LASF35:
 2067 036d 51756164 		.ascii	"Quad_1_Start\000"
 2067      5F315F53 
 2067      74617274 
 2067      00
 2068              	.LASF18:
 2069 037a 72656738 		.ascii	"reg8\000"
 2069      00
 2070              	.LASF5:
 2071 037f 6C6F6E67 		.ascii	"long unsigned int\000"
 2071      20756E73 
 2071      69676E65 
 2071      6420696E 
 2071      7400
 2072              	.LASF43:
 2073 0391 53575F43 		.ascii	"SW_Comparator_Start\000"
 2073      6F6D7061 
 2073      7261746F 
 2073      725F5374 
 2073      61727400 
 2074              	.LASF13:
 2075 03a5 75696E74 		.ascii	"uint32\000"
 2075      333200
 2076              	.LASF37:
 2077 03ac 50574D5F 		.ascii	"PWM_Pan_Start\000"
 2077      50616E5F 
 2077      53746172 
 2077      7400
 2078              	.LASF75:
 2079 03ba 433A5C55 		.ascii	"C:\\Users\\Daniel\\Documents\\PSoC Creator\\ECE3091"
 2079      73657273 
 2079      5C44616E 
 2079      69656C5C 
 2079      446F6375 
 2080 03e8 20466173 		.ascii	" Faster V3.6\\Display.cydsn\000"
 2080      74657220 
 2080      56332E36 
 2080      5C446973 
 2080      706C6179 
ARM GAS  C:\Users\Daniel\AppData\Local\Temp\ccXmK4zb.s 			page 45


 2081              	.LASF25:
 2082 0403 62757474 		.ascii	"buttons_old\000"
 2082      6F6E735F 
 2082      6F6C6400 
 2083              	.LASF71:
 2084 040f 50616E4D 		.ascii	"PanMid\000"
 2084      696400
 2085              	.LASF58:
 2086 0416 50616E52 		.ascii	"PanRight\000"
 2086      69676874 
 2086      00
 2087              	.LASF74:
 2088 041f 2E5C6D61 		.ascii	".\\main.c\000"
 2088      696E2E63 
 2088      00
 2089              	.LASF9:
 2090 0428 5F5F696E 		.ascii	"__int32_t\000"
 2090      7433325F 
 2090      7400
 2091              	.LASF70:
 2092 0432 4C696674 		.ascii	"LiftLvN\000"
 2092      4C764E00 
 2093              	.LASF16:
 2094 043a 646F7562 		.ascii	"double\000"
 2094      6C6500
 2095              	.LASF29:
 2096 0441 49544D5F 		.ascii	"ITM_RxBuffer\000"
 2096      52784275 
 2096      66666572 
 2096      00
 2097              	.LASF65:
 2098 044e 4D6F7665 		.ascii	"MoveAlign\000"
 2098      416C6967 
 2098      6E00
 2099              	.LASF47:
 2100 0458 43794465 		.ascii	"CyDelay\000"
 2100      6C617900 
 2101              	.LASF49:
 2102 0460 43616D65 		.ascii	"Camera_SetBlankTime\000"
 2102      72615F53 
 2102      6574426C 
 2102      616E6B54 
 2102      696D6500 
 2103              		.ident	"GCC: (GNU Tools for ARM Embedded Processors) 4.9.3 20150303 (release) [ARM/embedded-4_9-br
