ARM GAS  C:\Users\Daniel\AppData\Local\Temp\cc7sKJ8e.s 			page 1


   1              		.syntax unified
   2              		.cpu cortex-m3
   3              		.fpu softvfp
   4              		.eabi_attribute 20, 1
   5              		.eabi_attribute 21, 1
   6              		.eabi_attribute 23, 3
   7              		.eabi_attribute 24, 1
   8              		.eabi_attribute 25, 1
   9              		.eabi_attribute 26, 1
  10              		.eabi_attribute 30, 1
  11              		.eabi_attribute 34, 1
  12              		.eabi_attribute 18, 4
  13              		.thumb
  14              		.file	"pwm_functions.c"
  15              		.text
  16              	.Ltext0:
  17              		.cfi_sections	.debug_frame
  18              		.section	.text.ClawOpen,"ax",%progbits
  19              		.align	2
  20              		.global	ClawOpen
  21              		.thumb
  22              		.thumb_func
  23              		.type	ClawOpen, %function
  24              	ClawOpen:
  25              	.LFB63:
  26              		.file 1 ".\\pwm_functions.c"
   1:.\pwm_functions.c **** /*
   2:.\pwm_functions.c ****  * Copyright @Pucktacular, 2016
   3:.\pwm_functions.c ****  * @Matt Gebert, Daniel Hranilovic & Kevin Duxbury
   4:.\pwm_functions.c ****  * All Rights Reserved
   5:.\pwm_functions.c ****  * UNPUBLISHED, LICENSED SOFTWARE.
   6:.\pwm_functions.c ****  *
   7:.\pwm_functions.c ****  * CONFIDENTIAL AND PROPRIETARY INFORMATION
   8:.\pwm_functions.c ****  * WHICH IS THE PROPERTY OF your company.
   9:.\pwm_functions.c ****  *
  10:.\pwm_functions.c ****  * ========================================
  11:.\pwm_functions.c **** */
  12:.\pwm_functions.c **** #include <project.h>
  13:.\pwm_functions.c **** #include "pwm_functions.h"
  14:.\pwm_functions.c **** /*
  15:.\pwm_functions.c **** Important information
  16:.\pwm_functions.c ****     The PWM Channels to the Microservers run on a 20ms period.
  17:.\pwm_functions.c ****     To Achieve accuracy in the pwm duty width, we use a freq much higher than this.
  18:.\pwm_functions.c ****     Thereby we have 2000 counts at 100kHz.
  19:.\pwm_functions.c ****     Cycles:
  20:.\pwm_functions.c ****         max = 200;  eg cam left (bot perspective) or tilt face down
  21:.\pwm_functions.c ****         halfway = 125;
  22:.\pwm_functions.c ****         zerodegrees = 50;  eg cam right (bot perspective) or tilt face up
  23:.\pwm_functions.c **** */
  24:.\pwm_functions.c ****         
  25:.\pwm_functions.c **** uint8 max = 200;
  26:.\pwm_functions.c **** uint8 halfway = 125;
  27:.\pwm_functions.c **** uint8 zerodegrees = 50;
  28:.\pwm_functions.c **** 
  29:.\pwm_functions.c **** void ClawOpen() {
  27              		.loc 1 29 0
  28              		.cfi_startproc
ARM GAS  C:\Users\Daniel\AppData\Local\Temp\cc7sKJ8e.s 			page 2


  29              		@ args = 0, pretend = 0, frame = 0
  30              		@ frame_needed = 0, uses_anonymous_args = 0
  31 0000 08B5     		push	{r3, lr}
  32              		.cfi_def_cfa_offset 8
  33              		.cfi_offset 3, -8
  34              		.cfi_offset 14, -4
  30:.\pwm_functions.c ****    PWM_Claw_WriteCompare(80);
  35              		.loc 1 30 0
  36 0002 5020     		movs	r0, #80
  37 0004 FFF7FEFF 		bl	PWM_Claw_WriteCompare
  38              	.LVL0:
  39 0008 08BD     		pop	{r3, pc}
  40              		.cfi_endproc
  41              	.LFE63:
  42              		.size	ClawOpen, .-ClawOpen
  43 000a 00BF     		.section	.text.ClawClose,"ax",%progbits
  44              		.align	2
  45              		.global	ClawClose
  46              		.thumb
  47              		.thumb_func
  48              		.type	ClawClose, %function
  49              	ClawClose:
  50              	.LFB64:
  31:.\pwm_functions.c **** }
  32:.\pwm_functions.c **** 
  33:.\pwm_functions.c **** void ClawClose() {
  51              		.loc 1 33 0
  52              		.cfi_startproc
  53              		@ args = 0, pretend = 0, frame = 0
  54              		@ frame_needed = 0, uses_anonymous_args = 0
  55 0000 08B5     		push	{r3, lr}
  56              		.cfi_def_cfa_offset 8
  57              		.cfi_offset 3, -8
  58              		.cfi_offset 14, -4
  34:.\pwm_functions.c ****    PWM_Claw_WriteCompare(50);
  59              		.loc 1 34 0
  60 0002 3220     		movs	r0, #50
  61 0004 FFF7FEFF 		bl	PWM_Claw_WriteCompare
  62              	.LVL1:
  63 0008 08BD     		pop	{r3, pc}
  64              		.cfi_endproc
  65              	.LFE64:
  66              		.size	ClawClose, .-ClawClose
  67 000a 00BF     		.section	.text.ClawHalf,"ax",%progbits
  68              		.align	2
  69              		.global	ClawHalf
  70              		.thumb
  71              		.thumb_func
  72              		.type	ClawHalf, %function
  73              	ClawHalf:
  74              	.LFB65:
  35:.\pwm_functions.c **** }
  36:.\pwm_functions.c **** 
  37:.\pwm_functions.c **** void ClawHalf(){
  75              		.loc 1 37 0
  76              		.cfi_startproc
  77              		@ args = 0, pretend = 0, frame = 0
ARM GAS  C:\Users\Daniel\AppData\Local\Temp\cc7sKJ8e.s 			page 3


  78              		@ frame_needed = 0, uses_anonymous_args = 0
  79 0000 08B5     		push	{r3, lr}
  80              		.cfi_def_cfa_offset 8
  81              		.cfi_offset 3, -8
  82              		.cfi_offset 14, -4
  38:.\pwm_functions.c ****    PWM_Claw_WriteCompare(65);
  83              		.loc 1 38 0
  84 0002 4120     		movs	r0, #65
  85 0004 FFF7FEFF 		bl	PWM_Claw_WriteCompare
  86              	.LVL2:
  87 0008 08BD     		pop	{r3, pc}
  88              		.cfi_endproc
  89              	.LFE65:
  90              		.size	ClawHalf, .-ClawHalf
  91 000a 00BF     		.section	.text.TiltUp,"ax",%progbits
  92              		.align	2
  93              		.global	TiltUp
  94              		.thumb
  95              		.thumb_func
  96              		.type	TiltUp, %function
  97              	TiltUp:
  98              	.LFB66:
  39:.\pwm_functions.c **** }
  40:.\pwm_functions.c **** 
  41:.\pwm_functions.c **** void TiltUp(){
  99              		.loc 1 41 0
 100              		.cfi_startproc
 101              		@ args = 0, pretend = 0, frame = 0
 102              		@ frame_needed = 0, uses_anonymous_args = 0
 103 0000 08B5     		push	{r3, lr}
 104              		.cfi_def_cfa_offset 8
 105              		.cfi_offset 3, -8
 106              		.cfi_offset 14, -4
  42:.\pwm_functions.c ****     PWM_Tilt_WriteCompare(zerodegrees);
 107              		.loc 1 42 0
 108 0002 024B     		ldr	r3, .L9
 109 0004 1878     		ldrb	r0, [r3]	@ zero_extendqisi2
 110 0006 FFF7FEFF 		bl	PWM_Tilt_WriteCompare
 111              	.LVL3:
 112 000a 08BD     		pop	{r3, pc}
 113              	.L10:
 114              		.align	2
 115              	.L9:
 116 000c 00000000 		.word	.LANCHOR0
 117              		.cfi_endproc
 118              	.LFE66:
 119              		.size	TiltUp, .-TiltUp
 120              		.section	.text.TiltStraight,"ax",%progbits
 121              		.align	2
 122              		.global	TiltStraight
 123              		.thumb
 124              		.thumb_func
 125              		.type	TiltStraight, %function
 126              	TiltStraight:
 127              	.LFB67:
  43:.\pwm_functions.c **** }
  44:.\pwm_functions.c **** void TiltStraight(){
ARM GAS  C:\Users\Daniel\AppData\Local\Temp\cc7sKJ8e.s 			page 4


 128              		.loc 1 44 0
 129              		.cfi_startproc
 130              		@ args = 0, pretend = 0, frame = 0
 131              		@ frame_needed = 0, uses_anonymous_args = 0
 132 0000 08B5     		push	{r3, lr}
 133              		.cfi_def_cfa_offset 8
 134              		.cfi_offset 3, -8
 135              		.cfi_offset 14, -4
  45:.\pwm_functions.c ****     PWM_Tilt_WriteCompare(halfway);
 136              		.loc 1 45 0
 137 0002 024B     		ldr	r3, .L13
 138 0004 5878     		ldrb	r0, [r3, #1]	@ zero_extendqisi2
 139 0006 FFF7FEFF 		bl	PWM_Tilt_WriteCompare
 140              	.LVL4:
 141 000a 08BD     		pop	{r3, pc}
 142              	.L14:
 143              		.align	2
 144              	.L13:
 145 000c 00000000 		.word	.LANCHOR0
 146              		.cfi_endproc
 147              	.LFE67:
 148              		.size	TiltStraight, .-TiltStraight
 149              		.section	.text.TiltDown,"ax",%progbits
 150              		.align	2
 151              		.global	TiltDown
 152              		.thumb
 153              		.thumb_func
 154              		.type	TiltDown, %function
 155              	TiltDown:
 156              	.LFB68:
  46:.\pwm_functions.c **** }
  47:.\pwm_functions.c **** void TiltDown(){
 157              		.loc 1 47 0
 158              		.cfi_startproc
 159              		@ args = 0, pretend = 0, frame = 0
 160              		@ frame_needed = 0, uses_anonymous_args = 0
 161 0000 08B5     		push	{r3, lr}
 162              		.cfi_def_cfa_offset 8
 163              		.cfi_offset 3, -8
 164              		.cfi_offset 14, -4
  48:.\pwm_functions.c ****     PWM_Tilt_WriteCompare(max);
 165              		.loc 1 48 0
 166 0002 024B     		ldr	r3, .L17
 167 0004 9878     		ldrb	r0, [r3, #2]	@ zero_extendqisi2
 168 0006 FFF7FEFF 		bl	PWM_Tilt_WriteCompare
 169              	.LVL5:
 170 000a 08BD     		pop	{r3, pc}
 171              	.L18:
 172              		.align	2
 173              	.L17:
 174 000c 00000000 		.word	.LANCHOR0
 175              		.cfi_endproc
 176              	.LFE68:
 177              		.size	TiltDown, .-TiltDown
 178              		.section	.text.TiltDown45,"ax",%progbits
 179              		.align	2
 180              		.global	TiltDown45
ARM GAS  C:\Users\Daniel\AppData\Local\Temp\cc7sKJ8e.s 			page 5


 181              		.thumb
 182              		.thumb_func
 183              		.type	TiltDown45, %function
 184              	TiltDown45:
 185              	.LFB69:
  49:.\pwm_functions.c **** }
  50:.\pwm_functions.c **** void TiltDown45(){
 186              		.loc 1 50 0
 187              		.cfi_startproc
 188              		@ args = 0, pretend = 0, frame = 0
 189              		@ frame_needed = 0, uses_anonymous_args = 0
 190 0000 08B5     		push	{r3, lr}
 191              		.cfi_def_cfa_offset 8
 192              		.cfi_offset 3, -8
 193              		.cfi_offset 14, -4
  51:.\pwm_functions.c ****     PWM_Tilt_WriteCompare(162);
 194              		.loc 1 51 0
 195 0002 A220     		movs	r0, #162
 196 0004 FFF7FEFF 		bl	PWM_Tilt_WriteCompare
 197              	.LVL6:
 198 0008 08BD     		pop	{r3, pc}
 199              		.cfi_endproc
 200              	.LFE69:
 201              		.size	TiltDown45, .-TiltDown45
 202 000a 00BF     		.section	.text.PanRight,"ax",%progbits
 203              		.align	2
 204              		.global	PanRight
 205              		.thumb
 206              		.thumb_func
 207              		.type	PanRight, %function
 208              	PanRight:
 209              	.LFB70:
  52:.\pwm_functions.c **** }
  53:.\pwm_functions.c **** 
  54:.\pwm_functions.c **** void PanRight(){
 210              		.loc 1 54 0
 211              		.cfi_startproc
 212              		@ args = 0, pretend = 0, frame = 0
 213              		@ frame_needed = 0, uses_anonymous_args = 0
 214 0000 08B5     		push	{r3, lr}
 215              		.cfi_def_cfa_offset 8
 216              		.cfi_offset 3, -8
 217              		.cfi_offset 14, -4
  55:.\pwm_functions.c ****     TiltUp();   
 218              		.loc 1 55 0
 219 0002 FFF7FEFF 		bl	TiltUp
 220              	.LVL7:
  56:.\pwm_functions.c ****     CyDelay(400);
 221              		.loc 1 56 0
 222 0006 4FF4C870 		mov	r0, #400
 223 000a FFF7FEFF 		bl	CyDelay
 224              	.LVL8:
  57:.\pwm_functions.c ****     PWM_Pan_WriteCompare(zerodegrees);
 225              		.loc 1 57 0
 226 000e 024B     		ldr	r3, .L23
 227 0010 1878     		ldrb	r0, [r3]	@ zero_extendqisi2
 228 0012 FFF7FEFF 		bl	PWM_Pan_WriteCompare
ARM GAS  C:\Users\Daniel\AppData\Local\Temp\cc7sKJ8e.s 			page 6


 229              	.LVL9:
 230 0016 08BD     		pop	{r3, pc}
 231              	.L24:
 232              		.align	2
 233              	.L23:
 234 0018 00000000 		.word	.LANCHOR0
 235              		.cfi_endproc
 236              	.LFE70:
 237              		.size	PanRight, .-PanRight
 238              		.section	.text.PanMid,"ax",%progbits
 239              		.align	2
 240              		.global	PanMid
 241              		.thumb
 242              		.thumb_func
 243              		.type	PanMid, %function
 244              	PanMid:
 245              	.LFB71:
  58:.\pwm_functions.c **** }
  59:.\pwm_functions.c **** void PanMid(){
 246              		.loc 1 59 0
 247              		.cfi_startproc
 248              		@ args = 0, pretend = 0, frame = 0
 249              		@ frame_needed = 0, uses_anonymous_args = 0
 250 0000 08B5     		push	{r3, lr}
 251              		.cfi_def_cfa_offset 8
 252              		.cfi_offset 3, -8
 253              		.cfi_offset 14, -4
  60:.\pwm_functions.c ****     PWM_Pan_WriteCompare(120); //Halfway 125 was too much.
 254              		.loc 1 60 0
 255 0002 7820     		movs	r0, #120
 256 0004 FFF7FEFF 		bl	PWM_Pan_WriteCompare
 257              	.LVL10:
 258 0008 08BD     		pop	{r3, pc}
 259              		.cfi_endproc
 260              	.LFE71:
 261              		.size	PanMid, .-PanMid
 262              		.global	zerodegrees
 263              		.global	halfway
 264              		.global	max
 265              		.comm	Camera_linebuffer,640,4
 266 000a 00BF     		.data
 267              		.set	.LANCHOR0,. + 0
 268              		.type	zerodegrees, %object
 269              		.size	zerodegrees, 1
 270              	zerodegrees:
 271 0000 32       		.byte	50
 272              		.type	halfway, %object
 273              		.size	halfway, 1
 274              	halfway:
 275 0001 7D       		.byte	125
 276              		.type	max, %object
 277              		.size	max, 1
 278              	max:
 279 0002 C8       		.byte	-56
 280              		.text
 281              	.Letext0:
 282              		.file 2 "c:\\program files (x86)\\cypress\\psoc creator\\3.3\\psoc creator\\import\\gnu\\arm\\4.9.
ARM GAS  C:\Users\Daniel\AppData\Local\Temp\cc7sKJ8e.s 			page 7


 283              		.file 3 "c:\\program files (x86)\\cypress\\psoc creator\\3.3\\psoc creator\\import\\gnu\\arm\\4.9.
 284              		.file 4 "Generated_Source\\PSoC5/cytypes.h"
 285              		.file 5 "Generated_Source\\PSoC5/core_cm3.h"
 286              		.file 6 "Generated_Source\\PSoC5/Camera.h"
 287              		.file 7 "Generated_Source\\PSoC5/PWM_Claw.h"
 288              		.file 8 "Generated_Source\\PSoC5/PWM_Tilt.h"
 289              		.file 9 "Generated_Source\\PSoC5/CyLib.h"
 290              		.file 10 "Generated_Source\\PSoC5/PWM_Pan.h"
 291              		.section	.debug_info,"",%progbits
 292              	.Ldebug_info0:
 293 0000 BB020000 		.4byte	0x2bb
 294 0004 0400     		.2byte	0x4
 295 0006 00000000 		.4byte	.Ldebug_abbrev0
 296 000a 04       		.byte	0x4
 297 000b 01       		.uleb128 0x1
 298 000c D1000000 		.4byte	.LASF34
 299 0010 01       		.byte	0x1
 300 0011 B1000000 		.4byte	.LASF35
 301 0015 BF010000 		.4byte	.LASF36
 302 0019 00000000 		.4byte	.Ldebug_ranges0+0
 303 001d 00000000 		.4byte	0
 304 0021 00000000 		.4byte	.Ldebug_line0
 305 0025 02       		.uleb128 0x2
 306 0026 01       		.byte	0x1
 307 0027 06       		.byte	0x6
 308 0028 54020000 		.4byte	.LASF0
 309 002c 02       		.uleb128 0x2
 310 002d 01       		.byte	0x1
 311 002e 08       		.byte	0x8
 312 002f 3B000000 		.4byte	.LASF1
 313 0033 02       		.uleb128 0x2
 314 0034 02       		.byte	0x2
 315 0035 05       		.byte	0x5
 316 0036 06020000 		.4byte	.LASF2
 317 003a 02       		.uleb128 0x2
 318 003b 02       		.byte	0x2
 319 003c 07       		.byte	0x7
 320 003d 50000000 		.4byte	.LASF3
 321 0041 03       		.uleb128 0x3
 322 0042 00000000 		.4byte	.LASF9
 323 0046 02       		.byte	0x2
 324 0047 3F       		.byte	0x3f
 325 0048 4C000000 		.4byte	0x4c
 326 004c 02       		.uleb128 0x2
 327 004d 04       		.byte	0x4
 328 004e 05       		.byte	0x5
 329 004f 1F020000 		.4byte	.LASF4
 330 0053 02       		.uleb128 0x2
 331 0054 04       		.byte	0x4
 332 0055 07       		.byte	0x7
 333 0056 9F000000 		.4byte	.LASF5
 334 005a 02       		.uleb128 0x2
 335 005b 08       		.byte	0x8
 336 005c 05       		.byte	0x5
 337 005d A3010000 		.4byte	.LASF6
 338 0061 02       		.uleb128 0x2
 339 0062 08       		.byte	0x8
ARM GAS  C:\Users\Daniel\AppData\Local\Temp\cc7sKJ8e.s 			page 8


 340 0063 07       		.byte	0x7
 341 0064 68010000 		.4byte	.LASF7
 342 0068 04       		.uleb128 0x4
 343 0069 04       		.byte	0x4
 344 006a 05       		.byte	0x5
 345 006b 696E7400 		.ascii	"int\000"
 346 006f 02       		.uleb128 0x2
 347 0070 04       		.byte	0x4
 348 0071 07       		.byte	0x7
 349 0072 0A000000 		.4byte	.LASF8
 350 0076 03       		.uleb128 0x3
 351 0077 88010000 		.4byte	.LASF10
 352 007b 03       		.byte	0x3
 353 007c 2C       		.byte	0x2c
 354 007d 41000000 		.4byte	0x41
 355 0081 05       		.uleb128 0x5
 356 0082 10020000 		.4byte	.LASF11
 357 0086 04       		.byte	0x4
 358 0087 9201     		.2byte	0x192
 359 0089 2C000000 		.4byte	0x2c
 360 008d 05       		.uleb128 0x5
 361 008e C3000000 		.4byte	.LASF12
 362 0092 04       		.byte	0x4
 363 0093 9301     		.2byte	0x193
 364 0095 3A000000 		.4byte	0x3a
 365 0099 05       		.uleb128 0x5
 366 009a CA000000 		.4byte	.LASF13
 367 009e 04       		.byte	0x4
 368 009f 9401     		.2byte	0x194
 369 00a1 53000000 		.4byte	0x53
 370 00a5 02       		.uleb128 0x2
 371 00a6 04       		.byte	0x4
 372 00a7 04       		.byte	0x4
 373 00a8 35000000 		.4byte	.LASF14
 374 00ac 02       		.uleb128 0x2
 375 00ad 08       		.byte	0x8
 376 00ae 04       		.byte	0x4
 377 00af 60020000 		.4byte	.LASF15
 378 00b3 02       		.uleb128 0x2
 379 00b4 01       		.byte	0x1
 380 00b5 08       		.byte	0x8
 381 00b6 B1010000 		.4byte	.LASF16
 382 00ba 02       		.uleb128 0x2
 383 00bb 04       		.byte	0x4
 384 00bc 07       		.byte	0x7
 385 00bd 90010000 		.4byte	.LASF17
 386 00c1 06       		.uleb128 0x6
 387 00c2 B6010000 		.4byte	.LASF18
 388 00c6 01       		.byte	0x1
 389 00c7 1D       		.byte	0x1d
 390 00c8 00000000 		.4byte	.LFB63
 391 00cc 0A000000 		.4byte	.LFE63-.LFB63
 392 00d0 01       		.uleb128 0x1
 393 00d1 9C       		.byte	0x9c
 394 00d2 E7000000 		.4byte	0xe7
 395 00d6 07       		.uleb128 0x7
 396 00d7 08000000 		.4byte	.LVL0
ARM GAS  C:\Users\Daniel\AppData\Local\Temp\cc7sKJ8e.s 			page 9


 397 00db 7E020000 		.4byte	0x27e
 398 00df 08       		.uleb128 0x8
 399 00e0 01       		.uleb128 0x1
 400 00e1 50       		.byte	0x50
 401 00e2 02       		.uleb128 0x2
 402 00e3 08       		.byte	0x8
 403 00e4 50       		.byte	0x50
 404 00e5 00       		.byte	0
 405 00e6 00       		.byte	0
 406 00e7 06       		.uleb128 0x6
 407 00e8 99010000 		.4byte	.LASF19
 408 00ec 01       		.byte	0x1
 409 00ed 21       		.byte	0x21
 410 00ee 00000000 		.4byte	.LFB64
 411 00f2 0A000000 		.4byte	.LFE64-.LFB64
 412 00f6 01       		.uleb128 0x1
 413 00f7 9C       		.byte	0x9c
 414 00f8 0D010000 		.4byte	0x10d
 415 00fc 07       		.uleb128 0x7
 416 00fd 08000000 		.4byte	.LVL1
 417 0101 7E020000 		.4byte	0x27e
 418 0105 08       		.uleb128 0x8
 419 0106 01       		.uleb128 0x1
 420 0107 50       		.byte	0x50
 421 0108 02       		.uleb128 0x2
 422 0109 08       		.byte	0x8
 423 010a 32       		.byte	0x32
 424 010b 00       		.byte	0
 425 010c 00       		.byte	0
 426 010d 06       		.uleb128 0x6
 427 010e 7F010000 		.4byte	.LASF20
 428 0112 01       		.byte	0x1
 429 0113 25       		.byte	0x25
 430 0114 00000000 		.4byte	.LFB65
 431 0118 0A000000 		.4byte	.LFE65-.LFB65
 432 011c 01       		.uleb128 0x1
 433 011d 9C       		.byte	0x9c
 434 011e 33010000 		.4byte	0x133
 435 0122 07       		.uleb128 0x7
 436 0123 08000000 		.4byte	.LVL2
 437 0127 7E020000 		.4byte	0x27e
 438 012b 08       		.uleb128 0x8
 439 012c 01       		.uleb128 0x1
 440 012d 50       		.byte	0x50
 441 012e 02       		.uleb128 0x2
 442 012f 08       		.byte	0x8
 443 0130 41       		.byte	0x41
 444 0131 00       		.byte	0
 445 0132 00       		.byte	0
 446 0133 06       		.uleb128 0x6
 447 0134 23000000 		.4byte	.LASF21
 448 0138 01       		.byte	0x1
 449 0139 29       		.byte	0x29
 450 013a 00000000 		.4byte	.LFB66
 451 013e 10000000 		.4byte	.LFE66-.LFB66
 452 0142 01       		.uleb128 0x1
 453 0143 9C       		.byte	0x9c
ARM GAS  C:\Users\Daniel\AppData\Local\Temp\cc7sKJ8e.s 			page 10


 454 0144 52010000 		.4byte	0x152
 455 0148 09       		.uleb128 0x9
 456 0149 0A000000 		.4byte	.LVL3
 457 014d 8F020000 		.4byte	0x28f
 458 0151 00       		.byte	0
 459 0152 06       		.uleb128 0x6
 460 0153 6F020000 		.4byte	.LASF22
 461 0157 01       		.byte	0x1
 462 0158 2C       		.byte	0x2c
 463 0159 00000000 		.4byte	.LFB67
 464 015d 10000000 		.4byte	.LFE67-.LFB67
 465 0161 01       		.uleb128 0x1
 466 0162 9C       		.byte	0x9c
 467 0163 71010000 		.4byte	0x171
 468 0167 09       		.uleb128 0x9
 469 0168 0A000000 		.4byte	.LVL4
 470 016c 8F020000 		.4byte	0x28f
 471 0170 00       		.byte	0
 472 0171 06       		.uleb128 0x6
 473 0172 16020000 		.4byte	.LASF23
 474 0176 01       		.byte	0x1
 475 0177 2F       		.byte	0x2f
 476 0178 00000000 		.4byte	.LFB68
 477 017c 10000000 		.4byte	.LFE68-.LFB68
 478 0180 01       		.uleb128 0x1
 479 0181 9C       		.byte	0x9c
 480 0182 90010000 		.4byte	0x190
 481 0186 09       		.uleb128 0x9
 482 0187 0A000000 		.4byte	.LVL5
 483 018b 8F020000 		.4byte	0x28f
 484 018f 00       		.byte	0
 485 0190 06       		.uleb128 0x6
 486 0191 2A000000 		.4byte	.LASF24
 487 0195 01       		.byte	0x1
 488 0196 32       		.byte	0x32
 489 0197 00000000 		.4byte	.LFB69
 490 019b 0A000000 		.4byte	.LFE69-.LFB69
 491 019f 01       		.uleb128 0x1
 492 01a0 9C       		.byte	0x9c
 493 01a1 B6010000 		.4byte	0x1b6
 494 01a5 07       		.uleb128 0x7
 495 01a6 08000000 		.4byte	.LVL6
 496 01aa 8F020000 		.4byte	0x28f
 497 01ae 08       		.uleb128 0x8
 498 01af 01       		.uleb128 0x1
 499 01b0 50       		.byte	0x50
 500 01b1 02       		.uleb128 0x2
 501 01b2 08       		.byte	0x8
 502 01b3 A2       		.byte	0xa2
 503 01b4 00       		.byte	0
 504 01b5 00       		.byte	0
 505 01b6 06       		.uleb128 0x6
 506 01b7 5F010000 		.4byte	.LASF25
 507 01bb 01       		.byte	0x1
 508 01bc 36       		.byte	0x36
 509 01bd 00000000 		.4byte	.LFB70
 510 01c1 1C000000 		.4byte	.LFE70-.LFB70
ARM GAS  C:\Users\Daniel\AppData\Local\Temp\cc7sKJ8e.s 			page 11


 511 01c5 01       		.uleb128 0x1
 512 01c6 9C       		.byte	0x9c
 513 01c7 F3010000 		.4byte	0x1f3
 514 01cb 09       		.uleb128 0x9
 515 01cc 06000000 		.4byte	.LVL7
 516 01d0 33010000 		.4byte	0x133
 517 01d4 0A       		.uleb128 0xa
 518 01d5 0E000000 		.4byte	.LVL8
 519 01d9 A0020000 		.4byte	0x2a0
 520 01dd E9010000 		.4byte	0x1e9
 521 01e1 08       		.uleb128 0x8
 522 01e2 01       		.uleb128 0x1
 523 01e3 50       		.byte	0x50
 524 01e4 03       		.uleb128 0x3
 525 01e5 0A       		.byte	0xa
 526 01e6 9001     		.2byte	0x190
 527 01e8 00       		.byte	0
 528 01e9 09       		.uleb128 0x9
 529 01ea 16000000 		.4byte	.LVL9
 530 01ee B1020000 		.4byte	0x2b1
 531 01f2 00       		.byte	0
 532 01f3 06       		.uleb128 0x6
 533 01f4 49000000 		.4byte	.LASF26
 534 01f8 01       		.byte	0x1
 535 01f9 3B       		.byte	0x3b
 536 01fa 00000000 		.4byte	.LFB71
 537 01fe 0A000000 		.4byte	.LFE71-.LFB71
 538 0202 01       		.uleb128 0x1
 539 0203 9C       		.byte	0x9c
 540 0204 19020000 		.4byte	0x219
 541 0208 07       		.uleb128 0x7
 542 0209 08000000 		.4byte	.LVL10
 543 020d B1020000 		.4byte	0x2b1
 544 0211 08       		.uleb128 0x8
 545 0212 01       		.uleb128 0x1
 546 0213 50       		.byte	0x50
 547 0214 02       		.uleb128 0x2
 548 0215 08       		.byte	0x8
 549 0216 78       		.byte	0x78
 550 0217 00       		.byte	0
 551 0218 00       		.byte	0
 552 0219 0B       		.uleb128 0xb
 553 021a 80000000 		.4byte	.LASF27
 554 021e 05       		.byte	0x5
 555 021f 9606     		.2byte	0x696
 556 0221 25020000 		.4byte	0x225
 557 0225 0C       		.uleb128 0xc
 558 0226 76000000 		.4byte	0x76
 559 022a 0D       		.uleb128 0xd
 560 022b 99000000 		.4byte	0x99
 561 022f 3A020000 		.4byte	0x23a
 562 0233 0E       		.uleb128 0xe
 563 0234 BA000000 		.4byte	0xba
 564 0238 9F       		.byte	0x9f
 565 0239 00       		.byte	0
 566 023a 0F       		.uleb128 0xf
 567 023b 8D000000 		.4byte	.LASF28
ARM GAS  C:\Users\Daniel\AppData\Local\Temp\cc7sKJ8e.s 			page 12


 568 023f 06       		.byte	0x6
 569 0240 13       		.byte	0x13
 570 0241 2A020000 		.4byte	0x22a
 571 0245 05       		.uleb128 0x5
 572 0246 03       		.byte	0x3
 573 0247 00000000 		.4byte	Camera_linebuffer
 574 024b 10       		.uleb128 0x10
 575 024c 6D617800 		.ascii	"max\000"
 576 0250 01       		.byte	0x1
 577 0251 19       		.byte	0x19
 578 0252 81000000 		.4byte	0x81
 579 0256 05       		.uleb128 0x5
 580 0257 03       		.byte	0x3
 581 0258 00000000 		.4byte	max
 582 025c 0F       		.uleb128 0xf
 583 025d 63000000 		.4byte	.LASF29
 584 0261 01       		.byte	0x1
 585 0262 1A       		.byte	0x1a
 586 0263 81000000 		.4byte	0x81
 587 0267 05       		.uleb128 0x5
 588 0268 03       		.byte	0x3
 589 0269 00000000 		.4byte	halfway
 590 026d 0F       		.uleb128 0xf
 591 026e 17000000 		.4byte	.LASF30
 592 0272 01       		.byte	0x1
 593 0273 1B       		.byte	0x1b
 594 0274 81000000 		.4byte	0x81
 595 0278 05       		.uleb128 0x5
 596 0279 03       		.byte	0x3
 597 027a 00000000 		.4byte	zerodegrees
 598 027e 11       		.uleb128 0x11
 599 027f 28020000 		.4byte	.LASF31
 600 0283 07       		.byte	0x7
 601 0284 C3       		.byte	0xc3
 602 0285 8F020000 		.4byte	0x28f
 603 0289 12       		.uleb128 0x12
 604 028a 8D000000 		.4byte	0x8d
 605 028e 00       		.byte	0
 606 028f 11       		.uleb128 0x11
 607 0290 3E020000 		.4byte	.LASF32
 608 0294 08       		.byte	0x8
 609 0295 C3       		.byte	0xc3
 610 0296 A0020000 		.4byte	0x2a0
 611 029a 12       		.uleb128 0x12
 612 029b 8D000000 		.4byte	0x8d
 613 029f 00       		.byte	0
 614 02a0 11       		.uleb128 0x11
 615 02a1 67020000 		.4byte	.LASF33
 616 02a5 09       		.byte	0x9
 617 02a6 76       		.byte	0x76
 618 02a7 B1020000 		.4byte	0x2b1
 619 02ab 12       		.uleb128 0x12
 620 02ac 99000000 		.4byte	0x99
 621 02b0 00       		.byte	0
 622 02b1 13       		.uleb128 0x13
 623 02b2 6B000000 		.4byte	.LASF37
 624 02b6 0A       		.byte	0xa
ARM GAS  C:\Users\Daniel\AppData\Local\Temp\cc7sKJ8e.s 			page 13


 625 02b7 C3       		.byte	0xc3
 626 02b8 12       		.uleb128 0x12
 627 02b9 8D000000 		.4byte	0x8d
 628 02bd 00       		.byte	0
 629 02be 00       		.byte	0
 630              		.section	.debug_abbrev,"",%progbits
 631              	.Ldebug_abbrev0:
 632 0000 01       		.uleb128 0x1
 633 0001 11       		.uleb128 0x11
 634 0002 01       		.byte	0x1
 635 0003 25       		.uleb128 0x25
 636 0004 0E       		.uleb128 0xe
 637 0005 13       		.uleb128 0x13
 638 0006 0B       		.uleb128 0xb
 639 0007 03       		.uleb128 0x3
 640 0008 0E       		.uleb128 0xe
 641 0009 1B       		.uleb128 0x1b
 642 000a 0E       		.uleb128 0xe
 643 000b 55       		.uleb128 0x55
 644 000c 17       		.uleb128 0x17
 645 000d 11       		.uleb128 0x11
 646 000e 01       		.uleb128 0x1
 647 000f 10       		.uleb128 0x10
 648 0010 17       		.uleb128 0x17
 649 0011 00       		.byte	0
 650 0012 00       		.byte	0
 651 0013 02       		.uleb128 0x2
 652 0014 24       		.uleb128 0x24
 653 0015 00       		.byte	0
 654 0016 0B       		.uleb128 0xb
 655 0017 0B       		.uleb128 0xb
 656 0018 3E       		.uleb128 0x3e
 657 0019 0B       		.uleb128 0xb
 658 001a 03       		.uleb128 0x3
 659 001b 0E       		.uleb128 0xe
 660 001c 00       		.byte	0
 661 001d 00       		.byte	0
 662 001e 03       		.uleb128 0x3
 663 001f 16       		.uleb128 0x16
 664 0020 00       		.byte	0
 665 0021 03       		.uleb128 0x3
 666 0022 0E       		.uleb128 0xe
 667 0023 3A       		.uleb128 0x3a
 668 0024 0B       		.uleb128 0xb
 669 0025 3B       		.uleb128 0x3b
 670 0026 0B       		.uleb128 0xb
 671 0027 49       		.uleb128 0x49
 672 0028 13       		.uleb128 0x13
 673 0029 00       		.byte	0
 674 002a 00       		.byte	0
 675 002b 04       		.uleb128 0x4
 676 002c 24       		.uleb128 0x24
 677 002d 00       		.byte	0
 678 002e 0B       		.uleb128 0xb
 679 002f 0B       		.uleb128 0xb
 680 0030 3E       		.uleb128 0x3e
 681 0031 0B       		.uleb128 0xb
ARM GAS  C:\Users\Daniel\AppData\Local\Temp\cc7sKJ8e.s 			page 14


 682 0032 03       		.uleb128 0x3
 683 0033 08       		.uleb128 0x8
 684 0034 00       		.byte	0
 685 0035 00       		.byte	0
 686 0036 05       		.uleb128 0x5
 687 0037 16       		.uleb128 0x16
 688 0038 00       		.byte	0
 689 0039 03       		.uleb128 0x3
 690 003a 0E       		.uleb128 0xe
 691 003b 3A       		.uleb128 0x3a
 692 003c 0B       		.uleb128 0xb
 693 003d 3B       		.uleb128 0x3b
 694 003e 05       		.uleb128 0x5
 695 003f 49       		.uleb128 0x49
 696 0040 13       		.uleb128 0x13
 697 0041 00       		.byte	0
 698 0042 00       		.byte	0
 699 0043 06       		.uleb128 0x6
 700 0044 2E       		.uleb128 0x2e
 701 0045 01       		.byte	0x1
 702 0046 3F       		.uleb128 0x3f
 703 0047 19       		.uleb128 0x19
 704 0048 03       		.uleb128 0x3
 705 0049 0E       		.uleb128 0xe
 706 004a 3A       		.uleb128 0x3a
 707 004b 0B       		.uleb128 0xb
 708 004c 3B       		.uleb128 0x3b
 709 004d 0B       		.uleb128 0xb
 710 004e 11       		.uleb128 0x11
 711 004f 01       		.uleb128 0x1
 712 0050 12       		.uleb128 0x12
 713 0051 06       		.uleb128 0x6
 714 0052 40       		.uleb128 0x40
 715 0053 18       		.uleb128 0x18
 716 0054 9742     		.uleb128 0x2117
 717 0056 19       		.uleb128 0x19
 718 0057 01       		.uleb128 0x1
 719 0058 13       		.uleb128 0x13
 720 0059 00       		.byte	0
 721 005a 00       		.byte	0
 722 005b 07       		.uleb128 0x7
 723 005c 898201   		.uleb128 0x4109
 724 005f 01       		.byte	0x1
 725 0060 11       		.uleb128 0x11
 726 0061 01       		.uleb128 0x1
 727 0062 31       		.uleb128 0x31
 728 0063 13       		.uleb128 0x13
 729 0064 00       		.byte	0
 730 0065 00       		.byte	0
 731 0066 08       		.uleb128 0x8
 732 0067 8A8201   		.uleb128 0x410a
 733 006a 00       		.byte	0
 734 006b 02       		.uleb128 0x2
 735 006c 18       		.uleb128 0x18
 736 006d 9142     		.uleb128 0x2111
 737 006f 18       		.uleb128 0x18
 738 0070 00       		.byte	0
ARM GAS  C:\Users\Daniel\AppData\Local\Temp\cc7sKJ8e.s 			page 15


 739 0071 00       		.byte	0
 740 0072 09       		.uleb128 0x9
 741 0073 898201   		.uleb128 0x4109
 742 0076 00       		.byte	0
 743 0077 11       		.uleb128 0x11
 744 0078 01       		.uleb128 0x1
 745 0079 31       		.uleb128 0x31
 746 007a 13       		.uleb128 0x13
 747 007b 00       		.byte	0
 748 007c 00       		.byte	0
 749 007d 0A       		.uleb128 0xa
 750 007e 898201   		.uleb128 0x4109
 751 0081 01       		.byte	0x1
 752 0082 11       		.uleb128 0x11
 753 0083 01       		.uleb128 0x1
 754 0084 31       		.uleb128 0x31
 755 0085 13       		.uleb128 0x13
 756 0086 01       		.uleb128 0x1
 757 0087 13       		.uleb128 0x13
 758 0088 00       		.byte	0
 759 0089 00       		.byte	0
 760 008a 0B       		.uleb128 0xb
 761 008b 34       		.uleb128 0x34
 762 008c 00       		.byte	0
 763 008d 03       		.uleb128 0x3
 764 008e 0E       		.uleb128 0xe
 765 008f 3A       		.uleb128 0x3a
 766 0090 0B       		.uleb128 0xb
 767 0091 3B       		.uleb128 0x3b
 768 0092 05       		.uleb128 0x5
 769 0093 49       		.uleb128 0x49
 770 0094 13       		.uleb128 0x13
 771 0095 3F       		.uleb128 0x3f
 772 0096 19       		.uleb128 0x19
 773 0097 3C       		.uleb128 0x3c
 774 0098 19       		.uleb128 0x19
 775 0099 00       		.byte	0
 776 009a 00       		.byte	0
 777 009b 0C       		.uleb128 0xc
 778 009c 35       		.uleb128 0x35
 779 009d 00       		.byte	0
 780 009e 49       		.uleb128 0x49
 781 009f 13       		.uleb128 0x13
 782 00a0 00       		.byte	0
 783 00a1 00       		.byte	0
 784 00a2 0D       		.uleb128 0xd
 785 00a3 01       		.uleb128 0x1
 786 00a4 01       		.byte	0x1
 787 00a5 49       		.uleb128 0x49
 788 00a6 13       		.uleb128 0x13
 789 00a7 01       		.uleb128 0x1
 790 00a8 13       		.uleb128 0x13
 791 00a9 00       		.byte	0
 792 00aa 00       		.byte	0
 793 00ab 0E       		.uleb128 0xe
 794 00ac 21       		.uleb128 0x21
 795 00ad 00       		.byte	0
ARM GAS  C:\Users\Daniel\AppData\Local\Temp\cc7sKJ8e.s 			page 16


 796 00ae 49       		.uleb128 0x49
 797 00af 13       		.uleb128 0x13
 798 00b0 2F       		.uleb128 0x2f
 799 00b1 0B       		.uleb128 0xb
 800 00b2 00       		.byte	0
 801 00b3 00       		.byte	0
 802 00b4 0F       		.uleb128 0xf
 803 00b5 34       		.uleb128 0x34
 804 00b6 00       		.byte	0
 805 00b7 03       		.uleb128 0x3
 806 00b8 0E       		.uleb128 0xe
 807 00b9 3A       		.uleb128 0x3a
 808 00ba 0B       		.uleb128 0xb
 809 00bb 3B       		.uleb128 0x3b
 810 00bc 0B       		.uleb128 0xb
 811 00bd 49       		.uleb128 0x49
 812 00be 13       		.uleb128 0x13
 813 00bf 3F       		.uleb128 0x3f
 814 00c0 19       		.uleb128 0x19
 815 00c1 02       		.uleb128 0x2
 816 00c2 18       		.uleb128 0x18
 817 00c3 00       		.byte	0
 818 00c4 00       		.byte	0
 819 00c5 10       		.uleb128 0x10
 820 00c6 34       		.uleb128 0x34
 821 00c7 00       		.byte	0
 822 00c8 03       		.uleb128 0x3
 823 00c9 08       		.uleb128 0x8
 824 00ca 3A       		.uleb128 0x3a
 825 00cb 0B       		.uleb128 0xb
 826 00cc 3B       		.uleb128 0x3b
 827 00cd 0B       		.uleb128 0xb
 828 00ce 49       		.uleb128 0x49
 829 00cf 13       		.uleb128 0x13
 830 00d0 3F       		.uleb128 0x3f
 831 00d1 19       		.uleb128 0x19
 832 00d2 02       		.uleb128 0x2
 833 00d3 18       		.uleb128 0x18
 834 00d4 00       		.byte	0
 835 00d5 00       		.byte	0
 836 00d6 11       		.uleb128 0x11
 837 00d7 2E       		.uleb128 0x2e
 838 00d8 01       		.byte	0x1
 839 00d9 3F       		.uleb128 0x3f
 840 00da 19       		.uleb128 0x19
 841 00db 03       		.uleb128 0x3
 842 00dc 0E       		.uleb128 0xe
 843 00dd 3A       		.uleb128 0x3a
 844 00de 0B       		.uleb128 0xb
 845 00df 3B       		.uleb128 0x3b
 846 00e0 0B       		.uleb128 0xb
 847 00e1 27       		.uleb128 0x27
 848 00e2 19       		.uleb128 0x19
 849 00e3 3C       		.uleb128 0x3c
 850 00e4 19       		.uleb128 0x19
 851 00e5 01       		.uleb128 0x1
 852 00e6 13       		.uleb128 0x13
ARM GAS  C:\Users\Daniel\AppData\Local\Temp\cc7sKJ8e.s 			page 17


 853 00e7 00       		.byte	0
 854 00e8 00       		.byte	0
 855 00e9 12       		.uleb128 0x12
 856 00ea 05       		.uleb128 0x5
 857 00eb 00       		.byte	0
 858 00ec 49       		.uleb128 0x49
 859 00ed 13       		.uleb128 0x13
 860 00ee 00       		.byte	0
 861 00ef 00       		.byte	0
 862 00f0 13       		.uleb128 0x13
 863 00f1 2E       		.uleb128 0x2e
 864 00f2 01       		.byte	0x1
 865 00f3 3F       		.uleb128 0x3f
 866 00f4 19       		.uleb128 0x19
 867 00f5 03       		.uleb128 0x3
 868 00f6 0E       		.uleb128 0xe
 869 00f7 3A       		.uleb128 0x3a
 870 00f8 0B       		.uleb128 0xb
 871 00f9 3B       		.uleb128 0x3b
 872 00fa 0B       		.uleb128 0xb
 873 00fb 27       		.uleb128 0x27
 874 00fc 19       		.uleb128 0x19
 875 00fd 3C       		.uleb128 0x3c
 876 00fe 19       		.uleb128 0x19
 877 00ff 00       		.byte	0
 878 0100 00       		.byte	0
 879 0101 00       		.byte	0
 880              		.section	.debug_aranges,"",%progbits
 881 0000 5C000000 		.4byte	0x5c
 882 0004 0200     		.2byte	0x2
 883 0006 00000000 		.4byte	.Ldebug_info0
 884 000a 04       		.byte	0x4
 885 000b 00       		.byte	0
 886 000c 0000     		.2byte	0
 887 000e 0000     		.2byte	0
 888 0010 00000000 		.4byte	.LFB63
 889 0014 0A000000 		.4byte	.LFE63-.LFB63
 890 0018 00000000 		.4byte	.LFB64
 891 001c 0A000000 		.4byte	.LFE64-.LFB64
 892 0020 00000000 		.4byte	.LFB65
 893 0024 0A000000 		.4byte	.LFE65-.LFB65
 894 0028 00000000 		.4byte	.LFB66
 895 002c 10000000 		.4byte	.LFE66-.LFB66
 896 0030 00000000 		.4byte	.LFB67
 897 0034 10000000 		.4byte	.LFE67-.LFB67
 898 0038 00000000 		.4byte	.LFB68
 899 003c 10000000 		.4byte	.LFE68-.LFB68
 900 0040 00000000 		.4byte	.LFB69
 901 0044 0A000000 		.4byte	.LFE69-.LFB69
 902 0048 00000000 		.4byte	.LFB70
 903 004c 1C000000 		.4byte	.LFE70-.LFB70
 904 0050 00000000 		.4byte	.LFB71
 905 0054 0A000000 		.4byte	.LFE71-.LFB71
 906 0058 00000000 		.4byte	0
 907 005c 00000000 		.4byte	0
 908              		.section	.debug_ranges,"",%progbits
 909              	.Ldebug_ranges0:
ARM GAS  C:\Users\Daniel\AppData\Local\Temp\cc7sKJ8e.s 			page 18


 910 0000 00000000 		.4byte	.LFB63
 911 0004 0A000000 		.4byte	.LFE63
 912 0008 00000000 		.4byte	.LFB64
 913 000c 0A000000 		.4byte	.LFE64
 914 0010 00000000 		.4byte	.LFB65
 915 0014 0A000000 		.4byte	.LFE65
 916 0018 00000000 		.4byte	.LFB66
 917 001c 10000000 		.4byte	.LFE66
 918 0020 00000000 		.4byte	.LFB67
 919 0024 10000000 		.4byte	.LFE67
 920 0028 00000000 		.4byte	.LFB68
 921 002c 10000000 		.4byte	.LFE68
 922 0030 00000000 		.4byte	.LFB69
 923 0034 0A000000 		.4byte	.LFE69
 924 0038 00000000 		.4byte	.LFB70
 925 003c 1C000000 		.4byte	.LFE70
 926 0040 00000000 		.4byte	.LFB71
 927 0044 0A000000 		.4byte	.LFE71
 928 0048 00000000 		.4byte	0
 929 004c 00000000 		.4byte	0
 930              		.section	.debug_line,"",%progbits
 931              	.Ldebug_line0:
 932 0000 2A020000 		.section	.debug_str,"MS",%progbits,1
 932      02009201 
 932      00000201 
 932      FB0E0D00 
 932      01010101 
 933              	.LASF9:
 934 0000 5F5F696E 		.ascii	"__int32_t\000"
 934      7433325F 
 934      7400
 935              	.LASF8:
 936 000a 756E7369 		.ascii	"unsigned int\000"
 936      676E6564 
 936      20696E74 
 936      00
 937              	.LASF30:
 938 0017 7A65726F 		.ascii	"zerodegrees\000"
 938      64656772 
 938      65657300 
 939              	.LASF21:
 940 0023 54696C74 		.ascii	"TiltUp\000"
 940      557000
 941              	.LASF24:
 942 002a 54696C74 		.ascii	"TiltDown45\000"
 942      446F776E 
 942      343500
 943              	.LASF14:
 944 0035 666C6F61 		.ascii	"float\000"
 944      7400
 945              	.LASF1:
 946 003b 756E7369 		.ascii	"unsigned char\000"
 946      676E6564 
 946      20636861 
 946      7200
 947              	.LASF26:
 948 0049 50616E4D 		.ascii	"PanMid\000"
ARM GAS  C:\Users\Daniel\AppData\Local\Temp\cc7sKJ8e.s 			page 19


 948      696400
 949              	.LASF3:
 950 0050 73686F72 		.ascii	"short unsigned int\000"
 950      7420756E 
 950      7369676E 
 950      65642069 
 950      6E7400
 951              	.LASF29:
 952 0063 68616C66 		.ascii	"halfway\000"
 952      77617900 
 953              	.LASF37:
 954 006b 50574D5F 		.ascii	"PWM_Pan_WriteCompare\000"
 954      50616E5F 
 954      57726974 
 954      65436F6D 
 954      70617265 
 955              	.LASF27:
 956 0080 49544D5F 		.ascii	"ITM_RxBuffer\000"
 956      52784275 
 956      66666572 
 956      00
 957              	.LASF28:
 958 008d 43616D65 		.ascii	"Camera_linebuffer\000"
 958      72615F6C 
 958      696E6562 
 958      75666665 
 958      7200
 959              	.LASF5:
 960 009f 6C6F6E67 		.ascii	"long unsigned int\000"
 960      20756E73 
 960      69676E65 
 960      6420696E 
 960      7400
 961              	.LASF35:
 962 00b1 2E5C7077 		.ascii	".\\pwm_functions.c\000"
 962      6D5F6675 
 962      6E637469 
 962      6F6E732E 
 962      6300
 963              	.LASF12:
 964 00c3 75696E74 		.ascii	"uint16\000"
 964      313600
 965              	.LASF13:
 966 00ca 75696E74 		.ascii	"uint32\000"
 966      333200
 967              	.LASF34:
 968 00d1 474E5520 		.ascii	"GNU C 4.9.3 20150303 (release) [ARM/embedded-4_9-br"
 968      4320342E 
 968      392E3320 
 968      32303135 
 968      30333033 
 969 0104 616E6368 		.ascii	"anch revision 221220] -mcpu=cortex-m3 -mthumb -g -O"
 969      20726576 
 969      6973696F 
 969      6E203232 
 969      31323230 
 970 0137 67202D66 		.ascii	"g -ffunction-sections -ffat-lto-objects\000"
ARM GAS  C:\Users\Daniel\AppData\Local\Temp\cc7sKJ8e.s 			page 20


 970      66756E63 
 970      74696F6E 
 970      2D736563 
 970      74696F6E 
 971              	.LASF25:
 972 015f 50616E52 		.ascii	"PanRight\000"
 972      69676874 
 972      00
 973              	.LASF7:
 974 0168 6C6F6E67 		.ascii	"long long unsigned int\000"
 974      206C6F6E 
 974      6720756E 
 974      7369676E 
 974      65642069 
 975              	.LASF20:
 976 017f 436C6177 		.ascii	"ClawHalf\000"
 976      48616C66 
 976      00
 977              	.LASF10:
 978 0188 696E7433 		.ascii	"int32_t\000"
 978      325F7400 
 979              	.LASF17:
 980 0190 73697A65 		.ascii	"sizetype\000"
 980      74797065 
 980      00
 981              	.LASF19:
 982 0199 436C6177 		.ascii	"ClawClose\000"
 982      436C6F73 
 982      6500
 983              	.LASF6:
 984 01a3 6C6F6E67 		.ascii	"long long int\000"
 984      206C6F6E 
 984      6720696E 
 984      7400
 985              	.LASF16:
 986 01b1 63686172 		.ascii	"char\000"
 986      00
 987              	.LASF18:
 988 01b6 436C6177 		.ascii	"ClawOpen\000"
 988      4F70656E 
 988      00
 989              	.LASF36:
 990 01bf 433A5C55 		.ascii	"C:\\Users\\Daniel\\Documents\\PSoC Creator\\ECE3091"
 990      73657273 
 990      5C44616E 
 990      69656C5C 
 990      446F6375 
 991 01ed 20466173 		.ascii	" Faster V3\\Display.cydsn\000"
 991      74657220 
 991      56335C44 
 991      6973706C 
 991      61792E63 
 992              	.LASF2:
 993 0206 73686F72 		.ascii	"short int\000"
 993      7420696E 
 993      7400
 994              	.LASF11:
ARM GAS  C:\Users\Daniel\AppData\Local\Temp\cc7sKJ8e.s 			page 21


 995 0210 75696E74 		.ascii	"uint8\000"
 995      3800
 996              	.LASF23:
 997 0216 54696C74 		.ascii	"TiltDown\000"
 997      446F776E 
 997      00
 998              	.LASF4:
 999 021f 6C6F6E67 		.ascii	"long int\000"
 999      20696E74 
 999      00
 1000              	.LASF31:
 1001 0228 50574D5F 		.ascii	"PWM_Claw_WriteCompare\000"
 1001      436C6177 
 1001      5F577269 
 1001      7465436F 
 1001      6D706172 
 1002              	.LASF32:
 1003 023e 50574D5F 		.ascii	"PWM_Tilt_WriteCompare\000"
 1003      54696C74 
 1003      5F577269 
 1003      7465436F 
 1003      6D706172 
 1004              	.LASF0:
 1005 0254 7369676E 		.ascii	"signed char\000"
 1005      65642063 
 1005      68617200 
 1006              	.LASF15:
 1007 0260 646F7562 		.ascii	"double\000"
 1007      6C6500
 1008              	.LASF33:
 1009 0267 43794465 		.ascii	"CyDelay\000"
 1009      6C617900 
 1010              	.LASF22:
 1011 026f 54696C74 		.ascii	"TiltStraight\000"
 1011      53747261 
 1011      69676874 
 1011      00
 1012              		.ident	"GCC: (GNU Tools for ARM Embedded Processors) 4.9.3 20150303 (release) [ARM/embedded-4_9-br
