ARM GAS  C:\Users\Daniel\AppData\Local\Temp\cckbvzSn.s 			page 1


   1              		.syntax unified
   2              		.cpu cortex-m3
   3              		.fpu softvfp
   4              		.eabi_attribute 20, 1
   5              		.eabi_attribute 21, 1
   6              		.eabi_attribute 23, 3
   7              		.eabi_attribute 24, 1
   8              		.eabi_attribute 25, 1
   9              		.eabi_attribute 26, 1
  10              		.eabi_attribute 30, 1
  11              		.eabi_attribute 34, 1
  12              		.eabi_attribute 18, 4
  13              		.thumb
  14              		.file	"Quad_3_PM.c"
  15              		.text
  16              	.Ltext0:
  17              		.cfi_sections	.debug_frame
  18              		.section	.text.Quad_3_SaveConfig,"ax",%progbits
  19              		.align	2
  20              		.global	Quad_3_SaveConfig
  21              		.thumb
  22              		.thumb_func
  23              		.type	Quad_3_SaveConfig, %function
  24              	Quad_3_SaveConfig:
  25              	.LFB0:
  26              		.file 1 ".\\Generated_Source\\PSoC5\\Quad_3_PM.c"
   1:.\Generated_Source\PSoC5/Quad_3_PM.c **** /*******************************************************************************
   2:.\Generated_Source\PSoC5/Quad_3_PM.c **** * File Name: Quad_3_PM.c
   3:.\Generated_Source\PSoC5/Quad_3_PM.c **** * Version 3.0
   4:.\Generated_Source\PSoC5/Quad_3_PM.c **** *
   5:.\Generated_Source\PSoC5/Quad_3_PM.c **** * Description:
   6:.\Generated_Source\PSoC5/Quad_3_PM.c **** *  This file contains the setup, control and status commands to support 
   7:.\Generated_Source\PSoC5/Quad_3_PM.c **** *  component operations in low power mode.  
   8:.\Generated_Source\PSoC5/Quad_3_PM.c **** *
   9:.\Generated_Source\PSoC5/Quad_3_PM.c **** * Note:
  10:.\Generated_Source\PSoC5/Quad_3_PM.c **** *  None.
  11:.\Generated_Source\PSoC5/Quad_3_PM.c **** *
  12:.\Generated_Source\PSoC5/Quad_3_PM.c **** ********************************************************************************
  13:.\Generated_Source\PSoC5/Quad_3_PM.c **** * Copyright 2008-2014, Cypress Semiconductor Corporation.  All rights reserved.
  14:.\Generated_Source\PSoC5/Quad_3_PM.c **** * You may use this file only in accordance with the license, terms, conditions,
  15:.\Generated_Source\PSoC5/Quad_3_PM.c **** * disclaimers, and limitations in the end user license agreement accompanying
  16:.\Generated_Source\PSoC5/Quad_3_PM.c **** * the software package with which this file was provided.
  17:.\Generated_Source\PSoC5/Quad_3_PM.c **** *******************************************************************************/
  18:.\Generated_Source\PSoC5/Quad_3_PM.c **** 
  19:.\Generated_Source\PSoC5/Quad_3_PM.c **** #include "Quad_3.h"
  20:.\Generated_Source\PSoC5/Quad_3_PM.c **** 
  21:.\Generated_Source\PSoC5/Quad_3_PM.c **** static Quad_3_BACKUP_STRUCT Quad_3_backup = {0u};
  22:.\Generated_Source\PSoC5/Quad_3_PM.c **** 
  23:.\Generated_Source\PSoC5/Quad_3_PM.c **** 
  24:.\Generated_Source\PSoC5/Quad_3_PM.c **** /*******************************************************************************
  25:.\Generated_Source\PSoC5/Quad_3_PM.c **** * Function Name: Quad_3_SaveConfig
  26:.\Generated_Source\PSoC5/Quad_3_PM.c **** ********************************************************************************
  27:.\Generated_Source\PSoC5/Quad_3_PM.c **** * Summary:
  28:.\Generated_Source\PSoC5/Quad_3_PM.c **** *  Saves the current user configuration of the component.
  29:.\Generated_Source\PSoC5/Quad_3_PM.c **** *
  30:.\Generated_Source\PSoC5/Quad_3_PM.c **** * Parameters:
  31:.\Generated_Source\PSoC5/Quad_3_PM.c **** *  None.
ARM GAS  C:\Users\Daniel\AppData\Local\Temp\cckbvzSn.s 			page 2


  32:.\Generated_Source\PSoC5/Quad_3_PM.c **** *
  33:.\Generated_Source\PSoC5/Quad_3_PM.c **** * Return:
  34:.\Generated_Source\PSoC5/Quad_3_PM.c **** *  None.
  35:.\Generated_Source\PSoC5/Quad_3_PM.c **** *
  36:.\Generated_Source\PSoC5/Quad_3_PM.c **** *******************************************************************************/
  37:.\Generated_Source\PSoC5/Quad_3_PM.c **** void Quad_3_SaveConfig(void) 
  38:.\Generated_Source\PSoC5/Quad_3_PM.c **** {
  27              		.loc 1 38 0
  28              		.cfi_startproc
  29              		@ args = 0, pretend = 0, frame = 0
  30              		@ frame_needed = 0, uses_anonymous_args = 0
  31 0000 08B5     		push	{r3, lr}
  32              		.cfi_def_cfa_offset 8
  33              		.cfi_offset 3, -8
  34              		.cfi_offset 14, -4
  39:.\Generated_Source\PSoC5/Quad_3_PM.c ****     #if (Quad_3_COUNTER_SIZE == Quad_3_COUNTER_SIZE_8_BIT)
  40:.\Generated_Source\PSoC5/Quad_3_PM.c ****         Quad_3_Cnt8_SaveConfig();
  41:.\Generated_Source\PSoC5/Quad_3_PM.c ****     #else 
  42:.\Generated_Source\PSoC5/Quad_3_PM.c ****         /* (Quad_3_COUNTER_SIZE == Quad_3_COUNTER_SIZE_16_BIT) || 
  43:.\Generated_Source\PSoC5/Quad_3_PM.c ****          * (Quad_3_COUNTER_SIZE == Quad_3_COUNTER_SIZE_32_BIT)
  44:.\Generated_Source\PSoC5/Quad_3_PM.c ****          */
  45:.\Generated_Source\PSoC5/Quad_3_PM.c ****         Quad_3_Cnt16_SaveConfig();
  35              		.loc 1 45 0
  36 0002 FFF7FEFF 		bl	Quad_3_Cnt16_SaveConfig
  37              	.LVL0:
  38 0006 08BD     		pop	{r3, pc}
  39              		.cfi_endproc
  40              	.LFE0:
  41              		.size	Quad_3_SaveConfig, .-Quad_3_SaveConfig
  42              		.section	.text.Quad_3_RestoreConfig,"ax",%progbits
  43              		.align	2
  44              		.global	Quad_3_RestoreConfig
  45              		.thumb
  46              		.thumb_func
  47              		.type	Quad_3_RestoreConfig, %function
  48              	Quad_3_RestoreConfig:
  49              	.LFB1:
  46:.\Generated_Source\PSoC5/Quad_3_PM.c ****     #endif /* (Quad_3_COUNTER_SIZE == Quad_3_COUNTER_SIZE_8_BIT) */
  47:.\Generated_Source\PSoC5/Quad_3_PM.c **** }
  48:.\Generated_Source\PSoC5/Quad_3_PM.c **** 
  49:.\Generated_Source\PSoC5/Quad_3_PM.c **** 
  50:.\Generated_Source\PSoC5/Quad_3_PM.c **** /*******************************************************************************
  51:.\Generated_Source\PSoC5/Quad_3_PM.c **** * Function Name: Quad_3_RestoreConfig
  52:.\Generated_Source\PSoC5/Quad_3_PM.c **** ********************************************************************************
  53:.\Generated_Source\PSoC5/Quad_3_PM.c **** * Summary:
  54:.\Generated_Source\PSoC5/Quad_3_PM.c **** *  Restores the current user configuration of the component.
  55:.\Generated_Source\PSoC5/Quad_3_PM.c **** *
  56:.\Generated_Source\PSoC5/Quad_3_PM.c **** * Parameters:
  57:.\Generated_Source\PSoC5/Quad_3_PM.c **** *  None.
  58:.\Generated_Source\PSoC5/Quad_3_PM.c **** *
  59:.\Generated_Source\PSoC5/Quad_3_PM.c **** * Return:
  60:.\Generated_Source\PSoC5/Quad_3_PM.c **** *  None.
  61:.\Generated_Source\PSoC5/Quad_3_PM.c **** *
  62:.\Generated_Source\PSoC5/Quad_3_PM.c **** *******************************************************************************/
  63:.\Generated_Source\PSoC5/Quad_3_PM.c **** void Quad_3_RestoreConfig(void) 
  64:.\Generated_Source\PSoC5/Quad_3_PM.c **** {
  50              		.loc 1 64 0
ARM GAS  C:\Users\Daniel\AppData\Local\Temp\cckbvzSn.s 			page 3


  51              		.cfi_startproc
  52              		@ args = 0, pretend = 0, frame = 0
  53              		@ frame_needed = 0, uses_anonymous_args = 0
  54 0000 08B5     		push	{r3, lr}
  55              		.cfi_def_cfa_offset 8
  56              		.cfi_offset 3, -8
  57              		.cfi_offset 14, -4
  65:.\Generated_Source\PSoC5/Quad_3_PM.c ****     #if (Quad_3_COUNTER_SIZE == Quad_3_COUNTER_SIZE_8_BIT)
  66:.\Generated_Source\PSoC5/Quad_3_PM.c ****         Quad_3_Cnt8_RestoreConfig();
  67:.\Generated_Source\PSoC5/Quad_3_PM.c ****     #else 
  68:.\Generated_Source\PSoC5/Quad_3_PM.c ****         /* (Quad_3_COUNTER_SIZE == Quad_3_COUNTER_SIZE_16_BIT) || 
  69:.\Generated_Source\PSoC5/Quad_3_PM.c ****          * (Quad_3_COUNTER_SIZE == Quad_3_COUNTER_SIZE_32_BIT) 
  70:.\Generated_Source\PSoC5/Quad_3_PM.c ****          */
  71:.\Generated_Source\PSoC5/Quad_3_PM.c ****         Quad_3_Cnt16_RestoreConfig();
  58              		.loc 1 71 0
  59 0002 FFF7FEFF 		bl	Quad_3_Cnt16_RestoreConfig
  60              	.LVL1:
  61 0006 08BD     		pop	{r3, pc}
  62              		.cfi_endproc
  63              	.LFE1:
  64              		.size	Quad_3_RestoreConfig, .-Quad_3_RestoreConfig
  65              		.section	.text.Quad_3_Sleep,"ax",%progbits
  66              		.align	2
  67              		.global	Quad_3_Sleep
  68              		.thumb
  69              		.thumb_func
  70              		.type	Quad_3_Sleep, %function
  71              	Quad_3_Sleep:
  72              	.LFB2:
  72:.\Generated_Source\PSoC5/Quad_3_PM.c ****     #endif /* (Quad_3_COUNTER_SIZE == Quad_3_COUNTER_SIZE_8_BIT) */
  73:.\Generated_Source\PSoC5/Quad_3_PM.c **** }
  74:.\Generated_Source\PSoC5/Quad_3_PM.c **** 
  75:.\Generated_Source\PSoC5/Quad_3_PM.c **** 
  76:.\Generated_Source\PSoC5/Quad_3_PM.c **** /*******************************************************************************
  77:.\Generated_Source\PSoC5/Quad_3_PM.c **** * Function Name: Quad_3_Sleep
  78:.\Generated_Source\PSoC5/Quad_3_PM.c **** ********************************************************************************
  79:.\Generated_Source\PSoC5/Quad_3_PM.c **** * 
  80:.\Generated_Source\PSoC5/Quad_3_PM.c **** * Summary:
  81:.\Generated_Source\PSoC5/Quad_3_PM.c **** *  Prepare Quadrature Decoder Component goes to sleep.
  82:.\Generated_Source\PSoC5/Quad_3_PM.c **** *
  83:.\Generated_Source\PSoC5/Quad_3_PM.c **** * Parameters:
  84:.\Generated_Source\PSoC5/Quad_3_PM.c **** *  None.
  85:.\Generated_Source\PSoC5/Quad_3_PM.c **** *
  86:.\Generated_Source\PSoC5/Quad_3_PM.c **** * Return:
  87:.\Generated_Source\PSoC5/Quad_3_PM.c **** *  None.
  88:.\Generated_Source\PSoC5/Quad_3_PM.c **** *
  89:.\Generated_Source\PSoC5/Quad_3_PM.c **** * Global Variables:
  90:.\Generated_Source\PSoC5/Quad_3_PM.c **** *  Quad_3_backup - modified when non-retention registers are saved.
  91:.\Generated_Source\PSoC5/Quad_3_PM.c **** *
  92:.\Generated_Source\PSoC5/Quad_3_PM.c **** * Reentrant:
  93:.\Generated_Source\PSoC5/Quad_3_PM.c **** *  No.
  94:.\Generated_Source\PSoC5/Quad_3_PM.c **** *
  95:.\Generated_Source\PSoC5/Quad_3_PM.c **** *******************************************************************************/
  96:.\Generated_Source\PSoC5/Quad_3_PM.c **** void Quad_3_Sleep(void) 
  97:.\Generated_Source\PSoC5/Quad_3_PM.c **** {
  73              		.loc 1 97 0
  74              		.cfi_startproc
ARM GAS  C:\Users\Daniel\AppData\Local\Temp\cckbvzSn.s 			page 4


  75              		@ args = 0, pretend = 0, frame = 0
  76              		@ frame_needed = 0, uses_anonymous_args = 0
  77 0000 08B5     		push	{r3, lr}
  78              		.cfi_def_cfa_offset 8
  79              		.cfi_offset 3, -8
  80              		.cfi_offset 14, -4
  98:.\Generated_Source\PSoC5/Quad_3_PM.c ****     if (0u != (Quad_3_SR_AUX_CONTROL & Quad_3_INTERRUPTS_ENABLE))
  81              		.loc 1 98 0
  82 0002 084B     		ldr	r3, .L9
  83 0004 1B78     		ldrb	r3, [r3]	@ zero_extendqisi2
  84 0006 13F0100F 		tst	r3, #16
  85 000a 03D0     		beq	.L6
  99:.\Generated_Source\PSoC5/Quad_3_PM.c ****     {
 100:.\Generated_Source\PSoC5/Quad_3_PM.c ****         Quad_3_backup.enableState = 1u;
  86              		.loc 1 100 0
  87 000c 0122     		movs	r2, #1
  88 000e 064B     		ldr	r3, .L9+4
  89 0010 1A70     		strb	r2, [r3]
  90 0012 02E0     		b	.L7
  91              	.L6:
 101:.\Generated_Source\PSoC5/Quad_3_PM.c ****     }
 102:.\Generated_Source\PSoC5/Quad_3_PM.c ****     else /* The Quadrature Decoder Component is disabled */
 103:.\Generated_Source\PSoC5/Quad_3_PM.c ****     {
 104:.\Generated_Source\PSoC5/Quad_3_PM.c ****         Quad_3_backup.enableState = 0u;
  92              		.loc 1 104 0
  93 0014 0022     		movs	r2, #0
  94 0016 044B     		ldr	r3, .L9+4
  95 0018 1A70     		strb	r2, [r3]
  96              	.L7:
 105:.\Generated_Source\PSoC5/Quad_3_PM.c ****     }
 106:.\Generated_Source\PSoC5/Quad_3_PM.c **** 
 107:.\Generated_Source\PSoC5/Quad_3_PM.c ****     Quad_3_Stop();
  97              		.loc 1 107 0
  98 001a FFF7FEFF 		bl	Quad_3_Stop
  99              	.LVL2:
 108:.\Generated_Source\PSoC5/Quad_3_PM.c ****     Quad_3_SaveConfig();
 100              		.loc 1 108 0
 101 001e FFF7FEFF 		bl	Quad_3_SaveConfig
 102              	.LVL3:
 103 0022 08BD     		pop	{r3, pc}
 104              	.L10:
 105              		.align	2
 106              	.L9:
 107 0024 9D640040 		.word	1073767581
 108 0028 00000000 		.word	.LANCHOR0
 109              		.cfi_endproc
 110              	.LFE2:
 111              		.size	Quad_3_Sleep, .-Quad_3_Sleep
 112              		.section	.text.Quad_3_Wakeup,"ax",%progbits
 113              		.align	2
 114              		.global	Quad_3_Wakeup
 115              		.thumb
 116              		.thumb_func
 117              		.type	Quad_3_Wakeup, %function
 118              	Quad_3_Wakeup:
 119              	.LFB3:
 109:.\Generated_Source\PSoC5/Quad_3_PM.c **** }
ARM GAS  C:\Users\Daniel\AppData\Local\Temp\cckbvzSn.s 			page 5


 110:.\Generated_Source\PSoC5/Quad_3_PM.c **** 
 111:.\Generated_Source\PSoC5/Quad_3_PM.c **** 
 112:.\Generated_Source\PSoC5/Quad_3_PM.c **** /*******************************************************************************
 113:.\Generated_Source\PSoC5/Quad_3_PM.c **** * Function Name: Quad_3_Wakeup
 114:.\Generated_Source\PSoC5/Quad_3_PM.c **** ********************************************************************************
 115:.\Generated_Source\PSoC5/Quad_3_PM.c **** *
 116:.\Generated_Source\PSoC5/Quad_3_PM.c **** * Summary:
 117:.\Generated_Source\PSoC5/Quad_3_PM.c **** *  Prepare Quadrature Decoder Component to wake up.
 118:.\Generated_Source\PSoC5/Quad_3_PM.c **** *
 119:.\Generated_Source\PSoC5/Quad_3_PM.c **** * Parameters:
 120:.\Generated_Source\PSoC5/Quad_3_PM.c **** *  None.
 121:.\Generated_Source\PSoC5/Quad_3_PM.c **** *
 122:.\Generated_Source\PSoC5/Quad_3_PM.c **** * Return:
 123:.\Generated_Source\PSoC5/Quad_3_PM.c **** *  None.
 124:.\Generated_Source\PSoC5/Quad_3_PM.c **** *
 125:.\Generated_Source\PSoC5/Quad_3_PM.c **** * Global Variables:
 126:.\Generated_Source\PSoC5/Quad_3_PM.c **** *  Quad_3_backup - used when non-retention registers are restored.
 127:.\Generated_Source\PSoC5/Quad_3_PM.c **** *
 128:.\Generated_Source\PSoC5/Quad_3_PM.c **** *******************************************************************************/
 129:.\Generated_Source\PSoC5/Quad_3_PM.c **** void Quad_3_Wakeup(void) 
 130:.\Generated_Source\PSoC5/Quad_3_PM.c **** {
 120              		.loc 1 130 0
 121              		.cfi_startproc
 122              		@ args = 0, pretend = 0, frame = 0
 123              		@ frame_needed = 0, uses_anonymous_args = 0
 124 0000 08B5     		push	{r3, lr}
 125              		.cfi_def_cfa_offset 8
 126              		.cfi_offset 3, -8
 127              		.cfi_offset 14, -4
 131:.\Generated_Source\PSoC5/Quad_3_PM.c ****     Quad_3_RestoreConfig();
 128              		.loc 1 131 0
 129 0002 FFF7FEFF 		bl	Quad_3_RestoreConfig
 130              	.LVL4:
 132:.\Generated_Source\PSoC5/Quad_3_PM.c **** 
 133:.\Generated_Source\PSoC5/Quad_3_PM.c ****     if (Quad_3_backup.enableState != 0u)
 131              		.loc 1 133 0
 132 0006 044B     		ldr	r3, .L14
 133 0008 1B78     		ldrb	r3, [r3]	@ zero_extendqisi2
 134 000a 1BB1     		cbz	r3, .L11
 134:.\Generated_Source\PSoC5/Quad_3_PM.c ****     {
 135:.\Generated_Source\PSoC5/Quad_3_PM.c ****         #if (Quad_3_COUNTER_SIZE == Quad_3_COUNTER_SIZE_8_BIT)
 136:.\Generated_Source\PSoC5/Quad_3_PM.c ****             Quad_3_Cnt8_Enable();
 137:.\Generated_Source\PSoC5/Quad_3_PM.c ****         #else 
 138:.\Generated_Source\PSoC5/Quad_3_PM.c ****             /* (Quad_3_COUNTER_SIZE == Quad_3_COUNTER_SIZE_16_BIT) || 
 139:.\Generated_Source\PSoC5/Quad_3_PM.c ****             *  (Quad_3_COUNTER_SIZE == Quad_3_COUNTER_SIZE_32_BIT) 
 140:.\Generated_Source\PSoC5/Quad_3_PM.c ****             */
 141:.\Generated_Source\PSoC5/Quad_3_PM.c ****             Quad_3_Cnt16_Enable();
 135              		.loc 1 141 0
 136 000c FFF7FEFF 		bl	Quad_3_Cnt16_Enable
 137              	.LVL5:
 142:.\Generated_Source\PSoC5/Quad_3_PM.c ****         #endif /* (Quad_3_COUNTER_SIZE == Quad_3_COUNTER_SIZE_8_BIT) */
 143:.\Generated_Source\PSoC5/Quad_3_PM.c **** 
 144:.\Generated_Source\PSoC5/Quad_3_PM.c ****         /* Enable component's operation */
 145:.\Generated_Source\PSoC5/Quad_3_PM.c ****         Quad_3_Enable();
 138              		.loc 1 145 0
 139 0010 FFF7FEFF 		bl	Quad_3_Enable
 140              	.LVL6:
ARM GAS  C:\Users\Daniel\AppData\Local\Temp\cckbvzSn.s 			page 6


 141              	.L11:
 142 0014 08BD     		pop	{r3, pc}
 143              	.L15:
 144 0016 00BF     		.align	2
 145              	.L14:
 146 0018 00000000 		.word	.LANCHOR0
 147              		.cfi_endproc
 148              	.LFE3:
 149              		.size	Quad_3_Wakeup, .-Quad_3_Wakeup
 150              		.bss
 151              		.align	2
 152              		.set	.LANCHOR0,. + 0
 153              		.type	Quad_3_backup, %object
 154              		.size	Quad_3_backup, 1
 155              	Quad_3_backup:
 156 0000 00       		.space	1
 157 0001 000000   		.text
 158              	.Letext0:
 159              		.file 2 ".\\Generated_Source\\PSoC5\\cytypes.h"
 160              		.file 3 ".\\Generated_Source\\PSoC5\\Quad_3.h"
 161              		.file 4 ".\\Generated_Source\\PSoC5\\Quad_3_Cnt16.h"
 162              		.section	.debug_info,"",%progbits
 163              	.Ldebug_info0:
 164 0000 8C010000 		.4byte	0x18c
 165 0004 0400     		.2byte	0x4
 166 0006 00000000 		.4byte	.Ldebug_abbrev0
 167 000a 04       		.byte	0x4
 168 000b 01       		.uleb128 0x1
 169 000c FD000000 		.4byte	.LASF25
 170 0010 01       		.byte	0x1
 171 0011 29020000 		.4byte	.LASF26
 172 0015 AE010000 		.4byte	.LASF27
 173 0019 00000000 		.4byte	.Ldebug_ranges0+0
 174 001d 00000000 		.4byte	0
 175 0021 00000000 		.4byte	.Ldebug_line0
 176 0025 02       		.uleb128 0x2
 177 0026 04       		.byte	0x4
 178 0027 05       		.byte	0x5
 179 0028 696E7400 		.ascii	"int\000"
 180 002c 03       		.uleb128 0x3
 181 002d 04       		.byte	0x4
 182 002e 07       		.byte	0x7
 183 002f D9000000 		.4byte	.LASF0
 184 0033 03       		.uleb128 0x3
 185 0034 01       		.byte	0x1
 186 0035 06       		.byte	0x6
 187 0036 1D020000 		.4byte	.LASF1
 188 003a 03       		.uleb128 0x3
 189 003b 01       		.byte	0x1
 190 003c 08       		.byte	0x8
 191 003d 59000000 		.4byte	.LASF2
 192 0041 03       		.uleb128 0x3
 193 0042 02       		.byte	0x2
 194 0043 05       		.byte	0x5
 195 0044 F5010000 		.4byte	.LASF3
 196 0048 03       		.uleb128 0x3
 197 0049 02       		.byte	0x2
ARM GAS  C:\Users\Daniel\AppData\Local\Temp\cckbvzSn.s 			page 7


 198 004a 07       		.byte	0x7
 199 004b 28000000 		.4byte	.LASF4
 200 004f 03       		.uleb128 0x3
 201 0050 04       		.byte	0x4
 202 0051 05       		.byte	0x5
 203 0052 FF010000 		.4byte	.LASF5
 204 0056 03       		.uleb128 0x3
 205 0057 04       		.byte	0x4
 206 0058 07       		.byte	0x7
 207 0059 6C000000 		.4byte	.LASF6
 208 005d 03       		.uleb128 0x3
 209 005e 08       		.byte	0x8
 210 005f 05       		.byte	0x5
 211 0060 94010000 		.4byte	.LASF7
 212 0064 03       		.uleb128 0x3
 213 0065 08       		.byte	0x8
 214 0066 07       		.byte	0x7
 215 0067 E6000000 		.4byte	.LASF8
 216 006b 03       		.uleb128 0x3
 217 006c 04       		.byte	0x4
 218 006d 07       		.byte	0x7
 219 006e 8B010000 		.4byte	.LASF9
 220 0072 03       		.uleb128 0x3
 221 0073 01       		.byte	0x1
 222 0074 08       		.byte	0x8
 223 0075 00000000 		.4byte	.LASF10
 224 0079 04       		.uleb128 0x4
 225 007a 8C000000 		.4byte	.LASF13
 226 007e 02       		.byte	0x2
 227 007f 9201     		.2byte	0x192
 228 0081 3A000000 		.4byte	0x3a
 229 0085 03       		.uleb128 0x3
 230 0086 04       		.byte	0x4
 231 0087 04       		.byte	0x4
 232 0088 53000000 		.4byte	.LASF11
 233 008c 03       		.uleb128 0x3
 234 008d 08       		.byte	0x8
 235 008e 04       		.byte	0x4
 236 008f A0000000 		.4byte	.LASF12
 237 0093 04       		.uleb128 0x4
 238 0094 67000000 		.4byte	.LASF14
 239 0098 02       		.byte	0x2
 240 0099 3C02     		.2byte	0x23c
 241 009b 9F000000 		.4byte	0x9f
 242 009f 05       		.uleb128 0x5
 243 00a0 79000000 		.4byte	0x79
 244 00a4 06       		.uleb128 0x6
 245 00a5 01       		.byte	0x1
 246 00a6 03       		.byte	0x3
 247 00a7 3D       		.byte	0x3d
 248 00a8 B9000000 		.4byte	0xb9
 249 00ac 07       		.uleb128 0x7
 250 00ad CD000000 		.4byte	.LASF28
 251 00b1 03       		.byte	0x3
 252 00b2 3F       		.byte	0x3f
 253 00b3 79000000 		.4byte	0x79
 254 00b7 00       		.byte	0
ARM GAS  C:\Users\Daniel\AppData\Local\Temp\cckbvzSn.s 			page 8


 255 00b8 00       		.byte	0
 256 00b9 08       		.uleb128 0x8
 257 00ba 08020000 		.4byte	.LASF15
 258 00be 03       		.byte	0x3
 259 00bf 40       		.byte	0x40
 260 00c0 A4000000 		.4byte	0xa4
 261 00c4 09       		.uleb128 0x9
 262 00c5 A7000000 		.4byte	.LASF16
 263 00c9 01       		.byte	0x1
 264 00ca 25       		.byte	0x25
 265 00cb 00000000 		.4byte	.LFB0
 266 00cf 08000000 		.4byte	.LFE0-.LFB0
 267 00d3 01       		.uleb128 0x1
 268 00d4 9C       		.byte	0x9c
 269 00d5 E3000000 		.4byte	0xe3
 270 00d9 0A       		.uleb128 0xa
 271 00da 06000000 		.4byte	.LVL0
 272 00de 6C010000 		.4byte	0x16c
 273 00e2 00       		.byte	0
 274 00e3 09       		.uleb128 0x9
 275 00e4 05000000 		.4byte	.LASF17
 276 00e8 01       		.byte	0x1
 277 00e9 3F       		.byte	0x3f
 278 00ea 00000000 		.4byte	.LFB1
 279 00ee 08000000 		.4byte	.LFE1-.LFB1
 280 00f2 01       		.uleb128 0x1
 281 00f3 9C       		.byte	0x9c
 282 00f4 02010000 		.4byte	0x102
 283 00f8 0A       		.uleb128 0xa
 284 00f9 06000000 		.4byte	.LVL1
 285 00fd 73010000 		.4byte	0x173
 286 0101 00       		.byte	0
 287 0102 09       		.uleb128 0x9
 288 0103 4E020000 		.4byte	.LASF18
 289 0107 01       		.byte	0x1
 290 0108 60       		.byte	0x60
 291 0109 00000000 		.4byte	.LFB2
 292 010d 2C000000 		.4byte	.LFE2-.LFB2
 293 0111 01       		.uleb128 0x1
 294 0112 9C       		.byte	0x9c
 295 0113 2A010000 		.4byte	0x12a
 296 0117 0A       		.uleb128 0xa
 297 0118 1E000000 		.4byte	.LVL2
 298 011c 7A010000 		.4byte	0x17a
 299 0120 0A       		.uleb128 0xa
 300 0121 22000000 		.4byte	.LVL3
 301 0125 C4000000 		.4byte	0xc4
 302 0129 00       		.byte	0
 303 012a 09       		.uleb128 0x9
 304 012b 7E000000 		.4byte	.LASF19
 305 012f 01       		.byte	0x1
 306 0130 81       		.byte	0x81
 307 0131 00000000 		.4byte	.LFB3
 308 0135 1C000000 		.4byte	.LFE3-.LFB3
 309 0139 01       		.uleb128 0x1
 310 013a 9C       		.byte	0x9c
 311 013b 5B010000 		.4byte	0x15b
ARM GAS  C:\Users\Daniel\AppData\Local\Temp\cckbvzSn.s 			page 9


 312 013f 0A       		.uleb128 0xa
 313 0140 06000000 		.4byte	.LVL4
 314 0144 E3000000 		.4byte	0xe3
 315 0148 0A       		.uleb128 0xa
 316 0149 10000000 		.4byte	.LVL5
 317 014d 81010000 		.4byte	0x181
 318 0151 0A       		.uleb128 0xa
 319 0152 14000000 		.4byte	.LVL6
 320 0156 88010000 		.4byte	0x188
 321 015a 00       		.byte	0
 322 015b 0B       		.uleb128 0xb
 323 015c 92000000 		.4byte	.LASF29
 324 0160 01       		.byte	0x1
 325 0161 15       		.byte	0x15
 326 0162 B9000000 		.4byte	0xb9
 327 0166 05       		.uleb128 0x5
 328 0167 03       		.byte	0x3
 329 0168 00000000 		.4byte	Quad_3_backup
 330 016c 0C       		.uleb128 0xc
 331 016d 3B000000 		.4byte	.LASF20
 332 0171 04       		.byte	0x4
 333 0172 72       		.byte	0x72
 334 0173 0C       		.uleb128 0xc
 335 0174 5B020000 		.4byte	.LASF21
 336 0178 04       		.byte	0x4
 337 0179 73       		.byte	0x73
 338 017a 0C       		.uleb128 0xc
 339 017b A2010000 		.4byte	.LASF22
 340 017f 03       		.byte	0x3
 341 0180 49       		.byte	0x49
 342 0181 0C       		.uleb128 0xc
 343 0182 B9000000 		.4byte	.LASF23
 344 0186 04       		.byte	0x4
 345 0187 71       		.byte	0x71
 346 0188 0C       		.uleb128 0xc
 347 0189 1A000000 		.4byte	.LASF24
 348 018d 03       		.byte	0x3
 349 018e 4A       		.byte	0x4a
 350 018f 00       		.byte	0
 351              		.section	.debug_abbrev,"",%progbits
 352              	.Ldebug_abbrev0:
 353 0000 01       		.uleb128 0x1
 354 0001 11       		.uleb128 0x11
 355 0002 01       		.byte	0x1
 356 0003 25       		.uleb128 0x25
 357 0004 0E       		.uleb128 0xe
 358 0005 13       		.uleb128 0x13
 359 0006 0B       		.uleb128 0xb
 360 0007 03       		.uleb128 0x3
 361 0008 0E       		.uleb128 0xe
 362 0009 1B       		.uleb128 0x1b
 363 000a 0E       		.uleb128 0xe
 364 000b 55       		.uleb128 0x55
 365 000c 17       		.uleb128 0x17
 366 000d 11       		.uleb128 0x11
 367 000e 01       		.uleb128 0x1
 368 000f 10       		.uleb128 0x10
ARM GAS  C:\Users\Daniel\AppData\Local\Temp\cckbvzSn.s 			page 10


 369 0010 17       		.uleb128 0x17
 370 0011 00       		.byte	0
 371 0012 00       		.byte	0
 372 0013 02       		.uleb128 0x2
 373 0014 24       		.uleb128 0x24
 374 0015 00       		.byte	0
 375 0016 0B       		.uleb128 0xb
 376 0017 0B       		.uleb128 0xb
 377 0018 3E       		.uleb128 0x3e
 378 0019 0B       		.uleb128 0xb
 379 001a 03       		.uleb128 0x3
 380 001b 08       		.uleb128 0x8
 381 001c 00       		.byte	0
 382 001d 00       		.byte	0
 383 001e 03       		.uleb128 0x3
 384 001f 24       		.uleb128 0x24
 385 0020 00       		.byte	0
 386 0021 0B       		.uleb128 0xb
 387 0022 0B       		.uleb128 0xb
 388 0023 3E       		.uleb128 0x3e
 389 0024 0B       		.uleb128 0xb
 390 0025 03       		.uleb128 0x3
 391 0026 0E       		.uleb128 0xe
 392 0027 00       		.byte	0
 393 0028 00       		.byte	0
 394 0029 04       		.uleb128 0x4
 395 002a 16       		.uleb128 0x16
 396 002b 00       		.byte	0
 397 002c 03       		.uleb128 0x3
 398 002d 0E       		.uleb128 0xe
 399 002e 3A       		.uleb128 0x3a
 400 002f 0B       		.uleb128 0xb
 401 0030 3B       		.uleb128 0x3b
 402 0031 05       		.uleb128 0x5
 403 0032 49       		.uleb128 0x49
 404 0033 13       		.uleb128 0x13
 405 0034 00       		.byte	0
 406 0035 00       		.byte	0
 407 0036 05       		.uleb128 0x5
 408 0037 35       		.uleb128 0x35
 409 0038 00       		.byte	0
 410 0039 49       		.uleb128 0x49
 411 003a 13       		.uleb128 0x13
 412 003b 00       		.byte	0
 413 003c 00       		.byte	0
 414 003d 06       		.uleb128 0x6
 415 003e 13       		.uleb128 0x13
 416 003f 01       		.byte	0x1
 417 0040 0B       		.uleb128 0xb
 418 0041 0B       		.uleb128 0xb
 419 0042 3A       		.uleb128 0x3a
 420 0043 0B       		.uleb128 0xb
 421 0044 3B       		.uleb128 0x3b
 422 0045 0B       		.uleb128 0xb
 423 0046 01       		.uleb128 0x1
 424 0047 13       		.uleb128 0x13
 425 0048 00       		.byte	0
ARM GAS  C:\Users\Daniel\AppData\Local\Temp\cckbvzSn.s 			page 11


 426 0049 00       		.byte	0
 427 004a 07       		.uleb128 0x7
 428 004b 0D       		.uleb128 0xd
 429 004c 00       		.byte	0
 430 004d 03       		.uleb128 0x3
 431 004e 0E       		.uleb128 0xe
 432 004f 3A       		.uleb128 0x3a
 433 0050 0B       		.uleb128 0xb
 434 0051 3B       		.uleb128 0x3b
 435 0052 0B       		.uleb128 0xb
 436 0053 49       		.uleb128 0x49
 437 0054 13       		.uleb128 0x13
 438 0055 38       		.uleb128 0x38
 439 0056 0B       		.uleb128 0xb
 440 0057 00       		.byte	0
 441 0058 00       		.byte	0
 442 0059 08       		.uleb128 0x8
 443 005a 16       		.uleb128 0x16
 444 005b 00       		.byte	0
 445 005c 03       		.uleb128 0x3
 446 005d 0E       		.uleb128 0xe
 447 005e 3A       		.uleb128 0x3a
 448 005f 0B       		.uleb128 0xb
 449 0060 3B       		.uleb128 0x3b
 450 0061 0B       		.uleb128 0xb
 451 0062 49       		.uleb128 0x49
 452 0063 13       		.uleb128 0x13
 453 0064 00       		.byte	0
 454 0065 00       		.byte	0
 455 0066 09       		.uleb128 0x9
 456 0067 2E       		.uleb128 0x2e
 457 0068 01       		.byte	0x1
 458 0069 3F       		.uleb128 0x3f
 459 006a 19       		.uleb128 0x19
 460 006b 03       		.uleb128 0x3
 461 006c 0E       		.uleb128 0xe
 462 006d 3A       		.uleb128 0x3a
 463 006e 0B       		.uleb128 0xb
 464 006f 3B       		.uleb128 0x3b
 465 0070 0B       		.uleb128 0xb
 466 0071 27       		.uleb128 0x27
 467 0072 19       		.uleb128 0x19
 468 0073 11       		.uleb128 0x11
 469 0074 01       		.uleb128 0x1
 470 0075 12       		.uleb128 0x12
 471 0076 06       		.uleb128 0x6
 472 0077 40       		.uleb128 0x40
 473 0078 18       		.uleb128 0x18
 474 0079 9742     		.uleb128 0x2117
 475 007b 19       		.uleb128 0x19
 476 007c 01       		.uleb128 0x1
 477 007d 13       		.uleb128 0x13
 478 007e 00       		.byte	0
 479 007f 00       		.byte	0
 480 0080 0A       		.uleb128 0xa
 481 0081 898201   		.uleb128 0x4109
 482 0084 00       		.byte	0
ARM GAS  C:\Users\Daniel\AppData\Local\Temp\cckbvzSn.s 			page 12


 483 0085 11       		.uleb128 0x11
 484 0086 01       		.uleb128 0x1
 485 0087 31       		.uleb128 0x31
 486 0088 13       		.uleb128 0x13
 487 0089 00       		.byte	0
 488 008a 00       		.byte	0
 489 008b 0B       		.uleb128 0xb
 490 008c 34       		.uleb128 0x34
 491 008d 00       		.byte	0
 492 008e 03       		.uleb128 0x3
 493 008f 0E       		.uleb128 0xe
 494 0090 3A       		.uleb128 0x3a
 495 0091 0B       		.uleb128 0xb
 496 0092 3B       		.uleb128 0x3b
 497 0093 0B       		.uleb128 0xb
 498 0094 49       		.uleb128 0x49
 499 0095 13       		.uleb128 0x13
 500 0096 02       		.uleb128 0x2
 501 0097 18       		.uleb128 0x18
 502 0098 00       		.byte	0
 503 0099 00       		.byte	0
 504 009a 0C       		.uleb128 0xc
 505 009b 2E       		.uleb128 0x2e
 506 009c 00       		.byte	0
 507 009d 3F       		.uleb128 0x3f
 508 009e 19       		.uleb128 0x19
 509 009f 03       		.uleb128 0x3
 510 00a0 0E       		.uleb128 0xe
 511 00a1 3A       		.uleb128 0x3a
 512 00a2 0B       		.uleb128 0xb
 513 00a3 3B       		.uleb128 0x3b
 514 00a4 0B       		.uleb128 0xb
 515 00a5 27       		.uleb128 0x27
 516 00a6 19       		.uleb128 0x19
 517 00a7 3C       		.uleb128 0x3c
 518 00a8 19       		.uleb128 0x19
 519 00a9 00       		.byte	0
 520 00aa 00       		.byte	0
 521 00ab 00       		.byte	0
 522              		.section	.debug_aranges,"",%progbits
 523 0000 34000000 		.4byte	0x34
 524 0004 0200     		.2byte	0x2
 525 0006 00000000 		.4byte	.Ldebug_info0
 526 000a 04       		.byte	0x4
 527 000b 00       		.byte	0
 528 000c 0000     		.2byte	0
 529 000e 0000     		.2byte	0
 530 0010 00000000 		.4byte	.LFB0
 531 0014 08000000 		.4byte	.LFE0-.LFB0
 532 0018 00000000 		.4byte	.LFB1
 533 001c 08000000 		.4byte	.LFE1-.LFB1
 534 0020 00000000 		.4byte	.LFB2
 535 0024 2C000000 		.4byte	.LFE2-.LFB2
 536 0028 00000000 		.4byte	.LFB3
 537 002c 1C000000 		.4byte	.LFE3-.LFB3
 538 0030 00000000 		.4byte	0
 539 0034 00000000 		.4byte	0
ARM GAS  C:\Users\Daniel\AppData\Local\Temp\cckbvzSn.s 			page 13


 540              		.section	.debug_ranges,"",%progbits
 541              	.Ldebug_ranges0:
 542 0000 00000000 		.4byte	.LFB0
 543 0004 08000000 		.4byte	.LFE0
 544 0008 00000000 		.4byte	.LFB1
 545 000c 08000000 		.4byte	.LFE1
 546 0010 00000000 		.4byte	.LFB2
 547 0014 2C000000 		.4byte	.LFE2
 548 0018 00000000 		.4byte	.LFB3
 549 001c 1C000000 		.4byte	.LFE3
 550 0020 00000000 		.4byte	0
 551 0024 00000000 		.4byte	0
 552              		.section	.debug_line,"",%progbits
 553              	.Ldebug_line0:
 554 0000 B5000000 		.section	.debug_str,"MS",%progbits,1
 554      02006600 
 554      00000201 
 554      FB0E0D00 
 554      01010101 
 555              	.LASF10:
 556 0000 63686172 		.ascii	"char\000"
 556      00
 557              	.LASF17:
 558 0005 51756164 		.ascii	"Quad_3_RestoreConfig\000"
 558      5F335F52 
 558      6573746F 
 558      7265436F 
 558      6E666967 
 559              	.LASF24:
 560 001a 51756164 		.ascii	"Quad_3_Enable\000"
 560      5F335F45 
 560      6E61626C 
 560      6500
 561              	.LASF4:
 562 0028 73686F72 		.ascii	"short unsigned int\000"
 562      7420756E 
 562      7369676E 
 562      65642069 
 562      6E7400
 563              	.LASF20:
 564 003b 51756164 		.ascii	"Quad_3_Cnt16_SaveConfig\000"
 564      5F335F43 
 564      6E743136 
 564      5F536176 
 564      65436F6E 
 565              	.LASF11:
 566 0053 666C6F61 		.ascii	"float\000"
 566      7400
 567              	.LASF2:
 568 0059 756E7369 		.ascii	"unsigned char\000"
 568      676E6564 
 568      20636861 
 568      7200
 569              	.LASF14:
 570 0067 72656738 		.ascii	"reg8\000"
 570      00
 571              	.LASF6:
ARM GAS  C:\Users\Daniel\AppData\Local\Temp\cckbvzSn.s 			page 14


 572 006c 6C6F6E67 		.ascii	"long unsigned int\000"
 572      20756E73 
 572      69676E65 
 572      6420696E 
 572      7400
 573              	.LASF19:
 574 007e 51756164 		.ascii	"Quad_3_Wakeup\000"
 574      5F335F57 
 574      616B6575 
 574      7000
 575              	.LASF13:
 576 008c 75696E74 		.ascii	"uint8\000"
 576      3800
 577              	.LASF29:
 578 0092 51756164 		.ascii	"Quad_3_backup\000"
 578      5F335F62 
 578      61636B75 
 578      7000
 579              	.LASF12:
 580 00a0 646F7562 		.ascii	"double\000"
 580      6C6500
 581              	.LASF16:
 582 00a7 51756164 		.ascii	"Quad_3_SaveConfig\000"
 582      5F335F53 
 582      61766543 
 582      6F6E6669 
 582      6700
 583              	.LASF23:
 584 00b9 51756164 		.ascii	"Quad_3_Cnt16_Enable\000"
 584      5F335F43 
 584      6E743136 
 584      5F456E61 
 584      626C6500 
 585              	.LASF28:
 586 00cd 656E6162 		.ascii	"enableState\000"
 586      6C655374 
 586      61746500 
 587              	.LASF0:
 588 00d9 756E7369 		.ascii	"unsigned int\000"
 588      676E6564 
 588      20696E74 
 588      00
 589              	.LASF8:
 590 00e6 6C6F6E67 		.ascii	"long long unsigned int\000"
 590      206C6F6E 
 590      6720756E 
 590      7369676E 
 590      65642069 
 591              	.LASF25:
 592 00fd 474E5520 		.ascii	"GNU C 4.9.3 20150303 (release) [ARM/embedded-4_9-br"
 592      4320342E 
 592      392E3320 
 592      32303135 
 592      30333033 
 593 0130 616E6368 		.ascii	"anch revision 221220] -mcpu=cortex-m3 -mthumb -g -O"
 593      20726576 
 593      6973696F 
ARM GAS  C:\Users\Daniel\AppData\Local\Temp\cckbvzSn.s 			page 15


 593      6E203232 
 593      31323230 
 594 0163 67202D66 		.ascii	"g -ffunction-sections -ffat-lto-objects\000"
 594      66756E63 
 594      74696F6E 
 594      2D736563 
 594      74696F6E 
 595              	.LASF9:
 596 018b 73697A65 		.ascii	"sizetype\000"
 596      74797065 
 596      00
 597              	.LASF7:
 598 0194 6C6F6E67 		.ascii	"long long int\000"
 598      206C6F6E 
 598      6720696E 
 598      7400
 599              	.LASF22:
 600 01a2 51756164 		.ascii	"Quad_3_Stop\000"
 600      5F335F53 
 600      746F7000 
 601              	.LASF27:
 602 01ae 433A5C55 		.ascii	"C:\\Users\\Daniel\\Documents\\PSoC Creator\\ECE3091"
 602      73657273 
 602      5C44616E 
 602      69656C5C 
 602      446F6375 
 603 01dc 20466173 		.ascii	" Faster V3\\Display.cydsn\000"
 603      74657220 
 603      56335C44 
 603      6973706C 
 603      61792E63 
 604              	.LASF3:
 605 01f5 73686F72 		.ascii	"short int\000"
 605      7420696E 
 605      7400
 606              	.LASF5:
 607 01ff 6C6F6E67 		.ascii	"long int\000"
 607      20696E74 
 607      00
 608              	.LASF15:
 609 0208 51756164 		.ascii	"Quad_3_BACKUP_STRUCT\000"
 609      5F335F42 
 609      41434B55 
 609      505F5354 
 609      52554354 
 610              	.LASF1:
 611 021d 7369676E 		.ascii	"signed char\000"
 611      65642063 
 611      68617200 
 612              	.LASF26:
 613 0229 2E5C4765 		.ascii	".\\Generated_Source\\PSoC5\\Quad_3_PM.c\000"
 613      6E657261 
 613      7465645F 
 613      536F7572 
 613      63655C50 
 614              	.LASF18:
 615 024e 51756164 		.ascii	"Quad_3_Sleep\000"
ARM GAS  C:\Users\Daniel\AppData\Local\Temp\cckbvzSn.s 			page 16


 615      5F335F53 
 615      6C656570 
 615      00
 616              	.LASF21:
 617 025b 51756164 		.ascii	"Quad_3_Cnt16_RestoreConfig\000"
 617      5F335F43 
 617      6E743136 
 617      5F526573 
 617      746F7265 
 618              		.ident	"GCC: (GNU Tools for ARM Embedded Processors) 4.9.3 20150303 (release) [ARM/embedded-4_9-br
