--------------- Rebuild Started: 10/18/2016 19:29:29 Project: Display, Configuration: ARM GCC 4.9-2015-q1-update Debug ---------------
Deleting file ".\CortexM3\ARM_GCC_493\Debug\main.o"
Deleting file ".\CortexM3\ARM_GCC_493\Debug\camera_display.o"
Deleting file ".\CortexM3\ARM_GCC_493\Debug\camera_functions.o"
Deleting file ".\CortexM3\ARM_GCC_493\Debug\pwm_functions.o"
Deleting file ".\CortexM3\ARM_GCC_493\Debug\movement_functions.o"
Deleting file ".\Display.cycdx"
Deleting file ".\Display.svd"
Deleting file ".\Display.rpt"
Deleting file ".\Display_timing.html"
cydsfit.exe -.appdatapath "C:\Users\Daniel\AppData\Local\Cypress Semiconductor\PSoC Creator\3.3" -.fdsnotice -.fdswarpdepfile=warp_dependencies.txt -.fdselabdepfile=elab_dependencies.txt -.fdsbldfile=generated_files.txt -p "C:\Users\Daniel\Documents\PSoC Creator\ECE3091 Faster V3\Display.cydsn\Display.cyprj" -d CY8C5888LTI-LP097 -s "C:\Users\Daniel\Documents\PSoC Creator\ECE3091 Faster V3\Display.cydsn\Generated_Source\PSoC5" -- -yv2 -q10 -ygs -o2 -v3 -.fftcfgtype=LE
Elaborating Design...
HDL Generation ...
Synthesis ...
Place and Route ...
Tech mapping ...
Analog Placement ...
Log: apr.M0058: The analog placement iterative improvement is 51% done. (App=cydsfit)
Log: apr.M0058: The analog placement iterative improvement is 73% done. (App=cydsfit)
Log: apr.M0058: The analog placement iterative improvement is 97% done. (App=cydsfit)
Analog Routing ...
Analog Code Generation ...
Digital Placement ...
Digital Routing ...
Bitstream Generation ...
Static timing analysis ...
Warning: sta.M0021: Display_timing.html: Warning-1350: Asynchronous path(s) exist from "CyBUS_CLK" to "\Camera:PCLK(0)_PAD\". See the timing report for details. (File=C:\Users\Daniel\Documents\PSoC Creator\ECE3091 Faster V3\Display.cydsn\Display_timing.html)
Warning: sta.M0021: Display_timing.html: Warning-1350: Asynchronous path(s) exist from "LCD_CLK" to "\Camera:PCLK(0)_PAD\". See the timing report for details. (File=C:\Users\Daniel\Documents\PSoC Creator\ECE3091 Faster V3\Display.cydsn\Display_timing.html)
Warning: sta.M0019: Display_timing.html: Warning-1366: Setup time violation found in a path from clock ( CyBUS_CLK ) to clock ( CyBUS_CLK ). (File=C:\Users\Daniel\Documents\PSoC Creator\ECE3091 Faster V3\Display.cydsn\Display_timing.html)
API Generation ...
Dependency Generation ...
Clean Temporary Files ...
arm-none-eabi-gcc.exe -mcpu=cortex-m3 -mthumb -Wno-main -I. -IGenerated_Source\PSoC5 -Wa,-alh=.\CortexM3\ARM_GCC_493\Debug/main.lst -g -D DEBUG -Wall -ffunction-sections -Og -ffat-lto-objects -c .\main.c -o .\CortexM3\ARM_GCC_493\Debug\main.o
.\main.c: In function 'main':
.\main.c:156:1: warning: control reaches end of non-void function [-Wreturn-type]
 }
 ^
arm-none-eabi-gcc.exe -mcpu=cortex-m3 -mthumb -Wno-main -I. -IGenerated_Source\PSoC5 -Wa,-alh=.\CortexM3\ARM_GCC_493\Debug/camera_display.lst -g -D DEBUG -Wall -ffunction-sections -Og -ffat-lto-objects -c .\camera_display.c -o .\CortexM3\ARM_GCC_493\Debug\camera_display.o
arm-none-eabi-gcc.exe -mcpu=cortex-m3 -mthumb -Wno-main -I. -IGenerated_Source\PSoC5 -Wa,-alh=.\CortexM3\ARM_GCC_493\Debug/camera_functions.lst -g -D DEBUG -Wall -ffunction-sections -Og -ffat-lto-objects -c .\camera_functions.c -o .\CortexM3\ARM_GCC_493\Debug\camera_functions.o
.\camera_functions.c: In function 'CamIdentifyEndzone':
.\camera_functions.c:485:11: warning: unused variable 'clr' [-Wunused-variable]
     uint8 clr; //Colour --> R,G,B == 0,1,2.
           ^
.\camera_functions.c: In function 'CamAnalyseFrame':
.\camera_functions.c:339:53: warning: 'C' may be used uninitialized in this function [-Wmaybe-uninitialized]
                     blobWeightsX[C-1]=blobWeightsX[C-1]+j;
                                                     ^
arm-none-eabi-gcc.exe -mcpu=cortex-m3 -mthumb -Wno-main -I. -IGenerated_Source\PSoC5 -Wa,-alh=.\CortexM3\ARM_GCC_493\Debug/pwm_functions.lst -g -D DEBUG -Wall -ffunction-sections -Og -ffat-lto-objects -c .\pwm_functions.c -o .\CortexM3\ARM_GCC_493\Debug\pwm_functions.o
arm-none-eabi-gcc.exe -mcpu=cortex-m3 -mthumb -Wno-main -I. -IGenerated_Source\PSoC5 -Wa,-alh=.\CortexM3\ARM_GCC_493\Debug/movement_functions.lst -g -D DEBUG -Wall -ffunction-sections -Og -ffat-lto-objects -c .\movement_functions.c -o .\CortexM3\ARM_GCC_493\Debug\movement_functions.o
arm-none-eabi-gcc.exe -mcpu=cortex-m3 -mthumb -Wno-main -I. -IGenerated_Source\PSoC5 -Wa,-alh=.\CortexM3\ARM_GCC_493\Debug/puck_functions.lst -g -D DEBUG -Wall -ffunction-sections -Og -ffat-lto-objects -c .\puck_functions.c -o .\CortexM3\ARM_GCC_493\Debug\puck_functions.o
.\puck_functions.c: In function 'PuckCanCollect':
.\puck_functions.c:269:17: warning: unused variable 'yOffset' [-Wunused-variable]
     uint8 const yOffset = 60;
                 ^
.\puck_functions.c:268:17: warning: unused variable 'range' [-Wunused-variable]
     uint8 const range = 40;
                 ^
.\puck_functions.c: In function 'PuckPositionToStack':
.\puck_functions.c:410:9: warning: variable 'Yend' set but not used [-Wunused-but-set-variable]
     int Yend;
         ^
arm-none-eabi-gcc.exe -mcpu=cortex-m3 -mthumb -Wno-main -I. -IGenerated_Source\PSoC5 -Wa,-alh=.\CortexM3\ARM_GCC_493\Debug/Ultrasonics.lst -g -D DEBUG -Wall -ffunction-sections -Og -ffat-lto-objects -c .\Ultrasonics.c -o .\CortexM3\ARM_GCC_493\Debug\Ultrasonics.o
arm-none-eabi-gcc.exe -mcpu=cortex-m3 -mthumb -Wno-main -I. -IGenerated_Source\PSoC5 -Wa,-alh=.\CortexM3\ARM_GCC_493\Debug/pathing.lst -g -D DEBUG -Wall -ffunction-sections -Og -ffat-lto-objects -c .\pathing.c -o .\CortexM3\ARM_GCC_493\Debug\pathing.o
arm-none-eabi-gcc.exe -mcpu=cortex-m3 -mthumb -Wno-main -I. -IGenerated_Source\PSoC5 -Wa,-alh=.\CortexM3\ARM_GCC_493\Debug/initial_path_sequence.lst -g -D DEBUG -Wall -ffunction-sections -Og -ffat-lto-objects -c .\initial_path_sequence.c -o .\CortexM3\ARM_GCC_493\Debug\initial_path_sequence.o
arm-none-eabi-gcc.exe -mcpu=cortex-m3 -mthumb -Wno-main -I. -IGenerated_Source\PSoC5 -Wa,-alh=.\CortexM3\ARM_GCC_493\Debug/lift_functions.lst -g -D DEBUG -Wall -ffunction-sections -Og -ffat-lto-objects -c .\lift_functions.c -o .\CortexM3\ARM_GCC_493\Debug\lift_functions.o
arm-none-eabi-gcc.exe -mcpu=cortex-m3 -mthumb -Wno-main -I. -IGenerated_Source\PSoC5 -Wa,-alh=.\CortexM3\ARM_GCC_493\Debug/utils.lst -g -D DEBUG -Wall -ffunction-sections -Og -ffat-lto-objects -c .\utils.c -o .\CortexM3\ARM_GCC_493\Debug\utils.o
arm-none-eabi-gcc.exe -mcpu=cortex-m3 -mthumb -Wno-main -I. -IGenerated_Source\PSoC5 -Wa,-alh=.\CortexM3\ARM_GCC_493\Debug/cyfitter_cfg.lst -g -D DEBUG -Wall -ffunction-sections -Og -ffat-lto-objects -c .\Generated_Source\PSoC5\cyfitter_cfg.c -o .\CortexM3\ARM_GCC_493\Debug\cyfitter_cfg.o
arm-none-eabi-gcc.exe -mcpu=cortex-m3 -mthumb -Wno-main -I. -IGenerated_Source\PSoC5 -Wa,-alh=.\CortexM3\ARM_GCC_493\Debug/cymetadata.lst -g -D DEBUG -Wall -ffunction-sections -Og -ffat-lto-objects -c .\Generated_Source\PSoC5\cymetadata.c -o .\CortexM3\ARM_GCC_493\Debug\cymetadata.o
arm-none-eabi-gcc.exe -mcpu=cortex-m3 -mthumb -Wno-main -I. -IGenerated_Source\PSoC5 -Wa,-alh=.\CortexM3\ARM_GCC_493\Debug/D.lst -g -D DEBUG -Wall -ffunction-sections -Og -ffat-lto-objects -c .\Generated_Source\PSoC5\D.c -o .\CortexM3\ARM_GCC_493\Debug\D.o
arm-none-eabi-gcc.exe -mcpu=cortex-m3 -mthumb -Wno-main -I. -IGenerated_Source\PSoC5 -Wa,-alh=.\CortexM3\ARM_GCC_493\Debug/CS.lst -g -D DEBUG -Wall -ffunction-sections -Og -ffat-lto-objects -c .\Generated_Source\PSoC5\CS.c -o .\CortexM3\ARM_GCC_493\Debug\CS.o
arm-none-eabi-gcc.exe -mcpu=cortex-m3 -mthumb -Wno-main -I. -IGenerated_Source\PSoC5 -Wa,-alh=.\CortexM3\ARM_GCC_493\Debug/LCD_WR.lst -g -D DEBUG -Wall -ffunction-sections -Og -ffat-lto-objects -c .\Generated_Source\PSoC5\LCD_WR.c -o .\CortexM3\ARM_GCC_493\Debug\LCD_WR.o
arm-none-eabi-gcc.exe -mcpu=cortex-m3 -mthumb -Wno-main -I. -IGenerated_Source\PSoC5 -Wa,-alh=.\CortexM3\ARM_GCC_493\Debug/LCD_RD.lst -g -D DEBUG -Wall -ffunction-sections -Og -ffat-lto-objects -c .\Generated_Source\PSoC5\LCD_RD.c -o .\CortexM3\ARM_GCC_493\Debug\LCD_RD.o
arm-none-eabi-gcc.exe -mcpu=cortex-m3 -mthumb -Wno-main -I. -IGenerated_Source\PSoC5 -Wa,-alh=.\CortexM3\ARM_GCC_493\Debug/LCD_RS.lst -g -D DEBUG -Wall -ffunction-sections -Og -ffat-lto-objects -c .\Generated_Source\PSoC5\LCD_RS.c -o .\CortexM3\ARM_GCC_493\Debug\LCD_RS.o
arm-none-eabi-gcc.exe -mcpu=cortex-m3 -mthumb -Wno-main -I. -IGenerated_Source\PSoC5 -Wa,-alh=.\CortexM3\ARM_GCC_493\Debug/RST.lst -g -D DEBUG -Wall -ffunction-sections -Og -ffat-lto-objects -c .\Generated_Source\PSoC5\RST.c -o .\CortexM3\ARM_GCC_493\Debug\RST.o
arm-none-eabi-gcc.exe -mcpu=cortex-m3 -mthumb -Wno-main -I. -IGenerated_Source\PSoC5 -Wa,-alh=.\CortexM3\ARM_GCC_493\Debug/Cm3Start.lst -g -D DEBUG -Wall -ffunction-sections -Og -ffat-lto-objects -c .\Generated_Source\PSoC5\Cm3Start.c -o .\CortexM3\ARM_GCC_493\Debug\Cm3Start.o
arm-none-eabi-as.exe -mcpu=cortex-m3 -mthumb -I. -IGenerated_Source\PSoC5 -alh=.\CortexM3\ARM_GCC_493\Debug/CyBootAsmGnu.lst -g -W -o .\CortexM3\ARM_GCC_493\Debug\CyBootAsmGnu.o .\Generated_Source\PSoC5\CyBootAsmGnu.s
arm-none-eabi-gcc.exe -mcpu=cortex-m3 -mthumb -Wno-main -I. -IGenerated_Source\PSoC5 -Wa,-alh=.\CortexM3\ARM_GCC_493\Debug/CyDmac.lst -g -D DEBUG -Wall -ffunction-sections -Og -ffat-lto-objects -c .\Generated_Source\PSoC5\CyDmac.c -o .\CortexM3\ARM_GCC_493\Debug\CyDmac.o
arm-none-eabi-gcc.exe -mcpu=cortex-m3 -mthumb -Wno-main -I. -IGenerated_Source\PSoC5 -Wa,-alh=.\CortexM3\ARM_GCC_493\Debug/CyFlash.lst -g -D DEBUG -Wall -ffunction-sections -Og -ffat-lto-objects -c .\Generated_Source\PSoC5\CyFlash.c -o .\CortexM3\ARM_GCC_493\Debug\CyFlash.o
arm-none-eabi-gcc.exe -mcpu=cortex-m3 -mthumb -Wno-main -I. -IGenerated_Source\PSoC5 -Wa,-alh=.\CortexM3\ARM_GCC_493\Debug/CyLib.lst -g -D DEBUG -Wall -ffunction-sections -Og -ffat-lto-objects -c .\Generated_Source\PSoC5\CyLib.c -o .\CortexM3\ARM_GCC_493\Debug\CyLib.o
arm-none-eabi-gcc.exe -mcpu=cortex-m3 -mthumb -Wno-main -I. -IGenerated_Source\PSoC5 -Wa,-alh=.\CortexM3\ARM_GCC_493\Debug/cyPm.lst -g -D DEBUG -Wall -ffunction-sections -Og -ffat-lto-objects -c .\Generated_Source\PSoC5\cyPm.c -o .\CortexM3\ARM_GCC_493\Debug\cyPm.o
arm-none-eabi-gcc.exe -mcpu=cortex-m3 -mthumb -Wno-main -I. -IGenerated_Source\PSoC5 -Wa,-alh=.\CortexM3\ARM_GCC_493\Debug/CySpc.lst -g -D DEBUG -Wall -ffunction-sections -Og -ffat-lto-objects -c .\Generated_Source\PSoC5\CySpc.c -o .\CortexM3\ARM_GCC_493\Debug\CySpc.o
arm-none-eabi-gcc.exe -mcpu=cortex-m3 -mthumb -Wno-main -I. -IGenerated_Source\PSoC5 -Wa,-alh=.\CortexM3\ARM_GCC_493\Debug/cyutils.lst -g -D DEBUG -Wall -ffunction-sections -Og -ffat-lto-objects -c .\Generated_Source\PSoC5\cyutils.c -o .\CortexM3\ARM_GCC_493\Debug\cyutils.o
arm-none-eabi-gcc.exe -mcpu=cortex-m3 -mthumb -Wno-main -I. -IGenerated_Source\PSoC5 -Wa,-alh=.\CortexM3\ARM_GCC_493\Debug/LCD.lst -g -D DEBUG -Wall -ffunction-sections -Og -ffat-lto-objects -c .\Generated_Source\PSoC5\LCD.c -o .\CortexM3\ARM_GCC_493\Debug\LCD.o
arm-none-eabi-gcc.exe -mcpu=cortex-m3 -mthumb -Wno-main -I. -IGenerated_Source\PSoC5 -Wa,-alh=.\CortexM3\ARM_GCC_493\Debug/LCD_CLK.lst -g -D DEBUG -Wall -ffunction-sections -Og -ffat-lto-objects -c .\Generated_Source\PSoC5\LCD_CLK.c -o .\CortexM3\ARM_GCC_493\Debug\LCD_CLK.o
arm-none-eabi-gcc.exe -mcpu=cortex-m3 -mthumb -Wno-main -I. -IGenerated_Source\PSoC5 -Wa,-alh=.\CortexM3\ARM_GCC_493\Debug/OE.lst -g -D DEBUG -Wall -ffunction-sections -Og -ffat-lto-objects -c .\Generated_Source\PSoC5\OE.c -o .\CortexM3\ARM_GCC_493\Debug\OE.o
arm-none-eabi-gcc.exe -mcpu=cortex-m3 -mthumb -Wno-main -I. -IGenerated_Source\PSoC5 -Wa,-alh=.\CortexM3\ARM_GCC_493\Debug/OE_PM.lst -g -D DEBUG -Wall -ffunction-sections -Og -ffat-lto-objects -c .\Generated_Source\PSoC5\OE_PM.c -o .\CortexM3\ARM_GCC_493\Debug\OE_PM.o
arm-none-eabi-gcc.exe -mcpu=cortex-m3 -mthumb -Wno-main -I. -IGenerated_Source\PSoC5 -Wa,-alh=.\CortexM3\ARM_GCC_493\Debug/Clock_1.lst -g -D DEBUG -Wall -ffunction-sections -Og -ffat-lto-objects -c .\Generated_Source\PSoC5\Clock_1.c -o .\CortexM3\ARM_GCC_493\Debug\Clock_1.o
arm-none-eabi-gcc.exe -mcpu=cortex-m3 -mthumb -Wno-main -I. -IGenerated_Source\PSoC5 -Wa,-alh=.\CortexM3\ARM_GCC_493\Debug/Camera_settings.lst -g -D DEBUG -Wall -ffunction-sections -Og -ffat-lto-objects -c .\Generated_Source\PSoC5\Camera_settings.c -o .\CortexM3\ARM_GCC_493\Debug\Camera_settings.o
arm-none-eabi-gcc.exe -mcpu=cortex-m3 -mthumb -Wno-main -I. -IGenerated_Source\PSoC5 -Wa,-alh=.\CortexM3\ARM_GCC_493\Debug/Camera.lst -g -D DEBUG -Wall -ffunction-sections -Og -ffat-lto-objects -c .\Generated_Source\PSoC5\Camera.c -o .\CortexM3\ARM_GCC_493\Debug\Camera.o
arm-none-eabi-gcc.exe -mcpu=cortex-m3 -mthumb -Wno-main -I. -IGenerated_Source\PSoC5 -Wa,-alh=.\CortexM3\ARM_GCC_493\Debug/Camera_CLK.lst -g -D DEBUG -Wall -ffunction-sections -Og -ffat-lto-objects -c .\Generated_Source\PSoC5\Camera_CLK.c -o .\CortexM3\ARM_GCC_493\Debug\Camera_CLK.o
arm-none-eabi-gcc.exe -mcpu=cortex-m3 -mthumb -Wno-main -I. -IGenerated_Source\PSoC5 -Wa,-alh=.\CortexM3\ARM_GCC_493\Debug/HREF.lst -g -D DEBUG -Wall -ffunction-sections -Og -ffat-lto-objects -c .\Generated_Source\PSoC5\HREF.c -o .\CortexM3\ARM_GCC_493\Debug\HREF.o
arm-none-eabi-gcc.exe -mcpu=cortex-m3 -mthumb -Wno-main -I. -IGenerated_Source\PSoC5 -Wa,-alh=.\CortexM3\ARM_GCC_493\Debug/Camera_DMA_dma.lst -g -D DEBUG -Wall -ffunction-sections -Og -ffat-lto-objects -c .\Generated_Source\PSoC5\Camera_DMA_dma.c -o .\CortexM3\ARM_GCC_493\Debug\Camera_DMA_dma.o
arm-none-eabi-gcc.exe -mcpu=cortex-m3 -mthumb -Wno-main -I. -IGenerated_Source\PSoC5 -Wa,-alh=.\CortexM3\ARM_GCC_493\Debug/Camera_VSYNC.lst -g -D DEBUG -Wall -ffunction-sections -Og -ffat-lto-objects -c .\Generated_Source\PSoC5\Camera_VSYNC.c -o .\CortexM3\ARM_GCC_493\Debug\Camera_VSYNC.o
arm-none-eabi-gcc.exe -mcpu=cortex-m3 -mthumb -Wno-main -I. -IGenerated_Source\PSoC5 -Wa,-alh=.\CortexM3\ARM_GCC_493\Debug/Camera_SIOD.lst -g -D DEBUG -Wall -ffunction-sections -Og -ffat-lto-objects -c .\Generated_Source\PSoC5\Camera_SIOD.c -o .\CortexM3\ARM_GCC_493\Debug\Camera_SIOD.o
arm-none-eabi-gcc.exe -mcpu=cortex-m3 -mthumb -Wno-main -I. -IGenerated_Source\PSoC5 -Wa,-alh=.\CortexM3\ARM_GCC_493\Debug/Camera_SIOC.lst -g -D DEBUG -Wall -ffunction-sections -Og -ffat-lto-objects -c .\Generated_Source\PSoC5\Camera_SIOC.c -o .\CortexM3\ARM_GCC_493\Debug\Camera_SIOC.o
arm-none-eabi-gcc.exe -mcpu=cortex-m3 -mthumb -Wno-main -I. -IGenerated_Source\PSoC5 -Wa,-alh=.\CortexM3\ARM_GCC_493\Debug/Camera_I2C.lst -g -D DEBUG -Wall -ffunction-sections -Og -ffat-lto-objects -c .\Generated_Source\PSoC5\Camera_I2C.c -o .\CortexM3\ARM_GCC_493\Debug\Camera_I2C.o
arm-none-eabi-gcc.exe -mcpu=cortex-m3 -mthumb -Wno-main -I. -IGenerated_Source\PSoC5 -Wa,-alh=.\CortexM3\ARM_GCC_493\Debug/Camera_I2C_BOOT.lst -g -D DEBUG -Wall -ffunction-sections -Og -ffat-lto-objects -c .\Generated_Source\PSoC5\Camera_I2C_BOOT.c -o .\CortexM3\ARM_GCC_493\Debug\Camera_I2C_BOOT.o
arm-none-eabi-gcc.exe -mcpu=cortex-m3 -mthumb -Wno-main -I. -IGenerated_Source\PSoC5 -Wa,-alh=.\CortexM3\ARM_GCC_493\Debug/Camera_I2C_INT.lst -g -D DEBUG -Wall -ffunction-sections -Og -ffat-lto-objects -c .\Generated_Source\PSoC5\Camera_I2C_INT.c -o .\CortexM3\ARM_GCC_493\Debug\Camera_I2C_INT.o
arm-none-eabi-gcc.exe -mcpu=cortex-m3 -mthumb -Wno-main -I. -IGenerated_Source\PSoC5 -Wa,-alh=.\CortexM3\ARM_GCC_493\Debug/Camera_I2C_PM.lst -g -D DEBUG -Wall -ffunction-sections -Og -ffat-lto-objects -c .\Generated_Source\PSoC5\Camera_I2C_PM.c -o .\CortexM3\ARM_GCC_493\Debug\Camera_I2C_PM.o
arm-none-eabi-gcc.exe -mcpu=cortex-m3 -mthumb -Wno-main -I. -IGenerated_Source\PSoC5 -Wa,-alh=.\CortexM3\ARM_GCC_493\Debug/Camera_I2C_SLAVE.lst -g -D DEBUG -Wall -ffunction-sections -Og -ffat-lto-objects -c .\Generated_Source\PSoC5\Camera_I2C_SLAVE.c -o .\CortexM3\ARM_GCC_493\Debug\Camera_I2C_SLAVE.o
arm-none-eabi-gcc.exe -mcpu=cortex-m3 -mthumb -Wno-main -I. -IGenerated_Source\PSoC5 -Wa,-alh=.\CortexM3\ARM_GCC_493\Debug/Camera_I2C_MASTER.lst -g -D DEBUG -Wall -ffunction-sections -Og -ffat-lto-objects -c .\Generated_Source\PSoC5\Camera_I2C_MASTER.c -o .\CortexM3\ARM_GCC_493\Debug\Camera_I2C_MASTER.o
arm-none-eabi-gcc.exe -mcpu=cortex-m3 -mthumb -Wno-main -I. -IGenerated_Source\PSoC5 -Wa,-alh=.\CortexM3\ARM_GCC_493\Debug/Camera_end_line.lst -g -D DEBUG -Wall -ffunction-sections -Og -ffat-lto-objects -c .\Generated_Source\PSoC5\Camera_end_line.c -o .\CortexM3\ARM_GCC_493\Debug\Camera_end_line.o
arm-none-eabi-gcc.exe -mcpu=cortex-m3 -mthumb -Wno-main -I. -IGenerated_Source\PSoC5 -Wa,-alh=.\CortexM3\ARM_GCC_493\Debug/Data_Out.lst -g -D DEBUG -Wall -ffunction-sections -Og -ffat-lto-objects -c .\Generated_Source\PSoC5\Data_Out.c -o .\CortexM3\ARM_GCC_493\Debug\Data_Out.o
arm-none-eabi-gcc.exe -mcpu=cortex-m3 -mthumb -Wno-main -I. -IGenerated_Source\PSoC5 -Wa,-alh=.\CortexM3\ARM_GCC_493\Debug/Data_Out_PM.lst -g -D DEBUG -Wall -ffunction-sections -Og -ffat-lto-objects -c .\Generated_Source\PSoC5\Data_Out_PM.c -o .\CortexM3\ARM_GCC_493\Debug\Data_Out_PM.o
arm-none-eabi-gcc.exe -mcpu=cortex-m3 -mthumb -Wno-main -I. -IGenerated_Source\PSoC5 -Wa,-alh=.\CortexM3\ARM_GCC_493\Debug/LCD_DMA_dma.lst -g -D DEBUG -Wall -ffunction-sections -Og -ffat-lto-objects -c .\Generated_Source\PSoC5\LCD_DMA_dma.c -o .\CortexM3\ARM_GCC_493\Debug\LCD_DMA_dma.o
arm-none-eabi-gcc.exe -mcpu=cortex-m3 -mthumb -Wno-main -I. -IGenerated_Source\PSoC5 -Wa,-alh=.\CortexM3\ARM_GCC_493\Debug/Buttons.lst -g -D DEBUG -Wall -ffunction-sections -Og -ffat-lto-objects -c .\Generated_Source\PSoC5\Buttons.c -o .\CortexM3\ARM_GCC_493\Debug\Buttons.o
arm-none-eabi-gcc.exe -mcpu=cortex-m3 -mthumb -Wno-main -I. -IGenerated_Source\PSoC5 -Wa,-alh=.\CortexM3\ARM_GCC_493\Debug/Camera_DMA_Colours_dma.lst -g -D DEBUG -Wall -ffunction-sections -Og -ffat-lto-objects -c .\Generated_Source\PSoC5\Camera_DMA_Colours_dma.c -o .\CortexM3\ARM_GCC_493\Debug\Camera_DMA_Colours_dma.o
arm-none-eabi-gcc.exe -mcpu=cortex-m3 -mthumb -Wno-main -I. -IGenerated_Source\PSoC5 -Wa,-alh=.\CortexM3\ARM_GCC_493\Debug/Camera_Threshold.lst -g -D DEBUG -Wall -ffunction-sections -Og -ffat-lto-objects -c .\Generated_Source\PSoC5\Camera_Threshold.c -o .\CortexM3\ARM_GCC_493\Debug\Camera_Threshold.o
arm-none-eabi-gcc.exe -mcpu=cortex-m3 -mthumb -Wno-main -I. -IGenerated_Source\PSoC5 -Wa,-alh=.\CortexM3\ARM_GCC_493\Debug/Camera_Threshold_PM.lst -g -D DEBUG -Wall -ffunction-sections -Og -ffat-lto-objects -c .\Generated_Source\PSoC5\Camera_Threshold_PM.c -o .\CortexM3\ARM_GCC_493\Debug\Camera_Threshold_PM.o
arm-none-eabi-gcc.exe -mcpu=cortex-m3 -mthumb -Wno-main -I. -IGenerated_Source\PSoC5 -Wa,-alh=.\CortexM3\ARM_GCC_493\Debug/Camera_end_line_colours.lst -g -D DEBUG -Wall -ffunction-sections -Og -ffat-lto-objects -c .\Generated_Source\PSoC5\Camera_end_line_colours.c -o .\CortexM3\ARM_GCC_493\Debug\Camera_end_line_colours.o
arm-none-eabi-gcc.exe -mcpu=cortex-m3 -mthumb -Wno-main -I. -IGenerated_Source\PSoC5 -Wa,-alh=.\CortexM3\ARM_GCC_493\Debug/SW_DAC.lst -g -D DEBUG -Wall -ffunction-sections -Og -ffat-lto-objects -c .\Generated_Source\PSoC5\SW_DAC.c -o .\CortexM3\ARM_GCC_493\Debug\SW_DAC.o
arm-none-eabi-gcc.exe -mcpu=cortex-m3 -mthumb -Wno-main -I. -IGenerated_Source\PSoC5 -Wa,-alh=.\CortexM3\ARM_GCC_493\Debug/SW_DAC_PM.lst -g -D DEBUG -Wall -ffunction-sections -Og -ffat-lto-objects -c .\Generated_Source\PSoC5\SW_DAC_PM.c -o .\CortexM3\ARM_GCC_493\Debug\SW_DAC_PM.o
arm-none-eabi-gcc.exe -mcpu=cortex-m3 -mthumb -Wno-main -I. -IGenerated_Source\PSoC5 -Wa,-alh=.\CortexM3\ARM_GCC_493\Debug/SW_Comparator.lst -g -D DEBUG -Wall -ffunction-sections -Og -ffat-lto-objects -c .\Generated_Source\PSoC5\SW_Comparator.c -o .\CortexM3\ARM_GCC_493\Debug\SW_Comparator.o
arm-none-eabi-gcc.exe -mcpu=cortex-m3 -mthumb -Wno-main -I. -IGenerated_Source\PSoC5 -Wa,-alh=.\CortexM3\ARM_GCC_493\Debug/SW_Comparator_PM.lst -g -D DEBUG -Wall -ffunction-sections -Og -ffat-lto-objects -c .\Generated_Source\PSoC5\SW_Comparator_PM.c -o .\CortexM3\ARM_GCC_493\Debug\SW_Comparator_PM.o
arm-none-eabi-gcc.exe -mcpu=cortex-m3 -mthumb -Wno-main -I. -IGenerated_Source\PSoC5 -Wa,-alh=.\CortexM3\ARM_GCC_493\Debug/SW_SW_1.lst -g -D DEBUG -Wall -ffunction-sections -Og -ffat-lto-objects -c .\Generated_Source\PSoC5\SW_SW_1.c -o .\CortexM3\ARM_GCC_493\Debug\SW_SW_1.o
arm-none-eabi-gcc.exe -mcpu=cortex-m3 -mthumb -Wno-main -I. -IGenerated_Source\PSoC5 -Wa,-alh=.\CortexM3\ARM_GCC_493\Debug/SW_SW_3.lst -g -D DEBUG -Wall -ffunction-sections -Og -ffat-lto-objects -c .\Generated_Source\PSoC5\SW_SW_3.c -o .\CortexM3\ARM_GCC_493\Debug\SW_SW_3.o
arm-none-eabi-gcc.exe -mcpu=cortex-m3 -mthumb -Wno-main -I. -IGenerated_Source\PSoC5 -Wa,-alh=.\CortexM3\ARM_GCC_493\Debug/SW_SW_2.lst -g -D DEBUG -Wall -ffunction-sections -Og -ffat-lto-objects -c .\Generated_Source\PSoC5\SW_SW_2.c -o .\CortexM3\ARM_GCC_493\Debug\SW_SW_2.o
arm-none-eabi-gcc.exe -mcpu=cortex-m3 -mthumb -Wno-main -I. -IGenerated_Source\PSoC5 -Wa,-alh=.\CortexM3\ARM_GCC_493\Debug/PWM_Pan.lst -g -D DEBUG -Wall -ffunction-sections -Og -ffat-lto-objects -c .\Generated_Source\PSoC5\PWM_Pan.c -o .\CortexM3\ARM_GCC_493\Debug\PWM_Pan.o
arm-none-eabi-gcc.exe -mcpu=cortex-m3 -mthumb -Wno-main -I. -IGenerated_Source\PSoC5 -Wa,-alh=.\CortexM3\ARM_GCC_493\Debug/PWM_Pan_PM.lst -g -D DEBUG -Wall -ffunction-sections -Og -ffat-lto-objects -c .\Generated_Source\PSoC5\PWM_Pan_PM.c -o .\CortexM3\ARM_GCC_493\Debug\PWM_Pan_PM.o
arm-none-eabi-gcc.exe -mcpu=cortex-m3 -mthumb -Wno-main -I. -IGenerated_Source\PSoC5 -Wa,-alh=.\CortexM3\ARM_GCC_493\Debug/Pin_1.lst -g -D DEBUG -Wall -ffunction-sections -Og -ffat-lto-objects -c .\Generated_Source\PSoC5\Pin_1.c -o .\CortexM3\ARM_GCC_493\Debug\Pin_1.o
arm-none-eabi-gcc.exe -mcpu=cortex-m3 -mthumb -Wno-main -I. -IGenerated_Source\PSoC5 -Wa,-alh=.\CortexM3\ARM_GCC_493\Debug/PWM_Tilt.lst -g -D DEBUG -Wall -ffunction-sections -Og -ffat-lto-objects -c .\Generated_Source\PSoC5\PWM_Tilt.c -o .\CortexM3\ARM_GCC_493\Debug\PWM_Tilt.o
arm-none-eabi-gcc.exe -mcpu=cortex-m3 -mthumb -Wno-main -I. -IGenerated_Source\PSoC5 -Wa,-alh=.\CortexM3\ARM_GCC_493\Debug/PWM_Tilt_PM.lst -g -D DEBUG -Wall -ffunction-sections -Og -ffat-lto-objects -c .\Generated_Source\PSoC5\PWM_Tilt_PM.c -o .\CortexM3\ARM_GCC_493\Debug\PWM_Tilt_PM.o
arm-none-eabi-gcc.exe -mcpu=cortex-m3 -mthumb -Wno-main -I. -IGenerated_Source\PSoC5 -Wa,-alh=.\CortexM3\ARM_GCC_493\Debug/Pin_2.lst -g -D DEBUG -Wall -ffunction-sections -Og -ffat-lto-objects -c .\Generated_Source\PSoC5\Pin_2.c -o .\CortexM3\ARM_GCC_493\Debug\Pin_2.o
arm-none-eabi-gcc.exe -mcpu=cortex-m3 -mthumb -Wno-main -I. -IGenerated_Source\PSoC5 -Wa,-alh=.\CortexM3\ARM_GCC_493\Debug/PWM_Claw.lst -g -D DEBUG -Wall -ffunction-sections -Og -ffat-lto-objects -c .\Generated_Source\PSoC5\PWM_Claw.c -o .\CortexM3\ARM_GCC_493\Debug\PWM_Claw.o
arm-none-eabi-gcc.exe -mcpu=cortex-m3 -mthumb -Wno-main -I. -IGenerated_Source\PSoC5 -Wa,-alh=.\CortexM3\ARM_GCC_493\Debug/PWM_Claw_PM.lst -g -D DEBUG -Wall -ffunction-sections -Og -ffat-lto-objects -c .\Generated_Source\PSoC5\PWM_Claw_PM.c -o .\CortexM3\ARM_GCC_493\Debug\PWM_Claw_PM.o
arm-none-eabi-gcc.exe -mcpu=cortex-m3 -mthumb -Wno-main -I. -IGenerated_Source\PSoC5 -Wa,-alh=.\CortexM3\ARM_GCC_493\Debug/Pin_4.lst -g -D DEBUG -Wall -ffunction-sections -Og -ffat-lto-objects -c .\Generated_Source\PSoC5\Pin_4.c -o .\CortexM3\ARM_GCC_493\Debug\Pin_4.o
arm-none-eabi-gcc.exe -mcpu=cortex-m3 -mthumb -Wno-main -I. -IGenerated_Source\PSoC5 -Wa,-alh=.\CortexM3\ARM_GCC_493\Debug/Quad_1.lst -g -D DEBUG -Wall -ffunction-sections -Og -ffat-lto-objects -c .\Generated_Source\PSoC5\Quad_1.c -o .\CortexM3\ARM_GCC_493\Debug\Quad_1.o
arm-none-eabi-gcc.exe -mcpu=cortex-m3 -mthumb -Wno-main -I. -IGenerated_Source\PSoC5 -Wa,-alh=.\CortexM3\ARM_GCC_493\Debug/Quad_1_PM.lst -g -D DEBUG -Wall -ffunction-sections -Og -ffat-lto-objects -c .\Generated_Source\PSoC5\Quad_1_PM.c -o .\CortexM3\ARM_GCC_493\Debug\Quad_1_PM.o
arm-none-eabi-gcc.exe -mcpu=cortex-m3 -mthumb -Wno-main -I. -IGenerated_Source\PSoC5 -Wa,-alh=.\CortexM3\ARM_GCC_493\Debug/SE1A.lst -g -D DEBUG -Wall -ffunction-sections -Og -ffat-lto-objects -c .\Generated_Source\PSoC5\SE1A.c -o .\CortexM3\ARM_GCC_493\Debug\SE1A.o
arm-none-eabi-gcc.exe -mcpu=cortex-m3 -mthumb -Wno-main -I. -IGenerated_Source\PSoC5 -Wa,-alh=.\CortexM3\ARM_GCC_493\Debug/SE1B.lst -g -D DEBUG -Wall -ffunction-sections -Og -ffat-lto-objects -c .\Generated_Source\PSoC5\SE1B.c -o .\CortexM3\ARM_GCC_493\Debug\SE1B.o
arm-none-eabi-gcc.exe -mcpu=cortex-m3 -mthumb -Wno-main -I. -IGenerated_Source\PSoC5 -Wa,-alh=.\CortexM3\ARM_GCC_493\Debug/isr_2.lst -g -D DEBUG -Wall -ffunction-sections -Og -ffat-lto-objects -c .\Generated_Source\PSoC5\isr_2.c -o .\CortexM3\ARM_GCC_493\Debug\isr_2.o
arm-none-eabi-gcc.exe -mcpu=cortex-m3 -mthumb -Wno-main -I. -IGenerated_Source\PSoC5 -Wa,-alh=.\CortexM3\ARM_GCC_493\Debug/Quad_2.lst -g -D DEBUG -Wall -ffunction-sections -Og -ffat-lto-objects -c .\Generated_Source\PSoC5\Quad_2.c -o .\CortexM3\ARM_GCC_493\Debug\Quad_2.o
arm-none-eabi-gcc.exe -mcpu=cortex-m3 -mthumb -Wno-main -I. -IGenerated_Source\PSoC5 -Wa,-alh=.\CortexM3\ARM_GCC_493\Debug/Quad_2_PM.lst -g -D DEBUG -Wall -ffunction-sections -Og -ffat-lto-objects -c .\Generated_Source\PSoC5\Quad_2_PM.c -o .\CortexM3\ARM_GCC_493\Debug\Quad_2_PM.o
arm-none-eabi-gcc.exe -mcpu=cortex-m3 -mthumb -Wno-main -I. -IGenerated_Source\PSoC5 -Wa,-alh=.\CortexM3\ARM_GCC_493\Debug/SE2A.lst -g -D DEBUG -Wall -ffunction-sections -Og -ffat-lto-objects -c .\Generated_Source\PSoC5\SE2A.c -o .\CortexM3\ARM_GCC_493\Debug\SE2A.o
arm-none-eabi-gcc.exe -mcpu=cortex-m3 -mthumb -Wno-main -I. -IGenerated_Source\PSoC5 -Wa,-alh=.\CortexM3\ARM_GCC_493\Debug/SE2B.lst -g -D DEBUG -Wall -ffunction-sections -Og -ffat-lto-objects -c .\Generated_Source\PSoC5\SE2B.c -o .\CortexM3\ARM_GCC_493\Debug\SE2B.o
arm-none-eabi-gcc.exe -mcpu=cortex-m3 -mthumb -Wno-main -I. -IGenerated_Source\PSoC5 -Wa,-alh=.\CortexM3\ARM_GCC_493\Debug/isr_3.lst -g -D DEBUG -Wall -ffunction-sections -Og -ffat-lto-objects -c .\Generated_Source\PSoC5\isr_3.c -o .\CortexM3\ARM_GCC_493\Debug\isr_3.o
arm-none-eabi-gcc.exe -mcpu=cortex-m3 -mthumb -Wno-main -I. -IGenerated_Source\PSoC5 -Wa,-alh=.\CortexM3\ARM_GCC_493\Debug/Quad_1_Cnt16.lst -g -D DEBUG -Wall -ffunction-sections -Og -ffat-lto-objects -c .\Generated_Source\PSoC5\Quad_1_Cnt16.c -o .\CortexM3\ARM_GCC_493\Debug\Quad_1_Cnt16.o
arm-none-eabi-gcc.exe -mcpu=cortex-m3 -mthumb -Wno-main -I. -IGenerated_Source\PSoC5 -Wa,-alh=.\CortexM3\ARM_GCC_493\Debug/Quad_1_Cnt16_PM.lst -g -D DEBUG -Wall -ffunction-sections -Og -ffat-lto-objects -c .\Generated_Source\PSoC5\Quad_1_Cnt16_PM.c -o .\CortexM3\ARM_GCC_493\Debug\Quad_1_Cnt16_PM.o
arm-none-eabi-gcc.exe -mcpu=cortex-m3 -mthumb -Wno-main -I. -IGenerated_Source\PSoC5 -Wa,-alh=.\CortexM3\ARM_GCC_493\Debug/Quad_2_Cnt16.lst -g -D DEBUG -Wall -ffunction-sections -Og -ffat-lto-objects -c .\Generated_Source\PSoC5\Quad_2_Cnt16.c -o .\CortexM3\ARM_GCC_493\Debug\Quad_2_Cnt16.o
arm-none-eabi-gcc.exe -mcpu=cortex-m3 -mthumb -Wno-main -I. -IGenerated_Source\PSoC5 -Wa,-alh=.\CortexM3\ARM_GCC_493\Debug/Quad_2_Cnt16_PM.lst -g -D DEBUG -Wall -ffunction-sections -Og -ffat-lto-objects -c .\Generated_Source\PSoC5\Quad_2_Cnt16_PM.c -o .\CortexM3\ARM_GCC_493\Debug\Quad_2_Cnt16_PM.o
arm-none-eabi-gcc.exe -mcpu=cortex-m3 -mthumb -Wno-main -I. -IGenerated_Source\PSoC5 -Wa,-alh=.\CortexM3\ARM_GCC_493\Debug/USTX.lst -g -D DEBUG -Wall -ffunction-sections -Og -ffat-lto-objects -c .\Generated_Source\PSoC5\USTX.c -o .\CortexM3\ARM_GCC_493\Debug\USTX.o
arm-none-eabi-gcc.exe -mcpu=cortex-m3 -mthumb -Wno-main -I. -IGenerated_Source\PSoC5 -Wa,-alh=.\CortexM3\ARM_GCC_493\Debug/timer_clock.lst -g -D DEBUG -Wall -ffunction-sections -Og -ffat-lto-objects -c .\Generated_Source\PSoC5\timer_clock.c -o .\CortexM3\ARM_GCC_493\Debug\timer_clock.o
arm-none-eabi-gcc.exe -mcpu=cortex-m3 -mthumb -Wno-main -I. -IGenerated_Source\PSoC5 -Wa,-alh=.\CortexM3\ARM_GCC_493\Debug/Timer_1.lst -g -D DEBUG -Wall -ffunction-sections -Og -ffat-lto-objects -c .\Generated_Source\PSoC5\Timer_1.c -o .\CortexM3\ARM_GCC_493\Debug\Timer_1.o
arm-none-eabi-gcc.exe -mcpu=cortex-m3 -mthumb -Wno-main -I. -IGenerated_Source\PSoC5 -Wa,-alh=.\CortexM3\ARM_GCC_493\Debug/Timer_1_PM.lst -g -D DEBUG -Wall -ffunction-sections -Og -ffat-lto-objects -c .\Generated_Source\PSoC5\Timer_1_PM.c -o .\CortexM3\ARM_GCC_493\Debug\Timer_1_PM.o
arm-none-eabi-gcc.exe -mcpu=cortex-m3 -mthumb -Wno-main -I. -IGenerated_Source\PSoC5 -Wa,-alh=.\CortexM3\ARM_GCC_493\Debug/USTX2.lst -g -D DEBUG -Wall -ffunction-sections -Og -ffat-lto-objects -c .\Generated_Source\PSoC5\USTX2.c -o .\CortexM3\ARM_GCC_493\Debug\USTX2.o
arm-none-eabi-gcc.exe -mcpu=cortex-m3 -mthumb -Wno-main -I. -IGenerated_Source\PSoC5 -Wa,-alh=.\CortexM3\ARM_GCC_493\Debug/Quad_3.lst -g -D DEBUG -Wall -ffunction-sections -Og -ffat-lto-objects -c .\Generated_Source\PSoC5\Quad_3.c -o .\CortexM3\ARM_GCC_493\Debug\Quad_3.o
arm-none-eabi-gcc.exe -mcpu=cortex-m3 -mthumb -Wno-main -I. -IGenerated_Source\PSoC5 -Wa,-alh=.\CortexM3\ARM_GCC_493\Debug/Quad_3_PM.lst -g -D DEBUG -Wall -ffunction-sections -Og -ffat-lto-objects -c .\Generated_Source\PSoC5\Quad_3_PM.c -o .\CortexM3\ARM_GCC_493\Debug\Quad_3_PM.o
arm-none-eabi-gcc.exe -mcpu=cortex-m3 -mthumb -Wno-main -I. -IGenerated_Source\PSoC5 -Wa,-alh=.\CortexM3\ARM_GCC_493\Debug/SELiftA.lst -g -D DEBUG -Wall -ffunction-sections -Og -ffat-lto-objects -c .\Generated_Source\PSoC5\SELiftA.c -o .\CortexM3\ARM_GCC_493\Debug\SELiftA.o
arm-none-eabi-gcc.exe -mcpu=cortex-m3 -mthumb -Wno-main -I. -IGenerated_Source\PSoC5 -Wa,-alh=.\CortexM3\ARM_GCC_493\Debug/SELiftB.lst -g -D DEBUG -Wall -ffunction-sections -Og -ffat-lto-objects -c .\Generated_Source\PSoC5\SELiftB.c -o .\CortexM3\ARM_GCC_493\Debug\SELiftB.o
arm-none-eabi-gcc.exe -mcpu=cortex-m3 -mthumb -Wno-main -I. -IGenerated_Source\PSoC5 -Wa,-alh=.\CortexM3\ARM_GCC_493\Debug/isr_4.lst -g -D DEBUG -Wall -ffunction-sections -Og -ffat-lto-objects -c .\Generated_Source\PSoC5\isr_4.c -o .\CortexM3\ARM_GCC_493\Debug\isr_4.o
arm-none-eabi-gcc.exe -mcpu=cortex-m3 -mthumb -Wno-main -I. -IGenerated_Source\PSoC5 -Wa,-alh=.\CortexM3\ARM_GCC_493\Debug/Quad_3_Cnt16.lst -g -D DEBUG -Wall -ffunction-sections -Og -ffat-lto-objects -c .\Generated_Source\PSoC5\Quad_3_Cnt16.c -o .\CortexM3\ARM_GCC_493\Debug\Quad_3_Cnt16.o
arm-none-eabi-gcc.exe -mcpu=cortex-m3 -mthumb -Wno-main -I. -IGenerated_Source\PSoC5 -Wa,-alh=.\CortexM3\ARM_GCC_493\Debug/Quad_3_Cnt16_PM.lst -g -D DEBUG -Wall -ffunction-sections -Og -ffat-lto-objects -c .\Generated_Source\PSoC5\Quad_3_Cnt16_PM.c -o .\CortexM3\ARM_GCC_493\Debug\Quad_3_Cnt16_PM.o
arm-none-eabi-gcc.exe -mcpu=cortex-m3 -mthumb -Wno-main -I. -IGenerated_Source\PSoC5 -Wa,-alh=.\CortexM3\ARM_GCC_493\Debug/LiftA.lst -g -D DEBUG -Wall -ffunction-sections -Og -ffat-lto-objects -c .\Generated_Source\PSoC5\LiftA.c -o .\CortexM3\ARM_GCC_493\Debug\LiftA.o
arm-none-eabi-gcc.exe -mcpu=cortex-m3 -mthumb -Wno-main -I. -IGenerated_Source\PSoC5 -Wa,-alh=.\CortexM3\ARM_GCC_493\Debug/LiftB.lst -g -D DEBUG -Wall -ffunction-sections -Og -ffat-lto-objects -c .\Generated_Source\PSoC5\LiftB.c -o .\CortexM3\ARM_GCC_493\Debug\LiftB.o
arm-none-eabi-gcc.exe -mcpu=cortex-m3 -mthumb -Wno-main -I. -IGenerated_Source\PSoC5 -Wa,-alh=.\CortexM3\ARM_GCC_493\Debug/Timer_2.lst -g -D DEBUG -Wall -ffunction-sections -Og -ffat-lto-objects -c .\Generated_Source\PSoC5\Timer_2.c -o .\CortexM3\ARM_GCC_493\Debug\Timer_2.o
arm-none-eabi-gcc.exe -mcpu=cortex-m3 -mthumb -Wno-main -I. -IGenerated_Source\PSoC5 -Wa,-alh=.\CortexM3\ARM_GCC_493\Debug/Timer_2_PM.lst -g -D DEBUG -Wall -ffunction-sections -Og -ffat-lto-objects -c .\Generated_Source\PSoC5\Timer_2_PM.c -o .\CortexM3\ARM_GCC_493\Debug\Timer_2_PM.o
arm-none-eabi-gcc.exe -mcpu=cortex-m3 -mthumb -Wno-main -I. -IGenerated_Source\PSoC5 -Wa,-alh=.\CortexM3\ARM_GCC_493\Debug/SW_Quad_Clock.lst -g -D DEBUG -Wall -ffunction-sections -Og -ffat-lto-objects -c .\Generated_Source\PSoC5\SW_Quad_Clock.c -o .\CortexM3\ARM_GCC_493\Debug\SW_Quad_Clock.o
arm-none-eabi-gcc.exe -mcpu=cortex-m3 -mthumb -Wno-main -I. -IGenerated_Source\PSoC5 -Wa,-alh=.\CortexM3\ARM_GCC_493\Debug/timer_clock_sense.lst -g -D DEBUG -Wall -ffunction-sections -Og -ffat-lto-objects -c .\Generated_Source\PSoC5\timer_clock_sense.c -o .\CortexM3\ARM_GCC_493\Debug\timer_clock_sense.o
arm-none-eabi-ar.exe -rs .\CortexM3\ARM_GCC_493\Debug\Display.a .\CortexM3\ARM_GCC_493\Debug\cyfitter_cfg.o .\CortexM3\ARM_GCC_493\Debug\D.o .\CortexM3\ARM_GCC_493\Debug\CS.o .\CortexM3\ARM_GCC_493\Debug\LCD_WR.o .\CortexM3\ARM_GCC_493\Debug\LCD_RD.o .\CortexM3\ARM_GCC_493\Debug\LCD_RS.o .\CortexM3\ARM_GCC_493\Debug\RST.o .\CortexM3\ARM_GCC_493\Debug\CyBootAsmGnu.o .\CortexM3\ARM_GCC_493\Debug\CyDmac.o .\CortexM3\ARM_GCC_493\Debug\CyFlash.o .\CortexM3\ARM_GCC_493\Debug\CyLib.o .\CortexM3\ARM_GCC_493\Debug\cyPm.o .\CortexM3\ARM_GCC_493\Debug\CySpc.o .\CortexM3\ARM_GCC_493\Debug\cyutils.o .\CortexM3\ARM_GCC_493\Debug\LCD.o .\CortexM3\ARM_GCC_493\Debug\LCD_CLK.o .\CortexM3\ARM_GCC_493\Debug\OE.o .\CortexM3\ARM_GCC_493\Debug\OE_PM.o .\CortexM3\ARM_GCC_493\Debug\Clock_1.o .\CortexM3\ARM_GCC_493\Debug\Camera_settings.o .\CortexM3\ARM_GCC_493\Debug\Camera.o .\CortexM3\ARM_GCC_493\Debug\Camera_CLK.o .\CortexM3\ARM_GCC_493\Debug\HREF.o .\CortexM3\ARM_GCC_493\Debug\Camera_DMA_dma.o .\CortexM3\ARM_GCC_493\Debug\Camera_VSYNC.o .\CortexM3\ARM_GCC_493\Debug\Camera_SIOD.o .\CortexM3\ARM_GCC_493\Debug\Camera_SIOC.o .\CortexM3\ARM_GCC_493\Debug\Camera_I2C.o .\CortexM3\ARM_GCC_493\Debug\Camera_I2C_BOOT.o .\CortexM3\ARM_GCC_493\Debug\Camera_I2C_INT.o .\CortexM3\ARM_GCC_493\Debug\Camera_I2C_PM.o .\CortexM3\ARM_GCC_493\Debug\Camera_I2C_SLAVE.o .\CortexM3\ARM_GCC_493\Debug\Camera_I2C_MASTER.o .\CortexM3\ARM_GCC_493\Debug\Camera_end_line.o .\CortexM3\ARM_GCC_493\Debug\Data_Out.o .\CortexM3\ARM_GCC_493\Debug\Data_Out_PM.o .\CortexM3\ARM_GCC_493\Debug\LCD_DMA_dma.o .\CortexM3\ARM_GCC_493\Debug\Buttons.o .\CortexM3\ARM_GCC_493\Debug\Camera_DMA_Colours_dma.o .\CortexM3\ARM_GCC_493\Debug\Camera_Threshold.o .\CortexM3\ARM_GCC_493\Debug\Camera_Threshold_PM.o .\CortexM3\ARM_GCC_493\Debug\Camera_end_line_colours.o .\CortexM3\ARM_GCC_493\Debug\SW_DAC.o .\CortexM3\ARM_GCC_493\Debug\SW_DAC_PM.o .\CortexM3\ARM_GCC_493\Debug\SW_Comparator.o .\CortexM3\ARM_GCC_493\Debug\SW_Comparator_PM.o .\CortexM3\ARM_GCC_493\Debug\SW_SW_1.o .\CortexM3\ARM_GCC_493\Debug\SW_SW_3.o .\CortexM3\ARM_GCC_493\Debug\SW_SW_2.o .\CortexM3\ARM_GCC_493\Debug\PWM_Pan.o .\CortexM3\ARM_GCC_493\Debug\PWM_Pan_PM.o .\CortexM3\ARM_GCC_493\Debug\Pin_1.o .\CortexM3\ARM_GCC_493\Debug\PWM_Tilt.o .\CortexM3\ARM_GCC_493\Debug\PWM_Tilt_PM.o .\CortexM3\ARM_GCC_493\Debug\Pin_2.o .\CortexM3\ARM_GCC_493\Debug\PWM_Claw.o .\CortexM3\ARM_GCC_493\Debug\PWM_Claw_PM.o .\CortexM3\ARM_GCC_493\Debug\Pin_4.o .\CortexM3\ARM_GCC_493\Debug\Quad_1.o .\CortexM3\ARM_GCC_493\Debug\Quad_1_PM.o .\CortexM3\ARM_GCC_493\Debug\SE1A.o .\CortexM3\ARM_GCC_493\Debug\SE1B.o .\CortexM3\ARM_GCC_493\Debug\isr_2.o .\CortexM3\ARM_GCC_493\Debug\Quad_2.o .\CortexM3\ARM_GCC_493\Debug\Quad_2_PM.o .\CortexM3\ARM_GCC_493\Debug\SE2A.o .\CortexM3\ARM_GCC_493\Debug\SE2B.o .\CortexM3\ARM_GCC_493\Debug\isr_3.o .\CortexM3\ARM_GCC_493\Debug\Quad_1_Cnt16.o .\CortexM3\ARM_GCC_493\Debug\Quad_1_Cnt16_PM.o .\CortexM3\ARM_GCC_493\Debug\Quad_2_Cnt16.o .\CortexM3\ARM_GCC_493\Debug\Quad_2_Cnt16_PM.o .\CortexM3\ARM_GCC_493\Debug\USTX.o .\CortexM3\ARM_GCC_493\Debug\timer_clock.o .\CortexM3\ARM_GCC_493\Debug\Timer_1.o .\CortexM3\ARM_GCC_493\Debug\Timer_1_PM.o .\CortexM3\ARM_GCC_493\Debug\USTX2.o .\CortexM3\ARM_GCC_493\Debug\Quad_3.o .\CortexM3\ARM_GCC_493\Debug\Quad_3_PM.o .\CortexM3\ARM_GCC_493\Debug\SELiftA.o .\CortexM3\ARM_GCC_493\Debug\SELiftB.o .\CortexM3\ARM_GCC_493\Debug\isr_4.o .\CortexM3\ARM_GCC_493\Debug\Quad_3_Cnt16.o .\CortexM3\ARM_GCC_493\Debug\Quad_3_Cnt16_PM.o .\CortexM3\ARM_GCC_493\Debug\LiftA.o .\CortexM3\ARM_GCC_493\Debug\LiftB.o .\CortexM3\ARM_GCC_493\Debug\Timer_2.o .\CortexM3\ARM_GCC_493\Debug\Timer_2_PM.o .\CortexM3\ARM_GCC_493\Debug\SW_Quad_Clock.o .\CortexM3\ARM_GCC_493\Debug\timer_clock_sense.o
arm-none-eabi-ar.exe: creating .\CortexM3\ARM_GCC_493\Debug\Display.a
arm-none-eabi-gcc.exe -Wl,--start-group -o .\CortexM3\ARM_GCC_493\Debug\Display.elf .\CortexM3\ARM_GCC_493\Debug\main.o .\CortexM3\ARM_GCC_493\Debug\camera_display.o .\CortexM3\ARM_GCC_493\Debug\camera_functions.o .\CortexM3\ARM_GCC_493\Debug\pwm_functions.o .\CortexM3\ARM_GCC_493\Debug\movement_functions.o .\CortexM3\ARM_GCC_493\Debug\puck_functions.o .\CortexM3\ARM_GCC_493\Debug\Ultrasonics.o .\CortexM3\ARM_GCC_493\Debug\pathing.o .\CortexM3\ARM_GCC_493\Debug\initial_path_sequence.o .\CortexM3\ARM_GCC_493\Debug\lift_functions.o .\CortexM3\ARM_GCC_493\Debug\utils.o .\CortexM3\ARM_GCC_493\Debug\cymetadata.o .\CortexM3\ARM_GCC_493\Debug\Cm3Start.o .\CortexM3\ARM_GCC_493\Debug\Display.a "C:\Program Files (x86)\Cypress\PSoC Creator\3.3\PSoC Creator\psoc\content\cycomponentlibrary\CyComponentLibrary.cylib\CortexM3\ARM_GCC_493\Debug\CyComponentLibrary.a" -mcpu=cortex-m3 -mthumb -g -ffunction-sections -Og -ffat-lto-objects -l m -L Generated_Source\PSoC5 -Wl,-Map,.\CortexM3\ARM_GCC_493\Debug/Display.map -T Generated_Source\PSoC5\cm3gcc.ld -specs=nano.specs -Wl,--gc-sections -Wl,--end-group
cyelftool.exe -C "C:\Users\Daniel\Documents\PSoC Creator\ECE3091 Faster V3\Display.cydsn\CortexM3\ARM_GCC_493\Debug\Display.elf" --flash_row_size 256 --flash_size 262144
cyelftool.exe -S "C:\Users\Daniel\Documents\PSoC Creator\ECE3091 Faster V3\Display.cydsn\CortexM3\ARM_GCC_493\Debug\Display.elf"
Flash used: 28928 of 262144 bytes (11.0%).
SRAM used: 7517 of 65536 bytes (11.5%). Stack: 2048 bytes. Heap: 128 bytes.
--------------- Rebuild Succeeded: 10/18/2016 19:30:41 ---------------
