ARM GAS  C:\Users\Daniel\AppData\Local\Temp\ccTkKlzc.s 			page 1


   1              		.syntax unified
   2              		.cpu cortex-m3
   3              		.fpu softvfp
   4              		.eabi_attribute 20, 1
   5              		.eabi_attribute 21, 1
   6              		.eabi_attribute 23, 3
   7              		.eabi_attribute 24, 1
   8              		.eabi_attribute 25, 1
   9              		.eabi_attribute 26, 1
  10              		.eabi_attribute 30, 1
  11              		.eabi_attribute 34, 1
  12              		.eabi_attribute 18, 4
  13              		.thumb
  14              		.file	"utils.c"
  15              		.text
  16              	.Ltext0:
  17              		.cfi_sections	.debug_frame
  18              		.section	.text.Headlights,"ax",%progbits
  19              		.align	2
  20              		.global	Headlights
  21              		.thumb
  22              		.thumb_func
  23              		.type	Headlights, %function
  24              	Headlights:
  25              	.LFB63:
  26              		.file 1 ".\\utils.c"
   1:.\utils.c     **** /*
   2:.\utils.c     ****  * Copyright @Pucktacular, 2016
   3:.\utils.c     ****  * @Matt Gebert, Daniel Hranilovic & Kevin Duxbury
   4:.\utils.c     ****  * All Rights Reserved
   5:.\utils.c     ****  * UNPUBLISHED, LICENSED SOFTWARE.
   6:.\utils.c     ****  *
   7:.\utils.c     ****  * CONFIDENTIAL AND PROPRIETARY INFORMATION
   8:.\utils.c     ****  * WHICH IS THE PROPERTY OF your company.
   9:.\utils.c     ****  *
  10:.\utils.c     ****  * ========================================
  11:.\utils.c     **** */
  12:.\utils.c     **** 
  13:.\utils.c     **** #include <project.h>
  14:.\utils.c     **** #include "utils.h"
  15:.\utils.c     **** #include <camera_display.h>
  16:.\utils.c     **** 
  17:.\utils.c     **** /*******************************************************************************
  18:.\utils.c     **** * Function Name: Headlights
  19:.\utils.c     **** ****************************************************************************//**
  20:.\utils.c     **** *
  21:.\utils.c     **** * Turns on Headlights upon function call
  22:.\utils.c     **** *
  23:.\utils.c     **** *******************************************************************************/
  24:.\utils.c     **** void Headlights(){
  27              		.loc 1 24 0
  28              		.cfi_startproc
  29              		@ args = 0, pretend = 0, frame = 0
  30              		@ frame_needed = 0, uses_anonymous_args = 0
  31 0000 10B5     		push	{r4, lr}
  32              		.cfi_def_cfa_offset 8
  33              		.cfi_offset 4, -8
ARM GAS  C:\Users\Daniel\AppData\Local\Temp\ccTkKlzc.s 			page 2


  34              		.cfi_offset 14, -4
  25:.\utils.c     ****     CS_Write(2);                    //Bus address set to LatchDevices {Hbridge, LEDG, Buzzer etc.}
  35              		.loc 1 25 0
  36 0002 0220     		movs	r0, #2
  37 0004 FFF7FEFF 		bl	CS_Write
  38              	.LVL0:
  26:.\utils.c     ****     OE_Control=3;
  39              		.loc 1 26 0
  40 0008 054C     		ldr	r4, .L3
  41 000a 0323     		movs	r3, #3
  42 000c 2370     		strb	r3, [r4]
  27:.\utils.c     ****     Data_Out_Control=0x9;          //Writes 1001 to activate the LEDs
  43              		.loc 1 27 0
  44 000e 0922     		movs	r2, #9
  45 0010 044B     		ldr	r3, .L3+4
  46 0012 1A70     		strb	r2, [r3]
  28:.\utils.c     ****     CS_Write(8);                    //Bus address deactivated.
  47              		.loc 1 28 0
  48 0014 0820     		movs	r0, #8
  49 0016 FFF7FEFF 		bl	CS_Write
  50              	.LVL1:
  29:.\utils.c     ****     OE_Control=0;
  51              		.loc 1 29 0
  52 001a 0023     		movs	r3, #0
  53 001c 2370     		strb	r3, [r4]
  54 001e 10BD     		pop	{r4, pc}
  55              	.L4:
  56              		.align	2
  57              	.L3:
  58 0020 7D640040 		.word	1073767549
  59 0024 7A650040 		.word	1073767802
  60              		.cfi_endproc
  61              	.LFE63:
  62              		.size	Headlights, .-Headlights
  63              		.section	.text.HeadlightsOff,"ax",%progbits
  64              		.align	2
  65              		.global	HeadlightsOff
  66              		.thumb
  67              		.thumb_func
  68              		.type	HeadlightsOff, %function
  69              	HeadlightsOff:
  70              	.LFB64:
  30:.\utils.c     **** }
  31:.\utils.c     **** /*******************************************************************************
  32:.\utils.c     **** * Function Name: HeadlightsOff
  33:.\utils.c     **** ****************************************************************************//**
  34:.\utils.c     **** *
  35:.\utils.c     **** * Turns off Headlights upon call
  36:.\utils.c     **** *
  37:.\utils.c     **** *******************************************************************************/
  38:.\utils.c     **** void HeadlightsOff(){
  71              		.loc 1 38 0
  72              		.cfi_startproc
  73              		@ args = 0, pretend = 0, frame = 0
  74              		@ frame_needed = 0, uses_anonymous_args = 0
  75 0000 38B5     		push	{r3, r4, r5, lr}
  76              		.cfi_def_cfa_offset 16
ARM GAS  C:\Users\Daniel\AppData\Local\Temp\ccTkKlzc.s 			page 3


  77              		.cfi_offset 3, -16
  78              		.cfi_offset 4, -12
  79              		.cfi_offset 5, -8
  80              		.cfi_offset 14, -4
  39:.\utils.c     ****     CS_Write(2);                    //Bus address set to LatchDevices {Hbridge, LEDG, Buzzer etc.}
  81              		.loc 1 39 0
  82 0002 0220     		movs	r0, #2
  83 0004 FFF7FEFF 		bl	CS_Write
  84              	.LVL2:
  40:.\utils.c     ****     OE_Control=3;
  85              		.loc 1 40 0
  86 0008 054C     		ldr	r4, .L7
  87 000a 0323     		movs	r3, #3
  88 000c 2370     		strb	r3, [r4]
  41:.\utils.c     ****     Data_Out_Control=0x0;          //Writes 1001 to activate the LEDs
  89              		.loc 1 41 0
  90 000e 0025     		movs	r5, #0
  91 0010 044B     		ldr	r3, .L7+4
  92 0012 1D70     		strb	r5, [r3]
  42:.\utils.c     ****     CS_Write(8);                    //Bus address deactivated.
  93              		.loc 1 42 0
  94 0014 0820     		movs	r0, #8
  95 0016 FFF7FEFF 		bl	CS_Write
  96              	.LVL3:
  43:.\utils.c     ****     OE_Control=0;
  97              		.loc 1 43 0
  98 001a 2570     		strb	r5, [r4]
  99 001c 38BD     		pop	{r3, r4, r5, pc}
 100              	.L8:
 101 001e 00BF     		.align	2
 102              	.L7:
 103 0020 7D640040 		.word	1073767549
 104 0024 7A650040 		.word	1073767802
 105              		.cfi_endproc
 106              	.LFE64:
 107              		.size	HeadlightsOff, .-HeadlightsOff
 108              		.section	.text.BiDirPortOutPut,"ax",%progbits
 109              		.align	2
 110              		.global	BiDirPortOutPut
 111              		.thumb
 112              		.thumb_func
 113              		.type	BiDirPortOutPut, %function
 114              	BiDirPortOutPut:
 115              	.LFB65:
  44:.\utils.c     **** }
  45:.\utils.c     **** /*******************************************************************************
  46:.\utils.c     **** * Function Name: BiDirPortOutPut
  47:.\utils.c     **** ****************************************************************************//**
  48:.\utils.c     **** *
  49:.\utils.c     **** * Allows user to us bus for output (stops camera use)
  50:.\utils.c     **** *
  51:.\utils.c     **** *******************************************************************************/
  52:.\utils.c     **** void BiDirPortOutPut()
  53:.\utils.c     **** {
 116              		.loc 1 53 0
 117              		.cfi_startproc
 118              		@ args = 0, pretend = 0, frame = 0
ARM GAS  C:\Users\Daniel\AppData\Local\Temp\ccTkKlzc.s 			page 4


 119              		@ frame_needed = 0, uses_anonymous_args = 0
 120              		@ link register save eliminated.
  54:.\utils.c     ****     OE_Control=3;                           //enable output driver and switch to user output
 121              		.loc 1 54 0
 122 0000 0322     		movs	r2, #3
 123 0002 014B     		ldr	r3, .L10
 124 0004 1A70     		strb	r2, [r3]
 125 0006 7047     		bx	lr
 126              	.L11:
 127              		.align	2
 128              	.L10:
 129 0008 7D640040 		.word	1073767549
 130              		.cfi_endproc
 131              	.LFE65:
 132              		.size	BiDirPortOutPut, .-BiDirPortOutPut
 133              		.section	.text.BiDirPortInPut,"ax",%progbits
 134              		.align	2
 135              		.global	BiDirPortInPut
 136              		.thumb
 137              		.thumb_func
 138              		.type	BiDirPortInPut, %function
 139              	BiDirPortInPut:
 140              	.LFB66:
  55:.\utils.c     **** }
  56:.\utils.c     **** /*******************************************************************************
  57:.\utils.c     **** * Function Name: BiDirPortInPut
  58:.\utils.c     **** ****************************************************************************//**
  59:.\utils.c     **** *
  60:.\utils.c     **** * Disables users ability for output driver
  61:.\utils.c     **** *
  62:.\utils.c     **** *******************************************************************************/
  63:.\utils.c     **** void BiDirPortInPut()
  64:.\utils.c     **** {
 141              		.loc 1 64 0
 142              		.cfi_startproc
 143              		@ args = 0, pretend = 0, frame = 0
 144              		@ frame_needed = 0, uses_anonymous_args = 0
 145              		@ link register save eliminated.
  65:.\utils.c     ****    OE_Control=0;                            //disable output driver                    
 146              		.loc 1 65 0
 147 0000 0022     		movs	r2, #0
 148 0002 014B     		ldr	r3, .L13
 149 0004 1A70     		strb	r2, [r3]
 150 0006 7047     		bx	lr
 151              	.L14:
 152              		.align	2
 153              	.L13:
 154 0008 7D640040 		.word	1073767549
 155              		.cfi_endproc
 156              	.LFE66:
 157              		.size	BiDirPortInPut, .-BiDirPortInPut
 158              		.section	.text.Beep,"ax",%progbits
 159              		.align	2
 160              		.global	Beep
 161              		.thumb
 162              		.thumb_func
 163              		.type	Beep, %function
ARM GAS  C:\Users\Daniel\AppData\Local\Temp\ccTkKlzc.s 			page 5


 164              	Beep:
 165              	.LFB67:
  66:.\utils.c     **** }
  67:.\utils.c     **** /*******************************************************************************
  68:.\utils.c     **** * Function Name: Beep
  69:.\utils.c     **** ****************************************************************************//**
  70:.\utils.c     **** *
  71:.\utils.c     **** * Function that beeps for input number of beep tick (10 timer ticks each)
  72:.\utils.c     **** *
  73:.\utils.c     **** *******************************************************************************/
  74:.\utils.c     **** void Beep(int x) 
  75:.\utils.c     **** {
 166              		.loc 1 75 0
 167              		.cfi_startproc
 168              		@ args = 0, pretend = 0, frame = 0
 169              		@ frame_needed = 0, uses_anonymous_args = 0
 170              	.LVL4:
 171 0000 10B5     		push	{r4, lr}
 172              		.cfi_def_cfa_offset 8
 173              		.cfi_offset 4, -8
 174              		.cfi_offset 14, -4
 175 0002 0446     		mov	r4, r0
  76:.\utils.c     ****     BiDirPortOutPut();
 176              		.loc 1 76 0
 177 0004 FFF7FEFF 		bl	BiDirPortOutPut
 178              	.LVL5:
  77:.\utils.c     ****     for(;x>0;x--)
 179              		.loc 1 77 0
 180 0008 0CE0     		b	.L16
 181              	.L17:
  78:.\utils.c     ****     {
  79:.\utils.c     ****         //Data_Out_Write(0x03);      //Turn beeper on
  80:.\utils.c     ****         CS_Write(0x02);  
 182              		.loc 1 80 0 discriminator 2
 183 000a 0220     		movs	r0, #2
 184 000c FFF7FEFF 		bl	CS_Write
 185              	.LVL6:
  81:.\utils.c     ****         Data_Out_Control=0x3;
 186              		.loc 1 81 0 discriminator 2
 187 0010 0322     		movs	r2, #3
 188 0012 0B4B     		ldr	r3, .L19
 189 0014 1A70     		strb	r2, [r3]
  82:.\utils.c     ****         CS_Write(0x08);
 190              		.loc 1 82 0 discriminator 2
 191 0016 0820     		movs	r0, #8
 192 0018 FFF7FEFF 		bl	CS_Write
 193              	.LVL7:
  83:.\utils.c     ****         CyDelay(10);
 194              		.loc 1 83 0 discriminator 2
 195 001c 0A20     		movs	r0, #10
 196 001e FFF7FEFF 		bl	CyDelay
 197              	.LVL8:
  77:.\utils.c     ****     {
 198              		.loc 1 77 0 discriminator 2
 199 0022 013C     		subs	r4, r4, #1
 200              	.LVL9:
 201              	.L16:
ARM GAS  C:\Users\Daniel\AppData\Local\Temp\ccTkKlzc.s 			page 6


  77:.\utils.c     ****     {
 202              		.loc 1 77 0 is_stmt 0 discriminator 1
 203 0024 002C     		cmp	r4, #0
 204 0026 F0DC     		bgt	.L17
  84:.\utils.c     ****     }
  85:.\utils.c     ****     //Data_Out_Write(0x01);      //Turn beeper off
  86:.\utils.c     ****     CS_Write(0x02);
 205              		.loc 1 86 0 is_stmt 1
 206 0028 0220     		movs	r0, #2
 207 002a FFF7FEFF 		bl	CS_Write
 208              	.LVL10:
  87:.\utils.c     ****     Data_Out_Control=0x0;
 209              		.loc 1 87 0
 210 002e 0022     		movs	r2, #0
 211 0030 034B     		ldr	r3, .L19
 212 0032 1A70     		strb	r2, [r3]
  88:.\utils.c     ****     CS_Write(0x08);
 213              		.loc 1 88 0
 214 0034 0820     		movs	r0, #8
 215 0036 FFF7FEFF 		bl	CS_Write
 216              	.LVL11:
  89:.\utils.c     ****     BiDirPortInPut();
 217              		.loc 1 89 0
 218 003a FFF7FEFF 		bl	BiDirPortInPut
 219              	.LVL12:
 220 003e 10BD     		pop	{r4, pc}
 221              	.LVL13:
 222              	.L20:
 223              		.align	2
 224              	.L19:
 225 0040 7A650040 		.word	1073767802
 226              		.cfi_endproc
 227              	.LFE67:
 228              		.size	Beep, .-Beep
 229              		.section	.text.CaptureFrameWithLights,"ax",%progbits
 230              		.align	2
 231              		.global	CaptureFrameWithLights
 232              		.thumb
 233              		.thumb_func
 234              		.type	CaptureFrameWithLights, %function
 235              	CaptureFrameWithLights:
 236              	.LFB68:
  90:.\utils.c     ****     
  91:.\utils.c     **** }
  92:.\utils.c     **** 
  93:.\utils.c     **** /*******************************************************************************
  94:.\utils.c     **** * Function Name: CaptureFramesWithLights()
  95:.\utils.c     **** ****************************************************************************//**
  96:.\utils.c     **** *
  97:.\utils.c     **** * Turns on and off the headlights, while taking a frame inbetween.
  98:.\utils.c     **** *
  99:.\utils.c     **** *******************************************************************************/
 100:.\utils.c     **** 
 101:.\utils.c     **** void CaptureFrameWithLights() {
 237              		.loc 1 101 0
 238              		.cfi_startproc
 239              		@ args = 0, pretend = 0, frame = 0
ARM GAS  C:\Users\Daniel\AppData\Local\Temp\ccTkKlzc.s 			page 7


 240              		@ frame_needed = 0, uses_anonymous_args = 0
 241 0000 08B5     		push	{r3, lr}
 242              		.cfi_def_cfa_offset 8
 243              		.cfi_offset 3, -8
 244              		.cfi_offset 14, -4
 102:.\utils.c     ****     //Headlights();
 103:.\utils.c     ****     CyDelay(50);
 245              		.loc 1 103 0
 246 0002 3220     		movs	r0, #50
 247 0004 FFF7FEFF 		bl	CyDelay
 248              	.LVL14:
 104:.\utils.c     ****     CaptureFrame();
 249              		.loc 1 104 0
 250 0008 FFF7FEFF 		bl	CaptureFrame
 251              	.LVL15:
 105:.\utils.c     ****     CyDelay(50);
 252              		.loc 1 105 0
 253 000c 3220     		movs	r0, #50
 254 000e FFF7FEFF 		bl	CyDelay
 255              	.LVL16:
 256 0012 08BD     		pop	{r3, pc}
 257              		.cfi_endproc
 258              	.LFE68:
 259              		.size	CaptureFrameWithLights, .-CaptureFrameWithLights
 260              		.comm	display_mode,1,1
 261              		.comm	Camera_linebuffer,640,4
 262              		.text
 263              	.Letext0:
 264              		.file 2 "c:\\program files (x86)\\cypress\\psoc creator\\3.3\\psoc creator\\import\\gnu\\arm\\4.9.
 265              		.file 3 "c:\\program files (x86)\\cypress\\psoc creator\\3.3\\psoc creator\\import\\gnu\\arm\\4.9.
 266              		.file 4 "Generated_Source\\PSoC5/cytypes.h"
 267              		.file 5 "Generated_Source\\PSoC5/core_cm3.h"
 268              		.file 6 "Generated_Source\\PSoC5/Camera.h"
 269              		.file 7 "./camera_display.h"
 270              		.file 8 "Generated_Source\\PSoC5/CS.h"
 271              		.file 9 "Generated_Source\\PSoC5/CyLib.h"
 272              		.section	.debug_info,"",%progbits
 273              	.Ldebug_info0:
 274 0000 B5020000 		.4byte	0x2b5
 275 0004 0400     		.2byte	0x4
 276 0006 00000000 		.4byte	.Ldebug_abbrev0
 277 000a 04       		.byte	0x4
 278 000b 01       		.uleb128 0x1
 279 000c C2000000 		.4byte	.LASF31
 280 0010 01       		.byte	0x1
 281 0011 97010000 		.4byte	.LASF32
 282 0015 BD010000 		.4byte	.LASF33
 283 0019 00000000 		.4byte	.Ldebug_ranges0+0
 284 001d 00000000 		.4byte	0
 285 0021 00000000 		.4byte	.Ldebug_line0
 286 0025 02       		.uleb128 0x2
 287 0026 01       		.byte	0x1
 288 0027 06       		.byte	0x6
 289 0028 2D020000 		.4byte	.LASF0
 290 002c 02       		.uleb128 0x2
 291 002d 01       		.byte	0x1
 292 002e 08       		.byte	0x8
ARM GAS  C:\Users\Daniel\AppData\Local\Temp\ccTkKlzc.s 			page 8


 293 002f 3C000000 		.4byte	.LASF1
 294 0033 02       		.uleb128 0x2
 295 0034 02       		.byte	0x2
 296 0035 05       		.byte	0x5
 297 0036 B1000000 		.4byte	.LASF2
 298 003a 02       		.uleb128 0x2
 299 003b 02       		.byte	0x2
 300 003c 07       		.byte	0x7
 301 003d 61000000 		.4byte	.LASF3
 302 0041 03       		.uleb128 0x3
 303 0042 09000000 		.4byte	.LASF9
 304 0046 02       		.byte	0x2
 305 0047 3F       		.byte	0x3f
 306 0048 4C000000 		.4byte	0x4c
 307 004c 02       		.uleb128 0x2
 308 004d 04       		.byte	0x4
 309 004e 05       		.byte	0x5
 310 004f 24020000 		.4byte	.LASF4
 311 0053 02       		.uleb128 0x2
 312 0054 04       		.byte	0x4
 313 0055 07       		.byte	0x7
 314 0056 4F000000 		.4byte	.LASF5
 315 005a 02       		.uleb128 0x2
 316 005b 08       		.byte	0x8
 317 005c 05       		.byte	0x5
 318 005d AA010000 		.4byte	.LASF6
 319 0061 02       		.uleb128 0x2
 320 0062 08       		.byte	0x8
 321 0063 07       		.byte	0x7
 322 0064 63010000 		.4byte	.LASF7
 323 0068 04       		.uleb128 0x4
 324 0069 04       		.byte	0x4
 325 006a 05       		.byte	0x5
 326 006b 696E7400 		.ascii	"int\000"
 327 006f 02       		.uleb128 0x2
 328 0070 04       		.byte	0x4
 329 0071 07       		.byte	0x7
 330 0072 50010000 		.4byte	.LASF8
 331 0076 03       		.uleb128 0x3
 332 0077 7F010000 		.4byte	.LASF10
 333 007b 03       		.byte	0x3
 334 007c 2C       		.byte	0x2c
 335 007d 41000000 		.4byte	0x41
 336 0081 05       		.uleb128 0x5
 337 0082 1E020000 		.4byte	.LASF11
 338 0086 04       		.byte	0x4
 339 0087 9201     		.2byte	0x192
 340 0089 2C000000 		.4byte	0x2c
 341 008d 05       		.uleb128 0x5
 342 008e BB000000 		.4byte	.LASF12
 343 0092 04       		.byte	0x4
 344 0093 9401     		.2byte	0x194
 345 0095 53000000 		.4byte	0x53
 346 0099 02       		.uleb128 0x2
 347 009a 04       		.byte	0x4
 348 009b 04       		.byte	0x4
 349 009c 1F000000 		.4byte	.LASF13
ARM GAS  C:\Users\Daniel\AppData\Local\Temp\ccTkKlzc.s 			page 9


 350 00a0 02       		.uleb128 0x2
 351 00a1 08       		.byte	0x8
 352 00a2 04       		.byte	0x4
 353 00a3 AA000000 		.4byte	.LASF14
 354 00a7 02       		.uleb128 0x2
 355 00a8 01       		.byte	0x1
 356 00a9 08       		.byte	0x8
 357 00aa B8010000 		.4byte	.LASF15
 358 00ae 05       		.uleb128 0x5
 359 00af 4A000000 		.4byte	.LASF16
 360 00b3 04       		.byte	0x4
 361 00b4 3C02     		.2byte	0x23c
 362 00b6 BA000000 		.4byte	0xba
 363 00ba 06       		.uleb128 0x6
 364 00bb 81000000 		.4byte	0x81
 365 00bf 02       		.uleb128 0x2
 366 00c0 04       		.byte	0x4
 367 00c1 07       		.byte	0x7
 368 00c2 A1010000 		.4byte	.LASF17
 369 00c6 07       		.uleb128 0x7
 370 00c7 01       		.byte	0x1
 371 00c8 07       		.byte	0x7
 372 00c9 1D       		.byte	0x1d
 373 00ca E1000000 		.4byte	0xe1
 374 00ce 08       		.uleb128 0x8
 375 00cf 5D010000 		.4byte	.LASF18
 376 00d3 00       		.sleb128 0
 377 00d4 08       		.uleb128 0x8
 378 00d5 8E000000 		.4byte	.LASF19
 379 00d9 01       		.sleb128 1
 380 00da 08       		.uleb128 0x8
 381 00db 13000000 		.4byte	.LASF20
 382 00df 02       		.sleb128 2
 383 00e0 00       		.byte	0
 384 00e1 09       		.uleb128 0x9
 385 00e2 13020000 		.4byte	.LASF21
 386 00e6 01       		.byte	0x1
 387 00e7 18       		.byte	0x18
 388 00e8 00000000 		.4byte	.LFB63
 389 00ec 28000000 		.4byte	.LFE63-.LFB63
 390 00f0 01       		.uleb128 0x1
 391 00f1 9C       		.byte	0x9c
 392 00f2 19010000 		.4byte	0x119
 393 00f6 0A       		.uleb128 0xa
 394 00f7 08000000 		.4byte	.LVL0
 395 00fb 8D020000 		.4byte	0x28d
 396 00ff 09010000 		.4byte	0x109
 397 0103 0B       		.uleb128 0xb
 398 0104 01       		.uleb128 0x1
 399 0105 50       		.byte	0x50
 400 0106 01       		.uleb128 0x1
 401 0107 32       		.byte	0x32
 402 0108 00       		.byte	0
 403 0109 0C       		.uleb128 0xc
 404 010a 1A000000 		.4byte	.LVL1
 405 010e 8D020000 		.4byte	0x28d
 406 0112 0B       		.uleb128 0xb
ARM GAS  C:\Users\Daniel\AppData\Local\Temp\ccTkKlzc.s 			page 10


 407 0113 01       		.uleb128 0x1
 408 0114 50       		.byte	0x50
 409 0115 01       		.uleb128 0x1
 410 0116 38       		.byte	0x38
 411 0117 00       		.byte	0
 412 0118 00       		.byte	0
 413 0119 09       		.uleb128 0x9
 414 011a 4E020000 		.4byte	.LASF22
 415 011e 01       		.byte	0x1
 416 011f 26       		.byte	0x26
 417 0120 00000000 		.4byte	.LFB64
 418 0124 28000000 		.4byte	.LFE64-.LFB64
 419 0128 01       		.uleb128 0x1
 420 0129 9C       		.byte	0x9c
 421 012a 51010000 		.4byte	0x151
 422 012e 0A       		.uleb128 0xa
 423 012f 08000000 		.4byte	.LVL2
 424 0133 8D020000 		.4byte	0x28d
 425 0137 41010000 		.4byte	0x141
 426 013b 0B       		.uleb128 0xb
 427 013c 01       		.uleb128 0x1
 428 013d 50       		.byte	0x50
 429 013e 01       		.uleb128 0x1
 430 013f 32       		.byte	0x32
 431 0140 00       		.byte	0
 432 0141 0C       		.uleb128 0xc
 433 0142 1A000000 		.4byte	.LVL3
 434 0146 8D020000 		.4byte	0x28d
 435 014a 0B       		.uleb128 0xb
 436 014b 01       		.uleb128 0x1
 437 014c 50       		.byte	0x50
 438 014d 01       		.uleb128 0x1
 439 014e 38       		.byte	0x38
 440 014f 00       		.byte	0
 441 0150 00       		.byte	0
 442 0151 0D       		.uleb128 0xd
 443 0152 87010000 		.4byte	.LASF23
 444 0156 01       		.byte	0x1
 445 0157 34       		.byte	0x34
 446 0158 00000000 		.4byte	.LFB65
 447 015c 0C000000 		.4byte	.LFE65-.LFB65
 448 0160 01       		.uleb128 0x1
 449 0161 9C       		.byte	0x9c
 450 0162 0D       		.uleb128 0xd
 451 0163 04020000 		.4byte	.LASF24
 452 0167 01       		.byte	0x1
 453 0168 3F       		.byte	0x3f
 454 0169 00000000 		.4byte	.LFB66
 455 016d 0C000000 		.4byte	.LFE66-.LFB66
 456 0171 01       		.uleb128 0x1
 457 0172 9C       		.byte	0x9c
 458 0173 0E       		.uleb128 0xe
 459 0174 7A010000 		.4byte	.LASF34
 460 0178 01       		.byte	0x1
 461 0179 4A       		.byte	0x4a
 462 017a 00000000 		.4byte	.LFB67
 463 017e 44000000 		.4byte	.LFE67-.LFB67
ARM GAS  C:\Users\Daniel\AppData\Local\Temp\ccTkKlzc.s 			page 11


 464 0182 01       		.uleb128 0x1
 465 0183 9C       		.byte	0x9c
 466 0184 07020000 		.4byte	0x207
 467 0188 0F       		.uleb128 0xf
 468 0189 7800     		.ascii	"x\000"
 469 018b 01       		.byte	0x1
 470 018c 4A       		.byte	0x4a
 471 018d 68000000 		.4byte	0x68
 472 0191 00000000 		.4byte	.LLST0
 473 0195 10       		.uleb128 0x10
 474 0196 08000000 		.4byte	.LVL5
 475 019a 51010000 		.4byte	0x151
 476 019e 0A       		.uleb128 0xa
 477 019f 10000000 		.4byte	.LVL6
 478 01a3 8D020000 		.4byte	0x28d
 479 01a7 B1010000 		.4byte	0x1b1
 480 01ab 0B       		.uleb128 0xb
 481 01ac 01       		.uleb128 0x1
 482 01ad 50       		.byte	0x50
 483 01ae 01       		.uleb128 0x1
 484 01af 32       		.byte	0x32
 485 01b0 00       		.byte	0
 486 01b1 0A       		.uleb128 0xa
 487 01b2 1C000000 		.4byte	.LVL7
 488 01b6 8D020000 		.4byte	0x28d
 489 01ba C4010000 		.4byte	0x1c4
 490 01be 0B       		.uleb128 0xb
 491 01bf 01       		.uleb128 0x1
 492 01c0 50       		.byte	0x50
 493 01c1 01       		.uleb128 0x1
 494 01c2 38       		.byte	0x38
 495 01c3 00       		.byte	0
 496 01c4 0A       		.uleb128 0xa
 497 01c5 22000000 		.4byte	.LVL8
 498 01c9 9E020000 		.4byte	0x29e
 499 01cd D7010000 		.4byte	0x1d7
 500 01d1 0B       		.uleb128 0xb
 501 01d2 01       		.uleb128 0x1
 502 01d3 50       		.byte	0x50
 503 01d4 01       		.uleb128 0x1
 504 01d5 3A       		.byte	0x3a
 505 01d6 00       		.byte	0
 506 01d7 0A       		.uleb128 0xa
 507 01d8 2E000000 		.4byte	.LVL10
 508 01dc 8D020000 		.4byte	0x28d
 509 01e0 EA010000 		.4byte	0x1ea
 510 01e4 0B       		.uleb128 0xb
 511 01e5 01       		.uleb128 0x1
 512 01e6 50       		.byte	0x50
 513 01e7 01       		.uleb128 0x1
 514 01e8 32       		.byte	0x32
 515 01e9 00       		.byte	0
 516 01ea 0A       		.uleb128 0xa
 517 01eb 3A000000 		.4byte	.LVL11
 518 01ef 8D020000 		.4byte	0x28d
 519 01f3 FD010000 		.4byte	0x1fd
 520 01f7 0B       		.uleb128 0xb
ARM GAS  C:\Users\Daniel\AppData\Local\Temp\ccTkKlzc.s 			page 12


 521 01f8 01       		.uleb128 0x1
 522 01f9 50       		.byte	0x50
 523 01fa 01       		.uleb128 0x1
 524 01fb 38       		.byte	0x38
 525 01fc 00       		.byte	0
 526 01fd 10       		.uleb128 0x10
 527 01fe 3E000000 		.4byte	.LVL12
 528 0202 62010000 		.4byte	0x162
 529 0206 00       		.byte	0
 530 0207 09       		.uleb128 0x9
 531 0208 25000000 		.4byte	.LASF25
 532 020c 01       		.byte	0x1
 533 020d 65       		.byte	0x65
 534 020e 00000000 		.4byte	.LFB68
 535 0212 14000000 		.4byte	.LFE68-.LFB68
 536 0216 01       		.uleb128 0x1
 537 0217 9C       		.byte	0x9c
 538 0218 4A020000 		.4byte	0x24a
 539 021c 0A       		.uleb128 0xa
 540 021d 08000000 		.4byte	.LVL14
 541 0221 9E020000 		.4byte	0x29e
 542 0225 30020000 		.4byte	0x230
 543 0229 0B       		.uleb128 0xb
 544 022a 01       		.uleb128 0x1
 545 022b 50       		.byte	0x50
 546 022c 02       		.uleb128 0x2
 547 022d 08       		.byte	0x8
 548 022e 32       		.byte	0x32
 549 022f 00       		.byte	0
 550 0230 10       		.uleb128 0x10
 551 0231 0C000000 		.4byte	.LVL15
 552 0235 AF020000 		.4byte	0x2af
 553 0239 0C       		.uleb128 0xc
 554 023a 12000000 		.4byte	.LVL16
 555 023e 9E020000 		.4byte	0x29e
 556 0242 0B       		.uleb128 0xb
 557 0243 01       		.uleb128 0x1
 558 0244 50       		.byte	0x50
 559 0245 02       		.uleb128 0x2
 560 0246 08       		.byte	0x8
 561 0247 32       		.byte	0x32
 562 0248 00       		.byte	0
 563 0249 00       		.byte	0
 564 024a 11       		.uleb128 0x11
 565 024b 81000000 		.4byte	.LASF26
 566 024f 05       		.byte	0x5
 567 0250 9606     		.2byte	0x696
 568 0252 56020000 		.4byte	0x256
 569 0256 06       		.uleb128 0x6
 570 0257 76000000 		.4byte	0x76
 571 025b 12       		.uleb128 0x12
 572 025c 8D000000 		.4byte	0x8d
 573 0260 6B020000 		.4byte	0x26b
 574 0264 13       		.uleb128 0x13
 575 0265 BF000000 		.4byte	0xbf
 576 0269 9F       		.byte	0x9f
 577 026a 00       		.byte	0
ARM GAS  C:\Users\Daniel\AppData\Local\Temp\ccTkKlzc.s 			page 13


 578 026b 14       		.uleb128 0x14
 579 026c 98000000 		.4byte	.LASF27
 580 0270 06       		.byte	0x6
 581 0271 13       		.byte	0x13
 582 0272 5B020000 		.4byte	0x25b
 583 0276 05       		.uleb128 0x5
 584 0277 03       		.byte	0x3
 585 0278 00000000 		.4byte	Camera_linebuffer
 586 027c 14       		.uleb128 0x14
 587 027d 39020000 		.4byte	.LASF28
 588 0281 07       		.byte	0x7
 589 0282 21       		.byte	0x21
 590 0283 C6000000 		.4byte	0xc6
 591 0287 05       		.uleb128 0x5
 592 0288 03       		.byte	0x3
 593 0289 00000000 		.4byte	display_mode
 594 028d 15       		.uleb128 0x15
 595 028e 00000000 		.4byte	.LASF29
 596 0292 08       		.byte	0x8
 597 0293 26       		.byte	0x26
 598 0294 9E020000 		.4byte	0x29e
 599 0298 16       		.uleb128 0x16
 600 0299 81000000 		.4byte	0x81
 601 029d 00       		.byte	0
 602 029e 15       		.uleb128 0x15
 603 029f 46020000 		.4byte	.LASF30
 604 02a3 09       		.byte	0x9
 605 02a4 76       		.byte	0x76
 606 02a5 AF020000 		.4byte	0x2af
 607 02a9 16       		.uleb128 0x16
 608 02aa 8D000000 		.4byte	0x8d
 609 02ae 00       		.byte	0
 610 02af 17       		.uleb128 0x17
 611 02b0 74000000 		.4byte	.LASF35
 612 02b4 07       		.byte	0x7
 613 02b5 10       		.byte	0x10
 614 02b6 18       		.uleb128 0x18
 615 02b7 00       		.byte	0
 616 02b8 00       		.byte	0
 617              		.section	.debug_abbrev,"",%progbits
 618              	.Ldebug_abbrev0:
 619 0000 01       		.uleb128 0x1
 620 0001 11       		.uleb128 0x11
 621 0002 01       		.byte	0x1
 622 0003 25       		.uleb128 0x25
 623 0004 0E       		.uleb128 0xe
 624 0005 13       		.uleb128 0x13
 625 0006 0B       		.uleb128 0xb
 626 0007 03       		.uleb128 0x3
 627 0008 0E       		.uleb128 0xe
 628 0009 1B       		.uleb128 0x1b
 629 000a 0E       		.uleb128 0xe
 630 000b 55       		.uleb128 0x55
 631 000c 17       		.uleb128 0x17
 632 000d 11       		.uleb128 0x11
 633 000e 01       		.uleb128 0x1
 634 000f 10       		.uleb128 0x10
ARM GAS  C:\Users\Daniel\AppData\Local\Temp\ccTkKlzc.s 			page 14


 635 0010 17       		.uleb128 0x17
 636 0011 00       		.byte	0
 637 0012 00       		.byte	0
 638 0013 02       		.uleb128 0x2
 639 0014 24       		.uleb128 0x24
 640 0015 00       		.byte	0
 641 0016 0B       		.uleb128 0xb
 642 0017 0B       		.uleb128 0xb
 643 0018 3E       		.uleb128 0x3e
 644 0019 0B       		.uleb128 0xb
 645 001a 03       		.uleb128 0x3
 646 001b 0E       		.uleb128 0xe
 647 001c 00       		.byte	0
 648 001d 00       		.byte	0
 649 001e 03       		.uleb128 0x3
 650 001f 16       		.uleb128 0x16
 651 0020 00       		.byte	0
 652 0021 03       		.uleb128 0x3
 653 0022 0E       		.uleb128 0xe
 654 0023 3A       		.uleb128 0x3a
 655 0024 0B       		.uleb128 0xb
 656 0025 3B       		.uleb128 0x3b
 657 0026 0B       		.uleb128 0xb
 658 0027 49       		.uleb128 0x49
 659 0028 13       		.uleb128 0x13
 660 0029 00       		.byte	0
 661 002a 00       		.byte	0
 662 002b 04       		.uleb128 0x4
 663 002c 24       		.uleb128 0x24
 664 002d 00       		.byte	0
 665 002e 0B       		.uleb128 0xb
 666 002f 0B       		.uleb128 0xb
 667 0030 3E       		.uleb128 0x3e
 668 0031 0B       		.uleb128 0xb
 669 0032 03       		.uleb128 0x3
 670 0033 08       		.uleb128 0x8
 671 0034 00       		.byte	0
 672 0035 00       		.byte	0
 673 0036 05       		.uleb128 0x5
 674 0037 16       		.uleb128 0x16
 675 0038 00       		.byte	0
 676 0039 03       		.uleb128 0x3
 677 003a 0E       		.uleb128 0xe
 678 003b 3A       		.uleb128 0x3a
 679 003c 0B       		.uleb128 0xb
 680 003d 3B       		.uleb128 0x3b
 681 003e 05       		.uleb128 0x5
 682 003f 49       		.uleb128 0x49
 683 0040 13       		.uleb128 0x13
 684 0041 00       		.byte	0
 685 0042 00       		.byte	0
 686 0043 06       		.uleb128 0x6
 687 0044 35       		.uleb128 0x35
 688 0045 00       		.byte	0
 689 0046 49       		.uleb128 0x49
 690 0047 13       		.uleb128 0x13
 691 0048 00       		.byte	0
ARM GAS  C:\Users\Daniel\AppData\Local\Temp\ccTkKlzc.s 			page 15


 692 0049 00       		.byte	0
 693 004a 07       		.uleb128 0x7
 694 004b 04       		.uleb128 0x4
 695 004c 01       		.byte	0x1
 696 004d 0B       		.uleb128 0xb
 697 004e 0B       		.uleb128 0xb
 698 004f 3A       		.uleb128 0x3a
 699 0050 0B       		.uleb128 0xb
 700 0051 3B       		.uleb128 0x3b
 701 0052 0B       		.uleb128 0xb
 702 0053 01       		.uleb128 0x1
 703 0054 13       		.uleb128 0x13
 704 0055 00       		.byte	0
 705 0056 00       		.byte	0
 706 0057 08       		.uleb128 0x8
 707 0058 28       		.uleb128 0x28
 708 0059 00       		.byte	0
 709 005a 03       		.uleb128 0x3
 710 005b 0E       		.uleb128 0xe
 711 005c 1C       		.uleb128 0x1c
 712 005d 0D       		.uleb128 0xd
 713 005e 00       		.byte	0
 714 005f 00       		.byte	0
 715 0060 09       		.uleb128 0x9
 716 0061 2E       		.uleb128 0x2e
 717 0062 01       		.byte	0x1
 718 0063 3F       		.uleb128 0x3f
 719 0064 19       		.uleb128 0x19
 720 0065 03       		.uleb128 0x3
 721 0066 0E       		.uleb128 0xe
 722 0067 3A       		.uleb128 0x3a
 723 0068 0B       		.uleb128 0xb
 724 0069 3B       		.uleb128 0x3b
 725 006a 0B       		.uleb128 0xb
 726 006b 11       		.uleb128 0x11
 727 006c 01       		.uleb128 0x1
 728 006d 12       		.uleb128 0x12
 729 006e 06       		.uleb128 0x6
 730 006f 40       		.uleb128 0x40
 731 0070 18       		.uleb128 0x18
 732 0071 9742     		.uleb128 0x2117
 733 0073 19       		.uleb128 0x19
 734 0074 01       		.uleb128 0x1
 735 0075 13       		.uleb128 0x13
 736 0076 00       		.byte	0
 737 0077 00       		.byte	0
 738 0078 0A       		.uleb128 0xa
 739 0079 898201   		.uleb128 0x4109
 740 007c 01       		.byte	0x1
 741 007d 11       		.uleb128 0x11
 742 007e 01       		.uleb128 0x1
 743 007f 31       		.uleb128 0x31
 744 0080 13       		.uleb128 0x13
 745 0081 01       		.uleb128 0x1
 746 0082 13       		.uleb128 0x13
 747 0083 00       		.byte	0
 748 0084 00       		.byte	0
ARM GAS  C:\Users\Daniel\AppData\Local\Temp\ccTkKlzc.s 			page 16


 749 0085 0B       		.uleb128 0xb
 750 0086 8A8201   		.uleb128 0x410a
 751 0089 00       		.byte	0
 752 008a 02       		.uleb128 0x2
 753 008b 18       		.uleb128 0x18
 754 008c 9142     		.uleb128 0x2111
 755 008e 18       		.uleb128 0x18
 756 008f 00       		.byte	0
 757 0090 00       		.byte	0
 758 0091 0C       		.uleb128 0xc
 759 0092 898201   		.uleb128 0x4109
 760 0095 01       		.byte	0x1
 761 0096 11       		.uleb128 0x11
 762 0097 01       		.uleb128 0x1
 763 0098 31       		.uleb128 0x31
 764 0099 13       		.uleb128 0x13
 765 009a 00       		.byte	0
 766 009b 00       		.byte	0
 767 009c 0D       		.uleb128 0xd
 768 009d 2E       		.uleb128 0x2e
 769 009e 00       		.byte	0
 770 009f 3F       		.uleb128 0x3f
 771 00a0 19       		.uleb128 0x19
 772 00a1 03       		.uleb128 0x3
 773 00a2 0E       		.uleb128 0xe
 774 00a3 3A       		.uleb128 0x3a
 775 00a4 0B       		.uleb128 0xb
 776 00a5 3B       		.uleb128 0x3b
 777 00a6 0B       		.uleb128 0xb
 778 00a7 11       		.uleb128 0x11
 779 00a8 01       		.uleb128 0x1
 780 00a9 12       		.uleb128 0x12
 781 00aa 06       		.uleb128 0x6
 782 00ab 40       		.uleb128 0x40
 783 00ac 18       		.uleb128 0x18
 784 00ad 9742     		.uleb128 0x2117
 785 00af 19       		.uleb128 0x19
 786 00b0 00       		.byte	0
 787 00b1 00       		.byte	0
 788 00b2 0E       		.uleb128 0xe
 789 00b3 2E       		.uleb128 0x2e
 790 00b4 01       		.byte	0x1
 791 00b5 3F       		.uleb128 0x3f
 792 00b6 19       		.uleb128 0x19
 793 00b7 03       		.uleb128 0x3
 794 00b8 0E       		.uleb128 0xe
 795 00b9 3A       		.uleb128 0x3a
 796 00ba 0B       		.uleb128 0xb
 797 00bb 3B       		.uleb128 0x3b
 798 00bc 0B       		.uleb128 0xb
 799 00bd 27       		.uleb128 0x27
 800 00be 19       		.uleb128 0x19
 801 00bf 11       		.uleb128 0x11
 802 00c0 01       		.uleb128 0x1
 803 00c1 12       		.uleb128 0x12
 804 00c2 06       		.uleb128 0x6
 805 00c3 40       		.uleb128 0x40
ARM GAS  C:\Users\Daniel\AppData\Local\Temp\ccTkKlzc.s 			page 17


 806 00c4 18       		.uleb128 0x18
 807 00c5 9742     		.uleb128 0x2117
 808 00c7 19       		.uleb128 0x19
 809 00c8 01       		.uleb128 0x1
 810 00c9 13       		.uleb128 0x13
 811 00ca 00       		.byte	0
 812 00cb 00       		.byte	0
 813 00cc 0F       		.uleb128 0xf
 814 00cd 05       		.uleb128 0x5
 815 00ce 00       		.byte	0
 816 00cf 03       		.uleb128 0x3
 817 00d0 08       		.uleb128 0x8
 818 00d1 3A       		.uleb128 0x3a
 819 00d2 0B       		.uleb128 0xb
 820 00d3 3B       		.uleb128 0x3b
 821 00d4 0B       		.uleb128 0xb
 822 00d5 49       		.uleb128 0x49
 823 00d6 13       		.uleb128 0x13
 824 00d7 02       		.uleb128 0x2
 825 00d8 17       		.uleb128 0x17
 826 00d9 00       		.byte	0
 827 00da 00       		.byte	0
 828 00db 10       		.uleb128 0x10
 829 00dc 898201   		.uleb128 0x4109
 830 00df 00       		.byte	0
 831 00e0 11       		.uleb128 0x11
 832 00e1 01       		.uleb128 0x1
 833 00e2 31       		.uleb128 0x31
 834 00e3 13       		.uleb128 0x13
 835 00e4 00       		.byte	0
 836 00e5 00       		.byte	0
 837 00e6 11       		.uleb128 0x11
 838 00e7 34       		.uleb128 0x34
 839 00e8 00       		.byte	0
 840 00e9 03       		.uleb128 0x3
 841 00ea 0E       		.uleb128 0xe
 842 00eb 3A       		.uleb128 0x3a
 843 00ec 0B       		.uleb128 0xb
 844 00ed 3B       		.uleb128 0x3b
 845 00ee 05       		.uleb128 0x5
 846 00ef 49       		.uleb128 0x49
 847 00f0 13       		.uleb128 0x13
 848 00f1 3F       		.uleb128 0x3f
 849 00f2 19       		.uleb128 0x19
 850 00f3 3C       		.uleb128 0x3c
 851 00f4 19       		.uleb128 0x19
 852 00f5 00       		.byte	0
 853 00f6 00       		.byte	0
 854 00f7 12       		.uleb128 0x12
 855 00f8 01       		.uleb128 0x1
 856 00f9 01       		.byte	0x1
 857 00fa 49       		.uleb128 0x49
 858 00fb 13       		.uleb128 0x13
 859 00fc 01       		.uleb128 0x1
 860 00fd 13       		.uleb128 0x13
 861 00fe 00       		.byte	0
 862 00ff 00       		.byte	0
ARM GAS  C:\Users\Daniel\AppData\Local\Temp\ccTkKlzc.s 			page 18


 863 0100 13       		.uleb128 0x13
 864 0101 21       		.uleb128 0x21
 865 0102 00       		.byte	0
 866 0103 49       		.uleb128 0x49
 867 0104 13       		.uleb128 0x13
 868 0105 2F       		.uleb128 0x2f
 869 0106 0B       		.uleb128 0xb
 870 0107 00       		.byte	0
 871 0108 00       		.byte	0
 872 0109 14       		.uleb128 0x14
 873 010a 34       		.uleb128 0x34
 874 010b 00       		.byte	0
 875 010c 03       		.uleb128 0x3
 876 010d 0E       		.uleb128 0xe
 877 010e 3A       		.uleb128 0x3a
 878 010f 0B       		.uleb128 0xb
 879 0110 3B       		.uleb128 0x3b
 880 0111 0B       		.uleb128 0xb
 881 0112 49       		.uleb128 0x49
 882 0113 13       		.uleb128 0x13
 883 0114 3F       		.uleb128 0x3f
 884 0115 19       		.uleb128 0x19
 885 0116 02       		.uleb128 0x2
 886 0117 18       		.uleb128 0x18
 887 0118 00       		.byte	0
 888 0119 00       		.byte	0
 889 011a 15       		.uleb128 0x15
 890 011b 2E       		.uleb128 0x2e
 891 011c 01       		.byte	0x1
 892 011d 3F       		.uleb128 0x3f
 893 011e 19       		.uleb128 0x19
 894 011f 03       		.uleb128 0x3
 895 0120 0E       		.uleb128 0xe
 896 0121 3A       		.uleb128 0x3a
 897 0122 0B       		.uleb128 0xb
 898 0123 3B       		.uleb128 0x3b
 899 0124 0B       		.uleb128 0xb
 900 0125 27       		.uleb128 0x27
 901 0126 19       		.uleb128 0x19
 902 0127 3C       		.uleb128 0x3c
 903 0128 19       		.uleb128 0x19
 904 0129 01       		.uleb128 0x1
 905 012a 13       		.uleb128 0x13
 906 012b 00       		.byte	0
 907 012c 00       		.byte	0
 908 012d 16       		.uleb128 0x16
 909 012e 05       		.uleb128 0x5
 910 012f 00       		.byte	0
 911 0130 49       		.uleb128 0x49
 912 0131 13       		.uleb128 0x13
 913 0132 00       		.byte	0
 914 0133 00       		.byte	0
 915 0134 17       		.uleb128 0x17
 916 0135 2E       		.uleb128 0x2e
 917 0136 01       		.byte	0x1
 918 0137 3F       		.uleb128 0x3f
 919 0138 19       		.uleb128 0x19
ARM GAS  C:\Users\Daniel\AppData\Local\Temp\ccTkKlzc.s 			page 19


 920 0139 03       		.uleb128 0x3
 921 013a 0E       		.uleb128 0xe
 922 013b 3A       		.uleb128 0x3a
 923 013c 0B       		.uleb128 0xb
 924 013d 3B       		.uleb128 0x3b
 925 013e 0B       		.uleb128 0xb
 926 013f 3C       		.uleb128 0x3c
 927 0140 19       		.uleb128 0x19
 928 0141 00       		.byte	0
 929 0142 00       		.byte	0
 930 0143 18       		.uleb128 0x18
 931 0144 18       		.uleb128 0x18
 932 0145 00       		.byte	0
 933 0146 00       		.byte	0
 934 0147 00       		.byte	0
 935 0148 00       		.byte	0
 936              		.section	.debug_loc,"",%progbits
 937              	.Ldebug_loc0:
 938              	.LLST0:
 939 0000 00000000 		.4byte	.LVL4
 940 0004 07000000 		.4byte	.LVL5-1
 941 0008 0100     		.2byte	0x1
 942 000a 50       		.byte	0x50
 943 000b 07000000 		.4byte	.LVL5-1
 944 000f 40000000 		.4byte	.LVL13
 945 0013 0100     		.2byte	0x1
 946 0015 54       		.byte	0x54
 947 0016 00000000 		.4byte	0
 948 001a 00000000 		.4byte	0
 949              		.section	.debug_aranges,"",%progbits
 950 0000 44000000 		.4byte	0x44
 951 0004 0200     		.2byte	0x2
 952 0006 00000000 		.4byte	.Ldebug_info0
 953 000a 04       		.byte	0x4
 954 000b 00       		.byte	0
 955 000c 0000     		.2byte	0
 956 000e 0000     		.2byte	0
 957 0010 00000000 		.4byte	.LFB63
 958 0014 28000000 		.4byte	.LFE63-.LFB63
 959 0018 00000000 		.4byte	.LFB64
 960 001c 28000000 		.4byte	.LFE64-.LFB64
 961 0020 00000000 		.4byte	.LFB65
 962 0024 0C000000 		.4byte	.LFE65-.LFB65
 963 0028 00000000 		.4byte	.LFB66
 964 002c 0C000000 		.4byte	.LFE66-.LFB66
 965 0030 00000000 		.4byte	.LFB67
 966 0034 44000000 		.4byte	.LFE67-.LFB67
 967 0038 00000000 		.4byte	.LFB68
 968 003c 14000000 		.4byte	.LFE68-.LFB68
 969 0040 00000000 		.4byte	0
 970 0044 00000000 		.4byte	0
 971              		.section	.debug_ranges,"",%progbits
 972              	.Ldebug_ranges0:
 973 0000 00000000 		.4byte	.LFB63
 974 0004 28000000 		.4byte	.LFE63
 975 0008 00000000 		.4byte	.LFB64
 976 000c 28000000 		.4byte	.LFE64
ARM GAS  C:\Users\Daniel\AppData\Local\Temp\ccTkKlzc.s 			page 20


 977 0010 00000000 		.4byte	.LFB65
 978 0014 0C000000 		.4byte	.LFE65
 979 0018 00000000 		.4byte	.LFB66
 980 001c 0C000000 		.4byte	.LFE66
 981 0020 00000000 		.4byte	.LFB67
 982 0024 44000000 		.4byte	.LFE67
 983 0028 00000000 		.4byte	.LFB68
 984 002c 14000000 		.4byte	.LFE68
 985 0030 00000000 		.4byte	0
 986 0034 00000000 		.4byte	0
 987              		.section	.debug_line,"",%progbits
 988              	.Ldebug_line0:
 989 0000 1A020000 		.section	.debug_str,"MS",%progbits,1
 989      02007F01 
 989      00000201 
 989      FB0E0D00 
 989      01010101 
 990              	.LASF29:
 991 0000 43535F57 		.ascii	"CS_Write\000"
 991      72697465 
 991      00
 992              	.LASF9:
 993 0009 5F5F696E 		.ascii	"__int32_t\000"
 993      7433325F 
 993      7400
 994              	.LASF20:
 995 0013 54485245 		.ascii	"THRESHOLDED\000"
 995      53484F4C 
 995      44454400 
 996              	.LASF13:
 997 001f 666C6F61 		.ascii	"float\000"
 997      7400
 998              	.LASF25:
 999 0025 43617074 		.ascii	"CaptureFrameWithLights\000"
 999      75726546 
 999      72616D65 
 999      57697468 
 999      4C696768 
 1000              	.LASF1:
 1001 003c 756E7369 		.ascii	"unsigned char\000"
 1001      676E6564 
 1001      20636861 
 1001      7200
 1002              	.LASF16:
 1003 004a 72656738 		.ascii	"reg8\000"
 1003      00
 1004              	.LASF5:
 1005 004f 6C6F6E67 		.ascii	"long unsigned int\000"
 1005      20756E73 
 1005      69676E65 
 1005      6420696E 
 1005      7400
 1006              	.LASF3:
 1007 0061 73686F72 		.ascii	"short unsigned int\000"
 1007      7420756E 
 1007      7369676E 
 1007      65642069 
ARM GAS  C:\Users\Daniel\AppData\Local\Temp\ccTkKlzc.s 			page 21


 1007      6E7400
 1008              	.LASF35:
 1009 0074 43617074 		.ascii	"CaptureFrame\000"
 1009      75726546 
 1009      72616D65 
 1009      00
 1010              	.LASF26:
 1011 0081 49544D5F 		.ascii	"ITM_RxBuffer\000"
 1011      52784275 
 1011      66666572 
 1011      00
 1012              	.LASF19:
 1013 008e 48495354 		.ascii	"HISTOGRAM\000"
 1013      4F475241 
 1013      4D00
 1014              	.LASF27:
 1015 0098 43616D65 		.ascii	"Camera_linebuffer\000"
 1015      72615F6C 
 1015      696E6562 
 1015      75666665 
 1015      7200
 1016              	.LASF14:
 1017 00aa 646F7562 		.ascii	"double\000"
 1017      6C6500
 1018              	.LASF2:
 1019 00b1 73686F72 		.ascii	"short int\000"
 1019      7420696E 
 1019      7400
 1020              	.LASF12:
 1021 00bb 75696E74 		.ascii	"uint32\000"
 1021      333200
 1022              	.LASF31:
 1023 00c2 474E5520 		.ascii	"GNU C 4.9.3 20150303 (release) [ARM/embedded-4_9-br"
 1023      4320342E 
 1023      392E3320 
 1023      32303135 
 1023      30333033 
 1024 00f5 616E6368 		.ascii	"anch revision 221220] -mcpu=cortex-m3 -mthumb -g -O"
 1024      20726576 
 1024      6973696F 
 1024      6E203232 
 1024      31323230 
 1025 0128 67202D66 		.ascii	"g -ffunction-sections -ffat-lto-objects\000"
 1025      66756E63 
 1025      74696F6E 
 1025      2D736563 
 1025      74696F6E 
 1026              	.LASF8:
 1027 0150 756E7369 		.ascii	"unsigned int\000"
 1027      676E6564 
 1027      20696E74 
 1027      00
 1028              	.LASF18:
 1029 015d 494D4147 		.ascii	"IMAGE\000"
 1029      4500
 1030              	.LASF7:
 1031 0163 6C6F6E67 		.ascii	"long long unsigned int\000"
ARM GAS  C:\Users\Daniel\AppData\Local\Temp\ccTkKlzc.s 			page 22


 1031      206C6F6E 
 1031      6720756E 
 1031      7369676E 
 1031      65642069 
 1032              	.LASF34:
 1033 017a 42656570 		.ascii	"Beep\000"
 1033      00
 1034              	.LASF10:
 1035 017f 696E7433 		.ascii	"int32_t\000"
 1035      325F7400 
 1036              	.LASF23:
 1037 0187 42694469 		.ascii	"BiDirPortOutPut\000"
 1037      72506F72 
 1037      744F7574 
 1037      50757400 
 1038              	.LASF32:
 1039 0197 2E5C7574 		.ascii	".\\utils.c\000"
 1039      696C732E 
 1039      6300
 1040              	.LASF17:
 1041 01a1 73697A65 		.ascii	"sizetype\000"
 1041      74797065 
 1041      00
 1042              	.LASF6:
 1043 01aa 6C6F6E67 		.ascii	"long long int\000"
 1043      206C6F6E 
 1043      6720696E 
 1043      7400
 1044              	.LASF15:
 1045 01b8 63686172 		.ascii	"char\000"
 1045      00
 1046              	.LASF33:
 1047 01bd 433A5C55 		.ascii	"C:\\Users\\Daniel\\Documents\\PSoC Creator\\ECE3091"
 1047      73657273 
 1047      5C44616E 
 1047      69656C5C 
 1047      446F6375 
 1048 01eb 20466173 		.ascii	" Faster V3\\Display.cydsn\000"
 1048      74657220 
 1048      56335C44 
 1048      6973706C 
 1048      61792E63 
 1049              	.LASF24:
 1050 0204 42694469 		.ascii	"BiDirPortInPut\000"
 1050      72506F72 
 1050      74496E50 
 1050      757400
 1051              	.LASF21:
 1052 0213 48656164 		.ascii	"Headlights\000"
 1052      6C696768 
 1052      747300
 1053              	.LASF11:
 1054 021e 75696E74 		.ascii	"uint8\000"
 1054      3800
 1055              	.LASF4:
 1056 0224 6C6F6E67 		.ascii	"long int\000"
 1056      20696E74 
ARM GAS  C:\Users\Daniel\AppData\Local\Temp\ccTkKlzc.s 			page 23


 1056      00
 1057              	.LASF0:
 1058 022d 7369676E 		.ascii	"signed char\000"
 1058      65642063 
 1058      68617200 
 1059              	.LASF28:
 1060 0239 64697370 		.ascii	"display_mode\000"
 1060      6C61795F 
 1060      6D6F6465 
 1060      00
 1061              	.LASF30:
 1062 0246 43794465 		.ascii	"CyDelay\000"
 1062      6C617900 
 1063              	.LASF22:
 1064 024e 48656164 		.ascii	"HeadlightsOff\000"
 1064      6C696768 
 1064      74734F66 
 1064      6600
 1065              		.ident	"GCC: (GNU Tools for ARM Embedded Processors) 4.9.3 20150303 (release) [ARM/embedded-4_9-br
